[2023-10-19T11:52:24.311+0000] {processor.py:157} INFO - Started process (PID=57) to work on /home/airflow/.local/lib/python3.8/site-packages/airflow/example_dags/example_branch_python_dop_operator_3.py
[2023-10-19T11:52:24.322+0000] {processor.py:829} INFO - Processing file /home/airflow/.local/lib/python3.8/site-packages/airflow/example_dags/example_branch_python_dop_operator_3.py for tasks to queue
[2023-10-19T11:52:24.336+0000] {logging_mixin.py:151} INFO - [2023-10-19T11:52:24.330+0000] {dagbag.py:539} INFO - Filling up the DagBag from /home/airflow/.local/lib/python3.8/site-packages/airflow/example_dags/example_branch_python_dop_operator_3.py
[2023-10-19T11:52:24.513+0000] {processor.py:839} INFO - DAG(s) dict_keys(['example_branch_dop_operator_v3']) retrieved from /home/airflow/.local/lib/python3.8/site-packages/airflow/example_dags/example_branch_python_dop_operator_3.py
[2023-10-19T11:52:24.843+0000] {logging_mixin.py:151} INFO - [2023-10-19T11:52:24.842+0000] {dag.py:2915} INFO - Sync 1 DAGs
[2023-10-19T11:52:25.116+0000] {logging_mixin.py:151} INFO - [2023-10-19T11:52:25.116+0000] {dag.py:3696} INFO - Setting next_dagrun for example_branch_dop_operator_v3 to 2023-10-19T11:51:00+00:00, run_after=2023-10-19T11:52:00+00:00
[2023-10-19T11:52:25.372+0000] {processor.py:179} INFO - Processing /home/airflow/.local/lib/python3.8/site-packages/airflow/example_dags/example_branch_python_dop_operator_3.py took 1.073 seconds
[2023-10-19T11:53:13.606+0000] {processor.py:157} INFO - Started process (PID=111) to work on /home/airflow/.local/lib/python3.8/site-packages/airflow/example_dags/example_branch_python_dop_operator_3.py
[2023-10-19T11:53:13.610+0000] {processor.py:829} INFO - Processing file /home/airflow/.local/lib/python3.8/site-packages/airflow/example_dags/example_branch_python_dop_operator_3.py for tasks to queue
[2023-10-19T11:53:13.618+0000] {logging_mixin.py:151} INFO - [2023-10-19T11:53:13.617+0000] {dagbag.py:539} INFO - Filling up the DagBag from /home/airflow/.local/lib/python3.8/site-packages/airflow/example_dags/example_branch_python_dop_operator_3.py
[2023-10-19T11:53:13.697+0000] {processor.py:839} INFO - DAG(s) dict_keys(['example_branch_dop_operator_v3']) retrieved from /home/airflow/.local/lib/python3.8/site-packages/airflow/example_dags/example_branch_python_dop_operator_3.py
[2023-10-19T11:53:13.800+0000] {logging_mixin.py:151} INFO - [2023-10-19T11:53:13.798+0000] {dag.py:2915} INFO - Sync 1 DAGs
[2023-10-19T11:53:13.905+0000] {logging_mixin.py:151} INFO - [2023-10-19T11:53:13.905+0000] {dag.py:3696} INFO - Setting next_dagrun for example_branch_dop_operator_v3 to 2023-10-19T11:52:00+00:00, run_after=2023-10-19T11:53:00+00:00
[2023-10-19T11:53:14.056+0000] {processor.py:179} INFO - Processing /home/airflow/.local/lib/python3.8/site-packages/airflow/example_dags/example_branch_python_dop_operator_3.py took 0.494 seconds
[2023-10-19T11:53:50.578+0000] {processor.py:157} INFO - Started process (PID=162) to work on /home/airflow/.local/lib/python3.8/site-packages/airflow/example_dags/example_branch_python_dop_operator_3.py
[2023-10-19T11:53:50.581+0000] {processor.py:829} INFO - Processing file /home/airflow/.local/lib/python3.8/site-packages/airflow/example_dags/example_branch_python_dop_operator_3.py for tasks to queue
[2023-10-19T11:53:50.598+0000] {logging_mixin.py:151} INFO - [2023-10-19T11:53:50.594+0000] {dagbag.py:539} INFO - Filling up the DagBag from /home/airflow/.local/lib/python3.8/site-packages/airflow/example_dags/example_branch_python_dop_operator_3.py
[2023-10-19T11:53:50.645+0000] {processor.py:839} INFO - DAG(s) dict_keys(['example_branch_dop_operator_v3']) retrieved from /home/airflow/.local/lib/python3.8/site-packages/airflow/example_dags/example_branch_python_dop_operator_3.py
[2023-10-19T11:53:50.855+0000] {logging_mixin.py:151} INFO - [2023-10-19T11:53:50.854+0000] {dag.py:2915} INFO - Sync 1 DAGs
[2023-10-19T11:53:51.665+0000] {logging_mixin.py:151} INFO - [2023-10-19T11:53:51.664+0000] {dag.py:3696} INFO - Setting next_dagrun for example_branch_dop_operator_v3 to 2023-10-19T11:52:00+00:00, run_after=2023-10-19T11:53:00+00:00
[2023-10-19T11:53:51.886+0000] {processor.py:179} INFO - Processing /home/airflow/.local/lib/python3.8/site-packages/airflow/example_dags/example_branch_python_dop_operator_3.py took 1.328 seconds
[2023-10-19T11:54:23.445+0000] {processor.py:157} INFO - Started process (PID=215) to work on /home/airflow/.local/lib/python3.8/site-packages/airflow/example_dags/example_branch_python_dop_operator_3.py
[2023-10-19T11:54:23.450+0000] {processor.py:829} INFO - Processing file /home/airflow/.local/lib/python3.8/site-packages/airflow/example_dags/example_branch_python_dop_operator_3.py for tasks to queue
[2023-10-19T11:54:23.467+0000] {logging_mixin.py:151} INFO - [2023-10-19T11:54:23.466+0000] {dagbag.py:539} INFO - Filling up the DagBag from /home/airflow/.local/lib/python3.8/site-packages/airflow/example_dags/example_branch_python_dop_operator_3.py
[2023-10-19T11:54:23.533+0000] {processor.py:839} INFO - DAG(s) dict_keys(['example_branch_dop_operator_v3']) retrieved from /home/airflow/.local/lib/python3.8/site-packages/airflow/example_dags/example_branch_python_dop_operator_3.py
[2023-10-19T11:54:23.686+0000] {logging_mixin.py:151} INFO - [2023-10-19T11:54:23.685+0000] {dag.py:2915} INFO - Sync 1 DAGs
[2023-10-19T11:54:24.016+0000] {logging_mixin.py:151} INFO - [2023-10-19T11:54:23.996+0000] {dag.py:3696} INFO - Setting next_dagrun for example_branch_dop_operator_v3 to 2023-10-19T11:53:00+00:00, run_after=2023-10-19T11:54:00+00:00
[2023-10-19T11:54:24.328+0000] {processor.py:179} INFO - Processing /home/airflow/.local/lib/python3.8/site-packages/airflow/example_dags/example_branch_python_dop_operator_3.py took 0.952 seconds
[2023-10-19T11:54:54.717+0000] {processor.py:157} INFO - Started process (PID=268) to work on /home/airflow/.local/lib/python3.8/site-packages/airflow/example_dags/example_branch_python_dop_operator_3.py
[2023-10-19T11:54:54.740+0000] {processor.py:829} INFO - Processing file /home/airflow/.local/lib/python3.8/site-packages/airflow/example_dags/example_branch_python_dop_operator_3.py for tasks to queue
[2023-10-19T11:54:54.767+0000] {logging_mixin.py:151} INFO - [2023-10-19T11:54:54.767+0000] {dagbag.py:539} INFO - Filling up the DagBag from /home/airflow/.local/lib/python3.8/site-packages/airflow/example_dags/example_branch_python_dop_operator_3.py
[2023-10-19T11:54:54.868+0000] {processor.py:839} INFO - DAG(s) dict_keys(['example_branch_dop_operator_v3']) retrieved from /home/airflow/.local/lib/python3.8/site-packages/airflow/example_dags/example_branch_python_dop_operator_3.py
[2023-10-19T11:54:55.059+0000] {logging_mixin.py:151} INFO - [2023-10-19T11:54:55.057+0000] {dag.py:2915} INFO - Sync 1 DAGs
[2023-10-19T11:54:55.630+0000] {logging_mixin.py:151} INFO - [2023-10-19T11:54:55.625+0000] {dag.py:3696} INFO - Setting next_dagrun for example_branch_dop_operator_v3 to 2023-10-19T11:53:00+00:00, run_after=2023-10-19T11:54:00+00:00
[2023-10-19T11:54:55.754+0000] {processor.py:179} INFO - Processing /home/airflow/.local/lib/python3.8/site-packages/airflow/example_dags/example_branch_python_dop_operator_3.py took 1.086 seconds
[2023-10-19T11:55:25.853+0000] {processor.py:157} INFO - Started process (PID=321) to work on /home/airflow/.local/lib/python3.8/site-packages/airflow/example_dags/example_branch_python_dop_operator_3.py
[2023-10-19T11:55:25.855+0000] {processor.py:829} INFO - Processing file /home/airflow/.local/lib/python3.8/site-packages/airflow/example_dags/example_branch_python_dop_operator_3.py for tasks to queue
[2023-10-19T11:55:25.861+0000] {logging_mixin.py:151} INFO - [2023-10-19T11:55:25.860+0000] {dagbag.py:539} INFO - Filling up the DagBag from /home/airflow/.local/lib/python3.8/site-packages/airflow/example_dags/example_branch_python_dop_operator_3.py
[2023-10-19T11:55:25.875+0000] {processor.py:839} INFO - DAG(s) dict_keys(['example_branch_dop_operator_v3']) retrieved from /home/airflow/.local/lib/python3.8/site-packages/airflow/example_dags/example_branch_python_dop_operator_3.py
[2023-10-19T11:55:25.910+0000] {logging_mixin.py:151} INFO - [2023-10-19T11:55:25.910+0000] {dag.py:2915} INFO - Sync 1 DAGs
[2023-10-19T11:55:25.971+0000] {logging_mixin.py:151} INFO - [2023-10-19T11:55:25.971+0000] {dag.py:3696} INFO - Setting next_dagrun for example_branch_dop_operator_v3 to 2023-10-19T11:54:00+00:00, run_after=2023-10-19T11:55:00+00:00
[2023-10-19T11:55:26.019+0000] {processor.py:179} INFO - Processing /home/airflow/.local/lib/python3.8/site-packages/airflow/example_dags/example_branch_python_dop_operator_3.py took 0.170 seconds
[2023-10-19T11:56:02.986+0000] {processor.py:157} INFO - Started process (PID=382) to work on /home/airflow/.local/lib/python3.8/site-packages/airflow/example_dags/example_branch_python_dop_operator_3.py
[2023-10-19T11:56:02.992+0000] {processor.py:829} INFO - Processing file /home/airflow/.local/lib/python3.8/site-packages/airflow/example_dags/example_branch_python_dop_operator_3.py for tasks to queue
[2023-10-19T11:56:03.031+0000] {logging_mixin.py:151} INFO - [2023-10-19T11:56:03.030+0000] {dagbag.py:539} INFO - Filling up the DagBag from /home/airflow/.local/lib/python3.8/site-packages/airflow/example_dags/example_branch_python_dop_operator_3.py
[2023-10-19T11:56:03.076+0000] {processor.py:839} INFO - DAG(s) dict_keys(['example_branch_dop_operator_v3']) retrieved from /home/airflow/.local/lib/python3.8/site-packages/airflow/example_dags/example_branch_python_dop_operator_3.py
[2023-10-19T11:56:03.198+0000] {logging_mixin.py:151} INFO - [2023-10-19T11:56:03.197+0000] {dag.py:2915} INFO - Sync 1 DAGs
[2023-10-19T11:56:03.344+0000] {logging_mixin.py:151} INFO - [2023-10-19T11:56:03.344+0000] {dag.py:3696} INFO - Setting next_dagrun for example_branch_dop_operator_v3 to 2023-10-19T11:55:00+00:00, run_after=2023-10-19T11:56:00+00:00
[2023-10-19T11:56:03.462+0000] {processor.py:179} INFO - Processing /home/airflow/.local/lib/python3.8/site-packages/airflow/example_dags/example_branch_python_dop_operator_3.py took 0.498 seconds
[2023-10-19T11:56:37.654+0000] {processor.py:157} INFO - Started process (PID=433) to work on /home/airflow/.local/lib/python3.8/site-packages/airflow/example_dags/example_branch_python_dop_operator_3.py
[2023-10-19T11:56:37.656+0000] {processor.py:829} INFO - Processing file /home/airflow/.local/lib/python3.8/site-packages/airflow/example_dags/example_branch_python_dop_operator_3.py for tasks to queue
[2023-10-19T11:56:37.662+0000] {logging_mixin.py:151} INFO - [2023-10-19T11:56:37.662+0000] {dagbag.py:539} INFO - Filling up the DagBag from /home/airflow/.local/lib/python3.8/site-packages/airflow/example_dags/example_branch_python_dop_operator_3.py
[2023-10-19T11:56:37.685+0000] {processor.py:839} INFO - DAG(s) dict_keys(['example_branch_dop_operator_v3']) retrieved from /home/airflow/.local/lib/python3.8/site-packages/airflow/example_dags/example_branch_python_dop_operator_3.py
[2023-10-19T11:56:37.744+0000] {logging_mixin.py:151} INFO - [2023-10-19T11:56:37.744+0000] {dag.py:2915} INFO - Sync 1 DAGs
[2023-10-19T11:56:37.836+0000] {logging_mixin.py:151} INFO - [2023-10-19T11:56:37.835+0000] {dag.py:3696} INFO - Setting next_dagrun for example_branch_dop_operator_v3 to 2023-10-19T11:55:00+00:00, run_after=2023-10-19T11:56:00+00:00
[2023-10-19T11:56:37.888+0000] {processor.py:179} INFO - Processing /home/airflow/.local/lib/python3.8/site-packages/airflow/example_dags/example_branch_python_dop_operator_3.py took 0.240 seconds
[2023-10-19T11:57:13.108+0000] {processor.py:157} INFO - Started process (PID=482) to work on /home/airflow/.local/lib/python3.8/site-packages/airflow/example_dags/example_branch_python_dop_operator_3.py
[2023-10-19T11:57:13.110+0000] {processor.py:829} INFO - Processing file /home/airflow/.local/lib/python3.8/site-packages/airflow/example_dags/example_branch_python_dop_operator_3.py for tasks to queue
[2023-10-19T11:57:13.116+0000] {logging_mixin.py:151} INFO - [2023-10-19T11:57:13.113+0000] {dagbag.py:539} INFO - Filling up the DagBag from /home/airflow/.local/lib/python3.8/site-packages/airflow/example_dags/example_branch_python_dop_operator_3.py
[2023-10-19T11:57:13.149+0000] {processor.py:839} INFO - DAG(s) dict_keys(['example_branch_dop_operator_v3']) retrieved from /home/airflow/.local/lib/python3.8/site-packages/airflow/example_dags/example_branch_python_dop_operator_3.py
[2023-10-19T11:57:13.292+0000] {logging_mixin.py:151} INFO - [2023-10-19T11:57:13.291+0000] {dag.py:2915} INFO - Sync 1 DAGs
[2023-10-19T11:57:13.416+0000] {logging_mixin.py:151} INFO - [2023-10-19T11:57:13.413+0000] {dag.py:3696} INFO - Setting next_dagrun for example_branch_dop_operator_v3 to 2023-10-19T11:56:00+00:00, run_after=2023-10-19T11:57:00+00:00
[2023-10-19T11:57:13.488+0000] {processor.py:179} INFO - Processing /home/airflow/.local/lib/python3.8/site-packages/airflow/example_dags/example_branch_python_dop_operator_3.py took 0.392 seconds
[2023-10-19T11:57:43.622+0000] {processor.py:157} INFO - Started process (PID=536) to work on /home/airflow/.local/lib/python3.8/site-packages/airflow/example_dags/example_branch_python_dop_operator_3.py
[2023-10-19T11:57:43.624+0000] {processor.py:829} INFO - Processing file /home/airflow/.local/lib/python3.8/site-packages/airflow/example_dags/example_branch_python_dop_operator_3.py for tasks to queue
[2023-10-19T11:57:43.628+0000] {logging_mixin.py:151} INFO - [2023-10-19T11:57:43.627+0000] {dagbag.py:539} INFO - Filling up the DagBag from /home/airflow/.local/lib/python3.8/site-packages/airflow/example_dags/example_branch_python_dop_operator_3.py
[2023-10-19T11:57:43.648+0000] {processor.py:839} INFO - DAG(s) dict_keys(['example_branch_dop_operator_v3']) retrieved from /home/airflow/.local/lib/python3.8/site-packages/airflow/example_dags/example_branch_python_dop_operator_3.py
[2023-10-19T11:57:43.690+0000] {logging_mixin.py:151} INFO - [2023-10-19T11:57:43.690+0000] {dag.py:2915} INFO - Sync 1 DAGs
[2023-10-19T11:57:43.829+0000] {logging_mixin.py:151} INFO - [2023-10-19T11:57:43.829+0000] {dag.py:3696} INFO - Setting next_dagrun for example_branch_dop_operator_v3 to 2023-10-19T11:56:00+00:00, run_after=2023-10-19T11:57:00+00:00
[2023-10-19T11:57:43.929+0000] {processor.py:179} INFO - Processing /home/airflow/.local/lib/python3.8/site-packages/airflow/example_dags/example_branch_python_dop_operator_3.py took 0.313 seconds
[2023-10-19T11:58:20.717+0000] {processor.py:157} INFO - Started process (PID=579) to work on /home/airflow/.local/lib/python3.8/site-packages/airflow/example_dags/example_branch_python_dop_operator_3.py
[2023-10-19T11:58:20.746+0000] {processor.py:829} INFO - Processing file /home/airflow/.local/lib/python3.8/site-packages/airflow/example_dags/example_branch_python_dop_operator_3.py for tasks to queue
[2023-10-19T11:58:20.795+0000] {logging_mixin.py:151} INFO - [2023-10-19T11:58:20.794+0000] {dagbag.py:539} INFO - Filling up the DagBag from /home/airflow/.local/lib/python3.8/site-packages/airflow/example_dags/example_branch_python_dop_operator_3.py
[2023-10-19T11:58:21.009+0000] {processor.py:839} INFO - DAG(s) dict_keys(['example_branch_dop_operator_v3']) retrieved from /home/airflow/.local/lib/python3.8/site-packages/airflow/example_dags/example_branch_python_dop_operator_3.py
[2023-10-19T11:58:21.149+0000] {logging_mixin.py:151} INFO - [2023-10-19T11:58:21.148+0000] {dag.py:2915} INFO - Sync 1 DAGs
[2023-10-19T11:58:25.838+0000] {logging_mixin.py:151} INFO - [2023-10-19T11:58:25.837+0000] {process_utils.py:259} INFO - Waiting up to 5 seconds for processes to exit...
