[2023-10-19T11:52:30.024+0000] {processor.py:157} INFO - Started process (PID=67) to work on /home/airflow/.local/lib/python3.8/site-packages/airflow/example_dags/example_local_kubernetes_executor.py
[2023-10-19T11:52:30.028+0000] {processor.py:829} INFO - Processing file /home/airflow/.local/lib/python3.8/site-packages/airflow/example_dags/example_local_kubernetes_executor.py for tasks to queue
[2023-10-19T11:52:30.036+0000] {logging_mixin.py:151} INFO - [2023-10-19T11:52:30.035+0000] {dagbag.py:539} INFO - Filling up the DagBag from /home/airflow/.local/lib/python3.8/site-packages/airflow/example_dags/example_local_kubernetes_executor.py
[2023-10-19T11:52:36.175+0000] {processor.py:839} INFO - DAG(s) dict_keys(['example_local_kubernetes_executor']) retrieved from /home/airflow/.local/lib/python3.8/site-packages/airflow/example_dags/example_local_kubernetes_executor.py
[2023-10-19T11:52:36.537+0000] {logging_mixin.py:151} INFO - [2023-10-19T11:52:36.535+0000] {dag.py:2915} INFO - Sync 1 DAGs
[2023-10-19T11:52:36.637+0000] {logging_mixin.py:151} INFO - [2023-10-19T11:52:36.637+0000] {dag.py:3696} INFO - Setting next_dagrun for example_local_kubernetes_executor to None, run_after=None
[2023-10-19T11:52:36.768+0000] {processor.py:179} INFO - Processing /home/airflow/.local/lib/python3.8/site-packages/airflow/example_dags/example_local_kubernetes_executor.py took 6.754 seconds
[2023-10-19T11:53:18.103+0000] {processor.py:157} INFO - Started process (PID=121) to work on /home/airflow/.local/lib/python3.8/site-packages/airflow/example_dags/example_local_kubernetes_executor.py
[2023-10-19T11:53:18.117+0000] {processor.py:829} INFO - Processing file /home/airflow/.local/lib/python3.8/site-packages/airflow/example_dags/example_local_kubernetes_executor.py for tasks to queue
[2023-10-19T11:53:18.141+0000] {logging_mixin.py:151} INFO - [2023-10-19T11:53:18.140+0000] {dagbag.py:539} INFO - Filling up the DagBag from /home/airflow/.local/lib/python3.8/site-packages/airflow/example_dags/example_local_kubernetes_executor.py
[2023-10-19T11:53:19.686+0000] {processor.py:839} INFO - DAG(s) dict_keys(['example_local_kubernetes_executor']) retrieved from /home/airflow/.local/lib/python3.8/site-packages/airflow/example_dags/example_local_kubernetes_executor.py
[2023-10-19T11:53:20.086+0000] {logging_mixin.py:151} INFO - [2023-10-19T11:53:20.079+0000] {dag.py:2915} INFO - Sync 1 DAGs
[2023-10-19T11:53:20.192+0000] {logging_mixin.py:151} INFO - [2023-10-19T11:53:20.192+0000] {dag.py:3696} INFO - Setting next_dagrun for example_local_kubernetes_executor to None, run_after=None
[2023-10-19T11:53:20.398+0000] {processor.py:179} INFO - Processing /home/airflow/.local/lib/python3.8/site-packages/airflow/example_dags/example_local_kubernetes_executor.py took 2.311 seconds
[2023-10-19T11:53:55.407+0000] {processor.py:157} INFO - Started process (PID=172) to work on /home/airflow/.local/lib/python3.8/site-packages/airflow/example_dags/example_local_kubernetes_executor.py
[2023-10-19T11:53:55.410+0000] {processor.py:829} INFO - Processing file /home/airflow/.local/lib/python3.8/site-packages/airflow/example_dags/example_local_kubernetes_executor.py for tasks to queue
[2023-10-19T11:53:55.424+0000] {logging_mixin.py:151} INFO - [2023-10-19T11:53:55.423+0000] {dagbag.py:539} INFO - Filling up the DagBag from /home/airflow/.local/lib/python3.8/site-packages/airflow/example_dags/example_local_kubernetes_executor.py
[2023-10-19T11:53:56.990+0000] {processor.py:839} INFO - DAG(s) dict_keys(['example_local_kubernetes_executor']) retrieved from /home/airflow/.local/lib/python3.8/site-packages/airflow/example_dags/example_local_kubernetes_executor.py
[2023-10-19T11:53:57.153+0000] {logging_mixin.py:151} INFO - [2023-10-19T11:53:57.146+0000] {dag.py:2915} INFO - Sync 1 DAGs
[2023-10-19T11:53:57.231+0000] {logging_mixin.py:151} INFO - [2023-10-19T11:53:57.230+0000] {dag.py:3696} INFO - Setting next_dagrun for example_local_kubernetes_executor to None, run_after=None
[2023-10-19T11:53:57.331+0000] {processor.py:179} INFO - Processing /home/airflow/.local/lib/python3.8/site-packages/airflow/example_dags/example_local_kubernetes_executor.py took 1.947 seconds
[2023-10-19T11:54:29.408+0000] {processor.py:157} INFO - Started process (PID=231) to work on /home/airflow/.local/lib/python3.8/site-packages/airflow/example_dags/example_local_kubernetes_executor.py
[2023-10-19T11:54:29.424+0000] {processor.py:829} INFO - Processing file /home/airflow/.local/lib/python3.8/site-packages/airflow/example_dags/example_local_kubernetes_executor.py for tasks to queue
[2023-10-19T11:54:29.430+0000] {logging_mixin.py:151} INFO - [2023-10-19T11:54:29.430+0000] {dagbag.py:539} INFO - Filling up the DagBag from /home/airflow/.local/lib/python3.8/site-packages/airflow/example_dags/example_local_kubernetes_executor.py
[2023-10-19T11:54:31.114+0000] {processor.py:839} INFO - DAG(s) dict_keys(['example_local_kubernetes_executor']) retrieved from /home/airflow/.local/lib/python3.8/site-packages/airflow/example_dags/example_local_kubernetes_executor.py
[2023-10-19T11:54:31.293+0000] {logging_mixin.py:151} INFO - [2023-10-19T11:54:31.291+0000] {dag.py:2915} INFO - Sync 1 DAGs
[2023-10-19T11:54:31.345+0000] {logging_mixin.py:151} INFO - [2023-10-19T11:54:31.344+0000] {dag.py:3696} INFO - Setting next_dagrun for example_local_kubernetes_executor to None, run_after=None
[2023-10-19T11:54:31.450+0000] {processor.py:179} INFO - Processing /home/airflow/.local/lib/python3.8/site-packages/airflow/example_dags/example_local_kubernetes_executor.py took 2.054 seconds
[2023-10-19T11:55:06.399+0000] {processor.py:157} INFO - Started process (PID=284) to work on /home/airflow/.local/lib/python3.8/site-packages/airflow/example_dags/example_local_kubernetes_executor.py
[2023-10-19T11:55:06.404+0000] {processor.py:829} INFO - Processing file /home/airflow/.local/lib/python3.8/site-packages/airflow/example_dags/example_local_kubernetes_executor.py for tasks to queue
[2023-10-19T11:55:06.415+0000] {logging_mixin.py:151} INFO - [2023-10-19T11:55:06.414+0000] {dagbag.py:539} INFO - Filling up the DagBag from /home/airflow/.local/lib/python3.8/site-packages/airflow/example_dags/example_local_kubernetes_executor.py
[2023-10-19T11:55:07.716+0000] {processor.py:839} INFO - DAG(s) dict_keys(['example_local_kubernetes_executor']) retrieved from /home/airflow/.local/lib/python3.8/site-packages/airflow/example_dags/example_local_kubernetes_executor.py
[2023-10-19T11:55:07.841+0000] {logging_mixin.py:151} INFO - [2023-10-19T11:55:07.837+0000] {dag.py:2915} INFO - Sync 1 DAGs
[2023-10-19T11:55:07.897+0000] {logging_mixin.py:151} INFO - [2023-10-19T11:55:07.896+0000] {dag.py:3696} INFO - Setting next_dagrun for example_local_kubernetes_executor to None, run_after=None
[2023-10-19T11:55:08.013+0000] {processor.py:179} INFO - Processing /home/airflow/.local/lib/python3.8/site-packages/airflow/example_dags/example_local_kubernetes_executor.py took 1.632 seconds
[2023-10-19T11:55:40.586+0000] {processor.py:157} INFO - Started process (PID=338) to work on /home/airflow/.local/lib/python3.8/site-packages/airflow/example_dags/example_local_kubernetes_executor.py
[2023-10-19T11:55:40.588+0000] {processor.py:829} INFO - Processing file /home/airflow/.local/lib/python3.8/site-packages/airflow/example_dags/example_local_kubernetes_executor.py for tasks to queue
[2023-10-19T11:55:40.593+0000] {logging_mixin.py:151} INFO - [2023-10-19T11:55:40.592+0000] {dagbag.py:539} INFO - Filling up the DagBag from /home/airflow/.local/lib/python3.8/site-packages/airflow/example_dags/example_local_kubernetes_executor.py
[2023-10-19T11:55:43.266+0000] {processor.py:839} INFO - DAG(s) dict_keys(['example_local_kubernetes_executor']) retrieved from /home/airflow/.local/lib/python3.8/site-packages/airflow/example_dags/example_local_kubernetes_executor.py
[2023-10-19T11:55:43.935+0000] {logging_mixin.py:151} INFO - [2023-10-19T11:55:43.931+0000] {dag.py:2915} INFO - Sync 1 DAGs
[2023-10-19T11:55:44.097+0000] {logging_mixin.py:151} INFO - [2023-10-19T11:55:44.096+0000] {dag.py:3696} INFO - Setting next_dagrun for example_local_kubernetes_executor to None, run_after=None
[2023-10-19T11:55:44.657+0000] {processor.py:179} INFO - Processing /home/airflow/.local/lib/python3.8/site-packages/airflow/example_dags/example_local_kubernetes_executor.py took 4.095 seconds
[2023-10-19T11:56:18.146+0000] {processor.py:157} INFO - Started process (PID=392) to work on /home/airflow/.local/lib/python3.8/site-packages/airflow/example_dags/example_local_kubernetes_executor.py
[2023-10-19T11:56:18.155+0000] {processor.py:829} INFO - Processing file /home/airflow/.local/lib/python3.8/site-packages/airflow/example_dags/example_local_kubernetes_executor.py for tasks to queue
[2023-10-19T11:56:18.248+0000] {logging_mixin.py:151} INFO - [2023-10-19T11:56:18.240+0000] {dagbag.py:539} INFO - Filling up the DagBag from /home/airflow/.local/lib/python3.8/site-packages/airflow/example_dags/example_local_kubernetes_executor.py
[2023-10-19T11:56:22.422+0000] {processor.py:839} INFO - DAG(s) dict_keys(['example_local_kubernetes_executor']) retrieved from /home/airflow/.local/lib/python3.8/site-packages/airflow/example_dags/example_local_kubernetes_executor.py
[2023-10-19T11:56:22.674+0000] {logging_mixin.py:151} INFO - [2023-10-19T11:56:22.673+0000] {dag.py:2915} INFO - Sync 1 DAGs
[2023-10-19T11:56:22.766+0000] {logging_mixin.py:151} INFO - [2023-10-19T11:56:22.765+0000] {dag.py:3696} INFO - Setting next_dagrun for example_local_kubernetes_executor to None, run_after=None
[2023-10-19T11:56:23.104+0000] {processor.py:179} INFO - Processing /home/airflow/.local/lib/python3.8/site-packages/airflow/example_dags/example_local_kubernetes_executor.py took 4.995 seconds
[2023-10-19T11:56:53.251+0000] {processor.py:157} INFO - Started process (PID=445) to work on /home/airflow/.local/lib/python3.8/site-packages/airflow/example_dags/example_local_kubernetes_executor.py
[2023-10-19T11:56:53.262+0000] {processor.py:829} INFO - Processing file /home/airflow/.local/lib/python3.8/site-packages/airflow/example_dags/example_local_kubernetes_executor.py for tasks to queue
[2023-10-19T11:56:53.274+0000] {logging_mixin.py:151} INFO - [2023-10-19T11:56:53.273+0000] {dagbag.py:539} INFO - Filling up the DagBag from /home/airflow/.local/lib/python3.8/site-packages/airflow/example_dags/example_local_kubernetes_executor.py
[2023-10-19T11:56:57.704+0000] {processor.py:839} INFO - DAG(s) dict_keys(['example_local_kubernetes_executor']) retrieved from /home/airflow/.local/lib/python3.8/site-packages/airflow/example_dags/example_local_kubernetes_executor.py
[2023-10-19T11:56:58.085+0000] {logging_mixin.py:151} INFO - [2023-10-19T11:56:58.083+0000] {dag.py:2915} INFO - Sync 1 DAGs
[2023-10-19T11:56:58.197+0000] {logging_mixin.py:151} INFO - [2023-10-19T11:56:58.196+0000] {dag.py:3696} INFO - Setting next_dagrun for example_local_kubernetes_executor to None, run_after=None
[2023-10-19T11:56:58.460+0000] {processor.py:179} INFO - Processing /home/airflow/.local/lib/python3.8/site-packages/airflow/example_dags/example_local_kubernetes_executor.py took 5.217 seconds
[2023-10-19T11:57:28.763+0000] {processor.py:157} INFO - Started process (PID=499) to work on /home/airflow/.local/lib/python3.8/site-packages/airflow/example_dags/example_local_kubernetes_executor.py
[2023-10-19T11:57:28.772+0000] {processor.py:829} INFO - Processing file /home/airflow/.local/lib/python3.8/site-packages/airflow/example_dags/example_local_kubernetes_executor.py for tasks to queue
[2023-10-19T11:57:28.784+0000] {logging_mixin.py:151} INFO - [2023-10-19T11:57:28.783+0000] {dagbag.py:539} INFO - Filling up the DagBag from /home/airflow/.local/lib/python3.8/site-packages/airflow/example_dags/example_local_kubernetes_executor.py
[2023-10-19T11:57:29.986+0000] {processor.py:839} INFO - DAG(s) dict_keys(['example_local_kubernetes_executor']) retrieved from /home/airflow/.local/lib/python3.8/site-packages/airflow/example_dags/example_local_kubernetes_executor.py
[2023-10-19T11:57:30.125+0000] {logging_mixin.py:151} INFO - [2023-10-19T11:57:30.124+0000] {dag.py:2915} INFO - Sync 1 DAGs
[2023-10-19T11:57:30.190+0000] {logging_mixin.py:151} INFO - [2023-10-19T11:57:30.190+0000] {dag.py:3696} INFO - Setting next_dagrun for example_local_kubernetes_executor to None, run_after=None
[2023-10-19T11:57:30.291+0000] {processor.py:179} INFO - Processing /home/airflow/.local/lib/python3.8/site-packages/airflow/example_dags/example_local_kubernetes_executor.py took 1.540 seconds
[2023-10-19T11:58:00.928+0000] {processor.py:157} INFO - Started process (PID=553) to work on /home/airflow/.local/lib/python3.8/site-packages/airflow/example_dags/example_local_kubernetes_executor.py
[2023-10-19T11:58:00.934+0000] {processor.py:829} INFO - Processing file /home/airflow/.local/lib/python3.8/site-packages/airflow/example_dags/example_local_kubernetes_executor.py for tasks to queue
[2023-10-19T11:58:00.940+0000] {logging_mixin.py:151} INFO - [2023-10-19T11:58:00.939+0000] {dagbag.py:539} INFO - Filling up the DagBag from /home/airflow/.local/lib/python3.8/site-packages/airflow/example_dags/example_local_kubernetes_executor.py
[2023-10-19T11:58:02.807+0000] {processor.py:839} INFO - DAG(s) dict_keys(['example_local_kubernetes_executor']) retrieved from /home/airflow/.local/lib/python3.8/site-packages/airflow/example_dags/example_local_kubernetes_executor.py
[2023-10-19T11:58:02.886+0000] {logging_mixin.py:151} INFO - [2023-10-19T11:58:02.885+0000] {dag.py:2915} INFO - Sync 1 DAGs
[2023-10-19T11:58:02.923+0000] {logging_mixin.py:151} INFO - [2023-10-19T11:58:02.922+0000] {dag.py:3696} INFO - Setting next_dagrun for example_local_kubernetes_executor to None, run_after=None
[2023-10-19T11:58:02.974+0000] {processor.py:179} INFO - Processing /home/airflow/.local/lib/python3.8/site-packages/airflow/example_dags/example_local_kubernetes_executor.py took 2.086 seconds
