[2023-10-19T11:52:40.177+0000] {processor.py:157} INFO - Started process (PID=73) to work on /home/airflow/.local/lib/python3.8/site-packages/airflow/example_dags/example_sensor_decorator.py
[2023-10-19T11:52:40.197+0000] {processor.py:829} INFO - Processing file /home/airflow/.local/lib/python3.8/site-packages/airflow/example_dags/example_sensor_decorator.py for tasks to queue
[2023-10-19T11:52:40.204+0000] {logging_mixin.py:151} INFO - [2023-10-19T11:52:40.203+0000] {dagbag.py:539} INFO - Filling up the DagBag from /home/airflow/.local/lib/python3.8/site-packages/airflow/example_dags/example_sensor_decorator.py
[2023-10-19T11:52:40.279+0000] {processor.py:839} INFO - DAG(s) dict_keys(['example_sensor_decorator']) retrieved from /home/airflow/.local/lib/python3.8/site-packages/airflow/example_dags/example_sensor_decorator.py
[2023-10-19T11:52:40.533+0000] {logging_mixin.py:151} INFO - [2023-10-19T11:52:40.533+0000] {dag.py:2915} INFO - Sync 1 DAGs
[2023-10-19T11:52:40.688+0000] {logging_mixin.py:151} INFO - [2023-10-19T11:52:40.688+0000] {dag.py:3696} INFO - Setting next_dagrun for example_sensor_decorator to None, run_after=None
[2023-10-19T11:52:40.936+0000] {processor.py:179} INFO - Processing /home/airflow/.local/lib/python3.8/site-packages/airflow/example_dags/example_sensor_decorator.py took 0.779 seconds
[2023-10-19T11:53:22.593+0000] {processor.py:157} INFO - Started process (PID=127) to work on /home/airflow/.local/lib/python3.8/site-packages/airflow/example_dags/example_sensor_decorator.py
[2023-10-19T11:53:22.596+0000] {processor.py:829} INFO - Processing file /home/airflow/.local/lib/python3.8/site-packages/airflow/example_dags/example_sensor_decorator.py for tasks to queue
[2023-10-19T11:53:22.606+0000] {logging_mixin.py:151} INFO - [2023-10-19T11:53:22.604+0000] {dagbag.py:539} INFO - Filling up the DagBag from /home/airflow/.local/lib/python3.8/site-packages/airflow/example_dags/example_sensor_decorator.py
[2023-10-19T11:53:22.635+0000] {processor.py:839} INFO - DAG(s) dict_keys(['example_sensor_decorator']) retrieved from /home/airflow/.local/lib/python3.8/site-packages/airflow/example_dags/example_sensor_decorator.py
[2023-10-19T11:53:22.725+0000] {logging_mixin.py:151} INFO - [2023-10-19T11:53:22.725+0000] {dag.py:2915} INFO - Sync 1 DAGs
[2023-10-19T11:53:22.827+0000] {logging_mixin.py:151} INFO - [2023-10-19T11:53:22.825+0000] {dag.py:3696} INFO - Setting next_dagrun for example_sensor_decorator to None, run_after=None
[2023-10-19T11:53:23.025+0000] {processor.py:179} INFO - Processing /home/airflow/.local/lib/python3.8/site-packages/airflow/example_dags/example_sensor_decorator.py took 0.447 seconds
[2023-10-19T11:53:59.663+0000] {processor.py:157} INFO - Started process (PID=186) to work on /home/airflow/.local/lib/python3.8/site-packages/airflow/example_dags/example_sensor_decorator.py
[2023-10-19T11:53:59.667+0000] {processor.py:829} INFO - Processing file /home/airflow/.local/lib/python3.8/site-packages/airflow/example_dags/example_sensor_decorator.py for tasks to queue
[2023-10-19T11:53:59.679+0000] {logging_mixin.py:151} INFO - [2023-10-19T11:53:59.677+0000] {dagbag.py:539} INFO - Filling up the DagBag from /home/airflow/.local/lib/python3.8/site-packages/airflow/example_dags/example_sensor_decorator.py
[2023-10-19T11:53:59.713+0000] {processor.py:839} INFO - DAG(s) dict_keys(['example_sensor_decorator']) retrieved from /home/airflow/.local/lib/python3.8/site-packages/airflow/example_dags/example_sensor_decorator.py
[2023-10-19T11:53:59.838+0000] {logging_mixin.py:151} INFO - [2023-10-19T11:53:59.837+0000] {dag.py:2915} INFO - Sync 1 DAGs
[2023-10-19T11:53:59.949+0000] {logging_mixin.py:151} INFO - [2023-10-19T11:53:59.948+0000] {dag.py:3696} INFO - Setting next_dagrun for example_sensor_decorator to None, run_after=None
[2023-10-19T11:54:00.064+0000] {processor.py:179} INFO - Processing /home/airflow/.local/lib/python3.8/site-packages/airflow/example_dags/example_sensor_decorator.py took 0.414 seconds
[2023-10-19T11:54:32.313+0000] {processor.py:157} INFO - Started process (PID=237) to work on /home/airflow/.local/lib/python3.8/site-packages/airflow/example_dags/example_sensor_decorator.py
[2023-10-19T11:54:32.324+0000] {processor.py:829} INFO - Processing file /home/airflow/.local/lib/python3.8/site-packages/airflow/example_dags/example_sensor_decorator.py for tasks to queue
[2023-10-19T11:54:32.336+0000] {logging_mixin.py:151} INFO - [2023-10-19T11:54:32.335+0000] {dagbag.py:539} INFO - Filling up the DagBag from /home/airflow/.local/lib/python3.8/site-packages/airflow/example_dags/example_sensor_decorator.py
[2023-10-19T11:54:32.369+0000] {processor.py:839} INFO - DAG(s) dict_keys(['example_sensor_decorator']) retrieved from /home/airflow/.local/lib/python3.8/site-packages/airflow/example_dags/example_sensor_decorator.py
[2023-10-19T11:54:32.470+0000] {logging_mixin.py:151} INFO - [2023-10-19T11:54:32.470+0000] {dag.py:2915} INFO - Sync 1 DAGs
[2023-10-19T11:54:32.533+0000] {logging_mixin.py:151} INFO - [2023-10-19T11:54:32.533+0000] {dag.py:3696} INFO - Setting next_dagrun for example_sensor_decorator to None, run_after=None
[2023-10-19T11:54:32.611+0000] {processor.py:179} INFO - Processing /home/airflow/.local/lib/python3.8/site-packages/airflow/example_dags/example_sensor_decorator.py took 0.318 seconds
[2023-10-19T11:55:09.026+0000] {processor.py:157} INFO - Started process (PID=290) to work on /home/airflow/.local/lib/python3.8/site-packages/airflow/example_dags/example_sensor_decorator.py
[2023-10-19T11:55:09.030+0000] {processor.py:829} INFO - Processing file /home/airflow/.local/lib/python3.8/site-packages/airflow/example_dags/example_sensor_decorator.py for tasks to queue
[2023-10-19T11:55:09.036+0000] {logging_mixin.py:151} INFO - [2023-10-19T11:55:09.036+0000] {dagbag.py:539} INFO - Filling up the DagBag from /home/airflow/.local/lib/python3.8/site-packages/airflow/example_dags/example_sensor_decorator.py
[2023-10-19T11:55:09.055+0000] {processor.py:839} INFO - DAG(s) dict_keys(['example_sensor_decorator']) retrieved from /home/airflow/.local/lib/python3.8/site-packages/airflow/example_dags/example_sensor_decorator.py
[2023-10-19T11:55:09.132+0000] {logging_mixin.py:151} INFO - [2023-10-19T11:55:09.131+0000] {dag.py:2915} INFO - Sync 1 DAGs
[2023-10-19T11:55:09.173+0000] {logging_mixin.py:151} INFO - [2023-10-19T11:55:09.172+0000] {dag.py:3696} INFO - Setting next_dagrun for example_sensor_decorator to None, run_after=None
[2023-10-19T11:55:09.233+0000] {processor.py:179} INFO - Processing /home/airflow/.local/lib/python3.8/site-packages/airflow/example_dags/example_sensor_decorator.py took 0.220 seconds
[2023-10-19T11:55:49.373+0000] {processor.py:157} INFO - Started process (PID=344) to work on /home/airflow/.local/lib/python3.8/site-packages/airflow/example_dags/example_sensor_decorator.py
[2023-10-19T11:55:49.444+0000] {processor.py:829} INFO - Processing file /home/airflow/.local/lib/python3.8/site-packages/airflow/example_dags/example_sensor_decorator.py for tasks to queue
[2023-10-19T11:55:49.494+0000] {logging_mixin.py:151} INFO - [2023-10-19T11:55:49.466+0000] {dagbag.py:539} INFO - Filling up the DagBag from /home/airflow/.local/lib/python3.8/site-packages/airflow/example_dags/example_sensor_decorator.py
[2023-10-19T11:55:49.621+0000] {processor.py:839} INFO - DAG(s) dict_keys(['example_sensor_decorator']) retrieved from /home/airflow/.local/lib/python3.8/site-packages/airflow/example_dags/example_sensor_decorator.py
[2023-10-19T11:55:49.811+0000] {logging_mixin.py:151} INFO - [2023-10-19T11:55:49.811+0000] {dag.py:2915} INFO - Sync 1 DAGs
[2023-10-19T11:55:50.110+0000] {logging_mixin.py:151} INFO - [2023-10-19T11:55:50.109+0000] {dag.py:3696} INFO - Setting next_dagrun for example_sensor_decorator to None, run_after=None
[2023-10-19T11:55:50.582+0000] {processor.py:179} INFO - Processing /home/airflow/.local/lib/python3.8/site-packages/airflow/example_dags/example_sensor_decorator.py took 1.218 seconds
[2023-10-19T11:56:26.129+0000] {processor.py:157} INFO - Started process (PID=398) to work on /home/airflow/.local/lib/python3.8/site-packages/airflow/example_dags/example_sensor_decorator.py
[2023-10-19T11:56:26.131+0000] {processor.py:829} INFO - Processing file /home/airflow/.local/lib/python3.8/site-packages/airflow/example_dags/example_sensor_decorator.py for tasks to queue
[2023-10-19T11:56:26.145+0000] {logging_mixin.py:151} INFO - [2023-10-19T11:56:26.144+0000] {dagbag.py:539} INFO - Filling up the DagBag from /home/airflow/.local/lib/python3.8/site-packages/airflow/example_dags/example_sensor_decorator.py
[2023-10-19T11:56:26.254+0000] {processor.py:839} INFO - DAG(s) dict_keys(['example_sensor_decorator']) retrieved from /home/airflow/.local/lib/python3.8/site-packages/airflow/example_dags/example_sensor_decorator.py
[2023-10-19T11:56:26.627+0000] {logging_mixin.py:151} INFO - [2023-10-19T11:56:26.627+0000] {dag.py:2915} INFO - Sync 1 DAGs
[2023-10-19T11:56:26.852+0000] {logging_mixin.py:151} INFO - [2023-10-19T11:56:26.852+0000] {dag.py:3696} INFO - Setting next_dagrun for example_sensor_decorator to None, run_after=None
[2023-10-19T11:56:27.147+0000] {processor.py:179} INFO - Processing /home/airflow/.local/lib/python3.8/site-packages/airflow/example_dags/example_sensor_decorator.py took 1.050 seconds
[2023-10-19T11:57:01.654+0000] {processor.py:157} INFO - Started process (PID=451) to work on /home/airflow/.local/lib/python3.8/site-packages/airflow/example_dags/example_sensor_decorator.py
[2023-10-19T11:57:01.678+0000] {processor.py:829} INFO - Processing file /home/airflow/.local/lib/python3.8/site-packages/airflow/example_dags/example_sensor_decorator.py for tasks to queue
[2023-10-19T11:57:01.702+0000] {logging_mixin.py:151} INFO - [2023-10-19T11:57:01.687+0000] {dagbag.py:539} INFO - Filling up the DagBag from /home/airflow/.local/lib/python3.8/site-packages/airflow/example_dags/example_sensor_decorator.py
[2023-10-19T11:57:01.800+0000] {processor.py:839} INFO - DAG(s) dict_keys(['example_sensor_decorator']) retrieved from /home/airflow/.local/lib/python3.8/site-packages/airflow/example_dags/example_sensor_decorator.py
[2023-10-19T11:57:02.142+0000] {logging_mixin.py:151} INFO - [2023-10-19T11:57:02.135+0000] {dag.py:2915} INFO - Sync 1 DAGs
[2023-10-19T11:57:02.562+0000] {logging_mixin.py:151} INFO - [2023-10-19T11:57:02.561+0000] {dag.py:3696} INFO - Setting next_dagrun for example_sensor_decorator to None, run_after=None
[2023-10-19T11:57:02.795+0000] {processor.py:179} INFO - Processing /home/airflow/.local/lib/python3.8/site-packages/airflow/example_dags/example_sensor_decorator.py took 1.172 seconds
[2023-10-19T11:57:32.995+0000] {processor.py:157} INFO - Started process (PID=511) to work on /home/airflow/.local/lib/python3.8/site-packages/airflow/example_dags/example_sensor_decorator.py
[2023-10-19T11:57:33.005+0000] {processor.py:829} INFO - Processing file /home/airflow/.local/lib/python3.8/site-packages/airflow/example_dags/example_sensor_decorator.py for tasks to queue
[2023-10-19T11:57:33.010+0000] {logging_mixin.py:151} INFO - [2023-10-19T11:57:33.009+0000] {dagbag.py:539} INFO - Filling up the DagBag from /home/airflow/.local/lib/python3.8/site-packages/airflow/example_dags/example_sensor_decorator.py
[2023-10-19T11:57:33.032+0000] {processor.py:839} INFO - DAG(s) dict_keys(['example_sensor_decorator']) retrieved from /home/airflow/.local/lib/python3.8/site-packages/airflow/example_dags/example_sensor_decorator.py
[2023-10-19T11:57:33.106+0000] {logging_mixin.py:151} INFO - [2023-10-19T11:57:33.105+0000] {dag.py:2915} INFO - Sync 1 DAGs
[2023-10-19T11:57:33.176+0000] {logging_mixin.py:151} INFO - [2023-10-19T11:57:33.175+0000] {dag.py:3696} INFO - Setting next_dagrun for example_sensor_decorator to None, run_after=None
[2023-10-19T11:57:33.228+0000] {processor.py:179} INFO - Processing /home/airflow/.local/lib/python3.8/site-packages/airflow/example_dags/example_sensor_decorator.py took 0.252 seconds
[2023-10-19T11:58:04.209+0000] {processor.py:157} INFO - Started process (PID=566) to work on /home/airflow/.local/lib/python3.8/site-packages/airflow/example_dags/example_sensor_decorator.py
[2023-10-19T11:58:04.211+0000] {processor.py:829} INFO - Processing file /home/airflow/.local/lib/python3.8/site-packages/airflow/example_dags/example_sensor_decorator.py for tasks to queue
[2023-10-19T11:58:04.221+0000] {logging_mixin.py:151} INFO - [2023-10-19T11:58:04.220+0000] {dagbag.py:539} INFO - Filling up the DagBag from /home/airflow/.local/lib/python3.8/site-packages/airflow/example_dags/example_sensor_decorator.py
[2023-10-19T11:58:04.279+0000] {processor.py:839} INFO - DAG(s) dict_keys(['example_sensor_decorator']) retrieved from /home/airflow/.local/lib/python3.8/site-packages/airflow/example_dags/example_sensor_decorator.py
[2023-10-19T11:58:04.462+0000] {logging_mixin.py:151} INFO - [2023-10-19T11:58:04.450+0000] {dag.py:2915} INFO - Sync 1 DAGs
[2023-10-19T11:58:04.544+0000] {logging_mixin.py:151} INFO - [2023-10-19T11:58:04.543+0000] {dag.py:3696} INFO - Setting next_dagrun for example_sensor_decorator to None, run_after=None
[2023-10-19T11:58:04.660+0000] {processor.py:179} INFO - Processing /home/airflow/.local/lib/python3.8/site-packages/airflow/example_dags/example_sensor_decorator.py took 0.467 seconds
