[2023-10-19T11:52:28.920+0000] {processor.py:157} INFO - Started process (PID=65) to work on /home/airflow/.local/lib/python3.8/site-packages/airflow/example_dags/example_latest_only.py
[2023-10-19T11:52:28.922+0000] {processor.py:829} INFO - Processing file /home/airflow/.local/lib/python3.8/site-packages/airflow/example_dags/example_latest_only.py for tasks to queue
[2023-10-19T11:52:28.938+0000] {logging_mixin.py:151} INFO - [2023-10-19T11:52:28.935+0000] {dagbag.py:539} INFO - Filling up the DagBag from /home/airflow/.local/lib/python3.8/site-packages/airflow/example_dags/example_latest_only.py
[2023-10-19T11:52:28.963+0000] {processor.py:839} INFO - DAG(s) dict_keys(['latest_only']) retrieved from /home/airflow/.local/lib/python3.8/site-packages/airflow/example_dags/example_latest_only.py
[2023-10-19T11:52:29.068+0000] {logging_mixin.py:151} INFO - [2023-10-19T11:52:29.068+0000] {dag.py:2915} INFO - Sync 1 DAGs
[2023-10-19T11:52:29.278+0000] {logging_mixin.py:151} INFO - [2023-10-19T11:52:29.277+0000] {dag.py:3696} INFO - Setting next_dagrun for latest_only to 2023-10-19T07:52:29.276315+00:00, run_after=2023-10-19T11:52:29.276315+00:00
[2023-10-19T11:52:29.384+0000] {processor.py:179} INFO - Processing /home/airflow/.local/lib/python3.8/site-packages/airflow/example_dags/example_latest_only.py took 0.482 seconds
[2023-10-19T11:53:17.114+0000] {processor.py:157} INFO - Started process (PID=118) to work on /home/airflow/.local/lib/python3.8/site-packages/airflow/example_dags/example_latest_only.py
[2023-10-19T11:53:17.116+0000] {processor.py:829} INFO - Processing file /home/airflow/.local/lib/python3.8/site-packages/airflow/example_dags/example_latest_only.py for tasks to queue
[2023-10-19T11:53:17.124+0000] {logging_mixin.py:151} INFO - [2023-10-19T11:53:17.123+0000] {dagbag.py:539} INFO - Filling up the DagBag from /home/airflow/.local/lib/python3.8/site-packages/airflow/example_dags/example_latest_only.py
[2023-10-19T11:53:17.142+0000] {processor.py:839} INFO - DAG(s) dict_keys(['latest_only']) retrieved from /home/airflow/.local/lib/python3.8/site-packages/airflow/example_dags/example_latest_only.py
[2023-10-19T11:53:17.203+0000] {logging_mixin.py:151} INFO - [2023-10-19T11:53:17.202+0000] {dag.py:2915} INFO - Sync 1 DAGs
[2023-10-19T11:53:17.296+0000] {logging_mixin.py:151} INFO - [2023-10-19T11:53:17.296+0000] {dag.py:3696} INFO - Setting next_dagrun for latest_only to 2023-10-19T07:53:17.295740+00:00, run_after=2023-10-19T11:53:17.295740+00:00
[2023-10-19T11:53:17.424+0000] {processor.py:179} INFO - Processing /home/airflow/.local/lib/python3.8/site-packages/airflow/example_dags/example_latest_only.py took 0.322 seconds
[2023-10-19T11:53:54.593+0000] {processor.py:157} INFO - Started process (PID=170) to work on /home/airflow/.local/lib/python3.8/site-packages/airflow/example_dags/example_latest_only.py
[2023-10-19T11:53:54.596+0000] {processor.py:829} INFO - Processing file /home/airflow/.local/lib/python3.8/site-packages/airflow/example_dags/example_latest_only.py for tasks to queue
[2023-10-19T11:53:54.602+0000] {logging_mixin.py:151} INFO - [2023-10-19T11:53:54.601+0000] {dagbag.py:539} INFO - Filling up the DagBag from /home/airflow/.local/lib/python3.8/site-packages/airflow/example_dags/example_latest_only.py
[2023-10-19T11:53:54.622+0000] {processor.py:839} INFO - DAG(s) dict_keys(['latest_only']) retrieved from /home/airflow/.local/lib/python3.8/site-packages/airflow/example_dags/example_latest_only.py
[2023-10-19T11:53:54.684+0000] {logging_mixin.py:151} INFO - [2023-10-19T11:53:54.683+0000] {dag.py:2915} INFO - Sync 1 DAGs
[2023-10-19T11:53:54.792+0000] {logging_mixin.py:151} INFO - [2023-10-19T11:53:54.791+0000] {dag.py:3696} INFO - Setting next_dagrun for latest_only to 2023-10-19T07:53:54.791384+00:00, run_after=2023-10-19T11:53:54.791384+00:00
[2023-10-19T11:53:54.894+0000] {processor.py:179} INFO - Processing /home/airflow/.local/lib/python3.8/site-packages/airflow/example_dags/example_latest_only.py took 0.308 seconds
[2023-10-19T11:54:28.361+0000] {processor.py:157} INFO - Started process (PID=229) to work on /home/airflow/.local/lib/python3.8/site-packages/airflow/example_dags/example_latest_only.py
[2023-10-19T11:54:28.394+0000] {processor.py:829} INFO - Processing file /home/airflow/.local/lib/python3.8/site-packages/airflow/example_dags/example_latest_only.py for tasks to queue
[2023-10-19T11:54:28.416+0000] {logging_mixin.py:151} INFO - [2023-10-19T11:54:28.416+0000] {dagbag.py:539} INFO - Filling up the DagBag from /home/airflow/.local/lib/python3.8/site-packages/airflow/example_dags/example_latest_only.py
[2023-10-19T11:54:28.445+0000] {processor.py:839} INFO - DAG(s) dict_keys(['latest_only']) retrieved from /home/airflow/.local/lib/python3.8/site-packages/airflow/example_dags/example_latest_only.py
[2023-10-19T11:54:28.574+0000] {logging_mixin.py:151} INFO - [2023-10-19T11:54:28.573+0000] {dag.py:2915} INFO - Sync 1 DAGs
[2023-10-19T11:54:28.716+0000] {logging_mixin.py:151} INFO - [2023-10-19T11:54:28.715+0000] {dag.py:3696} INFO - Setting next_dagrun for latest_only to 2023-10-19T07:54:28.714847+00:00, run_after=2023-10-19T11:54:28.714847+00:00
[2023-10-19T11:54:28.848+0000] {processor.py:179} INFO - Processing /home/airflow/.local/lib/python3.8/site-packages/airflow/example_dags/example_latest_only.py took 0.513 seconds
[2023-10-19T11:55:05.164+0000] {processor.py:157} INFO - Started process (PID=281) to work on /home/airflow/.local/lib/python3.8/site-packages/airflow/example_dags/example_latest_only.py
[2023-10-19T11:55:05.172+0000] {processor.py:829} INFO - Processing file /home/airflow/.local/lib/python3.8/site-packages/airflow/example_dags/example_latest_only.py for tasks to queue
[2023-10-19T11:55:05.203+0000] {logging_mixin.py:151} INFO - [2023-10-19T11:55:05.198+0000] {dagbag.py:539} INFO - Filling up the DagBag from /home/airflow/.local/lib/python3.8/site-packages/airflow/example_dags/example_latest_only.py
[2023-10-19T11:55:05.231+0000] {processor.py:839} INFO - DAG(s) dict_keys(['latest_only']) retrieved from /home/airflow/.local/lib/python3.8/site-packages/airflow/example_dags/example_latest_only.py
[2023-10-19T11:55:05.362+0000] {logging_mixin.py:151} INFO - [2023-10-19T11:55:05.362+0000] {dag.py:2915} INFO - Sync 1 DAGs
[2023-10-19T11:55:05.583+0000] {logging_mixin.py:151} INFO - [2023-10-19T11:55:05.582+0000] {dag.py:3696} INFO - Setting next_dagrun for latest_only to 2023-10-19T07:55:05.577596+00:00, run_after=2023-10-19T11:55:05.577596+00:00
[2023-10-19T11:55:05.785+0000] {processor.py:179} INFO - Processing /home/airflow/.local/lib/python3.8/site-packages/airflow/example_dags/example_latest_only.py took 0.674 seconds
[2023-10-19T11:55:39.330+0000] {processor.py:157} INFO - Started process (PID=335) to work on /home/airflow/.local/lib/python3.8/site-packages/airflow/example_dags/example_latest_only.py
[2023-10-19T11:55:39.345+0000] {processor.py:829} INFO - Processing file /home/airflow/.local/lib/python3.8/site-packages/airflow/example_dags/example_latest_only.py for tasks to queue
[2023-10-19T11:55:39.373+0000] {logging_mixin.py:151} INFO - [2023-10-19T11:55:39.372+0000] {dagbag.py:539} INFO - Filling up the DagBag from /home/airflow/.local/lib/python3.8/site-packages/airflow/example_dags/example_latest_only.py
[2023-10-19T11:55:39.402+0000] {processor.py:839} INFO - DAG(s) dict_keys(['latest_only']) retrieved from /home/airflow/.local/lib/python3.8/site-packages/airflow/example_dags/example_latest_only.py
[2023-10-19T11:55:39.526+0000] {logging_mixin.py:151} INFO - [2023-10-19T11:55:39.523+0000] {dag.py:2915} INFO - Sync 1 DAGs
[2023-10-19T11:55:39.752+0000] {logging_mixin.py:151} INFO - [2023-10-19T11:55:39.752+0000] {dag.py:3696} INFO - Setting next_dagrun for latest_only to 2023-10-19T07:55:39.719516+00:00, run_after=2023-10-19T11:55:39.719516+00:00
[2023-10-19T11:55:39.971+0000] {processor.py:179} INFO - Processing /home/airflow/.local/lib/python3.8/site-packages/airflow/example_dags/example_latest_only.py took 0.693 seconds
[2023-10-19T11:56:15.968+0000] {processor.py:157} INFO - Started process (PID=389) to work on /home/airflow/.local/lib/python3.8/site-packages/airflow/example_dags/example_latest_only.py
[2023-10-19T11:56:15.973+0000] {processor.py:829} INFO - Processing file /home/airflow/.local/lib/python3.8/site-packages/airflow/example_dags/example_latest_only.py for tasks to queue
[2023-10-19T11:56:15.992+0000] {logging_mixin.py:151} INFO - [2023-10-19T11:56:15.990+0000] {dagbag.py:539} INFO - Filling up the DagBag from /home/airflow/.local/lib/python3.8/site-packages/airflow/example_dags/example_latest_only.py
[2023-10-19T11:56:16.052+0000] {processor.py:839} INFO - DAG(s) dict_keys(['latest_only']) retrieved from /home/airflow/.local/lib/python3.8/site-packages/airflow/example_dags/example_latest_only.py
[2023-10-19T11:56:16.280+0000] {logging_mixin.py:151} INFO - [2023-10-19T11:56:16.279+0000] {dag.py:2915} INFO - Sync 1 DAGs
[2023-10-19T11:56:16.528+0000] {logging_mixin.py:151} INFO - [2023-10-19T11:56:16.528+0000] {dag.py:3696} INFO - Setting next_dagrun for latest_only to 2023-10-19T07:56:16.527383+00:00, run_after=2023-10-19T11:56:16.527383+00:00
[2023-10-19T11:56:16.789+0000] {processor.py:179} INFO - Processing /home/airflow/.local/lib/python3.8/site-packages/airflow/example_dags/example_latest_only.py took 0.832 seconds
[2023-10-19T11:56:47.440+0000] {processor.py:157} INFO - Started process (PID=442) to work on /home/airflow/.local/lib/python3.8/site-packages/airflow/example_dags/example_latest_only.py
[2023-10-19T11:56:47.442+0000] {processor.py:829} INFO - Processing file /home/airflow/.local/lib/python3.8/site-packages/airflow/example_dags/example_latest_only.py for tasks to queue
[2023-10-19T11:56:47.446+0000] {logging_mixin.py:151} INFO - [2023-10-19T11:56:47.446+0000] {dagbag.py:539} INFO - Filling up the DagBag from /home/airflow/.local/lib/python3.8/site-packages/airflow/example_dags/example_latest_only.py
[2023-10-19T11:56:47.456+0000] {processor.py:839} INFO - DAG(s) dict_keys(['latest_only']) retrieved from /home/airflow/.local/lib/python3.8/site-packages/airflow/example_dags/example_latest_only.py
[2023-10-19T11:56:47.503+0000] {logging_mixin.py:151} INFO - [2023-10-19T11:56:47.503+0000] {dag.py:2915} INFO - Sync 1 DAGs
[2023-10-19T11:56:47.571+0000] {logging_mixin.py:151} INFO - [2023-10-19T11:56:47.570+0000] {dag.py:3696} INFO - Setting next_dagrun for latest_only to 2023-10-19T07:56:47.570255+00:00, run_after=2023-10-19T11:56:47.570255+00:00
[2023-10-19T11:56:47.617+0000] {processor.py:179} INFO - Processing /home/airflow/.local/lib/python3.8/site-packages/airflow/example_dags/example_latest_only.py took 0.183 seconds
[2023-10-19T11:57:17.776+0000] {processor.py:157} INFO - Started process (PID=495) to work on /home/airflow/.local/lib/python3.8/site-packages/airflow/example_dags/example_latest_only.py
[2023-10-19T11:57:17.780+0000] {processor.py:829} INFO - Processing file /home/airflow/.local/lib/python3.8/site-packages/airflow/example_dags/example_latest_only.py for tasks to queue
[2023-10-19T11:57:17.783+0000] {logging_mixin.py:151} INFO - [2023-10-19T11:57:17.783+0000] {dagbag.py:539} INFO - Filling up the DagBag from /home/airflow/.local/lib/python3.8/site-packages/airflow/example_dags/example_latest_only.py
[2023-10-19T11:57:17.803+0000] {processor.py:839} INFO - DAG(s) dict_keys(['latest_only']) retrieved from /home/airflow/.local/lib/python3.8/site-packages/airflow/example_dags/example_latest_only.py
[2023-10-19T11:57:17.845+0000] {logging_mixin.py:151} INFO - [2023-10-19T11:57:17.844+0000] {dag.py:2915} INFO - Sync 1 DAGs
[2023-10-19T11:57:17.891+0000] {logging_mixin.py:151} INFO - [2023-10-19T11:57:17.890+0000] {dag.py:3696} INFO - Setting next_dagrun for latest_only to 2023-10-19T07:57:17.890530+00:00, run_after=2023-10-19T11:57:17.890530+00:00
[2023-10-19T11:57:17.930+0000] {processor.py:179} INFO - Processing /home/airflow/.local/lib/python3.8/site-packages/airflow/example_dags/example_latest_only.py took 0.159 seconds
[2023-10-19T11:57:48.099+0000] {processor.py:157} INFO - Started process (PID=549) to work on /home/airflow/.local/lib/python3.8/site-packages/airflow/example_dags/example_latest_only.py
[2023-10-19T11:57:48.101+0000] {processor.py:829} INFO - Processing file /home/airflow/.local/lib/python3.8/site-packages/airflow/example_dags/example_latest_only.py for tasks to queue
[2023-10-19T11:57:48.106+0000] {logging_mixin.py:151} INFO - [2023-10-19T11:57:48.105+0000] {dagbag.py:539} INFO - Filling up the DagBag from /home/airflow/.local/lib/python3.8/site-packages/airflow/example_dags/example_latest_only.py
[2023-10-19T11:57:48.114+0000] {processor.py:839} INFO - DAG(s) dict_keys(['latest_only']) retrieved from /home/airflow/.local/lib/python3.8/site-packages/airflow/example_dags/example_latest_only.py
[2023-10-19T11:57:48.163+0000] {logging_mixin.py:151} INFO - [2023-10-19T11:57:48.163+0000] {dag.py:2915} INFO - Sync 1 DAGs
[2023-10-19T11:57:48.213+0000] {logging_mixin.py:151} INFO - [2023-10-19T11:57:48.213+0000] {dag.py:3696} INFO - Setting next_dagrun for latest_only to 2023-10-19T07:57:48.213210+00:00, run_after=2023-10-19T11:57:48.213210+00:00
[2023-10-19T11:57:48.254+0000] {processor.py:179} INFO - Processing /home/airflow/.local/lib/python3.8/site-packages/airflow/example_dags/example_latest_only.py took 0.164 seconds
