[2023-10-19T11:52:22.998+0000] {processor.py:157} INFO - Started process (PID=48) to work on /home/airflow/.local/lib/python3.8/site-packages/airflow/example_dags/example_branch_operator.py
[2023-10-19T11:52:23.035+0000] {processor.py:829} INFO - Processing file /home/airflow/.local/lib/python3.8/site-packages/airflow/example_dags/example_branch_operator.py for tasks to queue
[2023-10-19T11:52:23.045+0000] {logging_mixin.py:151} INFO - [2023-10-19T11:52:23.044+0000] {dagbag.py:539} INFO - Filling up the DagBag from /home/airflow/.local/lib/python3.8/site-packages/airflow/example_dags/example_branch_operator.py
[2023-10-19T11:52:23.440+0000] {processor.py:839} INFO - DAG(s) dict_keys(['example_branch_operator']) retrieved from /home/airflow/.local/lib/python3.8/site-packages/airflow/example_dags/example_branch_operator.py
[2023-10-19T11:52:23.705+0000] {logging_mixin.py:151} INFO - [2023-10-19T11:52:23.705+0000] {dag.py:2915} INFO - Sync 1 DAGs
[2023-10-19T11:52:23.954+0000] {logging_mixin.py:151} INFO - [2023-10-19T11:52:23.953+0000] {dag.py:3696} INFO - Setting next_dagrun for example_branch_operator to 2023-10-18T00:00:00+00:00, run_after=2023-10-19T00:00:00+00:00
[2023-10-19T11:52:24.175+0000] {processor.py:179} INFO - Processing /home/airflow/.local/lib/python3.8/site-packages/airflow/example_dags/example_branch_operator.py took 1.269 seconds
[2023-10-19T11:53:12.481+0000] {processor.py:157} INFO - Started process (PID=109) to work on /home/airflow/.local/lib/python3.8/site-packages/airflow/example_dags/example_branch_operator.py
[2023-10-19T11:53:12.494+0000] {processor.py:829} INFO - Processing file /home/airflow/.local/lib/python3.8/site-packages/airflow/example_dags/example_branch_operator.py for tasks to queue
[2023-10-19T11:53:12.514+0000] {logging_mixin.py:151} INFO - [2023-10-19T11:53:12.513+0000] {dagbag.py:539} INFO - Filling up the DagBag from /home/airflow/.local/lib/python3.8/site-packages/airflow/example_dags/example_branch_operator.py
[2023-10-19T11:53:12.580+0000] {processor.py:839} INFO - DAG(s) dict_keys(['example_branch_operator']) retrieved from /home/airflow/.local/lib/python3.8/site-packages/airflow/example_dags/example_branch_operator.py
[2023-10-19T11:53:12.686+0000] {logging_mixin.py:151} INFO - [2023-10-19T11:53:12.686+0000] {dag.py:2915} INFO - Sync 1 DAGs
[2023-10-19T11:53:12.834+0000] {logging_mixin.py:151} INFO - [2023-10-19T11:53:12.834+0000] {dag.py:3696} INFO - Setting next_dagrun for example_branch_operator to 2023-10-18T00:00:00+00:00, run_after=2023-10-19T00:00:00+00:00
[2023-10-19T11:53:12.913+0000] {processor.py:179} INFO - Processing /home/airflow/.local/lib/python3.8/site-packages/airflow/example_dags/example_branch_operator.py took 0.458 seconds
[2023-10-19T11:53:47.923+0000] {processor.py:157} INFO - Started process (PID=160) to work on /home/airflow/.local/lib/python3.8/site-packages/airflow/example_dags/example_branch_operator.py
[2023-10-19T11:53:47.978+0000] {processor.py:829} INFO - Processing file /home/airflow/.local/lib/python3.8/site-packages/airflow/example_dags/example_branch_operator.py for tasks to queue
[2023-10-19T11:53:47.999+0000] {logging_mixin.py:151} INFO - [2023-10-19T11:53:47.999+0000] {dagbag.py:539} INFO - Filling up the DagBag from /home/airflow/.local/lib/python3.8/site-packages/airflow/example_dags/example_branch_operator.py
[2023-10-19T11:53:48.282+0000] {processor.py:839} INFO - DAG(s) dict_keys(['example_branch_operator']) retrieved from /home/airflow/.local/lib/python3.8/site-packages/airflow/example_dags/example_branch_operator.py
[2023-10-19T11:53:49.787+0000] {logging_mixin.py:151} INFO - [2023-10-19T11:53:49.787+0000] {dag.py:2915} INFO - Sync 1 DAGs
[2023-10-19T11:53:49.963+0000] {logging_mixin.py:151} INFO - [2023-10-19T11:53:49.963+0000] {dag.py:3696} INFO - Setting next_dagrun for example_branch_operator to 2023-10-18T00:00:00+00:00, run_after=2023-10-19T00:00:00+00:00
[2023-10-19T11:53:50.384+0000] {processor.py:179} INFO - Processing /home/airflow/.local/lib/python3.8/site-packages/airflow/example_dags/example_branch_operator.py took 2.492 seconds
[2023-10-19T11:54:21.898+0000] {processor.py:157} INFO - Started process (PID=213) to work on /home/airflow/.local/lib/python3.8/site-packages/airflow/example_dags/example_branch_operator.py
[2023-10-19T11:54:21.928+0000] {processor.py:829} INFO - Processing file /home/airflow/.local/lib/python3.8/site-packages/airflow/example_dags/example_branch_operator.py for tasks to queue
[2023-10-19T11:54:22.035+0000] {logging_mixin.py:151} INFO - [2023-10-19T11:54:22.034+0000] {dagbag.py:539} INFO - Filling up the DagBag from /home/airflow/.local/lib/python3.8/site-packages/airflow/example_dags/example_branch_operator.py
[2023-10-19T11:54:22.166+0000] {processor.py:839} INFO - DAG(s) dict_keys(['example_branch_operator']) retrieved from /home/airflow/.local/lib/python3.8/site-packages/airflow/example_dags/example_branch_operator.py
[2023-10-19T11:54:22.332+0000] {logging_mixin.py:151} INFO - [2023-10-19T11:54:22.332+0000] {dag.py:2915} INFO - Sync 1 DAGs
[2023-10-19T11:54:22.705+0000] {logging_mixin.py:151} INFO - [2023-10-19T11:54:22.705+0000] {dag.py:3696} INFO - Setting next_dagrun for example_branch_operator to 2023-10-18T00:00:00+00:00, run_after=2023-10-19T00:00:00+00:00
[2023-10-19T11:54:23.030+0000] {processor.py:179} INFO - Processing /home/airflow/.local/lib/python3.8/site-packages/airflow/example_dags/example_branch_operator.py took 1.210 seconds
[2023-10-19T11:54:53.244+0000] {processor.py:157} INFO - Started process (PID=266) to work on /home/airflow/.local/lib/python3.8/site-packages/airflow/example_dags/example_branch_operator.py
[2023-10-19T11:54:53.255+0000] {processor.py:829} INFO - Processing file /home/airflow/.local/lib/python3.8/site-packages/airflow/example_dags/example_branch_operator.py for tasks to queue
[2023-10-19T11:54:53.268+0000] {logging_mixin.py:151} INFO - [2023-10-19T11:54:53.267+0000] {dagbag.py:539} INFO - Filling up the DagBag from /home/airflow/.local/lib/python3.8/site-packages/airflow/example_dags/example_branch_operator.py
[2023-10-19T11:54:53.309+0000] {processor.py:839} INFO - DAG(s) dict_keys(['example_branch_operator']) retrieved from /home/airflow/.local/lib/python3.8/site-packages/airflow/example_dags/example_branch_operator.py
[2023-10-19T11:54:53.506+0000] {logging_mixin.py:151} INFO - [2023-10-19T11:54:53.492+0000] {dag.py:2915} INFO - Sync 1 DAGs
[2023-10-19T11:54:53.731+0000] {logging_mixin.py:151} INFO - [2023-10-19T11:54:53.731+0000] {dag.py:3696} INFO - Setting next_dagrun for example_branch_operator to 2023-10-18T00:00:00+00:00, run_after=2023-10-19T00:00:00+00:00
[2023-10-19T11:54:53.981+0000] {processor.py:179} INFO - Processing /home/airflow/.local/lib/python3.8/site-packages/airflow/example_dags/example_branch_operator.py took 0.756 seconds
[2023-10-19T11:55:24.429+0000] {processor.py:157} INFO - Started process (PID=319) to work on /home/airflow/.local/lib/python3.8/site-packages/airflow/example_dags/example_branch_operator.py
[2023-10-19T11:55:24.433+0000] {processor.py:829} INFO - Processing file /home/airflow/.local/lib/python3.8/site-packages/airflow/example_dags/example_branch_operator.py for tasks to queue
[2023-10-19T11:55:24.444+0000] {logging_mixin.py:151} INFO - [2023-10-19T11:55:24.443+0000] {dagbag.py:539} INFO - Filling up the DagBag from /home/airflow/.local/lib/python3.8/site-packages/airflow/example_dags/example_branch_operator.py
[2023-10-19T11:55:24.473+0000] {processor.py:839} INFO - DAG(s) dict_keys(['example_branch_operator']) retrieved from /home/airflow/.local/lib/python3.8/site-packages/airflow/example_dags/example_branch_operator.py
[2023-10-19T11:55:24.527+0000] {logging_mixin.py:151} INFO - [2023-10-19T11:55:24.527+0000] {dag.py:2915} INFO - Sync 1 DAGs
[2023-10-19T11:55:24.576+0000] {logging_mixin.py:151} INFO - [2023-10-19T11:55:24.576+0000] {dag.py:3696} INFO - Setting next_dagrun for example_branch_operator to 2023-10-18T00:00:00+00:00, run_after=2023-10-19T00:00:00+00:00
[2023-10-19T11:55:24.613+0000] {processor.py:179} INFO - Processing /home/airflow/.local/lib/python3.8/site-packages/airflow/example_dags/example_branch_operator.py took 0.196 seconds
[2023-10-19T11:56:01.384+0000] {processor.py:157} INFO - Started process (PID=380) to work on /home/airflow/.local/lib/python3.8/site-packages/airflow/example_dags/example_branch_operator.py
[2023-10-19T11:56:01.386+0000] {processor.py:829} INFO - Processing file /home/airflow/.local/lib/python3.8/site-packages/airflow/example_dags/example_branch_operator.py for tasks to queue
[2023-10-19T11:56:01.446+0000] {logging_mixin.py:151} INFO - [2023-10-19T11:56:01.443+0000] {dagbag.py:539} INFO - Filling up the DagBag from /home/airflow/.local/lib/python3.8/site-packages/airflow/example_dags/example_branch_operator.py
[2023-10-19T11:56:01.574+0000] {processor.py:839} INFO - DAG(s) dict_keys(['example_branch_operator']) retrieved from /home/airflow/.local/lib/python3.8/site-packages/airflow/example_dags/example_branch_operator.py
[2023-10-19T11:56:01.756+0000] {logging_mixin.py:151} INFO - [2023-10-19T11:56:01.755+0000] {dag.py:2915} INFO - Sync 1 DAGs
[2023-10-19T11:56:02.285+0000] {logging_mixin.py:151} INFO - [2023-10-19T11:56:02.285+0000] {dag.py:3696} INFO - Setting next_dagrun for example_branch_operator to 2023-10-18T00:00:00+00:00, run_after=2023-10-19T00:00:00+00:00
[2023-10-19T11:56:02.848+0000] {processor.py:179} INFO - Processing /home/airflow/.local/lib/python3.8/site-packages/airflow/example_dags/example_branch_operator.py took 1.499 seconds
[2023-10-19T11:56:37.305+0000] {processor.py:157} INFO - Started process (PID=431) to work on /home/airflow/.local/lib/python3.8/site-packages/airflow/example_dags/example_branch_operator.py
[2023-10-19T11:56:37.307+0000] {processor.py:829} INFO - Processing file /home/airflow/.local/lib/python3.8/site-packages/airflow/example_dags/example_branch_operator.py for tasks to queue
[2023-10-19T11:56:37.311+0000] {logging_mixin.py:151} INFO - [2023-10-19T11:56:37.311+0000] {dagbag.py:539} INFO - Filling up the DagBag from /home/airflow/.local/lib/python3.8/site-packages/airflow/example_dags/example_branch_operator.py
[2023-10-19T11:56:37.347+0000] {processor.py:839} INFO - DAG(s) dict_keys(['example_branch_operator']) retrieved from /home/airflow/.local/lib/python3.8/site-packages/airflow/example_dags/example_branch_operator.py
[2023-10-19T11:56:37.434+0000] {logging_mixin.py:151} INFO - [2023-10-19T11:56:37.434+0000] {dag.py:2915} INFO - Sync 1 DAGs
[2023-10-19T11:56:37.545+0000] {logging_mixin.py:151} INFO - [2023-10-19T11:56:37.545+0000] {dag.py:3696} INFO - Setting next_dagrun for example_branch_operator to 2023-10-18T00:00:00+00:00, run_after=2023-10-19T00:00:00+00:00
[2023-10-19T11:56:37.604+0000] {processor.py:179} INFO - Processing /home/airflow/.local/lib/python3.8/site-packages/airflow/example_dags/example_branch_operator.py took 0.318 seconds
[2023-10-19T11:57:12.828+0000] {processor.py:157} INFO - Started process (PID=480) to work on /home/airflow/.local/lib/python3.8/site-packages/airflow/example_dags/example_branch_operator.py
[2023-10-19T11:57:12.830+0000] {processor.py:829} INFO - Processing file /home/airflow/.local/lib/python3.8/site-packages/airflow/example_dags/example_branch_operator.py for tasks to queue
[2023-10-19T11:57:12.834+0000] {logging_mixin.py:151} INFO - [2023-10-19T11:57:12.834+0000] {dagbag.py:539} INFO - Filling up the DagBag from /home/airflow/.local/lib/python3.8/site-packages/airflow/example_dags/example_branch_operator.py
[2023-10-19T11:57:12.859+0000] {processor.py:839} INFO - DAG(s) dict_keys(['example_branch_operator']) retrieved from /home/airflow/.local/lib/python3.8/site-packages/airflow/example_dags/example_branch_operator.py
[2023-10-19T11:57:12.912+0000] {logging_mixin.py:151} INFO - [2023-10-19T11:57:12.912+0000] {dag.py:2915} INFO - Sync 1 DAGs
[2023-10-19T11:57:12.993+0000] {logging_mixin.py:151} INFO - [2023-10-19T11:57:12.993+0000] {dag.py:3696} INFO - Setting next_dagrun for example_branch_operator to 2023-10-18T00:00:00+00:00, run_after=2023-10-19T00:00:00+00:00
[2023-10-19T11:57:13.047+0000] {processor.py:179} INFO - Processing /home/airflow/.local/lib/python3.8/site-packages/airflow/example_dags/example_branch_operator.py took 0.228 seconds
[2023-10-19T11:57:43.119+0000] {processor.py:157} INFO - Started process (PID=534) to work on /home/airflow/.local/lib/python3.8/site-packages/airflow/example_dags/example_branch_operator.py
[2023-10-19T11:57:43.122+0000] {processor.py:829} INFO - Processing file /home/airflow/.local/lib/python3.8/site-packages/airflow/example_dags/example_branch_operator.py for tasks to queue
[2023-10-19T11:57:43.126+0000] {logging_mixin.py:151} INFO - [2023-10-19T11:57:43.126+0000] {dagbag.py:539} INFO - Filling up the DagBag from /home/airflow/.local/lib/python3.8/site-packages/airflow/example_dags/example_branch_operator.py
[2023-10-19T11:57:43.157+0000] {processor.py:839} INFO - DAG(s) dict_keys(['example_branch_operator']) retrieved from /home/airflow/.local/lib/python3.8/site-packages/airflow/example_dags/example_branch_operator.py
[2023-10-19T11:57:43.215+0000] {logging_mixin.py:151} INFO - [2023-10-19T11:57:43.215+0000] {dag.py:2915} INFO - Sync 1 DAGs
[2023-10-19T11:57:43.285+0000] {logging_mixin.py:151} INFO - [2023-10-19T11:57:43.285+0000] {dag.py:3696} INFO - Setting next_dagrun for example_branch_operator to 2023-10-18T00:00:00+00:00, run_after=2023-10-19T00:00:00+00:00
[2023-10-19T11:57:43.328+0000] {processor.py:179} INFO - Processing /home/airflow/.local/lib/python3.8/site-packages/airflow/example_dags/example_branch_operator.py took 0.219 seconds
[2023-10-19T11:58:19.505+0000] {processor.py:157} INFO - Started process (PID=577) to work on /home/airflow/.local/lib/python3.8/site-packages/airflow/example_dags/example_branch_operator.py
[2023-10-19T11:58:19.509+0000] {processor.py:829} INFO - Processing file /home/airflow/.local/lib/python3.8/site-packages/airflow/example_dags/example_branch_operator.py for tasks to queue
[2023-10-19T11:58:19.528+0000] {logging_mixin.py:151} INFO - [2023-10-19T11:58:19.528+0000] {dagbag.py:539} INFO - Filling up the DagBag from /home/airflow/.local/lib/python3.8/site-packages/airflow/example_dags/example_branch_operator.py
[2023-10-19T11:58:19.576+0000] {processor.py:839} INFO - DAG(s) dict_keys(['example_branch_operator']) retrieved from /home/airflow/.local/lib/python3.8/site-packages/airflow/example_dags/example_branch_operator.py
[2023-10-19T11:58:19.732+0000] {logging_mixin.py:151} INFO - [2023-10-19T11:58:19.732+0000] {dag.py:2915} INFO - Sync 1 DAGs
[2023-10-19T11:58:19.904+0000] {logging_mixin.py:151} INFO - [2023-10-19T11:58:19.904+0000] {dag.py:3696} INFO - Setting next_dagrun for example_branch_operator to 2023-10-18T00:00:00+00:00, run_after=2023-10-19T00:00:00+00:00
[2023-10-19T11:58:20.331+0000] {processor.py:179} INFO - Processing /home/airflow/.local/lib/python3.8/site-packages/airflow/example_dags/example_branch_operator.py took 0.837 seconds
