[2023-10-19T11:52:28.477+0000] {processor.py:157} INFO - Started process (PID=64) to work on /home/airflow/.local/lib/python3.8/site-packages/airflow/example_dags/example_kubernetes_executor.py
[2023-10-19T11:52:28.480+0000] {processor.py:829} INFO - Processing file /home/airflow/.local/lib/python3.8/site-packages/airflow/example_dags/example_kubernetes_executor.py for tasks to queue
[2023-10-19T11:52:28.491+0000] {logging_mixin.py:151} INFO - [2023-10-19T11:52:28.490+0000] {dagbag.py:539} INFO - Filling up the DagBag from /home/airflow/.local/lib/python3.8/site-packages/airflow/example_dags/example_kubernetes_executor.py
[2023-10-19T11:52:36.260+0000] {processor.py:839} INFO - DAG(s) dict_keys(['example_kubernetes_executor']) retrieved from /home/airflow/.local/lib/python3.8/site-packages/airflow/example_dags/example_kubernetes_executor.py
[2023-10-19T11:52:36.579+0000] {logging_mixin.py:151} INFO - [2023-10-19T11:52:36.578+0000] {dag.py:2915} INFO - Sync 1 DAGs
[2023-10-19T11:52:36.659+0000] {logging_mixin.py:151} INFO - [2023-10-19T11:52:36.658+0000] {dag.py:3696} INFO - Setting next_dagrun for example_kubernetes_executor to None, run_after=None
[2023-10-19T11:52:36.806+0000] {processor.py:179} INFO - Processing /home/airflow/.local/lib/python3.8/site-packages/airflow/example_dags/example_kubernetes_executor.py took 8.346 seconds
[2023-10-19T11:53:17.526+0000] {processor.py:157} INFO - Started process (PID=120) to work on /home/airflow/.local/lib/python3.8/site-packages/airflow/example_dags/example_kubernetes_executor.py
[2023-10-19T11:53:17.533+0000] {processor.py:829} INFO - Processing file /home/airflow/.local/lib/python3.8/site-packages/airflow/example_dags/example_kubernetes_executor.py for tasks to queue
[2023-10-19T11:53:17.539+0000] {logging_mixin.py:151} INFO - [2023-10-19T11:53:17.539+0000] {dagbag.py:539} INFO - Filling up the DagBag from /home/airflow/.local/lib/python3.8/site-packages/airflow/example_dags/example_kubernetes_executor.py
[2023-10-19T11:53:19.133+0000] {processor.py:839} INFO - DAG(s) dict_keys(['example_kubernetes_executor']) retrieved from /home/airflow/.local/lib/python3.8/site-packages/airflow/example_dags/example_kubernetes_executor.py
[2023-10-19T11:53:19.379+0000] {logging_mixin.py:151} INFO - [2023-10-19T11:53:19.374+0000] {dag.py:2915} INFO - Sync 1 DAGs
[2023-10-19T11:53:19.616+0000] {logging_mixin.py:151} INFO - [2023-10-19T11:53:19.616+0000] {dag.py:3696} INFO - Setting next_dagrun for example_kubernetes_executor to None, run_after=None
[2023-10-19T11:53:19.736+0000] {processor.py:179} INFO - Processing /home/airflow/.local/lib/python3.8/site-packages/airflow/example_dags/example_kubernetes_executor.py took 2.220 seconds
[2023-10-19T11:53:54.525+0000] {processor.py:157} INFO - Started process (PID=169) to work on /home/airflow/.local/lib/python3.8/site-packages/airflow/example_dags/example_kubernetes_executor.py
[2023-10-19T11:53:54.528+0000] {processor.py:829} INFO - Processing file /home/airflow/.local/lib/python3.8/site-packages/airflow/example_dags/example_kubernetes_executor.py for tasks to queue
[2023-10-19T11:53:54.533+0000] {logging_mixin.py:151} INFO - [2023-10-19T11:53:54.532+0000] {dagbag.py:539} INFO - Filling up the DagBag from /home/airflow/.local/lib/python3.8/site-packages/airflow/example_dags/example_kubernetes_executor.py
[2023-10-19T11:53:56.128+0000] {processor.py:839} INFO - DAG(s) dict_keys(['example_kubernetes_executor']) retrieved from /home/airflow/.local/lib/python3.8/site-packages/airflow/example_dags/example_kubernetes_executor.py
[2023-10-19T11:53:56.307+0000] {logging_mixin.py:151} INFO - [2023-10-19T11:53:56.305+0000] {dag.py:2915} INFO - Sync 1 DAGs
[2023-10-19T11:53:56.428+0000] {logging_mixin.py:151} INFO - [2023-10-19T11:53:56.428+0000] {dag.py:3696} INFO - Setting next_dagrun for example_kubernetes_executor to None, run_after=None
[2023-10-19T11:53:56.532+0000] {processor.py:179} INFO - Processing /home/airflow/.local/lib/python3.8/site-packages/airflow/example_dags/example_kubernetes_executor.py took 2.029 seconds
[2023-10-19T11:54:28.288+0000] {processor.py:157} INFO - Started process (PID=228) to work on /home/airflow/.local/lib/python3.8/site-packages/airflow/example_dags/example_kubernetes_executor.py
[2023-10-19T11:54:28.290+0000] {processor.py:829} INFO - Processing file /home/airflow/.local/lib/python3.8/site-packages/airflow/example_dags/example_kubernetes_executor.py for tasks to queue
[2023-10-19T11:54:28.295+0000] {logging_mixin.py:151} INFO - [2023-10-19T11:54:28.294+0000] {dagbag.py:539} INFO - Filling up the DagBag from /home/airflow/.local/lib/python3.8/site-packages/airflow/example_dags/example_kubernetes_executor.py
[2023-10-19T11:54:29.814+0000] {processor.py:839} INFO - DAG(s) dict_keys(['example_kubernetes_executor']) retrieved from /home/airflow/.local/lib/python3.8/site-packages/airflow/example_dags/example_kubernetes_executor.py
[2023-10-19T11:54:29.960+0000] {logging_mixin.py:151} INFO - [2023-10-19T11:54:29.957+0000] {dag.py:2915} INFO - Sync 1 DAGs
[2023-10-19T11:54:30.044+0000] {logging_mixin.py:151} INFO - [2023-10-19T11:54:30.043+0000] {dag.py:3696} INFO - Setting next_dagrun for example_kubernetes_executor to None, run_after=None
[2023-10-19T11:54:30.162+0000] {processor.py:179} INFO - Processing /home/airflow/.local/lib/python3.8/site-packages/airflow/example_dags/example_kubernetes_executor.py took 1.887 seconds
[2023-10-19T11:55:05.948+0000] {processor.py:157} INFO - Started process (PID=283) to work on /home/airflow/.local/lib/python3.8/site-packages/airflow/example_dags/example_kubernetes_executor.py
[2023-10-19T11:55:05.952+0000] {processor.py:829} INFO - Processing file /home/airflow/.local/lib/python3.8/site-packages/airflow/example_dags/example_kubernetes_executor.py for tasks to queue
[2023-10-19T11:55:05.966+0000] {logging_mixin.py:151} INFO - [2023-10-19T11:55:05.965+0000] {dagbag.py:539} INFO - Filling up the DagBag from /home/airflow/.local/lib/python3.8/site-packages/airflow/example_dags/example_kubernetes_executor.py
[2023-10-19T11:55:07.549+0000] {processor.py:839} INFO - DAG(s) dict_keys(['example_kubernetes_executor']) retrieved from /home/airflow/.local/lib/python3.8/site-packages/airflow/example_dags/example_kubernetes_executor.py
[2023-10-19T11:55:07.675+0000] {logging_mixin.py:151} INFO - [2023-10-19T11:55:07.673+0000] {dag.py:2915} INFO - Sync 1 DAGs
[2023-10-19T11:55:07.730+0000] {logging_mixin.py:151} INFO - [2023-10-19T11:55:07.729+0000] {dag.py:3696} INFO - Setting next_dagrun for example_kubernetes_executor to None, run_after=None
[2023-10-19T11:55:07.793+0000] {processor.py:179} INFO - Processing /home/airflow/.local/lib/python3.8/site-packages/airflow/example_dags/example_kubernetes_executor.py took 1.853 seconds
[2023-10-19T11:55:40.109+0000] {processor.py:157} INFO - Started process (PID=337) to work on /home/airflow/.local/lib/python3.8/site-packages/airflow/example_dags/example_kubernetes_executor.py
[2023-10-19T11:55:40.111+0000] {processor.py:829} INFO - Processing file /home/airflow/.local/lib/python3.8/site-packages/airflow/example_dags/example_kubernetes_executor.py for tasks to queue
[2023-10-19T11:55:40.119+0000] {logging_mixin.py:151} INFO - [2023-10-19T11:55:40.119+0000] {dagbag.py:539} INFO - Filling up the DagBag from /home/airflow/.local/lib/python3.8/site-packages/airflow/example_dags/example_kubernetes_executor.py
[2023-10-19T11:55:42.526+0000] {processor.py:839} INFO - DAG(s) dict_keys(['example_kubernetes_executor']) retrieved from /home/airflow/.local/lib/python3.8/site-packages/airflow/example_dags/example_kubernetes_executor.py
[2023-10-19T11:55:43.171+0000] {logging_mixin.py:151} INFO - [2023-10-19T11:55:43.168+0000] {dag.py:2915} INFO - Sync 1 DAGs
[2023-10-19T11:55:43.365+0000] {logging_mixin.py:151} INFO - [2023-10-19T11:55:43.365+0000] {dag.py:3696} INFO - Setting next_dagrun for example_kubernetes_executor to None, run_after=None
[2023-10-19T11:55:44.184+0000] {processor.py:179} INFO - Processing /home/airflow/.local/lib/python3.8/site-packages/airflow/example_dags/example_kubernetes_executor.py took 4.087 seconds
[2023-10-19T11:56:17.257+0000] {processor.py:157} INFO - Started process (PID=391) to work on /home/airflow/.local/lib/python3.8/site-packages/airflow/example_dags/example_kubernetes_executor.py
[2023-10-19T11:56:17.265+0000] {processor.py:829} INFO - Processing file /home/airflow/.local/lib/python3.8/site-packages/airflow/example_dags/example_kubernetes_executor.py for tasks to queue
[2023-10-19T11:56:17.279+0000] {logging_mixin.py:151} INFO - [2023-10-19T11:56:17.277+0000] {dagbag.py:539} INFO - Filling up the DagBag from /home/airflow/.local/lib/python3.8/site-packages/airflow/example_dags/example_kubernetes_executor.py
[2023-10-19T11:56:20.574+0000] {processor.py:839} INFO - DAG(s) dict_keys(['example_kubernetes_executor']) retrieved from /home/airflow/.local/lib/python3.8/site-packages/airflow/example_dags/example_kubernetes_executor.py
[2023-10-19T11:56:20.985+0000] {logging_mixin.py:151} INFO - [2023-10-19T11:56:20.984+0000] {dag.py:2915} INFO - Sync 1 DAGs
[2023-10-19T11:56:21.212+0000] {logging_mixin.py:151} INFO - [2023-10-19T11:56:21.210+0000] {dag.py:3696} INFO - Setting next_dagrun for example_kubernetes_executor to None, run_after=None
[2023-10-19T11:56:21.635+0000] {processor.py:179} INFO - Processing /home/airflow/.local/lib/python3.8/site-packages/airflow/example_dags/example_kubernetes_executor.py took 4.413 seconds
[2023-10-19T11:56:52.252+0000] {processor.py:157} INFO - Started process (PID=444) to work on /home/airflow/.local/lib/python3.8/site-packages/airflow/example_dags/example_kubernetes_executor.py
[2023-10-19T11:56:52.266+0000] {processor.py:829} INFO - Processing file /home/airflow/.local/lib/python3.8/site-packages/airflow/example_dags/example_kubernetes_executor.py for tasks to queue
[2023-10-19T11:56:52.272+0000] {logging_mixin.py:151} INFO - [2023-10-19T11:56:52.271+0000] {dagbag.py:539} INFO - Filling up the DagBag from /home/airflow/.local/lib/python3.8/site-packages/airflow/example_dags/example_kubernetes_executor.py
[2023-10-19T11:56:56.650+0000] {processor.py:839} INFO - DAG(s) dict_keys(['example_kubernetes_executor']) retrieved from /home/airflow/.local/lib/python3.8/site-packages/airflow/example_dags/example_kubernetes_executor.py
[2023-10-19T11:56:57.270+0000] {logging_mixin.py:151} INFO - [2023-10-19T11:56:57.269+0000] {dag.py:2915} INFO - Sync 1 DAGs
[2023-10-19T11:56:57.456+0000] {logging_mixin.py:151} INFO - [2023-10-19T11:56:57.456+0000] {dag.py:3696} INFO - Setting next_dagrun for example_kubernetes_executor to None, run_after=None
[2023-10-19T11:56:57.769+0000] {processor.py:179} INFO - Processing /home/airflow/.local/lib/python3.8/site-packages/airflow/example_dags/example_kubernetes_executor.py took 5.579 seconds
[2023-10-19T11:57:28.522+0000] {processor.py:157} INFO - Started process (PID=498) to work on /home/airflow/.local/lib/python3.8/site-packages/airflow/example_dags/example_kubernetes_executor.py
[2023-10-19T11:57:28.523+0000] {processor.py:829} INFO - Processing file /home/airflow/.local/lib/python3.8/site-packages/airflow/example_dags/example_kubernetes_executor.py for tasks to queue
[2023-10-19T11:57:28.527+0000] {logging_mixin.py:151} INFO - [2023-10-19T11:57:28.526+0000] {dagbag.py:539} INFO - Filling up the DagBag from /home/airflow/.local/lib/python3.8/site-packages/airflow/example_dags/example_kubernetes_executor.py
[2023-10-19T11:57:29.689+0000] {processor.py:839} INFO - DAG(s) dict_keys(['example_kubernetes_executor']) retrieved from /home/airflow/.local/lib/python3.8/site-packages/airflow/example_dags/example_kubernetes_executor.py
[2023-10-19T11:57:29.807+0000] {logging_mixin.py:151} INFO - [2023-10-19T11:57:29.803+0000] {dag.py:2915} INFO - Sync 1 DAGs
[2023-10-19T11:57:29.858+0000] {logging_mixin.py:151} INFO - [2023-10-19T11:57:29.857+0000] {dag.py:3696} INFO - Setting next_dagrun for example_kubernetes_executor to None, run_after=None
[2023-10-19T11:57:29.921+0000] {processor.py:179} INFO - Processing /home/airflow/.local/lib/python3.8/site-packages/airflow/example_dags/example_kubernetes_executor.py took 1.406 seconds
[2023-10-19T11:58:00.055+0000] {processor.py:157} INFO - Started process (PID=552) to work on /home/airflow/.local/lib/python3.8/site-packages/airflow/example_dags/example_kubernetes_executor.py
[2023-10-19T11:58:00.071+0000] {processor.py:829} INFO - Processing file /home/airflow/.local/lib/python3.8/site-packages/airflow/example_dags/example_kubernetes_executor.py for tasks to queue
[2023-10-19T11:58:00.083+0000] {logging_mixin.py:151} INFO - [2023-10-19T11:58:00.076+0000] {dagbag.py:539} INFO - Filling up the DagBag from /home/airflow/.local/lib/python3.8/site-packages/airflow/example_dags/example_kubernetes_executor.py
[2023-10-19T11:58:02.394+0000] {processor.py:839} INFO - DAG(s) dict_keys(['example_kubernetes_executor']) retrieved from /home/airflow/.local/lib/python3.8/site-packages/airflow/example_dags/example_kubernetes_executor.py
[2023-10-19T11:58:02.630+0000] {logging_mixin.py:151} INFO - [2023-10-19T11:58:02.629+0000] {dag.py:2915} INFO - Sync 1 DAGs
[2023-10-19T11:58:02.692+0000] {logging_mixin.py:151} INFO - [2023-10-19T11:58:02.692+0000] {dag.py:3696} INFO - Setting next_dagrun for example_kubernetes_executor to None, run_after=None
[2023-10-19T11:58:02.756+0000] {processor.py:179} INFO - Processing /home/airflow/.local/lib/python3.8/site-packages/airflow/example_dags/example_kubernetes_executor.py took 2.719 seconds
