[2023-10-19T11:52:21.850+0000] {processor.py:157} INFO - Started process (PID=47) to work on /home/airflow/.local/lib/python3.8/site-packages/airflow/example_dags/example_branch_labels.py
[2023-10-19T11:52:21.852+0000] {processor.py:829} INFO - Processing file /home/airflow/.local/lib/python3.8/site-packages/airflow/example_dags/example_branch_labels.py for tasks to queue
[2023-10-19T11:52:21.873+0000] {logging_mixin.py:151} INFO - [2023-10-19T11:52:21.873+0000] {dagbag.py:539} INFO - Filling up the DagBag from /home/airflow/.local/lib/python3.8/site-packages/airflow/example_dags/example_branch_labels.py
[2023-10-19T11:52:22.102+0000] {processor.py:839} INFO - DAG(s) dict_keys(['example_branch_labels']) retrieved from /home/airflow/.local/lib/python3.8/site-packages/airflow/example_dags/example_branch_labels.py
[2023-10-19T11:52:22.561+0000] {logging_mixin.py:151} INFO - [2023-10-19T11:52:22.559+0000] {dag.py:2915} INFO - Sync 1 DAGs
[2023-10-19T11:52:22.770+0000] {logging_mixin.py:151} INFO - [2023-10-19T11:52:22.770+0000] {dag.py:3696} INFO - Setting next_dagrun for example_branch_labels to 2023-10-18T00:00:00+00:00, run_after=2023-10-19T00:00:00+00:00
[2023-10-19T11:52:23.101+0000] {processor.py:179} INFO - Processing /home/airflow/.local/lib/python3.8/site-packages/airflow/example_dags/example_branch_labels.py took 1.339 seconds
[2023-10-19T11:53:11.795+0000] {processor.py:157} INFO - Started process (PID=108) to work on /home/airflow/.local/lib/python3.8/site-packages/airflow/example_dags/example_branch_labels.py
[2023-10-19T11:53:11.799+0000] {processor.py:829} INFO - Processing file /home/airflow/.local/lib/python3.8/site-packages/airflow/example_dags/example_branch_labels.py for tasks to queue
[2023-10-19T11:53:11.806+0000] {logging_mixin.py:151} INFO - [2023-10-19T11:53:11.805+0000] {dagbag.py:539} INFO - Filling up the DagBag from /home/airflow/.local/lib/python3.8/site-packages/airflow/example_dags/example_branch_labels.py
[2023-10-19T11:53:11.855+0000] {processor.py:839} INFO - DAG(s) dict_keys(['example_branch_labels']) retrieved from /home/airflow/.local/lib/python3.8/site-packages/airflow/example_dags/example_branch_labels.py
[2023-10-19T11:53:12.041+0000] {logging_mixin.py:151} INFO - [2023-10-19T11:53:12.041+0000] {dag.py:2915} INFO - Sync 1 DAGs
[2023-10-19T11:53:12.249+0000] {logging_mixin.py:151} INFO - [2023-10-19T11:53:12.249+0000] {dag.py:3696} INFO - Setting next_dagrun for example_branch_labels to 2023-10-18T00:00:00+00:00, run_after=2023-10-19T00:00:00+00:00
[2023-10-19T11:53:12.347+0000] {processor.py:179} INFO - Processing /home/airflow/.local/lib/python3.8/site-packages/airflow/example_dags/example_branch_labels.py took 0.561 seconds
[2023-10-19T11:53:46.266+0000] {processor.py:157} INFO - Started process (PID=159) to work on /home/airflow/.local/lib/python3.8/site-packages/airflow/example_dags/example_branch_labels.py
[2023-10-19T11:53:46.272+0000] {processor.py:829} INFO - Processing file /home/airflow/.local/lib/python3.8/site-packages/airflow/example_dags/example_branch_labels.py for tasks to queue
[2023-10-19T11:53:46.297+0000] {logging_mixin.py:151} INFO - [2023-10-19T11:53:46.297+0000] {dagbag.py:539} INFO - Filling up the DagBag from /home/airflow/.local/lib/python3.8/site-packages/airflow/example_dags/example_branch_labels.py
[2023-10-19T11:53:46.403+0000] {processor.py:839} INFO - DAG(s) dict_keys(['example_branch_labels']) retrieved from /home/airflow/.local/lib/python3.8/site-packages/airflow/example_dags/example_branch_labels.py
[2023-10-19T11:53:47.162+0000] {logging_mixin.py:151} INFO - [2023-10-19T11:53:47.161+0000] {dag.py:2915} INFO - Sync 1 DAGs
[2023-10-19T11:53:47.536+0000] {logging_mixin.py:151} INFO - [2023-10-19T11:53:47.536+0000] {dag.py:3696} INFO - Setting next_dagrun for example_branch_labels to 2023-10-18T00:00:00+00:00, run_after=2023-10-19T00:00:00+00:00
[2023-10-19T11:53:47.726+0000] {processor.py:179} INFO - Processing /home/airflow/.local/lib/python3.8/site-packages/airflow/example_dags/example_branch_labels.py took 1.496 seconds
[2023-10-19T11:54:19.601+0000] {processor.py:157} INFO - Started process (PID=212) to work on /home/airflow/.local/lib/python3.8/site-packages/airflow/example_dags/example_branch_labels.py
[2023-10-19T11:54:19.609+0000] {processor.py:829} INFO - Processing file /home/airflow/.local/lib/python3.8/site-packages/airflow/example_dags/example_branch_labels.py for tasks to queue
[2023-10-19T11:54:19.650+0000] {logging_mixin.py:151} INFO - [2023-10-19T11:54:19.650+0000] {dagbag.py:539} INFO - Filling up the DagBag from /home/airflow/.local/lib/python3.8/site-packages/airflow/example_dags/example_branch_labels.py
[2023-10-19T11:54:20.437+0000] {processor.py:839} INFO - DAG(s) dict_keys(['example_branch_labels']) retrieved from /home/airflow/.local/lib/python3.8/site-packages/airflow/example_dags/example_branch_labels.py
[2023-10-19T11:54:20.872+0000] {logging_mixin.py:151} INFO - [2023-10-19T11:54:20.871+0000] {dag.py:2915} INFO - Sync 1 DAGs
[2023-10-19T11:54:21.295+0000] {logging_mixin.py:151} INFO - [2023-10-19T11:54:21.295+0000] {dag.py:3696} INFO - Setting next_dagrun for example_branch_labels to 2023-10-18T00:00:00+00:00, run_after=2023-10-19T00:00:00+00:00
[2023-10-19T11:54:21.607+0000] {processor.py:179} INFO - Processing /home/airflow/.local/lib/python3.8/site-packages/airflow/example_dags/example_branch_labels.py took 2.223 seconds
[2023-10-19T11:54:52.506+0000] {processor.py:157} INFO - Started process (PID=265) to work on /home/airflow/.local/lib/python3.8/site-packages/airflow/example_dags/example_branch_labels.py
[2023-10-19T11:54:52.523+0000] {processor.py:829} INFO - Processing file /home/airflow/.local/lib/python3.8/site-packages/airflow/example_dags/example_branch_labels.py for tasks to queue
[2023-10-19T11:54:52.542+0000] {logging_mixin.py:151} INFO - [2023-10-19T11:54:52.537+0000] {dagbag.py:539} INFO - Filling up the DagBag from /home/airflow/.local/lib/python3.8/site-packages/airflow/example_dags/example_branch_labels.py
[2023-10-19T11:54:52.676+0000] {processor.py:839} INFO - DAG(s) dict_keys(['example_branch_labels']) retrieved from /home/airflow/.local/lib/python3.8/site-packages/airflow/example_dags/example_branch_labels.py
[2023-10-19T11:54:52.875+0000] {logging_mixin.py:151} INFO - [2023-10-19T11:54:52.874+0000] {dag.py:2915} INFO - Sync 1 DAGs
[2023-10-19T11:54:53.050+0000] {logging_mixin.py:151} INFO - [2023-10-19T11:54:53.050+0000] {dag.py:3696} INFO - Setting next_dagrun for example_branch_labels to 2023-10-18T00:00:00+00:00, run_after=2023-10-19T00:00:00+00:00
[2023-10-19T11:54:53.124+0000] {processor.py:179} INFO - Processing /home/airflow/.local/lib/python3.8/site-packages/airflow/example_dags/example_branch_labels.py took 0.655 seconds
[2023-10-19T11:55:23.175+0000] {processor.py:157} INFO - Started process (PID=318) to work on /home/airflow/.local/lib/python3.8/site-packages/airflow/example_dags/example_branch_labels.py
[2023-10-19T11:55:23.177+0000] {processor.py:829} INFO - Processing file /home/airflow/.local/lib/python3.8/site-packages/airflow/example_dags/example_branch_labels.py for tasks to queue
[2023-10-19T11:55:23.185+0000] {logging_mixin.py:151} INFO - [2023-10-19T11:55:23.184+0000] {dagbag.py:539} INFO - Filling up the DagBag from /home/airflow/.local/lib/python3.8/site-packages/airflow/example_dags/example_branch_labels.py
[2023-10-19T11:55:23.219+0000] {processor.py:839} INFO - DAG(s) dict_keys(['example_branch_labels']) retrieved from /home/airflow/.local/lib/python3.8/site-packages/airflow/example_dags/example_branch_labels.py
[2023-10-19T11:55:23.293+0000] {logging_mixin.py:151} INFO - [2023-10-19T11:55:23.293+0000] {dag.py:2915} INFO - Sync 1 DAGs
[2023-10-19T11:55:23.383+0000] {logging_mixin.py:151} INFO - [2023-10-19T11:55:23.383+0000] {dag.py:3696} INFO - Setting next_dagrun for example_branch_labels to 2023-10-18T00:00:00+00:00, run_after=2023-10-19T00:00:00+00:00
[2023-10-19T11:55:23.457+0000] {processor.py:179} INFO - Processing /home/airflow/.local/lib/python3.8/site-packages/airflow/example_dags/example_branch_labels.py took 0.290 seconds
[2023-10-19T11:56:00.527+0000] {processor.py:157} INFO - Started process (PID=372) to work on /home/airflow/.local/lib/python3.8/site-packages/airflow/example_dags/example_branch_labels.py
[2023-10-19T11:56:00.546+0000] {processor.py:829} INFO - Processing file /home/airflow/.local/lib/python3.8/site-packages/airflow/example_dags/example_branch_labels.py for tasks to queue
[2023-10-19T11:56:00.585+0000] {logging_mixin.py:151} INFO - [2023-10-19T11:56:00.584+0000] {dagbag.py:539} INFO - Filling up the DagBag from /home/airflow/.local/lib/python3.8/site-packages/airflow/example_dags/example_branch_labels.py
[2023-10-19T11:56:00.656+0000] {processor.py:839} INFO - DAG(s) dict_keys(['example_branch_labels']) retrieved from /home/airflow/.local/lib/python3.8/site-packages/airflow/example_dags/example_branch_labels.py
[2023-10-19T11:56:01.069+0000] {logging_mixin.py:151} INFO - [2023-10-19T11:56:01.069+0000] {dag.py:2915} INFO - Sync 1 DAGs
[2023-10-19T11:56:01.296+0000] {logging_mixin.py:151} INFO - [2023-10-19T11:56:01.295+0000] {dag.py:3696} INFO - Setting next_dagrun for example_branch_labels to 2023-10-18T00:00:00+00:00, run_after=2023-10-19T00:00:00+00:00
[2023-10-19T11:56:01.513+0000] {processor.py:179} INFO - Processing /home/airflow/.local/lib/python3.8/site-packages/airflow/example_dags/example_branch_labels.py took 1.048 seconds
[2023-10-19T11:56:37.074+0000] {processor.py:157} INFO - Started process (PID=430) to work on /home/airflow/.local/lib/python3.8/site-packages/airflow/example_dags/example_branch_labels.py
[2023-10-19T11:56:37.077+0000] {processor.py:829} INFO - Processing file /home/airflow/.local/lib/python3.8/site-packages/airflow/example_dags/example_branch_labels.py for tasks to queue
[2023-10-19T11:56:37.085+0000] {logging_mixin.py:151} INFO - [2023-10-19T11:56:37.084+0000] {dagbag.py:539} INFO - Filling up the DagBag from /home/airflow/.local/lib/python3.8/site-packages/airflow/example_dags/example_branch_labels.py
[2023-10-19T11:56:37.107+0000] {processor.py:839} INFO - DAG(s) dict_keys(['example_branch_labels']) retrieved from /home/airflow/.local/lib/python3.8/site-packages/airflow/example_dags/example_branch_labels.py
[2023-10-19T11:56:37.161+0000] {logging_mixin.py:151} INFO - [2023-10-19T11:56:37.160+0000] {dag.py:2915} INFO - Sync 1 DAGs
[2023-10-19T11:56:37.235+0000] {logging_mixin.py:151} INFO - [2023-10-19T11:56:37.234+0000] {dag.py:3696} INFO - Setting next_dagrun for example_branch_labels to 2023-10-18T00:00:00+00:00, run_after=2023-10-19T00:00:00+00:00
[2023-10-19T11:56:37.346+0000] {processor.py:179} INFO - Processing /home/airflow/.local/lib/python3.8/site-packages/airflow/example_dags/example_branch_labels.py took 0.280 seconds
[2023-10-19T11:57:12.709+0000] {processor.py:157} INFO - Started process (PID=479) to work on /home/airflow/.local/lib/python3.8/site-packages/airflow/example_dags/example_branch_labels.py
[2023-10-19T11:57:12.711+0000] {processor.py:829} INFO - Processing file /home/airflow/.local/lib/python3.8/site-packages/airflow/example_dags/example_branch_labels.py for tasks to queue
[2023-10-19T11:57:12.715+0000] {logging_mixin.py:151} INFO - [2023-10-19T11:57:12.714+0000] {dagbag.py:539} INFO - Filling up the DagBag from /home/airflow/.local/lib/python3.8/site-packages/airflow/example_dags/example_branch_labels.py
[2023-10-19T11:57:12.735+0000] {processor.py:839} INFO - DAG(s) dict_keys(['example_branch_labels']) retrieved from /home/airflow/.local/lib/python3.8/site-packages/airflow/example_dags/example_branch_labels.py
[2023-10-19T11:57:12.811+0000] {logging_mixin.py:151} INFO - [2023-10-19T11:57:12.810+0000] {dag.py:2915} INFO - Sync 1 DAGs
[2023-10-19T11:57:12.884+0000] {logging_mixin.py:151} INFO - [2023-10-19T11:57:12.883+0000] {dag.py:3696} INFO - Setting next_dagrun for example_branch_labels to 2023-10-18T00:00:00+00:00, run_after=2023-10-19T00:00:00+00:00
[2023-10-19T11:57:12.932+0000] {processor.py:179} INFO - Processing /home/airflow/.local/lib/python3.8/site-packages/airflow/example_dags/example_branch_labels.py took 0.231 seconds
[2023-10-19T11:57:43.034+0000] {processor.py:157} INFO - Started process (PID=533) to work on /home/airflow/.local/lib/python3.8/site-packages/airflow/example_dags/example_branch_labels.py
[2023-10-19T11:57:43.037+0000] {processor.py:829} INFO - Processing file /home/airflow/.local/lib/python3.8/site-packages/airflow/example_dags/example_branch_labels.py for tasks to queue
[2023-10-19T11:57:43.046+0000] {logging_mixin.py:151} INFO - [2023-10-19T11:57:43.046+0000] {dagbag.py:539} INFO - Filling up the DagBag from /home/airflow/.local/lib/python3.8/site-packages/airflow/example_dags/example_branch_labels.py
[2023-10-19T11:57:43.070+0000] {processor.py:839} INFO - DAG(s) dict_keys(['example_branch_labels']) retrieved from /home/airflow/.local/lib/python3.8/site-packages/airflow/example_dags/example_branch_labels.py
[2023-10-19T11:57:43.129+0000] {logging_mixin.py:151} INFO - [2023-10-19T11:57:43.128+0000] {dag.py:2915} INFO - Sync 1 DAGs
[2023-10-19T11:57:43.210+0000] {logging_mixin.py:151} INFO - [2023-10-19T11:57:43.209+0000] {dag.py:3696} INFO - Setting next_dagrun for example_branch_labels to 2023-10-18T00:00:00+00:00, run_after=2023-10-19T00:00:00+00:00
[2023-10-19T11:57:43.252+0000] {processor.py:179} INFO - Processing /home/airflow/.local/lib/python3.8/site-packages/airflow/example_dags/example_branch_labels.py took 0.225 seconds
[2023-10-19T11:58:19.068+0000] {processor.py:157} INFO - Started process (PID=576) to work on /home/airflow/.local/lib/python3.8/site-packages/airflow/example_dags/example_branch_labels.py
[2023-10-19T11:58:19.073+0000] {processor.py:829} INFO - Processing file /home/airflow/.local/lib/python3.8/site-packages/airflow/example_dags/example_branch_labels.py for tasks to queue
[2023-10-19T11:58:19.093+0000] {logging_mixin.py:151} INFO - [2023-10-19T11:58:19.092+0000] {dagbag.py:539} INFO - Filling up the DagBag from /home/airflow/.local/lib/python3.8/site-packages/airflow/example_dags/example_branch_labels.py
[2023-10-19T11:58:19.138+0000] {processor.py:839} INFO - DAG(s) dict_keys(['example_branch_labels']) retrieved from /home/airflow/.local/lib/python3.8/site-packages/airflow/example_dags/example_branch_labels.py
[2023-10-19T11:58:19.320+0000] {logging_mixin.py:151} INFO - [2023-10-19T11:58:19.319+0000] {dag.py:2915} INFO - Sync 1 DAGs
[2023-10-19T11:58:19.570+0000] {logging_mixin.py:151} INFO - [2023-10-19T11:58:19.570+0000] {dag.py:3696} INFO - Setting next_dagrun for example_branch_labels to 2023-10-18T00:00:00+00:00, run_after=2023-10-19T00:00:00+00:00
[2023-10-19T11:58:19.728+0000] {processor.py:179} INFO - Processing /home/airflow/.local/lib/python3.8/site-packages/airflow/example_dags/example_branch_labels.py took 0.739 seconds
