[2023-10-19T11:52:52.499+0000] {processor.py:157} INFO - Started process (PID=83) to work on /home/airflow/.local/lib/python3.8/site-packages/airflow/example_dags/example_task_group_decorator.py
[2023-10-19T11:52:52.572+0000] {processor.py:829} INFO - Processing file /home/airflow/.local/lib/python3.8/site-packages/airflow/example_dags/example_task_group_decorator.py for tasks to queue
[2023-10-19T11:52:52.807+0000] {logging_mixin.py:151} INFO - [2023-10-19T11:52:52.806+0000] {dagbag.py:539} INFO - Filling up the DagBag from /home/airflow/.local/lib/python3.8/site-packages/airflow/example_dags/example_task_group_decorator.py
[2023-10-19T11:52:54.340+0000] {processor.py:839} INFO - DAG(s) dict_keys(['example_task_group_decorator']) retrieved from /home/airflow/.local/lib/python3.8/site-packages/airflow/example_dags/example_task_group_decorator.py
[2023-10-19T11:52:54.823+0000] {logging_mixin.py:151} INFO - [2023-10-19T11:52:54.823+0000] {dag.py:2915} INFO - Sync 1 DAGs
[2023-10-19T11:52:55.540+0000] {logging_mixin.py:151} INFO - [2023-10-19T11:52:55.539+0000] {dag.py:3696} INFO - Setting next_dagrun for example_task_group_decorator to 2023-10-18T11:52:55.538607+00:00, run_after=2023-10-19T11:52:55.538607+00:00
[2023-10-19T11:52:55.957+0000] {processor.py:179} INFO - Processing /home/airflow/.local/lib/python3.8/site-packages/airflow/example_dags/example_task_group_decorator.py took 3.525 seconds
[2023-10-19T11:53:32.512+0000] {processor.py:157} INFO - Started process (PID=144) to work on /home/airflow/.local/lib/python3.8/site-packages/airflow/example_dags/example_task_group_decorator.py
[2023-10-19T11:53:32.515+0000] {processor.py:829} INFO - Processing file /home/airflow/.local/lib/python3.8/site-packages/airflow/example_dags/example_task_group_decorator.py for tasks to queue
[2023-10-19T11:53:32.545+0000] {logging_mixin.py:151} INFO - [2023-10-19T11:53:32.544+0000] {dagbag.py:539} INFO - Filling up the DagBag from /home/airflow/.local/lib/python3.8/site-packages/airflow/example_dags/example_task_group_decorator.py
[2023-10-19T11:53:33.090+0000] {processor.py:839} INFO - DAG(s) dict_keys(['example_task_group_decorator']) retrieved from /home/airflow/.local/lib/python3.8/site-packages/airflow/example_dags/example_task_group_decorator.py
[2023-10-19T11:53:33.546+0000] {logging_mixin.py:151} INFO - [2023-10-19T11:53:33.546+0000] {dag.py:2915} INFO - Sync 1 DAGs
[2023-10-19T11:53:34.311+0000] {logging_mixin.py:151} INFO - [2023-10-19T11:53:34.307+0000] {dag.py:3696} INFO - Setting next_dagrun for example_task_group_decorator to 2023-10-18T11:53:34.305177+00:00, run_after=2023-10-19T11:53:34.305177+00:00
[2023-10-19T11:53:35.448+0000] {processor.py:179} INFO - Processing /home/airflow/.local/lib/python3.8/site-packages/airflow/example_dags/example_task_group_decorator.py took 2.947 seconds
[2023-10-19T11:54:05.831+0000] {processor.py:157} INFO - Started process (PID=198) to work on /home/airflow/.local/lib/python3.8/site-packages/airflow/example_dags/example_task_group_decorator.py
[2023-10-19T11:54:05.833+0000] {processor.py:829} INFO - Processing file /home/airflow/.local/lib/python3.8/site-packages/airflow/example_dags/example_task_group_decorator.py for tasks to queue
[2023-10-19T11:54:05.838+0000] {logging_mixin.py:151} INFO - [2023-10-19T11:54:05.837+0000] {dagbag.py:539} INFO - Filling up the DagBag from /home/airflow/.local/lib/python3.8/site-packages/airflow/example_dags/example_task_group_decorator.py
[2023-10-19T11:54:06.042+0000] {processor.py:839} INFO - DAG(s) dict_keys(['example_task_group_decorator']) retrieved from /home/airflow/.local/lib/python3.8/site-packages/airflow/example_dags/example_task_group_decorator.py
[2023-10-19T11:54:06.182+0000] {logging_mixin.py:151} INFO - [2023-10-19T11:54:06.181+0000] {dag.py:2915} INFO - Sync 1 DAGs
[2023-10-19T11:54:06.349+0000] {logging_mixin.py:151} INFO - [2023-10-19T11:54:06.349+0000] {dag.py:3696} INFO - Setting next_dagrun for example_task_group_decorator to 2023-10-18T11:54:06.348795+00:00, run_after=2023-10-19T11:54:06.348795+00:00
[2023-10-19T11:54:06.450+0000] {processor.py:179} INFO - Processing /home/airflow/.local/lib/python3.8/site-packages/airflow/example_dags/example_task_group_decorator.py took 0.626 seconds
[2023-10-19T11:54:36.787+0000] {processor.py:157} INFO - Started process (PID=249) to work on /home/airflow/.local/lib/python3.8/site-packages/airflow/example_dags/example_task_group_decorator.py
[2023-10-19T11:54:36.792+0000] {processor.py:829} INFO - Processing file /home/airflow/.local/lib/python3.8/site-packages/airflow/example_dags/example_task_group_decorator.py for tasks to queue
[2023-10-19T11:54:36.802+0000] {logging_mixin.py:151} INFO - [2023-10-19T11:54:36.801+0000] {dagbag.py:539} INFO - Filling up the DagBag from /home/airflow/.local/lib/python3.8/site-packages/airflow/example_dags/example_task_group_decorator.py
[2023-10-19T11:54:36.871+0000] {processor.py:839} INFO - DAG(s) dict_keys(['example_task_group_decorator']) retrieved from /home/airflow/.local/lib/python3.8/site-packages/airflow/example_dags/example_task_group_decorator.py
[2023-10-19T11:54:36.959+0000] {logging_mixin.py:151} INFO - [2023-10-19T11:54:36.958+0000] {dag.py:2915} INFO - Sync 1 DAGs
[2023-10-19T11:54:37.040+0000] {logging_mixin.py:151} INFO - [2023-10-19T11:54:37.040+0000] {dag.py:3696} INFO - Setting next_dagrun for example_task_group_decorator to 2023-10-18T11:54:37.038199+00:00, run_after=2023-10-19T11:54:37.038199+00:00
[2023-10-19T11:54:37.103+0000] {processor.py:179} INFO - Processing /home/airflow/.local/lib/python3.8/site-packages/airflow/example_dags/example_task_group_decorator.py took 0.328 seconds
[2023-10-19T11:55:12.147+0000] {processor.py:157} INFO - Started process (PID=302) to work on /home/airflow/.local/lib/python3.8/site-packages/airflow/example_dags/example_task_group_decorator.py
[2023-10-19T11:55:12.149+0000] {processor.py:829} INFO - Processing file /home/airflow/.local/lib/python3.8/site-packages/airflow/example_dags/example_task_group_decorator.py for tasks to queue
[2023-10-19T11:55:12.289+0000] {logging_mixin.py:151} INFO - [2023-10-19T11:55:12.288+0000] {dagbag.py:539} INFO - Filling up the DagBag from /home/airflow/.local/lib/python3.8/site-packages/airflow/example_dags/example_task_group_decorator.py
[2023-10-19T11:55:12.389+0000] {processor.py:839} INFO - DAG(s) dict_keys(['example_task_group_decorator']) retrieved from /home/airflow/.local/lib/python3.8/site-packages/airflow/example_dags/example_task_group_decorator.py
[2023-10-19T11:55:12.511+0000] {logging_mixin.py:151} INFO - [2023-10-19T11:55:12.510+0000] {dag.py:2915} INFO - Sync 1 DAGs
[2023-10-19T11:55:12.607+0000] {logging_mixin.py:151} INFO - [2023-10-19T11:55:12.607+0000] {dag.py:3696} INFO - Setting next_dagrun for example_task_group_decorator to 2023-10-18T11:55:12.606505+00:00, run_after=2023-10-19T11:55:12.606505+00:00
[2023-10-19T11:55:12.672+0000] {processor.py:179} INFO - Processing /home/airflow/.local/lib/python3.8/site-packages/airflow/example_dags/example_task_group_decorator.py took 0.536 seconds
[2023-10-19T11:55:55.590+0000] {processor.py:157} INFO - Started process (PID=356) to work on /home/airflow/.local/lib/python3.8/site-packages/airflow/example_dags/example_task_group_decorator.py
[2023-10-19T11:55:55.593+0000] {processor.py:829} INFO - Processing file /home/airflow/.local/lib/python3.8/site-packages/airflow/example_dags/example_task_group_decorator.py for tasks to queue
[2023-10-19T11:55:55.603+0000] {logging_mixin.py:151} INFO - [2023-10-19T11:55:55.602+0000] {dagbag.py:539} INFO - Filling up the DagBag from /home/airflow/.local/lib/python3.8/site-packages/airflow/example_dags/example_task_group_decorator.py
[2023-10-19T11:55:55.720+0000] {processor.py:839} INFO - DAG(s) dict_keys(['example_task_group_decorator']) retrieved from /home/airflow/.local/lib/python3.8/site-packages/airflow/example_dags/example_task_group_decorator.py
[2023-10-19T11:55:55.847+0000] {logging_mixin.py:151} INFO - [2023-10-19T11:55:55.847+0000] {dag.py:2915} INFO - Sync 1 DAGs
[2023-10-19T11:55:55.930+0000] {logging_mixin.py:151} INFO - [2023-10-19T11:55:55.928+0000] {dag.py:3696} INFO - Setting next_dagrun for example_task_group_decorator to 2023-10-18T11:55:55.927515+00:00, run_after=2023-10-19T11:55:55.927515+00:00
[2023-10-19T11:55:56.091+0000] {processor.py:179} INFO - Processing /home/airflow/.local/lib/python3.8/site-packages/airflow/example_dags/example_task_group_decorator.py took 0.545 seconds
[2023-10-19T11:56:34.731+0000] {processor.py:157} INFO - Started process (PID=416) to work on /home/airflow/.local/lib/python3.8/site-packages/airflow/example_dags/example_task_group_decorator.py
[2023-10-19T11:56:34.750+0000] {processor.py:829} INFO - Processing file /home/airflow/.local/lib/python3.8/site-packages/airflow/example_dags/example_task_group_decorator.py for tasks to queue
[2023-10-19T11:56:34.773+0000] {logging_mixin.py:151} INFO - [2023-10-19T11:56:34.772+0000] {dagbag.py:539} INFO - Filling up the DagBag from /home/airflow/.local/lib/python3.8/site-packages/airflow/example_dags/example_task_group_decorator.py
[2023-10-19T11:56:34.882+0000] {processor.py:839} INFO - DAG(s) dict_keys(['example_task_group_decorator']) retrieved from /home/airflow/.local/lib/python3.8/site-packages/airflow/example_dags/example_task_group_decorator.py
[2023-10-19T11:56:35.084+0000] {logging_mixin.py:151} INFO - [2023-10-19T11:56:35.084+0000] {dag.py:2915} INFO - Sync 1 DAGs
[2023-10-19T11:56:35.193+0000] {logging_mixin.py:151} INFO - [2023-10-19T11:56:35.192+0000] {dag.py:3696} INFO - Setting next_dagrun for example_task_group_decorator to 2023-10-18T11:56:35.192444+00:00, run_after=2023-10-19T11:56:35.192444+00:00
[2023-10-19T11:56:35.293+0000] {processor.py:179} INFO - Processing /home/airflow/.local/lib/python3.8/site-packages/airflow/example_dags/example_task_group_decorator.py took 0.640 seconds
[2023-10-19T11:57:10.227+0000] {processor.py:157} INFO - Started process (PID=470) to work on /home/airflow/.local/lib/python3.8/site-packages/airflow/example_dags/example_task_group_decorator.py
[2023-10-19T11:57:10.231+0000] {processor.py:829} INFO - Processing file /home/airflow/.local/lib/python3.8/site-packages/airflow/example_dags/example_task_group_decorator.py for tasks to queue
[2023-10-19T11:57:10.253+0000] {logging_mixin.py:151} INFO - [2023-10-19T11:57:10.252+0000] {dagbag.py:539} INFO - Filling up the DagBag from /home/airflow/.local/lib/python3.8/site-packages/airflow/example_dags/example_task_group_decorator.py
[2023-10-19T11:57:10.396+0000] {processor.py:839} INFO - DAG(s) dict_keys(['example_task_group_decorator']) retrieved from /home/airflow/.local/lib/python3.8/site-packages/airflow/example_dags/example_task_group_decorator.py
[2023-10-19T11:57:10.589+0000] {logging_mixin.py:151} INFO - [2023-10-19T11:57:10.588+0000] {dag.py:2915} INFO - Sync 1 DAGs
[2023-10-19T11:57:10.782+0000] {logging_mixin.py:151} INFO - [2023-10-19T11:57:10.771+0000] {dag.py:3696} INFO - Setting next_dagrun for example_task_group_decorator to 2023-10-18T11:57:10.771082+00:00, run_after=2023-10-19T11:57:10.771082+00:00
[2023-10-19T11:57:10.915+0000] {processor.py:179} INFO - Processing /home/airflow/.local/lib/python3.8/site-packages/airflow/example_dags/example_task_group_decorator.py took 0.701 seconds
[2023-10-19T11:57:41.425+0000] {processor.py:157} INFO - Started process (PID=525) to work on /home/airflow/.local/lib/python3.8/site-packages/airflow/example_dags/example_task_group_decorator.py
[2023-10-19T11:57:41.432+0000] {processor.py:829} INFO - Processing file /home/airflow/.local/lib/python3.8/site-packages/airflow/example_dags/example_task_group_decorator.py for tasks to queue
[2023-10-19T11:57:41.439+0000] {logging_mixin.py:151} INFO - [2023-10-19T11:57:41.438+0000] {dagbag.py:539} INFO - Filling up the DagBag from /home/airflow/.local/lib/python3.8/site-packages/airflow/example_dags/example_task_group_decorator.py
[2023-10-19T11:57:41.498+0000] {processor.py:839} INFO - DAG(s) dict_keys(['example_task_group_decorator']) retrieved from /home/airflow/.local/lib/python3.8/site-packages/airflow/example_dags/example_task_group_decorator.py
[2023-10-19T11:57:41.571+0000] {logging_mixin.py:151} INFO - [2023-10-19T11:57:41.570+0000] {dag.py:2915} INFO - Sync 1 DAGs
[2023-10-19T11:57:41.634+0000] {logging_mixin.py:151} INFO - [2023-10-19T11:57:41.634+0000] {dag.py:3696} INFO - Setting next_dagrun for example_task_group_decorator to 2023-10-18T11:57:41.633728+00:00, run_after=2023-10-19T11:57:41.633728+00:00
[2023-10-19T11:57:41.690+0000] {processor.py:179} INFO - Processing /home/airflow/.local/lib/python3.8/site-packages/airflow/example_dags/example_task_group_decorator.py took 0.294 seconds
