[2023-10-19T11:52:28.384+0000] {processor.py:157} INFO - Started process (PID=63) to work on /home/airflow/.local/lib/python3.8/site-packages/airflow/example_dags/example_external_task_marker_dag.py
[2023-10-19T11:52:28.390+0000] {processor.py:829} INFO - Processing file /home/airflow/.local/lib/python3.8/site-packages/airflow/example_dags/example_external_task_marker_dag.py for tasks to queue
[2023-10-19T11:52:28.415+0000] {logging_mixin.py:151} INFO - [2023-10-19T11:52:28.414+0000] {dagbag.py:539} INFO - Filling up the DagBag from /home/airflow/.local/lib/python3.8/site-packages/airflow/example_dags/example_external_task_marker_dag.py
[2023-10-19T11:52:28.459+0000] {processor.py:839} INFO - DAG(s) dict_keys(['example_external_task_marker_child', 'example_external_task_marker_parent']) retrieved from /home/airflow/.local/lib/python3.8/site-packages/airflow/example_dags/example_external_task_marker_dag.py
[2023-10-19T11:52:28.581+0000] {logging_mixin.py:151} INFO - [2023-10-19T11:52:28.581+0000] {dag.py:2915} INFO - Sync 2 DAGs
[2023-10-19T11:52:28.657+0000] {logging_mixin.py:151} INFO - [2023-10-19T11:52:28.657+0000] {dag.py:3696} INFO - Setting next_dagrun for example_external_task_marker_child to None, run_after=None
[2023-10-19T11:52:28.674+0000] {logging_mixin.py:151} INFO - [2023-10-19T11:52:28.673+0000] {dag.py:3696} INFO - Setting next_dagrun for example_external_task_marker_parent to None, run_after=None
[2023-10-19T11:52:28.778+0000] {processor.py:179} INFO - Processing /home/airflow/.local/lib/python3.8/site-packages/airflow/example_dags/example_external_task_marker_dag.py took 0.404 seconds
[2023-10-19T11:53:17.019+0000] {processor.py:157} INFO - Started process (PID=117) to work on /home/airflow/.local/lib/python3.8/site-packages/airflow/example_dags/example_external_task_marker_dag.py
[2023-10-19T11:53:17.027+0000] {processor.py:829} INFO - Processing file /home/airflow/.local/lib/python3.8/site-packages/airflow/example_dags/example_external_task_marker_dag.py for tasks to queue
[2023-10-19T11:53:17.034+0000] {logging_mixin.py:151} INFO - [2023-10-19T11:53:17.034+0000] {dagbag.py:539} INFO - Filling up the DagBag from /home/airflow/.local/lib/python3.8/site-packages/airflow/example_dags/example_external_task_marker_dag.py
[2023-10-19T11:53:17.058+0000] {processor.py:839} INFO - DAG(s) dict_keys(['example_external_task_marker_parent', 'example_external_task_marker_child']) retrieved from /home/airflow/.local/lib/python3.8/site-packages/airflow/example_dags/example_external_task_marker_dag.py
[2023-10-19T11:53:17.139+0000] {logging_mixin.py:151} INFO - [2023-10-19T11:53:17.138+0000] {dag.py:2915} INFO - Sync 2 DAGs
[2023-10-19T11:53:17.197+0000] {logging_mixin.py:151} INFO - [2023-10-19T11:53:17.197+0000] {dag.py:3696} INFO - Setting next_dagrun for example_external_task_marker_child to None, run_after=None
[2023-10-19T11:53:17.207+0000] {logging_mixin.py:151} INFO - [2023-10-19T11:53:17.206+0000] {dag.py:3696} INFO - Setting next_dagrun for example_external_task_marker_parent to None, run_after=None
[2023-10-19T11:53:17.278+0000] {processor.py:179} INFO - Processing /home/airflow/.local/lib/python3.8/site-packages/airflow/example_dags/example_external_task_marker_dag.py took 0.272 seconds
[2023-10-19T11:53:54.082+0000] {processor.py:157} INFO - Started process (PID=168) to work on /home/airflow/.local/lib/python3.8/site-packages/airflow/example_dags/example_external_task_marker_dag.py
[2023-10-19T11:53:54.097+0000] {processor.py:829} INFO - Processing file /home/airflow/.local/lib/python3.8/site-packages/airflow/example_dags/example_external_task_marker_dag.py for tasks to queue
[2023-10-19T11:53:54.110+0000] {logging_mixin.py:151} INFO - [2023-10-19T11:53:54.108+0000] {dagbag.py:539} INFO - Filling up the DagBag from /home/airflow/.local/lib/python3.8/site-packages/airflow/example_dags/example_external_task_marker_dag.py
[2023-10-19T11:53:54.145+0000] {processor.py:839} INFO - DAG(s) dict_keys(['example_external_task_marker_child', 'example_external_task_marker_parent']) retrieved from /home/airflow/.local/lib/python3.8/site-packages/airflow/example_dags/example_external_task_marker_dag.py
[2023-10-19T11:53:54.268+0000] {logging_mixin.py:151} INFO - [2023-10-19T11:53:54.267+0000] {dag.py:2915} INFO - Sync 2 DAGs
[2023-10-19T11:53:54.350+0000] {logging_mixin.py:151} INFO - [2023-10-19T11:53:54.349+0000] {dag.py:3696} INFO - Setting next_dagrun for example_external_task_marker_child to None, run_after=None
[2023-10-19T11:53:54.372+0000] {logging_mixin.py:151} INFO - [2023-10-19T11:53:54.371+0000] {dag.py:3696} INFO - Setting next_dagrun for example_external_task_marker_parent to None, run_after=None
[2023-10-19T11:53:54.520+0000] {processor.py:179} INFO - Processing /home/airflow/.local/lib/python3.8/site-packages/airflow/example_dags/example_external_task_marker_dag.py took 0.457 seconds
[2023-10-19T11:54:27.637+0000] {processor.py:157} INFO - Started process (PID=227) to work on /home/airflow/.local/lib/python3.8/site-packages/airflow/example_dags/example_external_task_marker_dag.py
[2023-10-19T11:54:27.643+0000] {processor.py:829} INFO - Processing file /home/airflow/.local/lib/python3.8/site-packages/airflow/example_dags/example_external_task_marker_dag.py for tasks to queue
[2023-10-19T11:54:27.664+0000] {logging_mixin.py:151} INFO - [2023-10-19T11:54:27.664+0000] {dagbag.py:539} INFO - Filling up the DagBag from /home/airflow/.local/lib/python3.8/site-packages/airflow/example_dags/example_external_task_marker_dag.py
[2023-10-19T11:54:27.695+0000] {processor.py:839} INFO - DAG(s) dict_keys(['example_external_task_marker_child', 'example_external_task_marker_parent']) retrieved from /home/airflow/.local/lib/python3.8/site-packages/airflow/example_dags/example_external_task_marker_dag.py
[2023-10-19T11:54:27.875+0000] {logging_mixin.py:151} INFO - [2023-10-19T11:54:27.875+0000] {dag.py:2915} INFO - Sync 2 DAGs
[2023-10-19T11:54:28.037+0000] {logging_mixin.py:151} INFO - [2023-10-19T11:54:28.037+0000] {dag.py:3696} INFO - Setting next_dagrun for example_external_task_marker_child to None, run_after=None
[2023-10-19T11:54:28.104+0000] {logging_mixin.py:151} INFO - [2023-10-19T11:54:28.104+0000] {dag.py:3696} INFO - Setting next_dagrun for example_external_task_marker_parent to None, run_after=None
[2023-10-19T11:54:28.244+0000] {processor.py:179} INFO - Processing /home/airflow/.local/lib/python3.8/site-packages/airflow/example_dags/example_external_task_marker_dag.py took 0.616 seconds
[2023-10-19T11:55:04.981+0000] {processor.py:157} INFO - Started process (PID=280) to work on /home/airflow/.local/lib/python3.8/site-packages/airflow/example_dags/example_external_task_marker_dag.py
[2023-10-19T11:55:04.989+0000] {processor.py:829} INFO - Processing file /home/airflow/.local/lib/python3.8/site-packages/airflow/example_dags/example_external_task_marker_dag.py for tasks to queue
[2023-10-19T11:55:04.995+0000] {logging_mixin.py:151} INFO - [2023-10-19T11:55:04.995+0000] {dagbag.py:539} INFO - Filling up the DagBag from /home/airflow/.local/lib/python3.8/site-packages/airflow/example_dags/example_external_task_marker_dag.py
[2023-10-19T11:55:05.092+0000] {processor.py:839} INFO - DAG(s) dict_keys(['example_external_task_marker_parent', 'example_external_task_marker_child']) retrieved from /home/airflow/.local/lib/python3.8/site-packages/airflow/example_dags/example_external_task_marker_dag.py
[2023-10-19T11:55:05.268+0000] {logging_mixin.py:151} INFO - [2023-10-19T11:55:05.268+0000] {dag.py:2915} INFO - Sync 2 DAGs
[2023-10-19T11:55:05.367+0000] {logging_mixin.py:151} INFO - [2023-10-19T11:55:05.367+0000] {dag.py:3696} INFO - Setting next_dagrun for example_external_task_marker_child to None, run_after=None
[2023-10-19T11:55:05.430+0000] {logging_mixin.py:151} INFO - [2023-10-19T11:55:05.429+0000] {dag.py:3696} INFO - Setting next_dagrun for example_external_task_marker_parent to None, run_after=None
[2023-10-19T11:55:05.585+0000] {processor.py:179} INFO - Processing /home/airflow/.local/lib/python3.8/site-packages/airflow/example_dags/example_external_task_marker_dag.py took 0.650 seconds
[2023-10-19T11:55:36.923+0000] {processor.py:157} INFO - Started process (PID=334) to work on /home/airflow/.local/lib/python3.8/site-packages/airflow/example_dags/example_external_task_marker_dag.py
[2023-10-19T11:55:36.926+0000] {processor.py:829} INFO - Processing file /home/airflow/.local/lib/python3.8/site-packages/airflow/example_dags/example_external_task_marker_dag.py for tasks to queue
[2023-10-19T11:55:36.948+0000] {logging_mixin.py:151} INFO - [2023-10-19T11:55:36.948+0000] {dagbag.py:539} INFO - Filling up the DagBag from /home/airflow/.local/lib/python3.8/site-packages/airflow/example_dags/example_external_task_marker_dag.py
[2023-10-19T11:55:36.997+0000] {processor.py:839} INFO - DAG(s) dict_keys(['example_external_task_marker_parent', 'example_external_task_marker_child']) retrieved from /home/airflow/.local/lib/python3.8/site-packages/airflow/example_dags/example_external_task_marker_dag.py
[2023-10-19T11:55:37.401+0000] {logging_mixin.py:151} INFO - [2023-10-19T11:55:37.397+0000] {dag.py:2915} INFO - Sync 2 DAGs
[2023-10-19T11:55:37.584+0000] {logging_mixin.py:151} INFO - [2023-10-19T11:55:37.584+0000] {dag.py:3696} INFO - Setting next_dagrun for example_external_task_marker_child to None, run_after=None
[2023-10-19T11:55:37.662+0000] {logging_mixin.py:151} INFO - [2023-10-19T11:55:37.657+0000] {dag.py:3696} INFO - Setting next_dagrun for example_external_task_marker_parent to None, run_after=None
[2023-10-19T11:55:38.996+0000] {processor.py:179} INFO - Processing /home/airflow/.local/lib/python3.8/site-packages/airflow/example_dags/example_external_task_marker_dag.py took 2.173 seconds
[2023-10-19T11:56:15.054+0000] {processor.py:157} INFO - Started process (PID=388) to work on /home/airflow/.local/lib/python3.8/site-packages/airflow/example_dags/example_external_task_marker_dag.py
[2023-10-19T11:56:15.067+0000] {processor.py:829} INFO - Processing file /home/airflow/.local/lib/python3.8/site-packages/airflow/example_dags/example_external_task_marker_dag.py for tasks to queue
[2023-10-19T11:56:15.148+0000] {logging_mixin.py:151} INFO - [2023-10-19T11:56:15.131+0000] {dagbag.py:539} INFO - Filling up the DagBag from /home/airflow/.local/lib/python3.8/site-packages/airflow/example_dags/example_external_task_marker_dag.py
[2023-10-19T11:56:15.368+0000] {processor.py:839} INFO - DAG(s) dict_keys(['example_external_task_marker_child', 'example_external_task_marker_parent']) retrieved from /home/airflow/.local/lib/python3.8/site-packages/airflow/example_dags/example_external_task_marker_dag.py
[2023-10-19T11:56:15.566+0000] {logging_mixin.py:151} INFO - [2023-10-19T11:56:15.565+0000] {dag.py:2915} INFO - Sync 2 DAGs
[2023-10-19T11:56:15.708+0000] {logging_mixin.py:151} INFO - [2023-10-19T11:56:15.692+0000] {dag.py:3696} INFO - Setting next_dagrun for example_external_task_marker_child to None, run_after=None
[2023-10-19T11:56:15.748+0000] {logging_mixin.py:151} INFO - [2023-10-19T11:56:15.748+0000] {dag.py:3696} INFO - Setting next_dagrun for example_external_task_marker_parent to None, run_after=None
[2023-10-19T11:56:15.880+0000] {processor.py:179} INFO - Processing /home/airflow/.local/lib/python3.8/site-packages/airflow/example_dags/example_external_task_marker_dag.py took 0.915 seconds
[2023-10-19T11:56:46.409+0000] {processor.py:157} INFO - Started process (PID=440) to work on /home/airflow/.local/lib/python3.8/site-packages/airflow/example_dags/example_external_task_marker_dag.py
[2023-10-19T11:56:46.413+0000] {processor.py:829} INFO - Processing file /home/airflow/.local/lib/python3.8/site-packages/airflow/example_dags/example_external_task_marker_dag.py for tasks to queue
[2023-10-19T11:56:46.420+0000] {logging_mixin.py:151} INFO - [2023-10-19T11:56:46.419+0000] {dagbag.py:539} INFO - Filling up the DagBag from /home/airflow/.local/lib/python3.8/site-packages/airflow/example_dags/example_external_task_marker_dag.py
[2023-10-19T11:56:46.430+0000] {processor.py:839} INFO - DAG(s) dict_keys(['example_external_task_marker_parent', 'example_external_task_marker_child']) retrieved from /home/airflow/.local/lib/python3.8/site-packages/airflow/example_dags/example_external_task_marker_dag.py
[2023-10-19T11:56:46.473+0000] {logging_mixin.py:151} INFO - [2023-10-19T11:56:46.472+0000] {dag.py:2915} INFO - Sync 2 DAGs
[2023-10-19T11:56:46.497+0000] {logging_mixin.py:151} INFO - [2023-10-19T11:56:46.497+0000] {dag.py:3696} INFO - Setting next_dagrun for example_external_task_marker_child to None, run_after=None
[2023-10-19T11:56:46.505+0000] {logging_mixin.py:151} INFO - [2023-10-19T11:56:46.505+0000] {dag.py:3696} INFO - Setting next_dagrun for example_external_task_marker_parent to None, run_after=None
[2023-10-19T11:56:46.534+0000] {processor.py:179} INFO - Processing /home/airflow/.local/lib/python3.8/site-packages/airflow/example_dags/example_external_task_marker_dag.py took 0.133 seconds
[2023-10-19T11:57:16.606+0000] {processor.py:157} INFO - Started process (PID=494) to work on /home/airflow/.local/lib/python3.8/site-packages/airflow/example_dags/example_external_task_marker_dag.py
[2023-10-19T11:57:16.608+0000] {processor.py:829} INFO - Processing file /home/airflow/.local/lib/python3.8/site-packages/airflow/example_dags/example_external_task_marker_dag.py for tasks to queue
[2023-10-19T11:57:16.612+0000] {logging_mixin.py:151} INFO - [2023-10-19T11:57:16.611+0000] {dagbag.py:539} INFO - Filling up the DagBag from /home/airflow/.local/lib/python3.8/site-packages/airflow/example_dags/example_external_task_marker_dag.py
[2023-10-19T11:57:16.622+0000] {processor.py:839} INFO - DAG(s) dict_keys(['example_external_task_marker_parent', 'example_external_task_marker_child']) retrieved from /home/airflow/.local/lib/python3.8/site-packages/airflow/example_dags/example_external_task_marker_dag.py
[2023-10-19T11:57:16.668+0000] {logging_mixin.py:151} INFO - [2023-10-19T11:57:16.667+0000] {dag.py:2915} INFO - Sync 2 DAGs
[2023-10-19T11:57:16.692+0000] {logging_mixin.py:151} INFO - [2023-10-19T11:57:16.691+0000] {dag.py:3696} INFO - Setting next_dagrun for example_external_task_marker_child to None, run_after=None
[2023-10-19T11:57:16.698+0000] {logging_mixin.py:151} INFO - [2023-10-19T11:57:16.697+0000] {dag.py:3696} INFO - Setting next_dagrun for example_external_task_marker_parent to None, run_after=None
[2023-10-19T11:57:16.730+0000] {processor.py:179} INFO - Processing /home/airflow/.local/lib/python3.8/site-packages/airflow/example_dags/example_external_task_marker_dag.py took 0.131 seconds
[2023-10-19T11:57:46.883+0000] {processor.py:157} INFO - Started process (PID=548) to work on /home/airflow/.local/lib/python3.8/site-packages/airflow/example_dags/example_external_task_marker_dag.py
[2023-10-19T11:57:46.884+0000] {processor.py:829} INFO - Processing file /home/airflow/.local/lib/python3.8/site-packages/airflow/example_dags/example_external_task_marker_dag.py for tasks to queue
[2023-10-19T11:57:46.888+0000] {logging_mixin.py:151} INFO - [2023-10-19T11:57:46.888+0000] {dagbag.py:539} INFO - Filling up the DagBag from /home/airflow/.local/lib/python3.8/site-packages/airflow/example_dags/example_external_task_marker_dag.py
[2023-10-19T11:57:46.903+0000] {processor.py:839} INFO - DAG(s) dict_keys(['example_external_task_marker_child', 'example_external_task_marker_parent']) retrieved from /home/airflow/.local/lib/python3.8/site-packages/airflow/example_dags/example_external_task_marker_dag.py
[2023-10-19T11:57:46.961+0000] {logging_mixin.py:151} INFO - [2023-10-19T11:57:46.961+0000] {dag.py:2915} INFO - Sync 2 DAGs
[2023-10-19T11:57:46.997+0000] {logging_mixin.py:151} INFO - [2023-10-19T11:57:46.996+0000] {dag.py:3696} INFO - Setting next_dagrun for example_external_task_marker_child to None, run_after=None
[2023-10-19T11:57:47.010+0000] {logging_mixin.py:151} INFO - [2023-10-19T11:57:47.010+0000] {dag.py:3696} INFO - Setting next_dagrun for example_external_task_marker_parent to None, run_after=None
[2023-10-19T11:57:47.055+0000] {processor.py:179} INFO - Processing /home/airflow/.local/lib/python3.8/site-packages/airflow/example_dags/example_external_task_marker_dag.py took 0.180 seconds
