[2023-10-19T11:52:29.507+0000] {processor.py:157} INFO - Started process (PID=66) to work on /home/airflow/.local/lib/python3.8/site-packages/airflow/example_dags/example_latest_only_with_trigger.py
[2023-10-19T11:52:29.514+0000] {processor.py:829} INFO - Processing file /home/airflow/.local/lib/python3.8/site-packages/airflow/example_dags/example_latest_only_with_trigger.py for tasks to queue
[2023-10-19T11:52:29.522+0000] {logging_mixin.py:151} INFO - [2023-10-19T11:52:29.521+0000] {dagbag.py:539} INFO - Filling up the DagBag from /home/airflow/.local/lib/python3.8/site-packages/airflow/example_dags/example_latest_only_with_trigger.py
[2023-10-19T11:52:29.580+0000] {processor.py:839} INFO - DAG(s) dict_keys(['latest_only_with_trigger']) retrieved from /home/airflow/.local/lib/python3.8/site-packages/airflow/example_dags/example_latest_only_with_trigger.py
[2023-10-19T11:52:29.698+0000] {logging_mixin.py:151} INFO - [2023-10-19T11:52:29.698+0000] {dag.py:2915} INFO - Sync 1 DAGs
[2023-10-19T11:52:29.781+0000] {logging_mixin.py:151} INFO - [2023-10-19T11:52:29.781+0000] {dag.py:3696} INFO - Setting next_dagrun for latest_only_with_trigger to 2023-10-19T07:52:29.780664+00:00, run_after=2023-10-19T11:52:29.780664+00:00
[2023-10-19T11:52:29.932+0000] {processor.py:179} INFO - Processing /home/airflow/.local/lib/python3.8/site-packages/airflow/example_dags/example_latest_only_with_trigger.py took 0.439 seconds
[2023-10-19T11:53:17.390+0000] {processor.py:157} INFO - Started process (PID=119) to work on /home/airflow/.local/lib/python3.8/site-packages/airflow/example_dags/example_latest_only_with_trigger.py
[2023-10-19T11:53:17.393+0000] {processor.py:829} INFO - Processing file /home/airflow/.local/lib/python3.8/site-packages/airflow/example_dags/example_latest_only_with_trigger.py for tasks to queue
[2023-10-19T11:53:17.412+0000] {logging_mixin.py:151} INFO - [2023-10-19T11:53:17.401+0000] {dagbag.py:539} INFO - Filling up the DagBag from /home/airflow/.local/lib/python3.8/site-packages/airflow/example_dags/example_latest_only_with_trigger.py
[2023-10-19T11:53:17.454+0000] {processor.py:839} INFO - DAG(s) dict_keys(['latest_only_with_trigger']) retrieved from /home/airflow/.local/lib/python3.8/site-packages/airflow/example_dags/example_latest_only_with_trigger.py
[2023-10-19T11:53:17.585+0000] {logging_mixin.py:151} INFO - [2023-10-19T11:53:17.584+0000] {dag.py:2915} INFO - Sync 1 DAGs
[2023-10-19T11:53:17.807+0000] {logging_mixin.py:151} INFO - [2023-10-19T11:53:17.804+0000] {dag.py:3696} INFO - Setting next_dagrun for latest_only_with_trigger to 2023-10-19T07:53:17.779554+00:00, run_after=2023-10-19T11:53:17.779554+00:00
[2023-10-19T11:53:17.932+0000] {processor.py:179} INFO - Processing /home/airflow/.local/lib/python3.8/site-packages/airflow/example_dags/example_latest_only_with_trigger.py took 0.569 seconds
[2023-10-19T11:53:55.010+0000] {processor.py:157} INFO - Started process (PID=171) to work on /home/airflow/.local/lib/python3.8/site-packages/airflow/example_dags/example_latest_only_with_trigger.py
[2023-10-19T11:53:55.015+0000] {processor.py:829} INFO - Processing file /home/airflow/.local/lib/python3.8/site-packages/airflow/example_dags/example_latest_only_with_trigger.py for tasks to queue
[2023-10-19T11:53:55.023+0000] {logging_mixin.py:151} INFO - [2023-10-19T11:53:55.022+0000] {dagbag.py:539} INFO - Filling up the DagBag from /home/airflow/.local/lib/python3.8/site-packages/airflow/example_dags/example_latest_only_with_trigger.py
[2023-10-19T11:53:55.043+0000] {processor.py:839} INFO - DAG(s) dict_keys(['latest_only_with_trigger']) retrieved from /home/airflow/.local/lib/python3.8/site-packages/airflow/example_dags/example_latest_only_with_trigger.py
[2023-10-19T11:53:55.122+0000] {logging_mixin.py:151} INFO - [2023-10-19T11:53:55.122+0000] {dag.py:2915} INFO - Sync 1 DAGs
[2023-10-19T11:53:55.235+0000] {logging_mixin.py:151} INFO - [2023-10-19T11:53:55.235+0000] {dag.py:3696} INFO - Setting next_dagrun for latest_only_with_trigger to 2023-10-19T07:53:55.234436+00:00, run_after=2023-10-19T11:53:55.234436+00:00
[2023-10-19T11:53:55.316+0000] {processor.py:179} INFO - Processing /home/airflow/.local/lib/python3.8/site-packages/airflow/example_dags/example_latest_only_with_trigger.py took 0.328 seconds
[2023-10-19T11:54:28.966+0000] {processor.py:157} INFO - Started process (PID=230) to work on /home/airflow/.local/lib/python3.8/site-packages/airflow/example_dags/example_latest_only_with_trigger.py
[2023-10-19T11:54:28.974+0000] {processor.py:829} INFO - Processing file /home/airflow/.local/lib/python3.8/site-packages/airflow/example_dags/example_latest_only_with_trigger.py for tasks to queue
[2023-10-19T11:54:28.984+0000] {logging_mixin.py:151} INFO - [2023-10-19T11:54:28.983+0000] {dagbag.py:539} INFO - Filling up the DagBag from /home/airflow/.local/lib/python3.8/site-packages/airflow/example_dags/example_latest_only_with_trigger.py
[2023-10-19T11:54:29.006+0000] {processor.py:839} INFO - DAG(s) dict_keys(['latest_only_with_trigger']) retrieved from /home/airflow/.local/lib/python3.8/site-packages/airflow/example_dags/example_latest_only_with_trigger.py
[2023-10-19T11:54:29.148+0000] {logging_mixin.py:151} INFO - [2023-10-19T11:54:29.147+0000] {dag.py:2915} INFO - Sync 1 DAGs
[2023-10-19T11:54:29.243+0000] {logging_mixin.py:151} INFO - [2023-10-19T11:54:29.242+0000] {dag.py:3696} INFO - Setting next_dagrun for latest_only_with_trigger to 2023-10-19T07:54:29.242161+00:00, run_after=2023-10-19T11:54:29.242161+00:00
[2023-10-19T11:54:29.334+0000] {processor.py:179} INFO - Processing /home/airflow/.local/lib/python3.8/site-packages/airflow/example_dags/example_latest_only_with_trigger.py took 0.381 seconds
[2023-10-19T11:55:05.828+0000] {processor.py:157} INFO - Started process (PID=282) to work on /home/airflow/.local/lib/python3.8/site-packages/airflow/example_dags/example_latest_only_with_trigger.py
[2023-10-19T11:55:05.847+0000] {processor.py:829} INFO - Processing file /home/airflow/.local/lib/python3.8/site-packages/airflow/example_dags/example_latest_only_with_trigger.py for tasks to queue
[2023-10-19T11:55:05.883+0000] {logging_mixin.py:151} INFO - [2023-10-19T11:55:05.882+0000] {dagbag.py:539} INFO - Filling up the DagBag from /home/airflow/.local/lib/python3.8/site-packages/airflow/example_dags/example_latest_only_with_trigger.py
[2023-10-19T11:55:05.912+0000] {processor.py:839} INFO - DAG(s) dict_keys(['latest_only_with_trigger']) retrieved from /home/airflow/.local/lib/python3.8/site-packages/airflow/example_dags/example_latest_only_with_trigger.py
[2023-10-19T11:55:06.010+0000] {logging_mixin.py:151} INFO - [2023-10-19T11:55:06.010+0000] {dag.py:2915} INFO - Sync 1 DAGs
[2023-10-19T11:55:06.175+0000] {logging_mixin.py:151} INFO - [2023-10-19T11:55:06.174+0000] {dag.py:3696} INFO - Setting next_dagrun for latest_only_with_trigger to 2023-10-19T07:55:06.174250+00:00, run_after=2023-10-19T11:55:06.174250+00:00
[2023-10-19T11:55:06.285+0000] {processor.py:179} INFO - Processing /home/airflow/.local/lib/python3.8/site-packages/airflow/example_dags/example_latest_only_with_trigger.py took 0.495 seconds
[2023-10-19T11:55:39.463+0000] {processor.py:157} INFO - Started process (PID=336) to work on /home/airflow/.local/lib/python3.8/site-packages/airflow/example_dags/example_latest_only_with_trigger.py
[2023-10-19T11:55:39.471+0000] {processor.py:829} INFO - Processing file /home/airflow/.local/lib/python3.8/site-packages/airflow/example_dags/example_latest_only_with_trigger.py for tasks to queue
[2023-10-19T11:55:39.482+0000] {logging_mixin.py:151} INFO - [2023-10-19T11:55:39.477+0000] {dagbag.py:539} INFO - Filling up the DagBag from /home/airflow/.local/lib/python3.8/site-packages/airflow/example_dags/example_latest_only_with_trigger.py
[2023-10-19T11:55:39.517+0000] {processor.py:839} INFO - DAG(s) dict_keys(['latest_only_with_trigger']) retrieved from /home/airflow/.local/lib/python3.8/site-packages/airflow/example_dags/example_latest_only_with_trigger.py
[2023-10-19T11:55:39.671+0000] {logging_mixin.py:151} INFO - [2023-10-19T11:55:39.670+0000] {dag.py:2915} INFO - Sync 1 DAGs
[2023-10-19T11:55:39.863+0000] {logging_mixin.py:151} INFO - [2023-10-19T11:55:39.863+0000] {dag.py:3696} INFO - Setting next_dagrun for latest_only_with_trigger to 2023-10-19T07:55:39.862637+00:00, run_after=2023-10-19T11:55:39.862637+00:00
[2023-10-19T11:55:40.056+0000] {processor.py:179} INFO - Processing /home/airflow/.local/lib/python3.8/site-packages/airflow/example_dags/example_latest_only_with_trigger.py took 0.615 seconds
[2023-10-19T11:56:16.905+0000] {processor.py:157} INFO - Started process (PID=390) to work on /home/airflow/.local/lib/python3.8/site-packages/airflow/example_dags/example_latest_only_with_trigger.py
[2023-10-19T11:56:16.908+0000] {processor.py:829} INFO - Processing file /home/airflow/.local/lib/python3.8/site-packages/airflow/example_dags/example_latest_only_with_trigger.py for tasks to queue
[2023-10-19T11:56:16.923+0000] {logging_mixin.py:151} INFO - [2023-10-19T11:56:16.922+0000] {dagbag.py:539} INFO - Filling up the DagBag from /home/airflow/.local/lib/python3.8/site-packages/airflow/example_dags/example_latest_only_with_trigger.py
[2023-10-19T11:56:16.941+0000] {processor.py:839} INFO - DAG(s) dict_keys(['latest_only_with_trigger']) retrieved from /home/airflow/.local/lib/python3.8/site-packages/airflow/example_dags/example_latest_only_with_trigger.py
[2023-10-19T11:56:17.117+0000] {logging_mixin.py:151} INFO - [2023-10-19T11:56:17.115+0000] {dag.py:2915} INFO - Sync 1 DAGs
[2023-10-19T11:56:17.354+0000] {logging_mixin.py:151} INFO - [2023-10-19T11:56:17.354+0000] {dag.py:3696} INFO - Setting next_dagrun for latest_only_with_trigger to 2023-10-19T07:56:17.353594+00:00, run_after=2023-10-19T11:56:17.353594+00:00
[2023-10-19T11:56:17.798+0000] {processor.py:179} INFO - Processing /home/airflow/.local/lib/python3.8/site-packages/airflow/example_dags/example_latest_only_with_trigger.py took 0.907 seconds
[2023-10-19T11:56:47.949+0000] {processor.py:157} INFO - Started process (PID=443) to work on /home/airflow/.local/lib/python3.8/site-packages/airflow/example_dags/example_latest_only_with_trigger.py
[2023-10-19T11:56:47.950+0000] {processor.py:829} INFO - Processing file /home/airflow/.local/lib/python3.8/site-packages/airflow/example_dags/example_latest_only_with_trigger.py for tasks to queue
[2023-10-19T11:56:47.953+0000] {logging_mixin.py:151} INFO - [2023-10-19T11:56:47.953+0000] {dagbag.py:539} INFO - Filling up the DagBag from /home/airflow/.local/lib/python3.8/site-packages/airflow/example_dags/example_latest_only_with_trigger.py
[2023-10-19T11:56:47.963+0000] {processor.py:839} INFO - DAG(s) dict_keys(['latest_only_with_trigger']) retrieved from /home/airflow/.local/lib/python3.8/site-packages/airflow/example_dags/example_latest_only_with_trigger.py
[2023-10-19T11:56:48.013+0000] {logging_mixin.py:151} INFO - [2023-10-19T11:56:48.012+0000] {dag.py:2915} INFO - Sync 1 DAGs
[2023-10-19T11:56:48.056+0000] {logging_mixin.py:151} INFO - [2023-10-19T11:56:48.056+0000] {dag.py:3696} INFO - Setting next_dagrun for latest_only_with_trigger to 2023-10-19T07:56:48.055737+00:00, run_after=2023-10-19T11:56:48.055737+00:00
[2023-10-19T11:56:48.088+0000] {processor.py:179} INFO - Processing /home/airflow/.local/lib/python3.8/site-packages/airflow/example_dags/example_latest_only_with_trigger.py took 0.144 seconds
[2023-10-19T11:57:18.431+0000] {processor.py:157} INFO - Started process (PID=497) to work on /home/airflow/.local/lib/python3.8/site-packages/airflow/example_dags/example_latest_only_with_trigger.py
[2023-10-19T11:57:18.433+0000] {processor.py:829} INFO - Processing file /home/airflow/.local/lib/python3.8/site-packages/airflow/example_dags/example_latest_only_with_trigger.py for tasks to queue
[2023-10-19T11:57:18.436+0000] {logging_mixin.py:151} INFO - [2023-10-19T11:57:18.436+0000] {dagbag.py:539} INFO - Filling up the DagBag from /home/airflow/.local/lib/python3.8/site-packages/airflow/example_dags/example_latest_only_with_trigger.py
[2023-10-19T11:57:18.447+0000] {processor.py:839} INFO - DAG(s) dict_keys(['latest_only_with_trigger']) retrieved from /home/airflow/.local/lib/python3.8/site-packages/airflow/example_dags/example_latest_only_with_trigger.py
[2023-10-19T11:57:18.492+0000] {logging_mixin.py:151} INFO - [2023-10-19T11:57:18.491+0000] {dag.py:2915} INFO - Sync 1 DAGs
[2023-10-19T11:57:18.537+0000] {logging_mixin.py:151} INFO - [2023-10-19T11:57:18.536+0000] {dag.py:3696} INFO - Setting next_dagrun for latest_only_with_trigger to 2023-10-19T07:57:18.536531+00:00, run_after=2023-10-19T11:57:18.536531+00:00
[2023-10-19T11:57:18.575+0000] {processor.py:179} INFO - Processing /home/airflow/.local/lib/python3.8/site-packages/airflow/example_dags/example_latest_only_with_trigger.py took 0.152 seconds
[2023-10-19T11:57:49.356+0000] {processor.py:157} INFO - Started process (PID=551) to work on /home/airflow/.local/lib/python3.8/site-packages/airflow/example_dags/example_latest_only_with_trigger.py
[2023-10-19T11:57:49.365+0000] {processor.py:829} INFO - Processing file /home/airflow/.local/lib/python3.8/site-packages/airflow/example_dags/example_latest_only_with_trigger.py for tasks to queue
[2023-10-19T11:57:49.528+0000] {logging_mixin.py:151} INFO - [2023-10-19T11:57:49.526+0000] {dagbag.py:539} INFO - Filling up the DagBag from /home/airflow/.local/lib/python3.8/site-packages/airflow/example_dags/example_latest_only_with_trigger.py
[2023-10-19T11:57:49.586+0000] {processor.py:839} INFO - DAG(s) dict_keys(['latest_only_with_trigger']) retrieved from /home/airflow/.local/lib/python3.8/site-packages/airflow/example_dags/example_latest_only_with_trigger.py
[2023-10-19T11:57:49.967+0000] {logging_mixin.py:151} INFO - [2023-10-19T11:57:49.966+0000] {dag.py:2915} INFO - Sync 1 DAGs
[2023-10-19T11:57:50.324+0000] {logging_mixin.py:151} INFO - [2023-10-19T11:57:50.324+0000] {dag.py:3696} INFO - Setting next_dagrun for latest_only_with_trigger to 2023-10-19T07:57:50.321602+00:00, run_after=2023-10-19T11:57:50.321602+00:00
[2023-10-19T11:57:50.562+0000] {processor.py:179} INFO - Processing /home/airflow/.local/lib/python3.8/site-packages/airflow/example_dags/example_latest_only_with_trigger.py took 1.251 seconds
