[2023-10-19T11:52:47.940+0000] {processor.py:157} INFO - Started process (PID=80) to work on /home/airflow/.local/lib/python3.8/site-packages/airflow/example_dags/example_sla_dag.py
[2023-10-19T11:52:47.981+0000] {processor.py:829} INFO - Processing file /home/airflow/.local/lib/python3.8/site-packages/airflow/example_dags/example_sla_dag.py for tasks to queue
[2023-10-19T11:52:48.026+0000] {logging_mixin.py:151} INFO - [2023-10-19T11:52:48.023+0000] {dagbag.py:539} INFO - Filling up the DagBag from /home/airflow/.local/lib/python3.8/site-packages/airflow/example_dags/example_sla_dag.py
[2023-10-19T11:52:48.225+0000] {processor.py:839} INFO - DAG(s) dict_keys(['example_sla_dag']) retrieved from /home/airflow/.local/lib/python3.8/site-packages/airflow/example_dags/example_sla_dag.py
[2023-10-19T11:52:48.755+0000] {logging_mixin.py:151} INFO - [2023-10-19T11:52:48.755+0000] {dag.py:2915} INFO - Sync 1 DAGs
[2023-10-19T11:52:49.952+0000] {logging_mixin.py:151} INFO - [2023-10-19T11:52:49.952+0000] {dag.py:3696} INFO - Setting next_dagrun for example_sla_dag to 2023-10-19T11:50:00+00:00, run_after=2023-10-19T11:52:00+00:00
[2023-10-19T11:52:50.373+0000] {processor.py:179} INFO - Processing /home/airflow/.local/lib/python3.8/site-packages/airflow/example_dags/example_sla_dag.py took 2.494 seconds
[2023-10-19T11:53:29.737+0000] {processor.py:157} INFO - Started process (PID=140) to work on /home/airflow/.local/lib/python3.8/site-packages/airflow/example_dags/example_sla_dag.py
[2023-10-19T11:53:29.753+0000] {processor.py:829} INFO - Processing file /home/airflow/.local/lib/python3.8/site-packages/airflow/example_dags/example_sla_dag.py for tasks to queue
[2023-10-19T11:53:29.786+0000] {logging_mixin.py:151} INFO - [2023-10-19T11:53:29.775+0000] {dagbag.py:539} INFO - Filling up the DagBag from /home/airflow/.local/lib/python3.8/site-packages/airflow/example_dags/example_sla_dag.py
[2023-10-19T11:53:29.878+0000] {processor.py:839} INFO - DAG(s) dict_keys(['example_sla_dag']) retrieved from /home/airflow/.local/lib/python3.8/site-packages/airflow/example_dags/example_sla_dag.py
[2023-10-19T11:53:30.102+0000] {logging_mixin.py:151} INFO - [2023-10-19T11:53:30.101+0000] {dag.py:2915} INFO - Sync 1 DAGs
[2023-10-19T11:53:30.298+0000] {logging_mixin.py:151} INFO - [2023-10-19T11:53:30.298+0000] {dag.py:3696} INFO - Setting next_dagrun for example_sla_dag to 2023-10-19T11:50:00+00:00, run_after=2023-10-19T11:52:00+00:00
[2023-10-19T11:53:30.411+0000] {processor.py:179} INFO - Processing /home/airflow/.local/lib/python3.8/site-packages/airflow/example_dags/example_sla_dag.py took 0.785 seconds
[2023-10-19T11:54:01.660+0000] {processor.py:157} INFO - Started process (PID=193) to work on /home/airflow/.local/lib/python3.8/site-packages/airflow/example_dags/example_sla_dag.py
[2023-10-19T11:54:01.665+0000] {processor.py:829} INFO - Processing file /home/airflow/.local/lib/python3.8/site-packages/airflow/example_dags/example_sla_dag.py for tasks to queue
[2023-10-19T11:54:01.685+0000] {logging_mixin.py:151} INFO - [2023-10-19T11:54:01.684+0000] {dagbag.py:539} INFO - Filling up the DagBag from /home/airflow/.local/lib/python3.8/site-packages/airflow/example_dags/example_sla_dag.py
[2023-10-19T11:54:01.740+0000] {processor.py:839} INFO - DAG(s) dict_keys(['example_sla_dag']) retrieved from /home/airflow/.local/lib/python3.8/site-packages/airflow/example_dags/example_sla_dag.py
[2023-10-19T11:54:01.855+0000] {logging_mixin.py:151} INFO - [2023-10-19T11:54:01.854+0000] {dag.py:2915} INFO - Sync 1 DAGs
[2023-10-19T11:54:01.970+0000] {logging_mixin.py:151} INFO - [2023-10-19T11:54:01.970+0000] {dag.py:3696} INFO - Setting next_dagrun for example_sla_dag to 2023-10-19T11:52:00+00:00, run_after=2023-10-19T11:54:00+00:00
[2023-10-19T11:54:02.051+0000] {processor.py:179} INFO - Processing /home/airflow/.local/lib/python3.8/site-packages/airflow/example_dags/example_sla_dag.py took 0.404 seconds
[2023-10-19T11:54:35.919+0000] {processor.py:157} INFO - Started process (PID=246) to work on /home/airflow/.local/lib/python3.8/site-packages/airflow/example_dags/example_sla_dag.py
[2023-10-19T11:54:35.935+0000] {processor.py:829} INFO - Processing file /home/airflow/.local/lib/python3.8/site-packages/airflow/example_dags/example_sla_dag.py for tasks to queue
[2023-10-19T11:54:35.943+0000] {logging_mixin.py:151} INFO - [2023-10-19T11:54:35.942+0000] {dagbag.py:539} INFO - Filling up the DagBag from /home/airflow/.local/lib/python3.8/site-packages/airflow/example_dags/example_sla_dag.py
[2023-10-19T11:54:35.975+0000] {processor.py:839} INFO - DAG(s) dict_keys(['example_sla_dag']) retrieved from /home/airflow/.local/lib/python3.8/site-packages/airflow/example_dags/example_sla_dag.py
[2023-10-19T11:54:36.050+0000] {logging_mixin.py:151} INFO - [2023-10-19T11:54:36.050+0000] {dag.py:2915} INFO - Sync 1 DAGs
[2023-10-19T11:54:36.179+0000] {logging_mixin.py:151} INFO - [2023-10-19T11:54:36.178+0000] {dag.py:3696} INFO - Setting next_dagrun for example_sla_dag to 2023-10-19T11:52:00+00:00, run_after=2023-10-19T11:54:00+00:00
[2023-10-19T11:54:36.260+0000] {processor.py:179} INFO - Processing /home/airflow/.local/lib/python3.8/site-packages/airflow/example_dags/example_sla_dag.py took 0.352 seconds
[2023-10-19T11:55:11.171+0000] {processor.py:157} INFO - Started process (PID=299) to work on /home/airflow/.local/lib/python3.8/site-packages/airflow/example_dags/example_sla_dag.py
[2023-10-19T11:55:11.176+0000] {processor.py:829} INFO - Processing file /home/airflow/.local/lib/python3.8/site-packages/airflow/example_dags/example_sla_dag.py for tasks to queue
[2023-10-19T11:55:11.185+0000] {logging_mixin.py:151} INFO - [2023-10-19T11:55:11.184+0000] {dagbag.py:539} INFO - Filling up the DagBag from /home/airflow/.local/lib/python3.8/site-packages/airflow/example_dags/example_sla_dag.py
[2023-10-19T11:55:11.220+0000] {processor.py:839} INFO - DAG(s) dict_keys(['example_sla_dag']) retrieved from /home/airflow/.local/lib/python3.8/site-packages/airflow/example_dags/example_sla_dag.py
[2023-10-19T11:55:11.290+0000] {logging_mixin.py:151} INFO - [2023-10-19T11:55:11.290+0000] {dag.py:2915} INFO - Sync 1 DAGs
[2023-10-19T11:55:11.390+0000] {logging_mixin.py:151} INFO - [2023-10-19T11:55:11.389+0000] {dag.py:3696} INFO - Setting next_dagrun for example_sla_dag to 2023-10-19T11:52:00+00:00, run_after=2023-10-19T11:54:00+00:00
[2023-10-19T11:55:11.483+0000] {processor.py:179} INFO - Processing /home/airflow/.local/lib/python3.8/site-packages/airflow/example_dags/example_sla_dag.py took 0.321 seconds
[2023-10-19T11:55:54.625+0000] {processor.py:157} INFO - Started process (PID=353) to work on /home/airflow/.local/lib/python3.8/site-packages/airflow/example_dags/example_sla_dag.py
[2023-10-19T11:55:54.636+0000] {processor.py:829} INFO - Processing file /home/airflow/.local/lib/python3.8/site-packages/airflow/example_dags/example_sla_dag.py for tasks to queue
[2023-10-19T11:55:54.653+0000] {logging_mixin.py:151} INFO - [2023-10-19T11:55:54.652+0000] {dagbag.py:539} INFO - Filling up the DagBag from /home/airflow/.local/lib/python3.8/site-packages/airflow/example_dags/example_sla_dag.py
[2023-10-19T11:55:54.708+0000] {processor.py:839} INFO - DAG(s) dict_keys(['example_sla_dag']) retrieved from /home/airflow/.local/lib/python3.8/site-packages/airflow/example_dags/example_sla_dag.py
[2023-10-19T11:55:54.809+0000] {logging_mixin.py:151} INFO - [2023-10-19T11:55:54.800+0000] {dag.py:2915} INFO - Sync 1 DAGs
[2023-10-19T11:55:54.970+0000] {logging_mixin.py:151} INFO - [2023-10-19T11:55:54.965+0000] {dag.py:3696} INFO - Setting next_dagrun for example_sla_dag to 2023-10-19T11:52:00+00:00, run_after=2023-10-19T11:54:00+00:00
[2023-10-19T11:55:55.082+0000] {processor.py:179} INFO - Processing /home/airflow/.local/lib/python3.8/site-packages/airflow/example_dags/example_sla_dag.py took 0.470 seconds
[2023-10-19T11:56:33.457+0000] {processor.py:157} INFO - Started process (PID=413) to work on /home/airflow/.local/lib/python3.8/site-packages/airflow/example_dags/example_sla_dag.py
[2023-10-19T11:56:33.461+0000] {processor.py:829} INFO - Processing file /home/airflow/.local/lib/python3.8/site-packages/airflow/example_dags/example_sla_dag.py for tasks to queue
[2023-10-19T11:56:33.477+0000] {logging_mixin.py:151} INFO - [2023-10-19T11:56:33.472+0000] {dagbag.py:539} INFO - Filling up the DagBag from /home/airflow/.local/lib/python3.8/site-packages/airflow/example_dags/example_sla_dag.py
[2023-10-19T11:56:33.530+0000] {processor.py:839} INFO - DAG(s) dict_keys(['example_sla_dag']) retrieved from /home/airflow/.local/lib/python3.8/site-packages/airflow/example_dags/example_sla_dag.py
[2023-10-19T11:56:33.655+0000] {logging_mixin.py:151} INFO - [2023-10-19T11:56:33.654+0000] {dag.py:2915} INFO - Sync 1 DAGs
[2023-10-19T11:56:33.967+0000] {logging_mixin.py:151} INFO - [2023-10-19T11:56:33.967+0000] {dag.py:3696} INFO - Setting next_dagrun for example_sla_dag to 2023-10-19T11:54:00+00:00, run_after=2023-10-19T11:56:00+00:00
[2023-10-19T11:56:34.283+0000] {processor.py:179} INFO - Processing /home/airflow/.local/lib/python3.8/site-packages/airflow/example_dags/example_sla_dag.py took 0.860 seconds
[2023-10-19T11:57:08.537+0000] {processor.py:157} INFO - Started process (PID=467) to work on /home/airflow/.local/lib/python3.8/site-packages/airflow/example_dags/example_sla_dag.py
[2023-10-19T11:57:08.559+0000] {processor.py:829} INFO - Processing file /home/airflow/.local/lib/python3.8/site-packages/airflow/example_dags/example_sla_dag.py for tasks to queue
[2023-10-19T11:57:08.606+0000] {logging_mixin.py:151} INFO - [2023-10-19T11:57:08.605+0000] {dagbag.py:539} INFO - Filling up the DagBag from /home/airflow/.local/lib/python3.8/site-packages/airflow/example_dags/example_sla_dag.py
[2023-10-19T11:57:08.755+0000] {processor.py:839} INFO - DAG(s) dict_keys(['example_sla_dag']) retrieved from /home/airflow/.local/lib/python3.8/site-packages/airflow/example_dags/example_sla_dag.py
[2023-10-19T11:57:08.906+0000] {logging_mixin.py:151} INFO - [2023-10-19T11:57:08.905+0000] {dag.py:2915} INFO - Sync 1 DAGs
[2023-10-19T11:57:09.148+0000] {logging_mixin.py:151} INFO - [2023-10-19T11:57:09.147+0000] {dag.py:3696} INFO - Setting next_dagrun for example_sla_dag to 2023-10-19T11:54:00+00:00, run_after=2023-10-19T11:56:00+00:00
[2023-10-19T11:57:09.287+0000] {processor.py:179} INFO - Processing /home/airflow/.local/lib/python3.8/site-packages/airflow/example_dags/example_sla_dag.py took 0.771 seconds
[2023-10-19T11:57:40.207+0000] {processor.py:157} INFO - Started process (PID=521) to work on /home/airflow/.local/lib/python3.8/site-packages/airflow/example_dags/example_sla_dag.py
[2023-10-19T11:57:40.210+0000] {processor.py:829} INFO - Processing file /home/airflow/.local/lib/python3.8/site-packages/airflow/example_dags/example_sla_dag.py for tasks to queue
[2023-10-19T11:57:40.220+0000] {logging_mixin.py:151} INFO - [2023-10-19T11:57:40.215+0000] {dagbag.py:539} INFO - Filling up the DagBag from /home/airflow/.local/lib/python3.8/site-packages/airflow/example_dags/example_sla_dag.py
[2023-10-19T11:57:40.253+0000] {processor.py:839} INFO - DAG(s) dict_keys(['example_sla_dag']) retrieved from /home/airflow/.local/lib/python3.8/site-packages/airflow/example_dags/example_sla_dag.py
[2023-10-19T11:57:40.551+0000] {logging_mixin.py:151} INFO - [2023-10-19T11:57:40.551+0000] {dag.py:2915} INFO - Sync 1 DAGs
[2023-10-19T11:57:40.814+0000] {logging_mixin.py:151} INFO - [2023-10-19T11:57:40.813+0000] {dag.py:3696} INFO - Setting next_dagrun for example_sla_dag to 2023-10-19T11:54:00+00:00, run_after=2023-10-19T11:56:00+00:00
[2023-10-19T11:57:40.878+0000] {processor.py:179} INFO - Processing /home/airflow/.local/lib/python3.8/site-packages/airflow/example_dags/example_sla_dag.py took 0.683 seconds
