[2023-10-19T11:52:27.772+0000] {processor.py:157} INFO - Started process (PID=62) to work on /home/airflow/.local/lib/python3.8/site-packages/airflow/example_dags/example_dynamic_task_mapping_with_no_taskflow_operators.py
[2023-10-19T11:52:27.774+0000] {processor.py:829} INFO - Processing file /home/airflow/.local/lib/python3.8/site-packages/airflow/example_dags/example_dynamic_task_mapping_with_no_taskflow_operators.py for tasks to queue
[2023-10-19T11:52:27.781+0000] {logging_mixin.py:151} INFO - [2023-10-19T11:52:27.780+0000] {dagbag.py:539} INFO - Filling up the DagBag from /home/airflow/.local/lib/python3.8/site-packages/airflow/example_dags/example_dynamic_task_mapping_with_no_taskflow_operators.py
[2023-10-19T11:52:27.833+0000] {processor.py:839} INFO - DAG(s) dict_keys(['example_dynamic_task_mapping_with_no_taskflow_operators']) retrieved from /home/airflow/.local/lib/python3.8/site-packages/airflow/example_dags/example_dynamic_task_mapping_with_no_taskflow_operators.py
[2023-10-19T11:52:27.980+0000] {logging_mixin.py:151} INFO - [2023-10-19T11:52:27.977+0000] {dag.py:2915} INFO - Sync 1 DAGs
[2023-10-19T11:52:28.212+0000] {logging_mixin.py:151} INFO - [2023-10-19T11:52:28.211+0000] {dag.py:3696} INFO - Setting next_dagrun for example_dynamic_task_mapping_with_no_taskflow_operators to 2023-10-18T11:52:28.211201+00:00, run_after=2023-10-19T11:52:28.211201+00:00
[2023-10-19T11:52:28.333+0000] {processor.py:179} INFO - Processing /home/airflow/.local/lib/python3.8/site-packages/airflow/example_dags/example_dynamic_task_mapping_with_no_taskflow_operators.py took 0.578 seconds
[2023-10-19T11:53:16.779+0000] {processor.py:157} INFO - Started process (PID=116) to work on /home/airflow/.local/lib/python3.8/site-packages/airflow/example_dags/example_dynamic_task_mapping_with_no_taskflow_operators.py
[2023-10-19T11:53:16.782+0000] {processor.py:829} INFO - Processing file /home/airflow/.local/lib/python3.8/site-packages/airflow/example_dags/example_dynamic_task_mapping_with_no_taskflow_operators.py for tasks to queue
[2023-10-19T11:53:16.793+0000] {logging_mixin.py:151} INFO - [2023-10-19T11:53:16.787+0000] {dagbag.py:539} INFO - Filling up the DagBag from /home/airflow/.local/lib/python3.8/site-packages/airflow/example_dags/example_dynamic_task_mapping_with_no_taskflow_operators.py
[2023-10-19T11:53:16.819+0000] {processor.py:839} INFO - DAG(s) dict_keys(['example_dynamic_task_mapping_with_no_taskflow_operators']) retrieved from /home/airflow/.local/lib/python3.8/site-packages/airflow/example_dags/example_dynamic_task_mapping_with_no_taskflow_operators.py
[2023-10-19T11:53:16.880+0000] {logging_mixin.py:151} INFO - [2023-10-19T11:53:16.879+0000] {dag.py:2915} INFO - Sync 1 DAGs
[2023-10-19T11:53:16.983+0000] {logging_mixin.py:151} INFO - [2023-10-19T11:53:16.982+0000] {dag.py:3696} INFO - Setting next_dagrun for example_dynamic_task_mapping_with_no_taskflow_operators to 2023-10-18T11:53:16.981026+00:00, run_after=2023-10-19T11:53:16.981026+00:00
[2023-10-19T11:53:17.057+0000] {processor.py:179} INFO - Processing /home/airflow/.local/lib/python3.8/site-packages/airflow/example_dags/example_dynamic_task_mapping_with_no_taskflow_operators.py took 0.298 seconds
[2023-10-19T11:53:53.885+0000] {processor.py:157} INFO - Started process (PID=167) to work on /home/airflow/.local/lib/python3.8/site-packages/airflow/example_dags/example_dynamic_task_mapping_with_no_taskflow_operators.py
[2023-10-19T11:53:53.893+0000] {processor.py:829} INFO - Processing file /home/airflow/.local/lib/python3.8/site-packages/airflow/example_dags/example_dynamic_task_mapping_with_no_taskflow_operators.py for tasks to queue
[2023-10-19T11:53:53.901+0000] {logging_mixin.py:151} INFO - [2023-10-19T11:53:53.900+0000] {dagbag.py:539} INFO - Filling up the DagBag from /home/airflow/.local/lib/python3.8/site-packages/airflow/example_dags/example_dynamic_task_mapping_with_no_taskflow_operators.py
[2023-10-19T11:53:53.939+0000] {processor.py:839} INFO - DAG(s) dict_keys(['example_dynamic_task_mapping_with_no_taskflow_operators']) retrieved from /home/airflow/.local/lib/python3.8/site-packages/airflow/example_dags/example_dynamic_task_mapping_with_no_taskflow_operators.py
[2023-10-19T11:53:54.091+0000] {logging_mixin.py:151} INFO - [2023-10-19T11:53:54.090+0000] {dag.py:2915} INFO - Sync 1 DAGs
[2023-10-19T11:53:54.264+0000] {logging_mixin.py:151} INFO - [2023-10-19T11:53:54.264+0000] {dag.py:3696} INFO - Setting next_dagrun for example_dynamic_task_mapping_with_no_taskflow_operators to 2023-10-18T11:53:54.263818+00:00, run_after=2023-10-19T11:53:54.263818+00:00
[2023-10-19T11:53:54.352+0000] {processor.py:179} INFO - Processing /home/airflow/.local/lib/python3.8/site-packages/airflow/example_dags/example_dynamic_task_mapping_with_no_taskflow_operators.py took 0.485 seconds
[2023-10-19T11:54:27.607+0000] {processor.py:157} INFO - Started process (PID=226) to work on /home/airflow/.local/lib/python3.8/site-packages/airflow/example_dags/example_dynamic_task_mapping_with_no_taskflow_operators.py
[2023-10-19T11:54:27.609+0000] {processor.py:829} INFO - Processing file /home/airflow/.local/lib/python3.8/site-packages/airflow/example_dags/example_dynamic_task_mapping_with_no_taskflow_operators.py for tasks to queue
[2023-10-19T11:54:27.616+0000] {logging_mixin.py:151} INFO - [2023-10-19T11:54:27.616+0000] {dagbag.py:539} INFO - Filling up the DagBag from /home/airflow/.local/lib/python3.8/site-packages/airflow/example_dags/example_dynamic_task_mapping_with_no_taskflow_operators.py
[2023-10-19T11:54:27.636+0000] {processor.py:839} INFO - DAG(s) dict_keys(['example_dynamic_task_mapping_with_no_taskflow_operators']) retrieved from /home/airflow/.local/lib/python3.8/site-packages/airflow/example_dags/example_dynamic_task_mapping_with_no_taskflow_operators.py
[2023-10-19T11:54:27.796+0000] {logging_mixin.py:151} INFO - [2023-10-19T11:54:27.795+0000] {dag.py:2915} INFO - Sync 1 DAGs
[2023-10-19T11:54:27.965+0000] {logging_mixin.py:151} INFO - [2023-10-19T11:54:27.964+0000] {dag.py:3696} INFO - Setting next_dagrun for example_dynamic_task_mapping_with_no_taskflow_operators to 2023-10-18T11:54:27.964349+00:00, run_after=2023-10-19T11:54:27.964349+00:00
[2023-10-19T11:54:28.153+0000] {processor.py:179} INFO - Processing /home/airflow/.local/lib/python3.8/site-packages/airflow/example_dags/example_dynamic_task_mapping_with_no_taskflow_operators.py took 0.559 seconds
[2023-10-19T11:55:02.747+0000] {processor.py:157} INFO - Started process (PID=279) to work on /home/airflow/.local/lib/python3.8/site-packages/airflow/example_dags/example_dynamic_task_mapping_with_no_taskflow_operators.py
[2023-10-19T11:55:02.781+0000] {processor.py:829} INFO - Processing file /home/airflow/.local/lib/python3.8/site-packages/airflow/example_dags/example_dynamic_task_mapping_with_no_taskflow_operators.py for tasks to queue
[2023-10-19T11:55:02.817+0000] {logging_mixin.py:151} INFO - [2023-10-19T11:55:02.816+0000] {dagbag.py:539} INFO - Filling up the DagBag from /home/airflow/.local/lib/python3.8/site-packages/airflow/example_dags/example_dynamic_task_mapping_with_no_taskflow_operators.py
[2023-10-19T11:55:02.968+0000] {processor.py:839} INFO - DAG(s) dict_keys(['example_dynamic_task_mapping_with_no_taskflow_operators']) retrieved from /home/airflow/.local/lib/python3.8/site-packages/airflow/example_dags/example_dynamic_task_mapping_with_no_taskflow_operators.py
[2023-10-19T11:55:04.117+0000] {logging_mixin.py:151} INFO - [2023-10-19T11:55:04.114+0000] {dag.py:2915} INFO - Sync 1 DAGs
[2023-10-19T11:55:04.642+0000] {logging_mixin.py:151} INFO - [2023-10-19T11:55:04.641+0000] {dag.py:3696} INFO - Setting next_dagrun for example_dynamic_task_mapping_with_no_taskflow_operators to 2023-10-18T11:55:04.640931+00:00, run_after=2023-10-19T11:55:04.640931+00:00
[2023-10-19T11:55:04.948+0000] {processor.py:179} INFO - Processing /home/airflow/.local/lib/python3.8/site-packages/airflow/example_dags/example_dynamic_task_mapping_with_no_taskflow_operators.py took 2.377 seconds
[2023-10-19T11:55:35.509+0000] {processor.py:157} INFO - Started process (PID=333) to work on /home/airflow/.local/lib/python3.8/site-packages/airflow/example_dags/example_dynamic_task_mapping_with_no_taskflow_operators.py
[2023-10-19T11:55:35.512+0000] {processor.py:829} INFO - Processing file /home/airflow/.local/lib/python3.8/site-packages/airflow/example_dags/example_dynamic_task_mapping_with_no_taskflow_operators.py for tasks to queue
[2023-10-19T11:55:35.615+0000] {logging_mixin.py:151} INFO - [2023-10-19T11:55:35.600+0000] {dagbag.py:539} INFO - Filling up the DagBag from /home/airflow/.local/lib/python3.8/site-packages/airflow/example_dags/example_dynamic_task_mapping_with_no_taskflow_operators.py
[2023-10-19T11:55:35.771+0000] {processor.py:839} INFO - DAG(s) dict_keys(['example_dynamic_task_mapping_with_no_taskflow_operators']) retrieved from /home/airflow/.local/lib/python3.8/site-packages/airflow/example_dags/example_dynamic_task_mapping_with_no_taskflow_operators.py
[2023-10-19T11:55:36.166+0000] {logging_mixin.py:151} INFO - [2023-10-19T11:55:36.166+0000] {dag.py:2915} INFO - Sync 1 DAGs
[2023-10-19T11:55:36.327+0000] {logging_mixin.py:151} INFO - [2023-10-19T11:55:36.327+0000] {dag.py:3696} INFO - Setting next_dagrun for example_dynamic_task_mapping_with_no_taskflow_operators to 2023-10-18T11:55:36.326863+00:00, run_after=2023-10-19T11:55:36.326863+00:00
[2023-10-19T11:55:36.582+0000] {processor.py:179} INFO - Processing /home/airflow/.local/lib/python3.8/site-packages/airflow/example_dags/example_dynamic_task_mapping_with_no_taskflow_operators.py took 1.108 seconds
[2023-10-19T11:56:11.608+0000] {processor.py:157} INFO - Started process (PID=386) to work on /home/airflow/.local/lib/python3.8/site-packages/airflow/example_dags/example_dynamic_task_mapping_with_no_taskflow_operators.py
[2023-10-19T11:56:11.747+0000] {processor.py:829} INFO - Processing file /home/airflow/.local/lib/python3.8/site-packages/airflow/example_dags/example_dynamic_task_mapping_with_no_taskflow_operators.py for tasks to queue
[2023-10-19T11:56:11.773+0000] {logging_mixin.py:151} INFO - [2023-10-19T11:56:11.772+0000] {dagbag.py:539} INFO - Filling up the DagBag from /home/airflow/.local/lib/python3.8/site-packages/airflow/example_dags/example_dynamic_task_mapping_with_no_taskflow_operators.py
[2023-10-19T11:56:11.810+0000] {processor.py:839} INFO - DAG(s) dict_keys(['example_dynamic_task_mapping_with_no_taskflow_operators']) retrieved from /home/airflow/.local/lib/python3.8/site-packages/airflow/example_dags/example_dynamic_task_mapping_with_no_taskflow_operators.py
[2023-10-19T11:56:12.952+0000] {logging_mixin.py:151} INFO - [2023-10-19T11:56:12.952+0000] {dag.py:2915} INFO - Sync 1 DAGs
[2023-10-19T11:56:13.896+0000] {logging_mixin.py:151} INFO - [2023-10-19T11:56:13.895+0000] {dag.py:3696} INFO - Setting next_dagrun for example_dynamic_task_mapping_with_no_taskflow_operators to 2023-10-18T11:56:13.884889+00:00, run_after=2023-10-19T11:56:13.884889+00:00
[2023-10-19T11:56:14.363+0000] {processor.py:179} INFO - Processing /home/airflow/.local/lib/python3.8/site-packages/airflow/example_dags/example_dynamic_task_mapping_with_no_taskflow_operators.py took 2.779 seconds
[2023-10-19T11:56:44.810+0000] {processor.py:157} INFO - Started process (PID=439) to work on /home/airflow/.local/lib/python3.8/site-packages/airflow/example_dags/example_dynamic_task_mapping_with_no_taskflow_operators.py
[2023-10-19T11:56:44.816+0000] {processor.py:829} INFO - Processing file /home/airflow/.local/lib/python3.8/site-packages/airflow/example_dags/example_dynamic_task_mapping_with_no_taskflow_operators.py for tasks to queue
[2023-10-19T11:56:44.848+0000] {logging_mixin.py:151} INFO - [2023-10-19T11:56:44.841+0000] {dagbag.py:539} INFO - Filling up the DagBag from /home/airflow/.local/lib/python3.8/site-packages/airflow/example_dags/example_dynamic_task_mapping_with_no_taskflow_operators.py
[2023-10-19T11:56:44.985+0000] {processor.py:839} INFO - DAG(s) dict_keys(['example_dynamic_task_mapping_with_no_taskflow_operators']) retrieved from /home/airflow/.local/lib/python3.8/site-packages/airflow/example_dags/example_dynamic_task_mapping_with_no_taskflow_operators.py
[2023-10-19T11:56:45.117+0000] {logging_mixin.py:151} INFO - [2023-10-19T11:56:45.116+0000] {dag.py:2915} INFO - Sync 1 DAGs
[2023-10-19T11:56:45.207+0000] {logging_mixin.py:151} INFO - [2023-10-19T11:56:45.207+0000] {dag.py:3696} INFO - Setting next_dagrun for example_dynamic_task_mapping_with_no_taskflow_operators to 2023-10-18T11:56:45.206560+00:00, run_after=2023-10-19T11:56:45.206560+00:00
[2023-10-19T11:56:45.350+0000] {processor.py:179} INFO - Processing /home/airflow/.local/lib/python3.8/site-packages/airflow/example_dags/example_dynamic_task_mapping_with_no_taskflow_operators.py took 0.558 seconds
[2023-10-19T11:57:15.629+0000] {processor.py:157} INFO - Started process (PID=493) to work on /home/airflow/.local/lib/python3.8/site-packages/airflow/example_dags/example_dynamic_task_mapping_with_no_taskflow_operators.py
[2023-10-19T11:57:15.634+0000] {processor.py:829} INFO - Processing file /home/airflow/.local/lib/python3.8/site-packages/airflow/example_dags/example_dynamic_task_mapping_with_no_taskflow_operators.py for tasks to queue
[2023-10-19T11:57:15.640+0000] {logging_mixin.py:151} INFO - [2023-10-19T11:57:15.639+0000] {dagbag.py:539} INFO - Filling up the DagBag from /home/airflow/.local/lib/python3.8/site-packages/airflow/example_dags/example_dynamic_task_mapping_with_no_taskflow_operators.py
[2023-10-19T11:57:15.665+0000] {processor.py:839} INFO - DAG(s) dict_keys(['example_dynamic_task_mapping_with_no_taskflow_operators']) retrieved from /home/airflow/.local/lib/python3.8/site-packages/airflow/example_dags/example_dynamic_task_mapping_with_no_taskflow_operators.py
[2023-10-19T11:57:15.724+0000] {logging_mixin.py:151} INFO - [2023-10-19T11:57:15.724+0000] {dag.py:2915} INFO - Sync 1 DAGs
[2023-10-19T11:57:15.776+0000] {logging_mixin.py:151} INFO - [2023-10-19T11:57:15.775+0000] {dag.py:3696} INFO - Setting next_dagrun for example_dynamic_task_mapping_with_no_taskflow_operators to 2023-10-18T11:57:15.775419+00:00, run_after=2023-10-19T11:57:15.775419+00:00
[2023-10-19T11:57:15.820+0000] {processor.py:179} INFO - Processing /home/airflow/.local/lib/python3.8/site-packages/airflow/example_dags/example_dynamic_task_mapping_with_no_taskflow_operators.py took 0.208 seconds
[2023-10-19T11:57:46.849+0000] {processor.py:157} INFO - Started process (PID=547) to work on /home/airflow/.local/lib/python3.8/site-packages/airflow/example_dags/example_dynamic_task_mapping_with_no_taskflow_operators.py
[2023-10-19T11:57:46.851+0000] {processor.py:829} INFO - Processing file /home/airflow/.local/lib/python3.8/site-packages/airflow/example_dags/example_dynamic_task_mapping_with_no_taskflow_operators.py for tasks to queue
[2023-10-19T11:57:46.854+0000] {logging_mixin.py:151} INFO - [2023-10-19T11:57:46.854+0000] {dagbag.py:539} INFO - Filling up the DagBag from /home/airflow/.local/lib/python3.8/site-packages/airflow/example_dags/example_dynamic_task_mapping_with_no_taskflow_operators.py
[2023-10-19T11:57:46.872+0000] {processor.py:839} INFO - DAG(s) dict_keys(['example_dynamic_task_mapping_with_no_taskflow_operators']) retrieved from /home/airflow/.local/lib/python3.8/site-packages/airflow/example_dags/example_dynamic_task_mapping_with_no_taskflow_operators.py
[2023-10-19T11:57:46.920+0000] {logging_mixin.py:151} INFO - [2023-10-19T11:57:46.919+0000] {dag.py:2915} INFO - Sync 1 DAGs
[2023-10-19T11:57:46.987+0000] {logging_mixin.py:151} INFO - [2023-10-19T11:57:46.987+0000] {dag.py:3696} INFO - Setting next_dagrun for example_dynamic_task_mapping_with_no_taskflow_operators to 2023-10-18T11:57:46.986788+00:00, run_after=2023-10-19T11:57:46.986788+00:00
[2023-10-19T11:57:47.039+0000] {processor.py:179} INFO - Processing /home/airflow/.local/lib/python3.8/site-packages/airflow/example_dags/example_dynamic_task_mapping_with_no_taskflow_operators.py took 0.197 seconds
