[2023-10-19T11:52:44.164+0000] {processor.py:157} INFO - Started process (PID=77) to work on /home/airflow/.local/lib/python3.8/site-packages/airflow/example_dags/example_short_circuit_decorator.py
[2023-10-19T11:52:44.176+0000] {processor.py:829} INFO - Processing file /home/airflow/.local/lib/python3.8/site-packages/airflow/example_dags/example_short_circuit_decorator.py for tasks to queue
[2023-10-19T11:52:44.184+0000] {logging_mixin.py:151} INFO - [2023-10-19T11:52:44.184+0000] {dagbag.py:539} INFO - Filling up the DagBag from /home/airflow/.local/lib/python3.8/site-packages/airflow/example_dags/example_short_circuit_decorator.py
[2023-10-19T11:52:44.319+0000] {processor.py:839} INFO - DAG(s) dict_keys(['example_short_circuit_decorator']) retrieved from /home/airflow/.local/lib/python3.8/site-packages/airflow/example_dags/example_short_circuit_decorator.py
[2023-10-19T11:52:44.725+0000] {logging_mixin.py:151} INFO - [2023-10-19T11:52:44.724+0000] {dag.py:2915} INFO - Sync 1 DAGs
[2023-10-19T11:52:45.442+0000] {logging_mixin.py:151} INFO - [2023-10-19T11:52:45.441+0000] {dag.py:3696} INFO - Setting next_dagrun for example_short_circuit_decorator to 2023-10-18T11:52:45.441188+00:00, run_after=2023-10-19T11:52:45.441188+00:00
[2023-10-19T11:52:45.748+0000] {processor.py:179} INFO - Processing /home/airflow/.local/lib/python3.8/site-packages/airflow/example_dags/example_short_circuit_decorator.py took 1.679 seconds
[2023-10-19T11:53:25.980+0000] {processor.py:157} INFO - Started process (PID=136) to work on /home/airflow/.local/lib/python3.8/site-packages/airflow/example_dags/example_short_circuit_decorator.py
[2023-10-19T11:53:26.002+0000] {processor.py:829} INFO - Processing file /home/airflow/.local/lib/python3.8/site-packages/airflow/example_dags/example_short_circuit_decorator.py for tasks to queue
[2023-10-19T11:53:26.127+0000] {logging_mixin.py:151} INFO - [2023-10-19T11:53:26.126+0000] {dagbag.py:539} INFO - Filling up the DagBag from /home/airflow/.local/lib/python3.8/site-packages/airflow/example_dags/example_short_circuit_decorator.py
[2023-10-19T11:53:26.332+0000] {processor.py:839} INFO - DAG(s) dict_keys(['example_short_circuit_decorator']) retrieved from /home/airflow/.local/lib/python3.8/site-packages/airflow/example_dags/example_short_circuit_decorator.py
[2023-10-19T11:53:27.000+0000] {logging_mixin.py:151} INFO - [2023-10-19T11:53:26.979+0000] {dag.py:2915} INFO - Sync 1 DAGs
[2023-10-19T11:53:27.519+0000] {logging_mixin.py:151} INFO - [2023-10-19T11:53:27.518+0000] {dag.py:3696} INFO - Setting next_dagrun for example_short_circuit_decorator to 2023-10-18T11:53:27.517919+00:00, run_after=2023-10-19T11:53:27.517919+00:00
[2023-10-19T11:53:27.943+0000] {processor.py:179} INFO - Processing /home/airflow/.local/lib/python3.8/site-packages/airflow/example_dags/example_short_circuit_decorator.py took 2.197 seconds
[2023-10-19T11:54:00.777+0000] {processor.py:157} INFO - Started process (PID=190) to work on /home/airflow/.local/lib/python3.8/site-packages/airflow/example_dags/example_short_circuit_decorator.py
[2023-10-19T11:54:00.782+0000] {processor.py:829} INFO - Processing file /home/airflow/.local/lib/python3.8/site-packages/airflow/example_dags/example_short_circuit_decorator.py for tasks to queue
[2023-10-19T11:54:00.787+0000] {logging_mixin.py:151} INFO - [2023-10-19T11:54:00.787+0000] {dagbag.py:539} INFO - Filling up the DagBag from /home/airflow/.local/lib/python3.8/site-packages/airflow/example_dags/example_short_circuit_decorator.py
[2023-10-19T11:54:00.835+0000] {processor.py:839} INFO - DAG(s) dict_keys(['example_short_circuit_decorator']) retrieved from /home/airflow/.local/lib/python3.8/site-packages/airflow/example_dags/example_short_circuit_decorator.py
[2023-10-19T11:54:00.968+0000] {logging_mixin.py:151} INFO - [2023-10-19T11:54:00.967+0000] {dag.py:2915} INFO - Sync 1 DAGs
[2023-10-19T11:54:01.135+0000] {logging_mixin.py:151} INFO - [2023-10-19T11:54:01.135+0000] {dag.py:3696} INFO - Setting next_dagrun for example_short_circuit_decorator to 2023-10-18T11:54:01.134541+00:00, run_after=2023-10-19T11:54:01.134541+00:00
[2023-10-19T11:54:01.372+0000] {processor.py:179} INFO - Processing /home/airflow/.local/lib/python3.8/site-packages/airflow/example_dags/example_short_circuit_decorator.py took 0.609 seconds
[2023-10-19T11:54:35.177+0000] {processor.py:157} INFO - Started process (PID=243) to work on /home/airflow/.local/lib/python3.8/site-packages/airflow/example_dags/example_short_circuit_decorator.py
[2023-10-19T11:54:35.184+0000] {processor.py:829} INFO - Processing file /home/airflow/.local/lib/python3.8/site-packages/airflow/example_dags/example_short_circuit_decorator.py for tasks to queue
[2023-10-19T11:54:35.189+0000] {logging_mixin.py:151} INFO - [2023-10-19T11:54:35.189+0000] {dagbag.py:539} INFO - Filling up the DagBag from /home/airflow/.local/lib/python3.8/site-packages/airflow/example_dags/example_short_circuit_decorator.py
[2023-10-19T11:54:35.237+0000] {processor.py:839} INFO - DAG(s) dict_keys(['example_short_circuit_decorator']) retrieved from /home/airflow/.local/lib/python3.8/site-packages/airflow/example_dags/example_short_circuit_decorator.py
[2023-10-19T11:54:35.341+0000] {logging_mixin.py:151} INFO - [2023-10-19T11:54:35.340+0000] {dag.py:2915} INFO - Sync 1 DAGs
[2023-10-19T11:54:35.442+0000] {logging_mixin.py:151} INFO - [2023-10-19T11:54:35.440+0000] {dag.py:3696} INFO - Setting next_dagrun for example_short_circuit_decorator to 2023-10-18T11:54:35.438894+00:00, run_after=2023-10-19T11:54:35.438894+00:00
[2023-10-19T11:54:35.521+0000] {processor.py:179} INFO - Processing /home/airflow/.local/lib/python3.8/site-packages/airflow/example_dags/example_short_circuit_decorator.py took 0.366 seconds
[2023-10-19T11:55:09.645+0000] {processor.py:157} INFO - Started process (PID=294) to work on /home/airflow/.local/lib/python3.8/site-packages/airflow/example_dags/example_short_circuit_decorator.py
[2023-10-19T11:55:09.650+0000] {processor.py:829} INFO - Processing file /home/airflow/.local/lib/python3.8/site-packages/airflow/example_dags/example_short_circuit_decorator.py for tasks to queue
[2023-10-19T11:55:09.656+0000] {logging_mixin.py:151} INFO - [2023-10-19T11:55:09.656+0000] {dagbag.py:539} INFO - Filling up the DagBag from /home/airflow/.local/lib/python3.8/site-packages/airflow/example_dags/example_short_circuit_decorator.py
[2023-10-19T11:55:09.688+0000] {processor.py:839} INFO - DAG(s) dict_keys(['example_short_circuit_decorator']) retrieved from /home/airflow/.local/lib/python3.8/site-packages/airflow/example_dags/example_short_circuit_decorator.py
[2023-10-19T11:55:09.774+0000] {logging_mixin.py:151} INFO - [2023-10-19T11:55:09.773+0000] {dag.py:2915} INFO - Sync 1 DAGs
[2023-10-19T11:55:09.861+0000] {logging_mixin.py:151} INFO - [2023-10-19T11:55:09.860+0000] {dag.py:3696} INFO - Setting next_dagrun for example_short_circuit_decorator to 2023-10-18T11:55:09.857551+00:00, run_after=2023-10-19T11:55:09.857551+00:00
[2023-10-19T11:55:09.936+0000] {processor.py:179} INFO - Processing /home/airflow/.local/lib/python3.8/site-packages/airflow/example_dags/example_short_circuit_decorator.py took 0.304 seconds
[2023-10-19T11:55:52.039+0000] {processor.py:157} INFO - Started process (PID=348) to work on /home/airflow/.local/lib/python3.8/site-packages/airflow/example_dags/example_short_circuit_decorator.py
[2023-10-19T11:55:52.043+0000] {processor.py:829} INFO - Processing file /home/airflow/.local/lib/python3.8/site-packages/airflow/example_dags/example_short_circuit_decorator.py for tasks to queue
[2023-10-19T11:55:52.057+0000] {logging_mixin.py:151} INFO - [2023-10-19T11:55:52.056+0000] {dagbag.py:539} INFO - Filling up the DagBag from /home/airflow/.local/lib/python3.8/site-packages/airflow/example_dags/example_short_circuit_decorator.py
[2023-10-19T11:55:52.185+0000] {processor.py:839} INFO - DAG(s) dict_keys(['example_short_circuit_decorator']) retrieved from /home/airflow/.local/lib/python3.8/site-packages/airflow/example_dags/example_short_circuit_decorator.py
[2023-10-19T11:55:52.486+0000] {logging_mixin.py:151} INFO - [2023-10-19T11:55:52.485+0000] {dag.py:2915} INFO - Sync 1 DAGs
[2023-10-19T11:55:52.645+0000] {logging_mixin.py:151} INFO - [2023-10-19T11:55:52.645+0000] {dag.py:3696} INFO - Setting next_dagrun for example_short_circuit_decorator to 2023-10-18T11:55:52.644592+00:00, run_after=2023-10-19T11:55:52.644592+00:00
[2023-10-19T11:55:52.727+0000] {processor.py:179} INFO - Processing /home/airflow/.local/lib/python3.8/site-packages/airflow/example_dags/example_short_circuit_decorator.py took 0.698 seconds
[2023-10-19T11:56:29.076+0000] {processor.py:157} INFO - Started process (PID=402) to work on /home/airflow/.local/lib/python3.8/site-packages/airflow/example_dags/example_short_circuit_decorator.py
[2023-10-19T11:56:29.093+0000] {processor.py:829} INFO - Processing file /home/airflow/.local/lib/python3.8/site-packages/airflow/example_dags/example_short_circuit_decorator.py for tasks to queue
[2023-10-19T11:56:29.101+0000] {logging_mixin.py:151} INFO - [2023-10-19T11:56:29.098+0000] {dagbag.py:539} INFO - Filling up the DagBag from /home/airflow/.local/lib/python3.8/site-packages/airflow/example_dags/example_short_circuit_decorator.py
[2023-10-19T11:56:29.223+0000] {processor.py:839} INFO - DAG(s) dict_keys(['example_short_circuit_decorator']) retrieved from /home/airflow/.local/lib/python3.8/site-packages/airflow/example_dags/example_short_circuit_decorator.py
[2023-10-19T11:56:29.388+0000] {logging_mixin.py:151} INFO - [2023-10-19T11:56:29.387+0000] {dag.py:2915} INFO - Sync 1 DAGs
[2023-10-19T11:56:29.563+0000] {logging_mixin.py:151} INFO - [2023-10-19T11:56:29.562+0000] {dag.py:3696} INFO - Setting next_dagrun for example_short_circuit_decorator to 2023-10-18T11:56:29.562120+00:00, run_after=2023-10-19T11:56:29.562120+00:00
[2023-10-19T11:56:29.939+0000] {processor.py:179} INFO - Processing /home/airflow/.local/lib/python3.8/site-packages/airflow/example_dags/example_short_circuit_decorator.py took 0.904 seconds
[2023-10-19T11:57:06.489+0000] {processor.py:157} INFO - Started process (PID=464) to work on /home/airflow/.local/lib/python3.8/site-packages/airflow/example_dags/example_short_circuit_decorator.py
[2023-10-19T11:57:06.493+0000] {processor.py:829} INFO - Processing file /home/airflow/.local/lib/python3.8/site-packages/airflow/example_dags/example_short_circuit_decorator.py for tasks to queue
[2023-10-19T11:57:06.509+0000] {logging_mixin.py:151} INFO - [2023-10-19T11:57:06.508+0000] {dagbag.py:539} INFO - Filling up the DagBag from /home/airflow/.local/lib/python3.8/site-packages/airflow/example_dags/example_short_circuit_decorator.py
[2023-10-19T11:57:06.665+0000] {processor.py:839} INFO - DAG(s) dict_keys(['example_short_circuit_decorator']) retrieved from /home/airflow/.local/lib/python3.8/site-packages/airflow/example_dags/example_short_circuit_decorator.py
[2023-10-19T11:57:07.227+0000] {logging_mixin.py:151} INFO - [2023-10-19T11:57:07.226+0000] {dag.py:2915} INFO - Sync 1 DAGs
[2023-10-19T11:57:07.475+0000] {logging_mixin.py:151} INFO - [2023-10-19T11:57:07.475+0000] {dag.py:3696} INFO - Setting next_dagrun for example_short_circuit_decorator to 2023-10-18T11:57:07.474690+00:00, run_after=2023-10-19T11:57:07.474690+00:00
[2023-10-19T11:57:07.717+0000] {processor.py:179} INFO - Processing /home/airflow/.local/lib/python3.8/site-packages/airflow/example_dags/example_short_circuit_decorator.py took 1.275 seconds
[2023-10-19T11:57:37.996+0000] {processor.py:157} INFO - Started process (PID=518) to work on /home/airflow/.local/lib/python3.8/site-packages/airflow/example_dags/example_short_circuit_decorator.py
[2023-10-19T11:57:38.024+0000] {processor.py:829} INFO - Processing file /home/airflow/.local/lib/python3.8/site-packages/airflow/example_dags/example_short_circuit_decorator.py for tasks to queue
[2023-10-19T11:57:38.052+0000] {logging_mixin.py:151} INFO - [2023-10-19T11:57:38.052+0000] {dagbag.py:539} INFO - Filling up the DagBag from /home/airflow/.local/lib/python3.8/site-packages/airflow/example_dags/example_short_circuit_decorator.py
[2023-10-19T11:57:38.965+0000] {processor.py:839} INFO - DAG(s) dict_keys(['example_short_circuit_decorator']) retrieved from /home/airflow/.local/lib/python3.8/site-packages/airflow/example_dags/example_short_circuit_decorator.py
[2023-10-19T11:57:39.222+0000] {logging_mixin.py:151} INFO - [2023-10-19T11:57:39.213+0000] {dag.py:2915} INFO - Sync 1 DAGs
[2023-10-19T11:57:39.443+0000] {logging_mixin.py:151} INFO - [2023-10-19T11:57:39.442+0000] {dag.py:3696} INFO - Setting next_dagrun for example_short_circuit_decorator to 2023-10-18T11:57:39.441611+00:00, run_after=2023-10-19T11:57:39.441611+00:00
[2023-10-19T11:57:39.625+0000] {processor.py:179} INFO - Processing /home/airflow/.local/lib/python3.8/site-packages/airflow/example_dags/example_short_circuit_decorator.py took 1.669 seconds
[2023-10-19T11:58:10.895+0000] {processor.py:157} INFO - Started process (PID=572) to work on /home/airflow/.local/lib/python3.8/site-packages/airflow/example_dags/example_short_circuit_decorator.py
[2023-10-19T11:58:10.946+0000] {processor.py:829} INFO - Processing file /home/airflow/.local/lib/python3.8/site-packages/airflow/example_dags/example_short_circuit_decorator.py for tasks to queue
[2023-10-19T11:58:10.983+0000] {logging_mixin.py:151} INFO - [2023-10-19T11:58:10.983+0000] {dagbag.py:539} INFO - Filling up the DagBag from /home/airflow/.local/lib/python3.8/site-packages/airflow/example_dags/example_short_circuit_decorator.py
[2023-10-19T11:58:11.140+0000] {processor.py:839} INFO - DAG(s) dict_keys(['example_short_circuit_decorator']) retrieved from /home/airflow/.local/lib/python3.8/site-packages/airflow/example_dags/example_short_circuit_decorator.py
[2023-10-19T11:58:12.527+0000] {logging_mixin.py:151} INFO - [2023-10-19T11:58:12.527+0000] {dag.py:2915} INFO - Sync 1 DAGs
[2023-10-19T11:58:13.873+0000] {logging_mixin.py:151} INFO - [2023-10-19T11:58:13.873+0000] {dag.py:3696} INFO - Setting next_dagrun for example_short_circuit_decorator to 2023-10-18T11:58:13.790394+00:00, run_after=2023-10-19T11:58:13.790394+00:00
[2023-10-19T11:58:15.425+0000] {processor.py:179} INFO - Processing /home/airflow/.local/lib/python3.8/site-packages/airflow/example_dags/example_short_circuit_decorator.py took 4.591 seconds
