[2023-10-19T11:52:42.893+0000] {processor.py:157} INFO - Started process (PID=76) to work on /home/airflow/.local/lib/python3.8/site-packages/airflow/example_dags/example_setup_teardown_taskflow.py
[2023-10-19T11:52:42.918+0000] {processor.py:829} INFO - Processing file /home/airflow/.local/lib/python3.8/site-packages/airflow/example_dags/example_setup_teardown_taskflow.py for tasks to queue
[2023-10-19T11:52:42.965+0000] {logging_mixin.py:151} INFO - [2023-10-19T11:52:42.964+0000] {dagbag.py:539} INFO - Filling up the DagBag from /home/airflow/.local/lib/python3.8/site-packages/airflow/example_dags/example_setup_teardown_taskflow.py
[2023-10-19T11:52:43.424+0000] {processor.py:839} INFO - DAG(s) dict_keys(['example_setup_teardown_taskflow']) retrieved from /home/airflow/.local/lib/python3.8/site-packages/airflow/example_dags/example_setup_teardown_taskflow.py
[2023-10-19T11:52:44.176+0000] {logging_mixin.py:151} INFO - [2023-10-19T11:52:44.176+0000] {dag.py:2915} INFO - Sync 1 DAGs
[2023-10-19T11:52:44.515+0000] {logging_mixin.py:151} INFO - [2023-10-19T11:52:44.513+0000] {dag.py:3696} INFO - Setting next_dagrun for example_setup_teardown_taskflow to 2023-10-18T11:52:44.509023+00:00, run_after=2023-10-19T11:52:44.509023+00:00
[2023-10-19T11:52:45.386+0000] {processor.py:179} INFO - Processing /home/airflow/.local/lib/python3.8/site-packages/airflow/example_dags/example_setup_teardown_taskflow.py took 2.594 seconds
[2023-10-19T11:53:23.364+0000] {processor.py:157} INFO - Started process (PID=130) to work on /home/airflow/.local/lib/python3.8/site-packages/airflow/example_dags/example_setup_teardown_taskflow.py
[2023-10-19T11:53:23.366+0000] {processor.py:829} INFO - Processing file /home/airflow/.local/lib/python3.8/site-packages/airflow/example_dags/example_setup_teardown_taskflow.py for tasks to queue
[2023-10-19T11:53:23.375+0000] {logging_mixin.py:151} INFO - [2023-10-19T11:53:23.373+0000] {dagbag.py:539} INFO - Filling up the DagBag from /home/airflow/.local/lib/python3.8/site-packages/airflow/example_dags/example_setup_teardown_taskflow.py
[2023-10-19T11:53:23.486+0000] {processor.py:839} INFO - DAG(s) dict_keys(['example_setup_teardown_taskflow']) retrieved from /home/airflow/.local/lib/python3.8/site-packages/airflow/example_dags/example_setup_teardown_taskflow.py
[2023-10-19T11:53:24.985+0000] {logging_mixin.py:151} INFO - [2023-10-19T11:53:24.981+0000] {dag.py:2915} INFO - Sync 1 DAGs
[2023-10-19T11:53:26.252+0000] {logging_mixin.py:151} INFO - [2023-10-19T11:53:26.240+0000] {dag.py:3696} INFO - Setting next_dagrun for example_setup_teardown_taskflow to 2023-10-18T11:53:26.217226+00:00, run_after=2023-10-19T11:53:26.217226+00:00
[2023-10-19T11:53:26.640+0000] {processor.py:179} INFO - Processing /home/airflow/.local/lib/python3.8/site-packages/airflow/example_dags/example_setup_teardown_taskflow.py took 3.309 seconds
[2023-10-19T11:54:00.488+0000] {processor.py:157} INFO - Started process (PID=189) to work on /home/airflow/.local/lib/python3.8/site-packages/airflow/example_dags/example_setup_teardown_taskflow.py
[2023-10-19T11:54:00.492+0000] {processor.py:829} INFO - Processing file /home/airflow/.local/lib/python3.8/site-packages/airflow/example_dags/example_setup_teardown_taskflow.py for tasks to queue
[2023-10-19T11:54:00.497+0000] {logging_mixin.py:151} INFO - [2023-10-19T11:54:00.496+0000] {dagbag.py:539} INFO - Filling up the DagBag from /home/airflow/.local/lib/python3.8/site-packages/airflow/example_dags/example_setup_teardown_taskflow.py
[2023-10-19T11:54:00.562+0000] {processor.py:839} INFO - DAG(s) dict_keys(['example_setup_teardown_taskflow']) retrieved from /home/airflow/.local/lib/python3.8/site-packages/airflow/example_dags/example_setup_teardown_taskflow.py
[2023-10-19T11:54:00.695+0000] {logging_mixin.py:151} INFO - [2023-10-19T11:54:00.695+0000] {dag.py:2915} INFO - Sync 1 DAGs
[2023-10-19T11:54:00.793+0000] {logging_mixin.py:151} INFO - [2023-10-19T11:54:00.792+0000] {dag.py:3696} INFO - Setting next_dagrun for example_setup_teardown_taskflow to 2023-10-18T11:54:00.792345+00:00, run_after=2023-10-19T11:54:00.792345+00:00
[2023-10-19T11:54:00.928+0000] {processor.py:179} INFO - Processing /home/airflow/.local/lib/python3.8/site-packages/airflow/example_dags/example_setup_teardown_taskflow.py took 0.458 seconds
[2023-10-19T11:54:35.114+0000] {processor.py:157} INFO - Started process (PID=242) to work on /home/airflow/.local/lib/python3.8/site-packages/airflow/example_dags/example_setup_teardown_taskflow.py
[2023-10-19T11:54:35.116+0000] {processor.py:829} INFO - Processing file /home/airflow/.local/lib/python3.8/site-packages/airflow/example_dags/example_setup_teardown_taskflow.py for tasks to queue
[2023-10-19T11:54:35.124+0000] {logging_mixin.py:151} INFO - [2023-10-19T11:54:35.123+0000] {dagbag.py:539} INFO - Filling up the DagBag from /home/airflow/.local/lib/python3.8/site-packages/airflow/example_dags/example_setup_teardown_taskflow.py
[2023-10-19T11:54:35.155+0000] {processor.py:839} INFO - DAG(s) dict_keys(['example_setup_teardown_taskflow']) retrieved from /home/airflow/.local/lib/python3.8/site-packages/airflow/example_dags/example_setup_teardown_taskflow.py
[2023-10-19T11:54:35.249+0000] {logging_mixin.py:151} INFO - [2023-10-19T11:54:35.249+0000] {dag.py:2915} INFO - Sync 1 DAGs
[2023-10-19T11:54:35.341+0000] {logging_mixin.py:151} INFO - [2023-10-19T11:54:35.341+0000] {dag.py:3696} INFO - Setting next_dagrun for example_setup_teardown_taskflow to 2023-10-18T11:54:35.339777+00:00, run_after=2023-10-19T11:54:35.339777+00:00
[2023-10-19T11:54:35.403+0000] {processor.py:179} INFO - Processing /home/airflow/.local/lib/python3.8/site-packages/airflow/example_dags/example_setup_teardown_taskflow.py took 0.297 seconds
[2023-10-19T11:55:09.573+0000] {processor.py:157} INFO - Started process (PID=293) to work on /home/airflow/.local/lib/python3.8/site-packages/airflow/example_dags/example_setup_teardown_taskflow.py
[2023-10-19T11:55:09.576+0000] {processor.py:829} INFO - Processing file /home/airflow/.local/lib/python3.8/site-packages/airflow/example_dags/example_setup_teardown_taskflow.py for tasks to queue
[2023-10-19T11:55:09.584+0000] {logging_mixin.py:151} INFO - [2023-10-19T11:55:09.583+0000] {dagbag.py:539} INFO - Filling up the DagBag from /home/airflow/.local/lib/python3.8/site-packages/airflow/example_dags/example_setup_teardown_taskflow.py
[2023-10-19T11:55:09.621+0000] {processor.py:839} INFO - DAG(s) dict_keys(['example_setup_teardown_taskflow']) retrieved from /home/airflow/.local/lib/python3.8/site-packages/airflow/example_dags/example_setup_teardown_taskflow.py
[2023-10-19T11:55:09.688+0000] {logging_mixin.py:151} INFO - [2023-10-19T11:55:09.688+0000] {dag.py:2915} INFO - Sync 1 DAGs
[2023-10-19T11:55:09.777+0000] {logging_mixin.py:151} INFO - [2023-10-19T11:55:09.776+0000] {dag.py:3696} INFO - Setting next_dagrun for example_setup_teardown_taskflow to 2023-10-18T11:55:09.775471+00:00, run_after=2023-10-19T11:55:09.775471+00:00
[2023-10-19T11:55:09.843+0000] {processor.py:179} INFO - Processing /home/airflow/.local/lib/python3.8/site-packages/airflow/example_dags/example_setup_teardown_taskflow.py took 0.277 seconds
[2023-10-19T11:55:51.832+0000] {processor.py:157} INFO - Started process (PID=347) to work on /home/airflow/.local/lib/python3.8/site-packages/airflow/example_dags/example_setup_teardown_taskflow.py
[2023-10-19T11:55:51.836+0000] {processor.py:829} INFO - Processing file /home/airflow/.local/lib/python3.8/site-packages/airflow/example_dags/example_setup_teardown_taskflow.py for tasks to queue
[2023-10-19T11:55:51.843+0000] {logging_mixin.py:151} INFO - [2023-10-19T11:55:51.842+0000] {dagbag.py:539} INFO - Filling up the DagBag from /home/airflow/.local/lib/python3.8/site-packages/airflow/example_dags/example_setup_teardown_taskflow.py
[2023-10-19T11:55:51.892+0000] {processor.py:839} INFO - DAG(s) dict_keys(['example_setup_teardown_taskflow']) retrieved from /home/airflow/.local/lib/python3.8/site-packages/airflow/example_dags/example_setup_teardown_taskflow.py
[2023-10-19T11:55:52.048+0000] {logging_mixin.py:151} INFO - [2023-10-19T11:55:52.048+0000] {dag.py:2915} INFO - Sync 1 DAGs
[2023-10-19T11:55:52.295+0000] {logging_mixin.py:151} INFO - [2023-10-19T11:55:52.293+0000] {dag.py:3696} INFO - Setting next_dagrun for example_setup_teardown_taskflow to 2023-10-18T11:55:52.291284+00:00, run_after=2023-10-19T11:55:52.291284+00:00
[2023-10-19T11:55:52.525+0000] {processor.py:179} INFO - Processing /home/airflow/.local/lib/python3.8/site-packages/airflow/example_dags/example_setup_teardown_taskflow.py took 0.717 seconds
[2023-10-19T11:56:28.833+0000] {processor.py:157} INFO - Started process (PID=401) to work on /home/airflow/.local/lib/python3.8/site-packages/airflow/example_dags/example_setup_teardown_taskflow.py
[2023-10-19T11:56:28.837+0000] {processor.py:829} INFO - Processing file /home/airflow/.local/lib/python3.8/site-packages/airflow/example_dags/example_setup_teardown_taskflow.py for tasks to queue
[2023-10-19T11:56:28.863+0000] {logging_mixin.py:151} INFO - [2023-10-19T11:56:28.862+0000] {dagbag.py:539} INFO - Filling up the DagBag from /home/airflow/.local/lib/python3.8/site-packages/airflow/example_dags/example_setup_teardown_taskflow.py
[2023-10-19T11:56:29.046+0000] {processor.py:839} INFO - DAG(s) dict_keys(['example_setup_teardown_taskflow']) retrieved from /home/airflow/.local/lib/python3.8/site-packages/airflow/example_dags/example_setup_teardown_taskflow.py
[2023-10-19T11:56:29.217+0000] {logging_mixin.py:151} INFO - [2023-10-19T11:56:29.216+0000] {dag.py:2915} INFO - Sync 1 DAGs
[2023-10-19T11:56:29.404+0000] {logging_mixin.py:151} INFO - [2023-10-19T11:56:29.403+0000] {dag.py:3696} INFO - Setting next_dagrun for example_setup_teardown_taskflow to 2023-10-18T11:56:29.402278+00:00, run_after=2023-10-19T11:56:29.402278+00:00
[2023-10-19T11:56:29.533+0000] {processor.py:179} INFO - Processing /home/airflow/.local/lib/python3.8/site-packages/airflow/example_dags/example_setup_teardown_taskflow.py took 0.736 seconds
[2023-10-19T11:57:05.801+0000] {processor.py:157} INFO - Started process (PID=463) to work on /home/airflow/.local/lib/python3.8/site-packages/airflow/example_dags/example_setup_teardown_taskflow.py
[2023-10-19T11:57:05.803+0000] {processor.py:829} INFO - Processing file /home/airflow/.local/lib/python3.8/site-packages/airflow/example_dags/example_setup_teardown_taskflow.py for tasks to queue
[2023-10-19T11:57:05.828+0000] {logging_mixin.py:151} INFO - [2023-10-19T11:57:05.819+0000] {dagbag.py:539} INFO - Filling up the DagBag from /home/airflow/.local/lib/python3.8/site-packages/airflow/example_dags/example_setup_teardown_taskflow.py
[2023-10-19T11:57:05.980+0000] {processor.py:839} INFO - DAG(s) dict_keys(['example_setup_teardown_taskflow']) retrieved from /home/airflow/.local/lib/python3.8/site-packages/airflow/example_dags/example_setup_teardown_taskflow.py
[2023-10-19T11:57:06.384+0000] {logging_mixin.py:151} INFO - [2023-10-19T11:57:06.384+0000] {dag.py:2915} INFO - Sync 1 DAGs
[2023-10-19T11:57:06.609+0000] {logging_mixin.py:151} INFO - [2023-10-19T11:57:06.609+0000] {dag.py:3696} INFO - Setting next_dagrun for example_setup_teardown_taskflow to 2023-10-18T11:57:06.608570+00:00, run_after=2023-10-19T11:57:06.608570+00:00
[2023-10-19T11:57:07.032+0000] {processor.py:179} INFO - Processing /home/airflow/.local/lib/python3.8/site-packages/airflow/example_dags/example_setup_teardown_taskflow.py took 1.281 seconds
[2023-10-19T11:57:37.930+0000] {processor.py:157} INFO - Started process (PID=517) to work on /home/airflow/.local/lib/python3.8/site-packages/airflow/example_dags/example_setup_teardown_taskflow.py
[2023-10-19T11:57:37.940+0000] {processor.py:829} INFO - Processing file /home/airflow/.local/lib/python3.8/site-packages/airflow/example_dags/example_setup_teardown_taskflow.py for tasks to queue
[2023-10-19T11:57:37.953+0000] {logging_mixin.py:151} INFO - [2023-10-19T11:57:37.952+0000] {dagbag.py:539} INFO - Filling up the DagBag from /home/airflow/.local/lib/python3.8/site-packages/airflow/example_dags/example_setup_teardown_taskflow.py
[2023-10-19T11:57:38.589+0000] {processor.py:839} INFO - DAG(s) dict_keys(['example_setup_teardown_taskflow']) retrieved from /home/airflow/.local/lib/python3.8/site-packages/airflow/example_dags/example_setup_teardown_taskflow.py
[2023-10-19T11:57:39.116+0000] {logging_mixin.py:151} INFO - [2023-10-19T11:57:39.116+0000] {dag.py:2915} INFO - Sync 1 DAGs
[2023-10-19T11:57:39.445+0000] {logging_mixin.py:151} INFO - [2023-10-19T11:57:39.443+0000] {dag.py:3696} INFO - Setting next_dagrun for example_setup_teardown_taskflow to 2023-10-18T11:57:39.441384+00:00, run_after=2023-10-19T11:57:39.441384+00:00
[2023-10-19T11:57:39.570+0000] {processor.py:179} INFO - Processing /home/airflow/.local/lib/python3.8/site-packages/airflow/example_dags/example_setup_teardown_taskflow.py took 1.663 seconds
[2023-10-19T11:58:10.747+0000] {processor.py:157} INFO - Started process (PID=571) to work on /home/airflow/.local/lib/python3.8/site-packages/airflow/example_dags/example_setup_teardown_taskflow.py
[2023-10-19T11:58:10.788+0000] {processor.py:829} INFO - Processing file /home/airflow/.local/lib/python3.8/site-packages/airflow/example_dags/example_setup_teardown_taskflow.py for tasks to queue
[2023-10-19T11:58:10.811+0000] {logging_mixin.py:151} INFO - [2023-10-19T11:58:10.811+0000] {dagbag.py:539} INFO - Filling up the DagBag from /home/airflow/.local/lib/python3.8/site-packages/airflow/example_dags/example_setup_teardown_taskflow.py
[2023-10-19T11:58:11.061+0000] {processor.py:839} INFO - DAG(s) dict_keys(['example_setup_teardown_taskflow']) retrieved from /home/airflow/.local/lib/python3.8/site-packages/airflow/example_dags/example_setup_teardown_taskflow.py
[2023-10-19T11:58:11.326+0000] {logging_mixin.py:151} INFO - [2023-10-19T11:58:11.326+0000] {dag.py:2915} INFO - Sync 1 DAGs
[2023-10-19T11:58:11.731+0000] {logging_mixin.py:151} INFO - [2023-10-19T11:58:11.728+0000] {dag.py:3696} INFO - Setting next_dagrun for example_setup_teardown_taskflow to 2023-10-18T11:58:11.725855+00:00, run_after=2023-10-19T11:58:11.725855+00:00
[2023-10-19T11:58:12.694+0000] {processor.py:179} INFO - Processing /home/airflow/.local/lib/python3.8/site-packages/airflow/example_dags/example_setup_teardown_taskflow.py took 2.011 seconds
