[2023-10-19T11:52:45.942+0000] {processor.py:157} INFO - Started process (PID=78) to work on /home/airflow/.local/lib/python3.8/site-packages/airflow/example_dags/example_short_circuit_operator.py
[2023-10-19T11:52:45.944+0000] {processor.py:829} INFO - Processing file /home/airflow/.local/lib/python3.8/site-packages/airflow/example_dags/example_short_circuit_operator.py for tasks to queue
[2023-10-19T11:52:46.026+0000] {logging_mixin.py:151} INFO - [2023-10-19T11:52:46.005+0000] {dagbag.py:539} INFO - Filling up the DagBag from /home/airflow/.local/lib/python3.8/site-packages/airflow/example_dags/example_short_circuit_operator.py
[2023-10-19T11:52:46.518+0000] {processor.py:839} INFO - DAG(s) dict_keys(['example_short_circuit_operator']) retrieved from /home/airflow/.local/lib/python3.8/site-packages/airflow/example_dags/example_short_circuit_operator.py
[2023-10-19T11:52:46.972+0000] {logging_mixin.py:151} INFO - [2023-10-19T11:52:46.972+0000] {dag.py:2915} INFO - Sync 1 DAGs
[2023-10-19T11:52:47.383+0000] {logging_mixin.py:151} INFO - [2023-10-19T11:52:47.382+0000] {dag.py:3696} INFO - Setting next_dagrun for example_short_circuit_operator to 2023-10-18T11:52:47.381234+00:00, run_after=2023-10-19T11:52:47.381234+00:00
[2023-10-19T11:52:47.634+0000] {processor.py:179} INFO - Processing /home/airflow/.local/lib/python3.8/site-packages/airflow/example_dags/example_short_circuit_operator.py took 1.956 seconds
[2023-10-19T11:53:27.452+0000] {processor.py:157} INFO - Started process (PID=138) to work on /home/airflow/.local/lib/python3.8/site-packages/airflow/example_dags/example_short_circuit_operator.py
[2023-10-19T11:53:27.459+0000] {processor.py:829} INFO - Processing file /home/airflow/.local/lib/python3.8/site-packages/airflow/example_dags/example_short_circuit_operator.py for tasks to queue
[2023-10-19T11:53:27.480+0000] {logging_mixin.py:151} INFO - [2023-10-19T11:53:27.478+0000] {dagbag.py:539} INFO - Filling up the DagBag from /home/airflow/.local/lib/python3.8/site-packages/airflow/example_dags/example_short_circuit_operator.py
[2023-10-19T11:53:27.651+0000] {processor.py:839} INFO - DAG(s) dict_keys(['example_short_circuit_operator']) retrieved from /home/airflow/.local/lib/python3.8/site-packages/airflow/example_dags/example_short_circuit_operator.py
[2023-10-19T11:53:28.117+0000] {logging_mixin.py:151} INFO - [2023-10-19T11:53:28.115+0000] {dag.py:2915} INFO - Sync 1 DAGs
[2023-10-19T11:53:29.013+0000] {logging_mixin.py:151} INFO - [2023-10-19T11:53:29.012+0000] {dag.py:3696} INFO - Setting next_dagrun for example_short_circuit_operator to 2023-10-18T11:53:29.012094+00:00, run_after=2023-10-19T11:53:29.012094+00:00
[2023-10-19T11:53:29.364+0000] {processor.py:179} INFO - Processing /home/airflow/.local/lib/python3.8/site-packages/airflow/example_dags/example_short_circuit_operator.py took 1.945 seconds
[2023-10-19T11:54:01.034+0000] {processor.py:157} INFO - Started process (PID=191) to work on /home/airflow/.local/lib/python3.8/site-packages/airflow/example_dags/example_short_circuit_operator.py
[2023-10-19T11:54:01.036+0000] {processor.py:829} INFO - Processing file /home/airflow/.local/lib/python3.8/site-packages/airflow/example_dags/example_short_circuit_operator.py for tasks to queue
[2023-10-19T11:54:01.046+0000] {logging_mixin.py:151} INFO - [2023-10-19T11:54:01.045+0000] {dagbag.py:539} INFO - Filling up the DagBag from /home/airflow/.local/lib/python3.8/site-packages/airflow/example_dags/example_short_circuit_operator.py
[2023-10-19T11:54:01.090+0000] {processor.py:839} INFO - DAG(s) dict_keys(['example_short_circuit_operator']) retrieved from /home/airflow/.local/lib/python3.8/site-packages/airflow/example_dags/example_short_circuit_operator.py
[2023-10-19T11:54:01.215+0000] {logging_mixin.py:151} INFO - [2023-10-19T11:54:01.215+0000] {dag.py:2915} INFO - Sync 1 DAGs
[2023-10-19T11:54:01.426+0000] {logging_mixin.py:151} INFO - [2023-10-19T11:54:01.416+0000] {dag.py:3696} INFO - Setting next_dagrun for example_short_circuit_operator to 2023-10-18T11:54:01.415637+00:00, run_after=2023-10-19T11:54:01.415637+00:00
[2023-10-19T11:54:01.553+0000] {processor.py:179} INFO - Processing /home/airflow/.local/lib/python3.8/site-packages/airflow/example_dags/example_short_circuit_operator.py took 0.528 seconds
[2023-10-19T11:54:35.489+0000] {processor.py:157} INFO - Started process (PID=244) to work on /home/airflow/.local/lib/python3.8/site-packages/airflow/example_dags/example_short_circuit_operator.py
[2023-10-19T11:54:35.491+0000] {processor.py:829} INFO - Processing file /home/airflow/.local/lib/python3.8/site-packages/airflow/example_dags/example_short_circuit_operator.py for tasks to queue
[2023-10-19T11:54:35.506+0000] {logging_mixin.py:151} INFO - [2023-10-19T11:54:35.504+0000] {dagbag.py:539} INFO - Filling up the DagBag from /home/airflow/.local/lib/python3.8/site-packages/airflow/example_dags/example_short_circuit_operator.py
[2023-10-19T11:54:35.556+0000] {processor.py:839} INFO - DAG(s) dict_keys(['example_short_circuit_operator']) retrieved from /home/airflow/.local/lib/python3.8/site-packages/airflow/example_dags/example_short_circuit_operator.py
[2023-10-19T11:54:35.664+0000] {logging_mixin.py:151} INFO - [2023-10-19T11:54:35.663+0000] {dag.py:2915} INFO - Sync 1 DAGs
[2023-10-19T11:54:35.775+0000] {logging_mixin.py:151} INFO - [2023-10-19T11:54:35.775+0000] {dag.py:3696} INFO - Setting next_dagrun for example_short_circuit_operator to 2023-10-18T11:54:35.774740+00:00, run_after=2023-10-19T11:54:35.774740+00:00
[2023-10-19T11:54:35.845+0000] {processor.py:179} INFO - Processing /home/airflow/.local/lib/python3.8/site-packages/airflow/example_dags/example_short_circuit_operator.py took 0.369 seconds
[2023-10-19T11:55:09.912+0000] {processor.py:157} INFO - Started process (PID=295) to work on /home/airflow/.local/lib/python3.8/site-packages/airflow/example_dags/example_short_circuit_operator.py
[2023-10-19T11:55:09.915+0000] {processor.py:829} INFO - Processing file /home/airflow/.local/lib/python3.8/site-packages/airflow/example_dags/example_short_circuit_operator.py for tasks to queue
[2023-10-19T11:55:09.925+0000] {logging_mixin.py:151} INFO - [2023-10-19T11:55:09.924+0000] {dagbag.py:539} INFO - Filling up the DagBag from /home/airflow/.local/lib/python3.8/site-packages/airflow/example_dags/example_short_circuit_operator.py
[2023-10-19T11:55:09.963+0000] {processor.py:839} INFO - DAG(s) dict_keys(['example_short_circuit_operator']) retrieved from /home/airflow/.local/lib/python3.8/site-packages/airflow/example_dags/example_short_circuit_operator.py
[2023-10-19T11:55:10.114+0000] {logging_mixin.py:151} INFO - [2023-10-19T11:55:10.113+0000] {dag.py:2915} INFO - Sync 1 DAGs
[2023-10-19T11:55:10.296+0000] {logging_mixin.py:151} INFO - [2023-10-19T11:55:10.296+0000] {dag.py:3696} INFO - Setting next_dagrun for example_short_circuit_operator to 2023-10-18T11:55:10.295613+00:00, run_after=2023-10-19T11:55:10.295613+00:00
[2023-10-19T11:55:10.507+0000] {processor.py:179} INFO - Processing /home/airflow/.local/lib/python3.8/site-packages/airflow/example_dags/example_short_circuit_operator.py took 0.605 seconds
[2023-10-19T11:55:54.049+0000] {processor.py:157} INFO - Started process (PID=351) to work on /home/airflow/.local/lib/python3.8/site-packages/airflow/example_dags/example_short_circuit_operator.py
[2023-10-19T11:55:54.056+0000] {processor.py:829} INFO - Processing file /home/airflow/.local/lib/python3.8/site-packages/airflow/example_dags/example_short_circuit_operator.py for tasks to queue
[2023-10-19T11:55:54.080+0000] {logging_mixin.py:151} INFO - [2023-10-19T11:55:54.077+0000] {dagbag.py:539} INFO - Filling up the DagBag from /home/airflow/.local/lib/python3.8/site-packages/airflow/example_dags/example_short_circuit_operator.py
[2023-10-19T11:55:54.126+0000] {processor.py:839} INFO - DAG(s) dict_keys(['example_short_circuit_operator']) retrieved from /home/airflow/.local/lib/python3.8/site-packages/airflow/example_dags/example_short_circuit_operator.py
[2023-10-19T11:55:54.291+0000] {logging_mixin.py:151} INFO - [2023-10-19T11:55:54.291+0000] {dag.py:2915} INFO - Sync 1 DAGs
[2023-10-19T11:55:54.435+0000] {logging_mixin.py:151} INFO - [2023-10-19T11:55:54.434+0000] {dag.py:3696} INFO - Setting next_dagrun for example_short_circuit_operator to 2023-10-18T11:55:54.434022+00:00, run_after=2023-10-19T11:55:54.434022+00:00
[2023-10-19T11:55:54.560+0000] {processor.py:179} INFO - Processing /home/airflow/.local/lib/python3.8/site-packages/airflow/example_dags/example_short_circuit_operator.py took 0.548 seconds
[2023-10-19T11:56:31.111+0000] {processor.py:157} INFO - Started process (PID=405) to work on /home/airflow/.local/lib/python3.8/site-packages/airflow/example_dags/example_short_circuit_operator.py
[2023-10-19T11:56:31.135+0000] {processor.py:829} INFO - Processing file /home/airflow/.local/lib/python3.8/site-packages/airflow/example_dags/example_short_circuit_operator.py for tasks to queue
[2023-10-19T11:56:31.205+0000] {logging_mixin.py:151} INFO - [2023-10-19T11:56:31.185+0000] {dagbag.py:539} INFO - Filling up the DagBag from /home/airflow/.local/lib/python3.8/site-packages/airflow/example_dags/example_short_circuit_operator.py
[2023-10-19T11:56:31.634+0000] {processor.py:839} INFO - DAG(s) dict_keys(['example_short_circuit_operator']) retrieved from /home/airflow/.local/lib/python3.8/site-packages/airflow/example_dags/example_short_circuit_operator.py
[2023-10-19T11:56:31.933+0000] {logging_mixin.py:151} INFO - [2023-10-19T11:56:31.933+0000] {dag.py:2915} INFO - Sync 1 DAGs
[2023-10-19T11:56:32.442+0000] {logging_mixin.py:151} INFO - [2023-10-19T11:56:32.440+0000] {dag.py:3696} INFO - Setting next_dagrun for example_short_circuit_operator to 2023-10-18T11:56:32.409582+00:00, run_after=2023-10-19T11:56:32.409582+00:00
[2023-10-19T11:56:33.244+0000] {processor.py:179} INFO - Processing /home/airflow/.local/lib/python3.8/site-packages/airflow/example_dags/example_short_circuit_operator.py took 2.250 seconds
[2023-10-19T11:57:07.391+0000] {processor.py:157} INFO - Started process (PID=465) to work on /home/airflow/.local/lib/python3.8/site-packages/airflow/example_dags/example_short_circuit_operator.py
[2023-10-19T11:57:07.393+0000] {processor.py:829} INFO - Processing file /home/airflow/.local/lib/python3.8/site-packages/airflow/example_dags/example_short_circuit_operator.py for tasks to queue
[2023-10-19T11:57:07.442+0000] {logging_mixin.py:151} INFO - [2023-10-19T11:57:07.435+0000] {dagbag.py:539} INFO - Filling up the DagBag from /home/airflow/.local/lib/python3.8/site-packages/airflow/example_dags/example_short_circuit_operator.py
[2023-10-19T11:57:07.581+0000] {processor.py:839} INFO - DAG(s) dict_keys(['example_short_circuit_operator']) retrieved from /home/airflow/.local/lib/python3.8/site-packages/airflow/example_dags/example_short_circuit_operator.py
[2023-10-19T11:57:07.784+0000] {logging_mixin.py:151} INFO - [2023-10-19T11:57:07.782+0000] {dag.py:2915} INFO - Sync 1 DAGs
[2023-10-19T11:57:08.027+0000] {logging_mixin.py:151} INFO - [2023-10-19T11:57:08.026+0000] {dag.py:3696} INFO - Setting next_dagrun for example_short_circuit_operator to 2023-10-18T11:57:08.025454+00:00, run_after=2023-10-19T11:57:08.025454+00:00
[2023-10-19T11:57:08.345+0000] {processor.py:179} INFO - Processing /home/airflow/.local/lib/python3.8/site-packages/airflow/example_dags/example_short_circuit_operator.py took 1.044 seconds
[2023-10-19T11:57:39.663+0000] {processor.py:157} INFO - Started process (PID=519) to work on /home/airflow/.local/lib/python3.8/site-packages/airflow/example_dags/example_short_circuit_operator.py
[2023-10-19T11:57:39.665+0000] {processor.py:829} INFO - Processing file /home/airflow/.local/lib/python3.8/site-packages/airflow/example_dags/example_short_circuit_operator.py for tasks to queue
[2023-10-19T11:57:39.673+0000] {logging_mixin.py:151} INFO - [2023-10-19T11:57:39.672+0000] {dagbag.py:539} INFO - Filling up the DagBag from /home/airflow/.local/lib/python3.8/site-packages/airflow/example_dags/example_short_circuit_operator.py
[2023-10-19T11:57:39.714+0000] {processor.py:839} INFO - DAG(s) dict_keys(['example_short_circuit_operator']) retrieved from /home/airflow/.local/lib/python3.8/site-packages/airflow/example_dags/example_short_circuit_operator.py
[2023-10-19T11:57:39.821+0000] {logging_mixin.py:151} INFO - [2023-10-19T11:57:39.821+0000] {dag.py:2915} INFO - Sync 1 DAGs
[2023-10-19T11:57:40.025+0000] {logging_mixin.py:151} INFO - [2023-10-19T11:57:40.025+0000] {dag.py:3696} INFO - Setting next_dagrun for example_short_circuit_operator to 2023-10-18T11:57:40.024397+00:00, run_after=2023-10-19T11:57:40.024397+00:00
[2023-10-19T11:57:40.135+0000] {processor.py:179} INFO - Processing /home/airflow/.local/lib/python3.8/site-packages/airflow/example_dags/example_short_circuit_operator.py took 0.487 seconds
[2023-10-19T11:58:15.380+0000] {processor.py:157} INFO - Started process (PID=573) to work on /home/airflow/.local/lib/python3.8/site-packages/airflow/example_dags/example_short_circuit_operator.py
[2023-10-19T11:58:15.450+0000] {processor.py:829} INFO - Processing file /home/airflow/.local/lib/python3.8/site-packages/airflow/example_dags/example_short_circuit_operator.py for tasks to queue
[2023-10-19T11:58:15.705+0000] {logging_mixin.py:151} INFO - [2023-10-19T11:58:15.704+0000] {dagbag.py:539} INFO - Filling up the DagBag from /home/airflow/.local/lib/python3.8/site-packages/airflow/example_dags/example_short_circuit_operator.py
[2023-10-19T11:58:15.877+0000] {processor.py:839} INFO - DAG(s) dict_keys(['example_short_circuit_operator']) retrieved from /home/airflow/.local/lib/python3.8/site-packages/airflow/example_dags/example_short_circuit_operator.py
[2023-10-19T11:58:16.444+0000] {logging_mixin.py:151} INFO - [2023-10-19T11:58:16.440+0000] {dag.py:2915} INFO - Sync 1 DAGs
[2023-10-19T11:58:17.468+0000] {logging_mixin.py:151} INFO - [2023-10-19T11:58:17.465+0000] {dag.py:3696} INFO - Setting next_dagrun for example_short_circuit_operator to 2023-10-18T11:58:17.453164+00:00, run_after=2023-10-19T11:58:17.453164+00:00
[2023-10-19T11:58:18.035+0000] {processor.py:179} INFO - Processing /home/airflow/.local/lib/python3.8/site-packages/airflow/example_dags/example_short_circuit_operator.py took 2.748 seconds
