[2023-10-19T11:52:21.438+0000] {processor.py:157} INFO - Started process (PID=46) to work on /home/airflow/.local/lib/python3.8/site-packages/airflow/example_dags/example_branch_day_of_week_operator.py
[2023-10-19T11:52:21.448+0000] {processor.py:829} INFO - Processing file /home/airflow/.local/lib/python3.8/site-packages/airflow/example_dags/example_branch_day_of_week_operator.py for tasks to queue
[2023-10-19T11:52:21.472+0000] {logging_mixin.py:151} INFO - [2023-10-19T11:52:21.472+0000] {dagbag.py:539} INFO - Filling up the DagBag from /home/airflow/.local/lib/python3.8/site-packages/airflow/example_dags/example_branch_day_of_week_operator.py
[2023-10-19T11:52:21.610+0000] {processor.py:839} INFO - DAG(s) dict_keys(['example_weekday_branch_operator']) retrieved from /home/airflow/.local/lib/python3.8/site-packages/airflow/example_dags/example_branch_day_of_week_operator.py
[2023-10-19T11:52:21.920+0000] {logging_mixin.py:151} INFO - [2023-10-19T11:52:21.920+0000] {dag.py:2915} INFO - Sync 1 DAGs
[2023-10-19T11:52:22.382+0000] {logging_mixin.py:151} INFO - [2023-10-19T11:52:22.381+0000] {dag.py:3696} INFO - Setting next_dagrun for example_weekday_branch_operator to 2023-10-18T00:00:00+00:00, run_after=2023-10-19T00:00:00+00:00
[2023-10-19T11:52:22.618+0000] {processor.py:179} INFO - Processing /home/airflow/.local/lib/python3.8/site-packages/airflow/example_dags/example_branch_day_of_week_operator.py took 1.191 seconds
[2023-10-19T11:53:11.355+0000] {processor.py:157} INFO - Started process (PID=107) to work on /home/airflow/.local/lib/python3.8/site-packages/airflow/example_dags/example_branch_day_of_week_operator.py
[2023-10-19T11:53:11.359+0000] {processor.py:829} INFO - Processing file /home/airflow/.local/lib/python3.8/site-packages/airflow/example_dags/example_branch_day_of_week_operator.py for tasks to queue
[2023-10-19T11:53:11.364+0000] {logging_mixin.py:151} INFO - [2023-10-19T11:53:11.364+0000] {dagbag.py:539} INFO - Filling up the DagBag from /home/airflow/.local/lib/python3.8/site-packages/airflow/example_dags/example_branch_day_of_week_operator.py
[2023-10-19T11:53:11.394+0000] {processor.py:839} INFO - DAG(s) dict_keys(['example_weekday_branch_operator']) retrieved from /home/airflow/.local/lib/python3.8/site-packages/airflow/example_dags/example_branch_day_of_week_operator.py
[2023-10-19T11:53:11.531+0000] {logging_mixin.py:151} INFO - [2023-10-19T11:53:11.530+0000] {dag.py:2915} INFO - Sync 1 DAGs
[2023-10-19T11:53:11.647+0000] {logging_mixin.py:151} INFO - [2023-10-19T11:53:11.644+0000] {dag.py:3696} INFO - Setting next_dagrun for example_weekday_branch_operator to 2023-10-18T00:00:00+00:00, run_after=2023-10-19T00:00:00+00:00
[2023-10-19T11:53:11.725+0000] {processor.py:179} INFO - Processing /home/airflow/.local/lib/python3.8/site-packages/airflow/example_dags/example_branch_day_of_week_operator.py took 0.381 seconds
[2023-10-19T11:53:46.186+0000] {processor.py:157} INFO - Started process (PID=158) to work on /home/airflow/.local/lib/python3.8/site-packages/airflow/example_dags/example_branch_day_of_week_operator.py
[2023-10-19T11:53:46.194+0000] {processor.py:829} INFO - Processing file /home/airflow/.local/lib/python3.8/site-packages/airflow/example_dags/example_branch_day_of_week_operator.py for tasks to queue
[2023-10-19T11:53:46.217+0000] {logging_mixin.py:151} INFO - [2023-10-19T11:53:46.216+0000] {dagbag.py:539} INFO - Filling up the DagBag from /home/airflow/.local/lib/python3.8/site-packages/airflow/example_dags/example_branch_day_of_week_operator.py
[2023-10-19T11:53:46.258+0000] {processor.py:839} INFO - DAG(s) dict_keys(['example_weekday_branch_operator']) retrieved from /home/airflow/.local/lib/python3.8/site-packages/airflow/example_dags/example_branch_day_of_week_operator.py
[2023-10-19T11:53:46.477+0000] {logging_mixin.py:151} INFO - [2023-10-19T11:53:46.476+0000] {dag.py:2915} INFO - Sync 1 DAGs
[2023-10-19T11:53:47.122+0000] {logging_mixin.py:151} INFO - [2023-10-19T11:53:47.121+0000] {dag.py:3696} INFO - Setting next_dagrun for example_weekday_branch_operator to 2023-10-18T00:00:00+00:00, run_after=2023-10-19T00:00:00+00:00
[2023-10-19T11:53:47.562+0000] {processor.py:179} INFO - Processing /home/airflow/.local/lib/python3.8/site-packages/airflow/example_dags/example_branch_day_of_week_operator.py took 1.409 seconds
[2023-10-19T11:54:19.076+0000] {processor.py:157} INFO - Started process (PID=211) to work on /home/airflow/.local/lib/python3.8/site-packages/airflow/example_dags/example_branch_day_of_week_operator.py
[2023-10-19T11:54:19.107+0000] {processor.py:829} INFO - Processing file /home/airflow/.local/lib/python3.8/site-packages/airflow/example_dags/example_branch_day_of_week_operator.py for tasks to queue
[2023-10-19T11:54:19.117+0000] {logging_mixin.py:151} INFO - [2023-10-19T11:54:19.116+0000] {dagbag.py:539} INFO - Filling up the DagBag from /home/airflow/.local/lib/python3.8/site-packages/airflow/example_dags/example_branch_day_of_week_operator.py
[2023-10-19T11:54:19.595+0000] {processor.py:839} INFO - DAG(s) dict_keys(['example_weekday_branch_operator']) retrieved from /home/airflow/.local/lib/python3.8/site-packages/airflow/example_dags/example_branch_day_of_week_operator.py
[2023-10-19T11:54:20.892+0000] {logging_mixin.py:151} INFO - [2023-10-19T11:54:20.892+0000] {dag.py:2915} INFO - Sync 1 DAGs
[2023-10-19T11:54:21.325+0000] {logging_mixin.py:151} INFO - [2023-10-19T11:54:21.325+0000] {dag.py:3696} INFO - Setting next_dagrun for example_weekday_branch_operator to 2023-10-18T00:00:00+00:00, run_after=2023-10-19T00:00:00+00:00
[2023-10-19T11:54:21.480+0000] {processor.py:179} INFO - Processing /home/airflow/.local/lib/python3.8/site-packages/airflow/example_dags/example_branch_day_of_week_operator.py took 2.463 seconds
[2023-10-19T11:54:51.795+0000] {processor.py:157} INFO - Started process (PID=264) to work on /home/airflow/.local/lib/python3.8/site-packages/airflow/example_dags/example_branch_day_of_week_operator.py
[2023-10-19T11:54:51.802+0000] {processor.py:829} INFO - Processing file /home/airflow/.local/lib/python3.8/site-packages/airflow/example_dags/example_branch_day_of_week_operator.py for tasks to queue
[2023-10-19T11:54:51.828+0000] {logging_mixin.py:151} INFO - [2023-10-19T11:54:51.827+0000] {dagbag.py:539} INFO - Filling up the DagBag from /home/airflow/.local/lib/python3.8/site-packages/airflow/example_dags/example_branch_day_of_week_operator.py
[2023-10-19T11:54:51.894+0000] {processor.py:839} INFO - DAG(s) dict_keys(['example_weekday_branch_operator']) retrieved from /home/airflow/.local/lib/python3.8/site-packages/airflow/example_dags/example_branch_day_of_week_operator.py
[2023-10-19T11:54:51.993+0000] {logging_mixin.py:151} INFO - [2023-10-19T11:54:51.992+0000] {dag.py:2915} INFO - Sync 1 DAGs
[2023-10-19T11:54:52.227+0000] {logging_mixin.py:151} INFO - [2023-10-19T11:54:52.226+0000] {dag.py:3696} INFO - Setting next_dagrun for example_weekday_branch_operator to 2023-10-18T00:00:00+00:00, run_after=2023-10-19T00:00:00+00:00
[2023-10-19T11:54:52.328+0000] {processor.py:179} INFO - Processing /home/airflow/.local/lib/python3.8/site-packages/airflow/example_dags/example_branch_day_of_week_operator.py took 0.561 seconds
[2023-10-19T11:55:23.031+0000] {processor.py:157} INFO - Started process (PID=317) to work on /home/airflow/.local/lib/python3.8/site-packages/airflow/example_dags/example_branch_day_of_week_operator.py
[2023-10-19T11:55:23.036+0000] {processor.py:829} INFO - Processing file /home/airflow/.local/lib/python3.8/site-packages/airflow/example_dags/example_branch_day_of_week_operator.py for tasks to queue
[2023-10-19T11:55:23.076+0000] {logging_mixin.py:151} INFO - [2023-10-19T11:55:23.069+0000] {dagbag.py:539} INFO - Filling up the DagBag from /home/airflow/.local/lib/python3.8/site-packages/airflow/example_dags/example_branch_day_of_week_operator.py
[2023-10-19T11:55:23.128+0000] {processor.py:839} INFO - DAG(s) dict_keys(['example_weekday_branch_operator']) retrieved from /home/airflow/.local/lib/python3.8/site-packages/airflow/example_dags/example_branch_day_of_week_operator.py
[2023-10-19T11:55:23.196+0000] {logging_mixin.py:151} INFO - [2023-10-19T11:55:23.196+0000] {dag.py:2915} INFO - Sync 1 DAGs
[2023-10-19T11:55:23.288+0000] {logging_mixin.py:151} INFO - [2023-10-19T11:55:23.288+0000] {dag.py:3696} INFO - Setting next_dagrun for example_weekday_branch_operator to 2023-10-18T00:00:00+00:00, run_after=2023-10-19T00:00:00+00:00
[2023-10-19T11:55:23.357+0000] {processor.py:179} INFO - Processing /home/airflow/.local/lib/python3.8/site-packages/airflow/example_dags/example_branch_day_of_week_operator.py took 0.373 seconds
[2023-10-19T11:55:59.364+0000] {processor.py:157} INFO - Started process (PID=371) to work on /home/airflow/.local/lib/python3.8/site-packages/airflow/example_dags/example_branch_day_of_week_operator.py
[2023-10-19T11:55:59.368+0000] {processor.py:829} INFO - Processing file /home/airflow/.local/lib/python3.8/site-packages/airflow/example_dags/example_branch_day_of_week_operator.py for tasks to queue
[2023-10-19T11:55:59.375+0000] {logging_mixin.py:151} INFO - [2023-10-19T11:55:59.374+0000] {dagbag.py:539} INFO - Filling up the DagBag from /home/airflow/.local/lib/python3.8/site-packages/airflow/example_dags/example_branch_day_of_week_operator.py
[2023-10-19T11:55:59.437+0000] {processor.py:839} INFO - DAG(s) dict_keys(['example_weekday_branch_operator']) retrieved from /home/airflow/.local/lib/python3.8/site-packages/airflow/example_dags/example_branch_day_of_week_operator.py
[2023-10-19T11:55:59.564+0000] {logging_mixin.py:151} INFO - [2023-10-19T11:55:59.564+0000] {dag.py:2915} INFO - Sync 1 DAGs
[2023-10-19T11:55:59.937+0000] {logging_mixin.py:151} INFO - [2023-10-19T11:55:59.936+0000] {dag.py:3696} INFO - Setting next_dagrun for example_weekday_branch_operator to 2023-10-18T00:00:00+00:00, run_after=2023-10-19T00:00:00+00:00
[2023-10-19T11:56:00.154+0000] {processor.py:179} INFO - Processing /home/airflow/.local/lib/python3.8/site-packages/airflow/example_dags/example_branch_day_of_week_operator.py took 0.807 seconds
[2023-10-19T11:56:37.014+0000] {processor.py:157} INFO - Started process (PID=429) to work on /home/airflow/.local/lib/python3.8/site-packages/airflow/example_dags/example_branch_day_of_week_operator.py
[2023-10-19T11:56:37.015+0000] {processor.py:829} INFO - Processing file /home/airflow/.local/lib/python3.8/site-packages/airflow/example_dags/example_branch_day_of_week_operator.py for tasks to queue
[2023-10-19T11:56:37.021+0000] {logging_mixin.py:151} INFO - [2023-10-19T11:56:37.021+0000] {dagbag.py:539} INFO - Filling up the DagBag from /home/airflow/.local/lib/python3.8/site-packages/airflow/example_dags/example_branch_day_of_week_operator.py
[2023-10-19T11:56:37.050+0000] {processor.py:839} INFO - DAG(s) dict_keys(['example_weekday_branch_operator']) retrieved from /home/airflow/.local/lib/python3.8/site-packages/airflow/example_dags/example_branch_day_of_week_operator.py
[2023-10-19T11:56:37.109+0000] {logging_mixin.py:151} INFO - [2023-10-19T11:56:37.109+0000] {dag.py:2915} INFO - Sync 1 DAGs
[2023-10-19T11:56:37.177+0000] {logging_mixin.py:151} INFO - [2023-10-19T11:56:37.176+0000] {dag.py:3696} INFO - Setting next_dagrun for example_weekday_branch_operator to 2023-10-18T00:00:00+00:00, run_after=2023-10-19T00:00:00+00:00
[2023-10-19T11:56:37.226+0000] {processor.py:179} INFO - Processing /home/airflow/.local/lib/python3.8/site-packages/airflow/example_dags/example_branch_day_of_week_operator.py took 0.222 seconds
[2023-10-19T11:57:12.494+0000] {processor.py:157} INFO - Started process (PID=478) to work on /home/airflow/.local/lib/python3.8/site-packages/airflow/example_dags/example_branch_day_of_week_operator.py
[2023-10-19T11:57:12.496+0000] {processor.py:829} INFO - Processing file /home/airflow/.local/lib/python3.8/site-packages/airflow/example_dags/example_branch_day_of_week_operator.py for tasks to queue
[2023-10-19T11:57:12.511+0000] {logging_mixin.py:151} INFO - [2023-10-19T11:57:12.511+0000] {dagbag.py:539} INFO - Filling up the DagBag from /home/airflow/.local/lib/python3.8/site-packages/airflow/example_dags/example_branch_day_of_week_operator.py
[2023-10-19T11:57:12.536+0000] {processor.py:839} INFO - DAG(s) dict_keys(['example_weekday_branch_operator']) retrieved from /home/airflow/.local/lib/python3.8/site-packages/airflow/example_dags/example_branch_day_of_week_operator.py
[2023-10-19T11:57:12.635+0000] {logging_mixin.py:151} INFO - [2023-10-19T11:57:12.634+0000] {dag.py:2915} INFO - Sync 1 DAGs
[2023-10-19T11:57:12.726+0000] {logging_mixin.py:151} INFO - [2023-10-19T11:57:12.725+0000] {dag.py:3696} INFO - Setting next_dagrun for example_weekday_branch_operator to 2023-10-18T00:00:00+00:00, run_after=2023-10-19T00:00:00+00:00
[2023-10-19T11:57:12.776+0000] {processor.py:179} INFO - Processing /home/airflow/.local/lib/python3.8/site-packages/airflow/example_dags/example_branch_day_of_week_operator.py took 0.299 seconds
[2023-10-19T11:57:42.832+0000] {processor.py:157} INFO - Started process (PID=532) to work on /home/airflow/.local/lib/python3.8/site-packages/airflow/example_dags/example_branch_day_of_week_operator.py
[2023-10-19T11:57:42.834+0000] {processor.py:829} INFO - Processing file /home/airflow/.local/lib/python3.8/site-packages/airflow/example_dags/example_branch_day_of_week_operator.py for tasks to queue
[2023-10-19T11:57:42.842+0000] {logging_mixin.py:151} INFO - [2023-10-19T11:57:42.841+0000] {dagbag.py:539} INFO - Filling up the DagBag from /home/airflow/.local/lib/python3.8/site-packages/airflow/example_dags/example_branch_day_of_week_operator.py
[2023-10-19T11:57:42.862+0000] {processor.py:839} INFO - DAG(s) dict_keys(['example_weekday_branch_operator']) retrieved from /home/airflow/.local/lib/python3.8/site-packages/airflow/example_dags/example_branch_day_of_week_operator.py
[2023-10-19T11:57:42.917+0000] {logging_mixin.py:151} INFO - [2023-10-19T11:57:42.916+0000] {dag.py:2915} INFO - Sync 1 DAGs
[2023-10-19T11:57:42.987+0000] {logging_mixin.py:151} INFO - [2023-10-19T11:57:42.986+0000] {dag.py:3696} INFO - Setting next_dagrun for example_weekday_branch_operator to 2023-10-18T00:00:00+00:00, run_after=2023-10-19T00:00:00+00:00
[2023-10-19T11:57:43.055+0000] {processor.py:179} INFO - Processing /home/airflow/.local/lib/python3.8/site-packages/airflow/example_dags/example_branch_day_of_week_operator.py took 0.229 seconds
[2023-10-19T11:58:18.259+0000] {processor.py:157} INFO - Started process (PID=575) to work on /home/airflow/.local/lib/python3.8/site-packages/airflow/example_dags/example_branch_day_of_week_operator.py
[2023-10-19T11:58:18.262+0000] {processor.py:829} INFO - Processing file /home/airflow/.local/lib/python3.8/site-packages/airflow/example_dags/example_branch_day_of_week_operator.py for tasks to queue
[2023-10-19T11:58:18.277+0000] {logging_mixin.py:151} INFO - [2023-10-19T11:58:18.276+0000] {dagbag.py:539} INFO - Filling up the DagBag from /home/airflow/.local/lib/python3.8/site-packages/airflow/example_dags/example_branch_day_of_week_operator.py
[2023-10-19T11:58:18.479+0000] {processor.py:839} INFO - DAG(s) dict_keys(['example_weekday_branch_operator']) retrieved from /home/airflow/.local/lib/python3.8/site-packages/airflow/example_dags/example_branch_day_of_week_operator.py
[2023-10-19T11:58:18.935+0000] {logging_mixin.py:151} INFO - [2023-10-19T11:58:18.934+0000] {dag.py:2915} INFO - Sync 1 DAGs
[2023-10-19T11:58:19.208+0000] {logging_mixin.py:151} INFO - [2023-10-19T11:58:19.208+0000] {dag.py:3696} INFO - Setting next_dagrun for example_weekday_branch_operator to 2023-10-18T00:00:00+00:00, run_after=2023-10-19T00:00:00+00:00
[2023-10-19T11:58:19.339+0000] {processor.py:179} INFO - Processing /home/airflow/.local/lib/python3.8/site-packages/airflow/example_dags/example_branch_day_of_week_operator.py took 1.101 seconds
