[2023-10-19T11:52:18.340+0000] {processor.py:157} INFO - Started process (PID=44) to work on /home/airflow/.local/lib/python3.8/site-packages/airflow/example_dags/example_bash_operator.py
[2023-10-19T11:52:18.371+0000] {processor.py:829} INFO - Processing file /home/airflow/.local/lib/python3.8/site-packages/airflow/example_dags/example_bash_operator.py for tasks to queue
[2023-10-19T11:52:18.493+0000] {logging_mixin.py:151} INFO - [2023-10-19T11:52:18.492+0000] {dagbag.py:539} INFO - Filling up the DagBag from /home/airflow/.local/lib/python3.8/site-packages/airflow/example_dags/example_bash_operator.py
[2023-10-19T11:52:19.835+0000] {processor.py:839} INFO - DAG(s) dict_keys(['example_bash_operator']) retrieved from /home/airflow/.local/lib/python3.8/site-packages/airflow/example_dags/example_bash_operator.py
[2023-10-19T11:52:20.534+0000] {logging_mixin.py:151} INFO - [2023-10-19T11:52:20.533+0000] {dag.py:2915} INFO - Sync 1 DAGs
[2023-10-19T11:52:20.700+0000] {logging_mixin.py:151} INFO - [2023-10-19T11:52:20.699+0000] {dag.py:3696} INFO - Setting next_dagrun for example_bash_operator to 2023-10-18T00:00:00+00:00, run_after=2023-10-19T00:00:00+00:00
[2023-10-19T11:52:21.089+0000] {processor.py:179} INFO - Processing /home/airflow/.local/lib/python3.8/site-packages/airflow/example_dags/example_bash_operator.py took 2.853 seconds
[2023-10-19T11:53:06.772+0000] {processor.py:157} INFO - Started process (PID=104) to work on /home/airflow/.local/lib/python3.8/site-packages/airflow/example_dags/example_bash_operator.py
[2023-10-19T11:53:06.783+0000] {processor.py:829} INFO - Processing file /home/airflow/.local/lib/python3.8/site-packages/airflow/example_dags/example_bash_operator.py for tasks to queue
[2023-10-19T11:53:06.813+0000] {logging_mixin.py:151} INFO - [2023-10-19T11:53:06.812+0000] {dagbag.py:539} INFO - Filling up the DagBag from /home/airflow/.local/lib/python3.8/site-packages/airflow/example_dags/example_bash_operator.py
[2023-10-19T11:53:06.986+0000] {processor.py:839} INFO - DAG(s) dict_keys(['example_bash_operator']) retrieved from /home/airflow/.local/lib/python3.8/site-packages/airflow/example_dags/example_bash_operator.py
[2023-10-19T11:53:07.566+0000] {logging_mixin.py:151} INFO - [2023-10-19T11:53:07.565+0000] {dag.py:2915} INFO - Sync 1 DAGs
[2023-10-19T11:53:08.129+0000] {logging_mixin.py:151} INFO - [2023-10-19T11:53:08.129+0000] {dag.py:3696} INFO - Setting next_dagrun for example_bash_operator to 2023-10-18T00:00:00+00:00, run_after=2023-10-19T00:00:00+00:00
[2023-10-19T11:53:10.204+0000] {processor.py:179} INFO - Processing /home/airflow/.local/lib/python3.8/site-packages/airflow/example_dags/example_bash_operator.py took 3.453 seconds
[2023-10-19T11:53:44.753+0000] {processor.py:157} INFO - Started process (PID=156) to work on /home/airflow/.local/lib/python3.8/site-packages/airflow/example_dags/example_bash_operator.py
[2023-10-19T11:53:44.789+0000] {processor.py:829} INFO - Processing file /home/airflow/.local/lib/python3.8/site-packages/airflow/example_dags/example_bash_operator.py for tasks to queue
[2023-10-19T11:53:44.913+0000] {logging_mixin.py:151} INFO - [2023-10-19T11:53:44.911+0000] {dagbag.py:539} INFO - Filling up the DagBag from /home/airflow/.local/lib/python3.8/site-packages/airflow/example_dags/example_bash_operator.py
[2023-10-19T11:53:45.280+0000] {processor.py:839} INFO - DAG(s) dict_keys(['example_bash_operator']) retrieved from /home/airflow/.local/lib/python3.8/site-packages/airflow/example_dags/example_bash_operator.py
[2023-10-19T11:53:45.613+0000] {logging_mixin.py:151} INFO - [2023-10-19T11:53:45.603+0000] {dag.py:2915} INFO - Sync 1 DAGs
[2023-10-19T11:53:45.906+0000] {logging_mixin.py:151} INFO - [2023-10-19T11:53:45.905+0000] {dag.py:3696} INFO - Setting next_dagrun for example_bash_operator to 2023-10-18T00:00:00+00:00, run_after=2023-10-19T00:00:00+00:00
[2023-10-19T11:53:46.074+0000] {processor.py:179} INFO - Processing /home/airflow/.local/lib/python3.8/site-packages/airflow/example_dags/example_bash_operator.py took 1.447 seconds
[2023-10-19T11:54:16.543+0000] {processor.py:157} INFO - Started process (PID=209) to work on /home/airflow/.local/lib/python3.8/site-packages/airflow/example_dags/example_bash_operator.py
[2023-10-19T11:54:16.548+0000] {processor.py:829} INFO - Processing file /home/airflow/.local/lib/python3.8/site-packages/airflow/example_dags/example_bash_operator.py for tasks to queue
[2023-10-19T11:54:16.563+0000] {logging_mixin.py:151} INFO - [2023-10-19T11:54:16.562+0000] {dagbag.py:539} INFO - Filling up the DagBag from /home/airflow/.local/lib/python3.8/site-packages/airflow/example_dags/example_bash_operator.py
[2023-10-19T11:54:16.806+0000] {processor.py:839} INFO - DAG(s) dict_keys(['example_bash_operator']) retrieved from /home/airflow/.local/lib/python3.8/site-packages/airflow/example_dags/example_bash_operator.py
[2023-10-19T11:54:18.054+0000] {logging_mixin.py:151} INFO - [2023-10-19T11:54:18.054+0000] {dag.py:2915} INFO - Sync 1 DAGs
[2023-10-19T11:54:18.447+0000] {logging_mixin.py:151} INFO - [2023-10-19T11:54:18.447+0000] {dag.py:3696} INFO - Setting next_dagrun for example_bash_operator to 2023-10-18T00:00:00+00:00, run_after=2023-10-19T00:00:00+00:00
[2023-10-19T11:54:19.043+0000] {processor.py:179} INFO - Processing /home/airflow/.local/lib/python3.8/site-packages/airflow/example_dags/example_bash_operator.py took 2.533 seconds
[2023-10-19T11:54:49.326+0000] {processor.py:157} INFO - Started process (PID=263) to work on /home/airflow/.local/lib/python3.8/site-packages/airflow/example_dags/example_bash_operator.py
[2023-10-19T11:54:49.334+0000] {processor.py:829} INFO - Processing file /home/airflow/.local/lib/python3.8/site-packages/airflow/example_dags/example_bash_operator.py for tasks to queue
[2023-10-19T11:54:49.352+0000] {logging_mixin.py:151} INFO - [2023-10-19T11:54:49.351+0000] {dagbag.py:539} INFO - Filling up the DagBag from /home/airflow/.local/lib/python3.8/site-packages/airflow/example_dags/example_bash_operator.py
[2023-10-19T11:54:49.532+0000] {processor.py:839} INFO - DAG(s) dict_keys(['example_bash_operator']) retrieved from /home/airflow/.local/lib/python3.8/site-packages/airflow/example_dags/example_bash_operator.py
[2023-10-19T11:54:50.184+0000] {logging_mixin.py:151} INFO - [2023-10-19T11:54:50.184+0000] {dag.py:2915} INFO - Sync 1 DAGs
[2023-10-19T11:54:50.417+0000] {logging_mixin.py:151} INFO - [2023-10-19T11:54:50.412+0000] {dag.py:3696} INFO - Setting next_dagrun for example_bash_operator to 2023-10-18T00:00:00+00:00, run_after=2023-10-19T00:00:00+00:00
[2023-10-19T11:54:50.545+0000] {processor.py:179} INFO - Processing /home/airflow/.local/lib/python3.8/site-packages/airflow/example_dags/example_bash_operator.py took 1.261 seconds
[2023-10-19T11:55:21.063+0000] {processor.py:157} INFO - Started process (PID=315) to work on /home/airflow/.local/lib/python3.8/site-packages/airflow/example_dags/example_bash_operator.py
[2023-10-19T11:55:21.070+0000] {processor.py:829} INFO - Processing file /home/airflow/.local/lib/python3.8/site-packages/airflow/example_dags/example_bash_operator.py for tasks to queue
[2023-10-19T11:55:21.085+0000] {logging_mixin.py:151} INFO - [2023-10-19T11:55:21.081+0000] {dagbag.py:539} INFO - Filling up the DagBag from /home/airflow/.local/lib/python3.8/site-packages/airflow/example_dags/example_bash_operator.py
[2023-10-19T11:55:21.135+0000] {processor.py:839} INFO - DAG(s) dict_keys(['example_bash_operator']) retrieved from /home/airflow/.local/lib/python3.8/site-packages/airflow/example_dags/example_bash_operator.py
[2023-10-19T11:55:21.244+0000] {logging_mixin.py:151} INFO - [2023-10-19T11:55:21.243+0000] {dag.py:2915} INFO - Sync 1 DAGs
[2023-10-19T11:55:21.353+0000] {logging_mixin.py:151} INFO - [2023-10-19T11:55:21.353+0000] {dag.py:3696} INFO - Setting next_dagrun for example_bash_operator to 2023-10-18T00:00:00+00:00, run_after=2023-10-19T00:00:00+00:00
[2023-10-19T11:55:21.437+0000] {processor.py:179} INFO - Processing /home/airflow/.local/lib/python3.8/site-packages/airflow/example_dags/example_bash_operator.py took 0.384 seconds
[2023-10-19T11:55:52.632+0000] {processor.py:157} INFO - Started process (PID=349) to work on /home/airflow/.local/lib/python3.8/site-packages/airflow/example_dags/example_bash_operator.py
[2023-10-19T11:55:52.636+0000] {processor.py:829} INFO - Processing file /home/airflow/.local/lib/python3.8/site-packages/airflow/example_dags/example_bash_operator.py for tasks to queue
[2023-10-19T11:55:52.668+0000] {logging_mixin.py:151} INFO - [2023-10-19T11:55:52.667+0000] {dagbag.py:539} INFO - Filling up the DagBag from /home/airflow/.local/lib/python3.8/site-packages/airflow/example_dags/example_bash_operator.py
[2023-10-19T11:55:52.714+0000] {processor.py:839} INFO - DAG(s) dict_keys(['example_bash_operator']) retrieved from /home/airflow/.local/lib/python3.8/site-packages/airflow/example_dags/example_bash_operator.py
[2023-10-19T11:55:53.024+0000] {logging_mixin.py:151} INFO - [2023-10-19T11:55:53.024+0000] {dag.py:2915} INFO - Sync 1 DAGs
[2023-10-19T11:55:53.297+0000] {logging_mixin.py:151} INFO - [2023-10-19T11:55:53.296+0000] {dag.py:3696} INFO - Setting next_dagrun for example_bash_operator to 2023-10-18T00:00:00+00:00, run_after=2023-10-19T00:00:00+00:00
[2023-10-19T11:55:53.575+0000] {processor.py:179} INFO - Processing /home/airflow/.local/lib/python3.8/site-packages/airflow/example_dags/example_bash_operator.py took 0.965 seconds
[2023-10-19T11:56:29.686+0000] {processor.py:157} INFO - Started process (PID=403) to work on /home/airflow/.local/lib/python3.8/site-packages/airflow/example_dags/example_bash_operator.py
[2023-10-19T11:56:29.746+0000] {processor.py:829} INFO - Processing file /home/airflow/.local/lib/python3.8/site-packages/airflow/example_dags/example_bash_operator.py for tasks to queue
[2023-10-19T11:56:29.786+0000] {logging_mixin.py:151} INFO - [2023-10-19T11:56:29.786+0000] {dagbag.py:539} INFO - Filling up the DagBag from /home/airflow/.local/lib/python3.8/site-packages/airflow/example_dags/example_bash_operator.py
[2023-10-19T11:56:29.863+0000] {processor.py:839} INFO - DAG(s) dict_keys(['example_bash_operator']) retrieved from /home/airflow/.local/lib/python3.8/site-packages/airflow/example_dags/example_bash_operator.py
[2023-10-19T11:56:30.276+0000] {logging_mixin.py:151} INFO - [2023-10-19T11:56:30.273+0000] {dag.py:2915} INFO - Sync 1 DAGs
[2023-10-19T11:56:30.573+0000] {logging_mixin.py:151} INFO - [2023-10-19T11:56:30.561+0000] {dag.py:3696} INFO - Setting next_dagrun for example_bash_operator to 2023-10-18T00:00:00+00:00, run_after=2023-10-19T00:00:00+00:00
[2023-10-19T11:56:30.779+0000] {processor.py:179} INFO - Processing /home/airflow/.local/lib/python3.8/site-packages/airflow/example_dags/example_bash_operator.py took 1.115 seconds
[2023-10-19T11:57:01.872+0000] {processor.py:157} INFO - Started process (PID=452) to work on /home/airflow/.local/lib/python3.8/site-packages/airflow/example_dags/example_bash_operator.py
[2023-10-19T11:57:01.975+0000] {processor.py:829} INFO - Processing file /home/airflow/.local/lib/python3.8/site-packages/airflow/example_dags/example_bash_operator.py for tasks to queue
[2023-10-19T11:57:02.030+0000] {logging_mixin.py:151} INFO - [2023-10-19T11:57:02.029+0000] {dagbag.py:539} INFO - Filling up the DagBag from /home/airflow/.local/lib/python3.8/site-packages/airflow/example_dags/example_bash_operator.py
[2023-10-19T11:57:02.296+0000] {processor.py:839} INFO - DAG(s) dict_keys(['example_bash_operator']) retrieved from /home/airflow/.local/lib/python3.8/site-packages/airflow/example_dags/example_bash_operator.py
[2023-10-19T11:57:02.763+0000] {logging_mixin.py:151} INFO - [2023-10-19T11:57:02.762+0000] {dag.py:2915} INFO - Sync 1 DAGs
[2023-10-19T11:57:03.128+0000] {logging_mixin.py:151} INFO - [2023-10-19T11:57:03.128+0000] {dag.py:3696} INFO - Setting next_dagrun for example_bash_operator to 2023-10-18T00:00:00+00:00, run_after=2023-10-19T00:00:00+00:00
[2023-10-19T11:57:03.551+0000] {processor.py:179} INFO - Processing /home/airflow/.local/lib/python3.8/site-packages/airflow/example_dags/example_bash_operator.py took 1.689 seconds
[2023-10-19T11:57:34.005+0000] {processor.py:157} INFO - Started process (PID=513) to work on /home/airflow/.local/lib/python3.8/site-packages/airflow/example_dags/example_bash_operator.py
[2023-10-19T11:57:34.009+0000] {processor.py:829} INFO - Processing file /home/airflow/.local/lib/python3.8/site-packages/airflow/example_dags/example_bash_operator.py for tasks to queue
[2023-10-19T11:57:34.014+0000] {logging_mixin.py:151} INFO - [2023-10-19T11:57:34.013+0000] {dagbag.py:539} INFO - Filling up the DagBag from /home/airflow/.local/lib/python3.8/site-packages/airflow/example_dags/example_bash_operator.py
[2023-10-19T11:57:34.045+0000] {processor.py:839} INFO - DAG(s) dict_keys(['example_bash_operator']) retrieved from /home/airflow/.local/lib/python3.8/site-packages/airflow/example_dags/example_bash_operator.py
[2023-10-19T11:57:34.161+0000] {logging_mixin.py:151} INFO - [2023-10-19T11:57:34.161+0000] {dag.py:2915} INFO - Sync 1 DAGs
[2023-10-19T11:57:34.264+0000] {logging_mixin.py:151} INFO - [2023-10-19T11:57:34.263+0000] {dag.py:3696} INFO - Setting next_dagrun for example_bash_operator to 2023-10-18T00:00:00+00:00, run_after=2023-10-19T00:00:00+00:00
[2023-10-19T11:57:34.334+0000] {processor.py:179} INFO - Processing /home/airflow/.local/lib/python3.8/site-packages/airflow/example_dags/example_bash_operator.py took 0.341 seconds
[2023-10-19T11:58:04.548+0000] {processor.py:157} INFO - Started process (PID=567) to work on /home/airflow/.local/lib/python3.8/site-packages/airflow/example_dags/example_bash_operator.py
[2023-10-19T11:58:04.553+0000] {processor.py:829} INFO - Processing file /home/airflow/.local/lib/python3.8/site-packages/airflow/example_dags/example_bash_operator.py for tasks to queue
[2023-10-19T11:58:04.567+0000] {logging_mixin.py:151} INFO - [2023-10-19T11:58:04.566+0000] {dagbag.py:539} INFO - Filling up the DagBag from /home/airflow/.local/lib/python3.8/site-packages/airflow/example_dags/example_bash_operator.py
[2023-10-19T11:58:04.633+0000] {processor.py:839} INFO - DAG(s) dict_keys(['example_bash_operator']) retrieved from /home/airflow/.local/lib/python3.8/site-packages/airflow/example_dags/example_bash_operator.py
[2023-10-19T11:58:04.911+0000] {logging_mixin.py:151} INFO - [2023-10-19T11:58:04.910+0000] {dag.py:2915} INFO - Sync 1 DAGs
[2023-10-19T11:58:05.049+0000] {logging_mixin.py:151} INFO - [2023-10-19T11:58:05.049+0000] {dag.py:3696} INFO - Setting next_dagrun for example_bash_operator to 2023-10-18T00:00:00+00:00, run_after=2023-10-19T00:00:00+00:00
[2023-10-19T11:58:05.110+0000] {processor.py:179} INFO - Processing /home/airflow/.local/lib/python3.8/site-packages/airflow/example_dags/example_bash_operator.py took 0.575 seconds
