[2023-10-19T11:52:36.874+0000] {processor.py:157} INFO - Started process (PID=68) to work on /home/airflow/.local/lib/python3.8/site-packages/airflow/example_dags/example_nested_branch_dag.py
[2023-10-19T11:52:36.876+0000] {processor.py:829} INFO - Processing file /home/airflow/.local/lib/python3.8/site-packages/airflow/example_dags/example_nested_branch_dag.py for tasks to queue
[2023-10-19T11:52:36.884+0000] {logging_mixin.py:151} INFO - [2023-10-19T11:52:36.883+0000] {dagbag.py:539} INFO - Filling up the DagBag from /home/airflow/.local/lib/python3.8/site-packages/airflow/example_dags/example_nested_branch_dag.py
[2023-10-19T11:52:37.146+0000] {processor.py:839} INFO - DAG(s) dict_keys(['example_nested_branch_dag']) retrieved from /home/airflow/.local/lib/python3.8/site-packages/airflow/example_dags/example_nested_branch_dag.py
[2023-10-19T11:52:38.039+0000] {logging_mixin.py:151} INFO - [2023-10-19T11:52:38.039+0000] {dag.py:2915} INFO - Sync 1 DAGs
[2023-10-19T11:52:38.499+0000] {logging_mixin.py:151} INFO - [2023-10-19T11:52:38.498+0000] {dag.py:3696} INFO - Setting next_dagrun for example_nested_branch_dag to 2023-10-18T00:00:00+00:00, run_after=2023-10-19T00:00:00+00:00
[2023-10-19T11:52:38.616+0000] {processor.py:179} INFO - Processing /home/airflow/.local/lib/python3.8/site-packages/airflow/example_dags/example_nested_branch_dag.py took 1.752 seconds
[2023-10-19T11:53:19.957+0000] {processor.py:157} INFO - Started process (PID=122) to work on /home/airflow/.local/lib/python3.8/site-packages/airflow/example_dags/example_nested_branch_dag.py
[2023-10-19T11:53:19.964+0000] {processor.py:829} INFO - Processing file /home/airflow/.local/lib/python3.8/site-packages/airflow/example_dags/example_nested_branch_dag.py for tasks to queue
[2023-10-19T11:53:20.037+0000] {logging_mixin.py:151} INFO - [2023-10-19T11:53:20.009+0000] {dagbag.py:539} INFO - Filling up the DagBag from /home/airflow/.local/lib/python3.8/site-packages/airflow/example_dags/example_nested_branch_dag.py
[2023-10-19T11:53:20.149+0000] {processor.py:839} INFO - DAG(s) dict_keys(['example_nested_branch_dag']) retrieved from /home/airflow/.local/lib/python3.8/site-packages/airflow/example_dags/example_nested_branch_dag.py
[2023-10-19T11:53:20.278+0000] {logging_mixin.py:151} INFO - [2023-10-19T11:53:20.277+0000] {dag.py:2915} INFO - Sync 1 DAGs
[2023-10-19T11:53:20.820+0000] {logging_mixin.py:151} INFO - [2023-10-19T11:53:20.819+0000] {dag.py:3696} INFO - Setting next_dagrun for example_nested_branch_dag to 2023-10-18T00:00:00+00:00, run_after=2023-10-19T00:00:00+00:00
[2023-10-19T11:53:21.016+0000] {processor.py:179} INFO - Processing /home/airflow/.local/lib/python3.8/site-packages/airflow/example_dags/example_nested_branch_dag.py took 1.180 seconds
[2023-10-19T11:53:57.460+0000] {processor.py:157} INFO - Started process (PID=181) to work on /home/airflow/.local/lib/python3.8/site-packages/airflow/example_dags/example_nested_branch_dag.py
[2023-10-19T11:53:57.465+0000] {processor.py:829} INFO - Processing file /home/airflow/.local/lib/python3.8/site-packages/airflow/example_dags/example_nested_branch_dag.py for tasks to queue
[2023-10-19T11:53:57.477+0000] {logging_mixin.py:151} INFO - [2023-10-19T11:53:57.477+0000] {dagbag.py:539} INFO - Filling up the DagBag from /home/airflow/.local/lib/python3.8/site-packages/airflow/example_dags/example_nested_branch_dag.py
[2023-10-19T11:53:57.587+0000] {processor.py:839} INFO - DAG(s) dict_keys(['example_nested_branch_dag']) retrieved from /home/airflow/.local/lib/python3.8/site-packages/airflow/example_dags/example_nested_branch_dag.py
[2023-10-19T11:53:57.760+0000] {logging_mixin.py:151} INFO - [2023-10-19T11:53:57.756+0000] {dag.py:2915} INFO - Sync 1 DAGs
[2023-10-19T11:53:57.967+0000] {logging_mixin.py:151} INFO - [2023-10-19T11:53:57.964+0000] {dag.py:3696} INFO - Setting next_dagrun for example_nested_branch_dag to 2023-10-18T00:00:00+00:00, run_after=2023-10-19T00:00:00+00:00
[2023-10-19T11:53:58.106+0000] {processor.py:179} INFO - Processing /home/airflow/.local/lib/python3.8/site-packages/airflow/example_dags/example_nested_branch_dag.py took 0.657 seconds
[2023-10-19T11:54:30.273+0000] {processor.py:157} INFO - Started process (PID=232) to work on /home/airflow/.local/lib/python3.8/site-packages/airflow/example_dags/example_nested_branch_dag.py
[2023-10-19T11:54:30.276+0000] {processor.py:829} INFO - Processing file /home/airflow/.local/lib/python3.8/site-packages/airflow/example_dags/example_nested_branch_dag.py for tasks to queue
[2023-10-19T11:54:30.286+0000] {logging_mixin.py:151} INFO - [2023-10-19T11:54:30.285+0000] {dagbag.py:539} INFO - Filling up the DagBag from /home/airflow/.local/lib/python3.8/site-packages/airflow/example_dags/example_nested_branch_dag.py
[2023-10-19T11:54:30.316+0000] {processor.py:839} INFO - DAG(s) dict_keys(['example_nested_branch_dag']) retrieved from /home/airflow/.local/lib/python3.8/site-packages/airflow/example_dags/example_nested_branch_dag.py
[2023-10-19T11:54:30.534+0000] {logging_mixin.py:151} INFO - [2023-10-19T11:54:30.533+0000] {dag.py:2915} INFO - Sync 1 DAGs
[2023-10-19T11:54:30.728+0000] {logging_mixin.py:151} INFO - [2023-10-19T11:54:30.727+0000] {dag.py:3696} INFO - Setting next_dagrun for example_nested_branch_dag to 2023-10-18T00:00:00+00:00, run_after=2023-10-19T00:00:00+00:00
[2023-10-19T11:54:30.911+0000] {processor.py:179} INFO - Processing /home/airflow/.local/lib/python3.8/site-packages/airflow/example_dags/example_nested_branch_dag.py took 0.652 seconds
[2023-10-19T11:55:07.919+0000] {processor.py:157} INFO - Started process (PID=285) to work on /home/airflow/.local/lib/python3.8/site-packages/airflow/example_dags/example_nested_branch_dag.py
[2023-10-19T11:55:07.929+0000] {processor.py:829} INFO - Processing file /home/airflow/.local/lib/python3.8/site-packages/airflow/example_dags/example_nested_branch_dag.py for tasks to queue
[2023-10-19T11:55:07.963+0000] {logging_mixin.py:151} INFO - [2023-10-19T11:55:07.963+0000] {dagbag.py:539} INFO - Filling up the DagBag from /home/airflow/.local/lib/python3.8/site-packages/airflow/example_dags/example_nested_branch_dag.py
[2023-10-19T11:55:08.016+0000] {processor.py:839} INFO - DAG(s) dict_keys(['example_nested_branch_dag']) retrieved from /home/airflow/.local/lib/python3.8/site-packages/airflow/example_dags/example_nested_branch_dag.py
[2023-10-19T11:55:08.087+0000] {logging_mixin.py:151} INFO - [2023-10-19T11:55:08.086+0000] {dag.py:2915} INFO - Sync 1 DAGs
[2023-10-19T11:55:08.186+0000] {logging_mixin.py:151} INFO - [2023-10-19T11:55:08.185+0000] {dag.py:3696} INFO - Setting next_dagrun for example_nested_branch_dag to 2023-10-18T00:00:00+00:00, run_after=2023-10-19T00:00:00+00:00
[2023-10-19T11:55:08.250+0000] {processor.py:179} INFO - Processing /home/airflow/.local/lib/python3.8/site-packages/airflow/example_dags/example_nested_branch_dag.py took 0.361 seconds
[2023-10-19T11:55:44.617+0000] {processor.py:157} INFO - Started process (PID=339) to work on /home/airflow/.local/lib/python3.8/site-packages/airflow/example_dags/example_nested_branch_dag.py
[2023-10-19T11:55:44.633+0000] {processor.py:829} INFO - Processing file /home/airflow/.local/lib/python3.8/site-packages/airflow/example_dags/example_nested_branch_dag.py for tasks to queue
[2023-10-19T11:55:44.711+0000] {logging_mixin.py:151} INFO - [2023-10-19T11:55:44.710+0000] {dagbag.py:539} INFO - Filling up the DagBag from /home/airflow/.local/lib/python3.8/site-packages/airflow/example_dags/example_nested_branch_dag.py
[2023-10-19T11:55:44.842+0000] {processor.py:839} INFO - DAG(s) dict_keys(['example_nested_branch_dag']) retrieved from /home/airflow/.local/lib/python3.8/site-packages/airflow/example_dags/example_nested_branch_dag.py
[2023-10-19T11:55:45.056+0000] {logging_mixin.py:151} INFO - [2023-10-19T11:55:45.056+0000] {dag.py:2915} INFO - Sync 1 DAGs
[2023-10-19T11:55:45.373+0000] {logging_mixin.py:151} INFO - [2023-10-19T11:55:45.372+0000] {dag.py:3696} INFO - Setting next_dagrun for example_nested_branch_dag to 2023-10-18T00:00:00+00:00, run_after=2023-10-19T00:00:00+00:00
[2023-10-19T11:55:45.675+0000] {processor.py:179} INFO - Processing /home/airflow/.local/lib/python3.8/site-packages/airflow/example_dags/example_nested_branch_dag.py took 1.084 seconds
[2023-10-19T11:56:21.952+0000] {processor.py:157} INFO - Started process (PID=393) to work on /home/airflow/.local/lib/python3.8/site-packages/airflow/example_dags/example_nested_branch_dag.py
[2023-10-19T11:56:21.955+0000] {processor.py:829} INFO - Processing file /home/airflow/.local/lib/python3.8/site-packages/airflow/example_dags/example_nested_branch_dag.py for tasks to queue
[2023-10-19T11:56:21.968+0000] {logging_mixin.py:151} INFO - [2023-10-19T11:56:21.967+0000] {dagbag.py:539} INFO - Filling up the DagBag from /home/airflow/.local/lib/python3.8/site-packages/airflow/example_dags/example_nested_branch_dag.py
[2023-10-19T11:56:22.084+0000] {processor.py:839} INFO - DAG(s) dict_keys(['example_nested_branch_dag']) retrieved from /home/airflow/.local/lib/python3.8/site-packages/airflow/example_dags/example_nested_branch_dag.py
[2023-10-19T11:56:22.323+0000] {logging_mixin.py:151} INFO - [2023-10-19T11:56:22.322+0000] {dag.py:2915} INFO - Sync 1 DAGs
[2023-10-19T11:56:22.570+0000] {logging_mixin.py:151} INFO - [2023-10-19T11:56:22.569+0000] {dag.py:3696} INFO - Setting next_dagrun for example_nested_branch_dag to 2023-10-18T00:00:00+00:00, run_after=2023-10-19T00:00:00+00:00
[2023-10-19T11:56:22.707+0000] {processor.py:179} INFO - Processing /home/airflow/.local/lib/python3.8/site-packages/airflow/example_dags/example_nested_branch_dag.py took 0.785 seconds
[2023-10-19T11:56:58.105+0000] {processor.py:157} INFO - Started process (PID=446) to work on /home/airflow/.local/lib/python3.8/site-packages/airflow/example_dags/example_nested_branch_dag.py
[2023-10-19T11:56:58.107+0000] {processor.py:829} INFO - Processing file /home/airflow/.local/lib/python3.8/site-packages/airflow/example_dags/example_nested_branch_dag.py for tasks to queue
[2023-10-19T11:56:58.211+0000] {logging_mixin.py:151} INFO - [2023-10-19T11:56:58.210+0000] {dagbag.py:539} INFO - Filling up the DagBag from /home/airflow/.local/lib/python3.8/site-packages/airflow/example_dags/example_nested_branch_dag.py
[2023-10-19T11:56:58.311+0000] {processor.py:839} INFO - DAG(s) dict_keys(['example_nested_branch_dag']) retrieved from /home/airflow/.local/lib/python3.8/site-packages/airflow/example_dags/example_nested_branch_dag.py
[2023-10-19T11:56:58.462+0000] {logging_mixin.py:151} INFO - [2023-10-19T11:56:58.454+0000] {dag.py:2915} INFO - Sync 1 DAGs
[2023-10-19T11:56:58.700+0000] {logging_mixin.py:151} INFO - [2023-10-19T11:56:58.699+0000] {dag.py:3696} INFO - Setting next_dagrun for example_nested_branch_dag to 2023-10-18T00:00:00+00:00, run_after=2023-10-19T00:00:00+00:00
[2023-10-19T11:56:58.831+0000] {processor.py:179} INFO - Processing /home/airflow/.local/lib/python3.8/site-packages/airflow/example_dags/example_nested_branch_dag.py took 0.745 seconds
[2023-10-19T11:57:29.988+0000] {processor.py:157} INFO - Started process (PID=500) to work on /home/airflow/.local/lib/python3.8/site-packages/airflow/example_dags/example_nested_branch_dag.py
[2023-10-19T11:57:29.990+0000] {processor.py:829} INFO - Processing file /home/airflow/.local/lib/python3.8/site-packages/airflow/example_dags/example_nested_branch_dag.py for tasks to queue
[2023-10-19T11:57:30.004+0000] {logging_mixin.py:151} INFO - [2023-10-19T11:57:30.004+0000] {dagbag.py:539} INFO - Filling up the DagBag from /home/airflow/.local/lib/python3.8/site-packages/airflow/example_dags/example_nested_branch_dag.py
[2023-10-19T11:57:30.038+0000] {processor.py:839} INFO - DAG(s) dict_keys(['example_nested_branch_dag']) retrieved from /home/airflow/.local/lib/python3.8/site-packages/airflow/example_dags/example_nested_branch_dag.py
[2023-10-19T11:57:30.123+0000] {logging_mixin.py:151} INFO - [2023-10-19T11:57:30.123+0000] {dag.py:2915} INFO - Sync 1 DAGs
[2023-10-19T11:57:30.294+0000] {logging_mixin.py:151} INFO - [2023-10-19T11:57:30.275+0000] {dag.py:3696} INFO - Setting next_dagrun for example_nested_branch_dag to 2023-10-18T00:00:00+00:00, run_after=2023-10-19T00:00:00+00:00
[2023-10-19T11:57:30.385+0000] {processor.py:179} INFO - Processing /home/airflow/.local/lib/python3.8/site-packages/airflow/example_dags/example_nested_branch_dag.py took 0.411 seconds
[2023-10-19T11:58:02.807+0000] {processor.py:157} INFO - Started process (PID=554) to work on /home/airflow/.local/lib/python3.8/site-packages/airflow/example_dags/example_nested_branch_dag.py
[2023-10-19T11:58:02.810+0000] {processor.py:829} INFO - Processing file /home/airflow/.local/lib/python3.8/site-packages/airflow/example_dags/example_nested_branch_dag.py for tasks to queue
[2023-10-19T11:58:02.815+0000] {logging_mixin.py:151} INFO - [2023-10-19T11:58:02.814+0000] {dagbag.py:539} INFO - Filling up the DagBag from /home/airflow/.local/lib/python3.8/site-packages/airflow/example_dags/example_nested_branch_dag.py
[2023-10-19T11:58:02.840+0000] {processor.py:839} INFO - DAG(s) dict_keys(['example_nested_branch_dag']) retrieved from /home/airflow/.local/lib/python3.8/site-packages/airflow/example_dags/example_nested_branch_dag.py
[2023-10-19T11:58:02.894+0000] {logging_mixin.py:151} INFO - [2023-10-19T11:58:02.894+0000] {dag.py:2915} INFO - Sync 1 DAGs
[2023-10-19T11:58:02.965+0000] {logging_mixin.py:151} INFO - [2023-10-19T11:58:02.965+0000] {dag.py:3696} INFO - Setting next_dagrun for example_nested_branch_dag to 2023-10-18T00:00:00+00:00, run_after=2023-10-19T00:00:00+00:00
[2023-10-19T11:58:03.012+0000] {processor.py:179} INFO - Processing /home/airflow/.local/lib/python3.8/site-packages/airflow/example_dags/example_nested_branch_dag.py took 0.213 seconds
