[2023-10-19T11:52:48.280+0000] {processor.py:157} INFO - Started process (PID=81) to work on /home/airflow/.local/lib/python3.8/site-packages/airflow/example_dags/example_subdag_operator.py
[2023-10-19T11:52:48.394+0000] {processor.py:829} INFO - Processing file /home/airflow/.local/lib/python3.8/site-packages/airflow/example_dags/example_subdag_operator.py for tasks to queue
[2023-10-19T11:52:48.421+0000] {logging_mixin.py:151} INFO - [2023-10-19T11:52:48.418+0000] {dagbag.py:539} INFO - Filling up the DagBag from /home/airflow/.local/lib/python3.8/site-packages/airflow/example_dags/example_subdag_operator.py
[2023-10-19T11:52:48.742+0000] {processor.py:839} INFO - DAG(s) dict_keys(['example_subdag_operator.section-1', 'example_subdag_operator.section-2', 'example_subdag_operator']) retrieved from /home/airflow/.local/lib/python3.8/site-packages/airflow/example_dags/example_subdag_operator.py
[2023-10-19T11:52:49.976+0000] {logging_mixin.py:151} INFO - [2023-10-19T11:52:49.973+0000] {dag.py:2915} INFO - Sync 3 DAGs
[2023-10-19T11:52:50.794+0000] {logging_mixin.py:151} INFO - [2023-10-19T11:52:50.792+0000] {dag.py:3696} INFO - Setting next_dagrun for example_subdag_operator to 2022-01-01T00:00:00+00:00, run_after=2022-01-01T00:00:00+00:00
[2023-10-19T11:52:50.825+0000] {logging_mixin.py:151} INFO - [2023-10-19T11:52:50.824+0000] {dag.py:3696} INFO - Setting next_dagrun for example_subdag_operator.section-1 to None, run_after=None
[2023-10-19T11:52:50.848+0000] {logging_mixin.py:151} INFO - [2023-10-19T11:52:50.848+0000] {dag.py:3696} INFO - Setting next_dagrun for example_subdag_operator.section-2 to None, run_after=None
[2023-10-19T11:52:51.073+0000] {logging_mixin.py:151} INFO - [2023-10-19T11:52:51.060+0000] {dag.py:2915} INFO - Sync 2 DAGs
[2023-10-19T11:52:51.174+0000] {logging_mixin.py:151} INFO - [2023-10-19T11:52:51.174+0000] {dag.py:3696} INFO - Setting next_dagrun for example_subdag_operator.section-1 to None, run_after=None
[2023-10-19T11:52:51.215+0000] {logging_mixin.py:151} INFO - [2023-10-19T11:52:51.179+0000] {dag.py:3696} INFO - Setting next_dagrun for example_subdag_operator.section-2 to None, run_after=None
[2023-10-19T11:52:51.505+0000] {processor.py:179} INFO - Processing /home/airflow/.local/lib/python3.8/site-packages/airflow/example_dags/example_subdag_operator.py took 3.265 seconds
[2023-10-19T11:53:30.220+0000] {processor.py:157} INFO - Started process (PID=141) to work on /home/airflow/.local/lib/python3.8/site-packages/airflow/example_dags/example_subdag_operator.py
[2023-10-19T11:53:30.237+0000] {processor.py:829} INFO - Processing file /home/airflow/.local/lib/python3.8/site-packages/airflow/example_dags/example_subdag_operator.py for tasks to queue
[2023-10-19T11:53:30.260+0000] {logging_mixin.py:151} INFO - [2023-10-19T11:53:30.256+0000] {dagbag.py:539} INFO - Filling up the DagBag from /home/airflow/.local/lib/python3.8/site-packages/airflow/example_dags/example_subdag_operator.py
[2023-10-19T11:53:30.498+0000] {processor.py:839} INFO - DAG(s) dict_keys(['example_subdag_operator.section-1', 'example_subdag_operator.section-2', 'example_subdag_operator']) retrieved from /home/airflow/.local/lib/python3.8/site-packages/airflow/example_dags/example_subdag_operator.py
[2023-10-19T11:53:30.625+0000] {logging_mixin.py:151} INFO - [2023-10-19T11:53:30.619+0000] {dag.py:2915} INFO - Sync 3 DAGs
[2023-10-19T11:53:31.027+0000] {logging_mixin.py:151} INFO - [2023-10-19T11:53:31.026+0000] {dag.py:3696} INFO - Setting next_dagrun for example_subdag_operator to 2022-01-01T00:00:00+00:00, run_after=2022-01-01T00:00:00+00:00
[2023-10-19T11:53:31.055+0000] {logging_mixin.py:151} INFO - [2023-10-19T11:53:31.054+0000] {dag.py:3696} INFO - Setting next_dagrun for example_subdag_operator.section-1 to None, run_after=None
[2023-10-19T11:53:31.097+0000] {logging_mixin.py:151} INFO - [2023-10-19T11:53:31.096+0000] {dag.py:3696} INFO - Setting next_dagrun for example_subdag_operator.section-2 to None, run_after=None
[2023-10-19T11:53:31.316+0000] {logging_mixin.py:151} INFO - [2023-10-19T11:53:31.301+0000] {dag.py:2915} INFO - Sync 2 DAGs
[2023-10-19T11:53:31.352+0000] {logging_mixin.py:151} INFO - [2023-10-19T11:53:31.351+0000] {dag.py:3696} INFO - Setting next_dagrun for example_subdag_operator.section-1 to None, run_after=None
[2023-10-19T11:53:31.353+0000] {logging_mixin.py:151} INFO - [2023-10-19T11:53:31.353+0000] {dag.py:3696} INFO - Setting next_dagrun for example_subdag_operator.section-2 to None, run_after=None
[2023-10-19T11:53:31.532+0000] {processor.py:179} INFO - Processing /home/airflow/.local/lib/python3.8/site-packages/airflow/example_dags/example_subdag_operator.py took 1.375 seconds
[2023-10-19T11:54:01.994+0000] {processor.py:157} INFO - Started process (PID=194) to work on /home/airflow/.local/lib/python3.8/site-packages/airflow/example_dags/example_subdag_operator.py
[2023-10-19T11:54:01.996+0000] {processor.py:829} INFO - Processing file /home/airflow/.local/lib/python3.8/site-packages/airflow/example_dags/example_subdag_operator.py for tasks to queue
[2023-10-19T11:54:02.007+0000] {logging_mixin.py:151} INFO - [2023-10-19T11:54:02.004+0000] {dagbag.py:539} INFO - Filling up the DagBag from /home/airflow/.local/lib/python3.8/site-packages/airflow/example_dags/example_subdag_operator.py
[2023-10-19T11:54:02.095+0000] {processor.py:839} INFO - DAG(s) dict_keys(['example_subdag_operator.section-1', 'example_subdag_operator.section-2', 'example_subdag_operator']) retrieved from /home/airflow/.local/lib/python3.8/site-packages/airflow/example_dags/example_subdag_operator.py
[2023-10-19T11:54:02.163+0000] {logging_mixin.py:151} INFO - [2023-10-19T11:54:02.163+0000] {dag.py:2915} INFO - Sync 3 DAGs
[2023-10-19T11:54:02.278+0000] {logging_mixin.py:151} INFO - [2023-10-19T11:54:02.277+0000] {dag.py:3696} INFO - Setting next_dagrun for example_subdag_operator to 2022-01-01T00:00:00+00:00, run_after=2022-01-01T00:00:00+00:00
[2023-10-19T11:54:02.292+0000] {logging_mixin.py:151} INFO - [2023-10-19T11:54:02.292+0000] {dag.py:3696} INFO - Setting next_dagrun for example_subdag_operator.section-1 to None, run_after=None
[2023-10-19T11:54:02.297+0000] {logging_mixin.py:151} INFO - [2023-10-19T11:54:02.297+0000] {dag.py:3696} INFO - Setting next_dagrun for example_subdag_operator.section-2 to None, run_after=None
[2023-10-19T11:54:02.348+0000] {logging_mixin.py:151} INFO - [2023-10-19T11:54:02.347+0000] {dag.py:2915} INFO - Sync 2 DAGs
[2023-10-19T11:54:02.397+0000] {logging_mixin.py:151} INFO - [2023-10-19T11:54:02.395+0000] {dag.py:3696} INFO - Setting next_dagrun for example_subdag_operator.section-1 to None, run_after=None
[2023-10-19T11:54:02.408+0000] {logging_mixin.py:151} INFO - [2023-10-19T11:54:02.407+0000] {dag.py:3696} INFO - Setting next_dagrun for example_subdag_operator.section-2 to None, run_after=None
[2023-10-19T11:54:02.476+0000] {processor.py:179} INFO - Processing /home/airflow/.local/lib/python3.8/site-packages/airflow/example_dags/example_subdag_operator.py took 0.490 seconds
[2023-10-19T11:54:36.066+0000] {processor.py:157} INFO - Started process (PID=247) to work on /home/airflow/.local/lib/python3.8/site-packages/airflow/example_dags/example_subdag_operator.py
[2023-10-19T11:54:36.070+0000] {processor.py:829} INFO - Processing file /home/airflow/.local/lib/python3.8/site-packages/airflow/example_dags/example_subdag_operator.py for tasks to queue
[2023-10-19T11:54:36.088+0000] {logging_mixin.py:151} INFO - [2023-10-19T11:54:36.087+0000] {dagbag.py:539} INFO - Filling up the DagBag from /home/airflow/.local/lib/python3.8/site-packages/airflow/example_dags/example_subdag_operator.py
[2023-10-19T11:54:36.213+0000] {processor.py:839} INFO - DAG(s) dict_keys(['example_subdag_operator.section-1', 'example_subdag_operator.section-2', 'example_subdag_operator']) retrieved from /home/airflow/.local/lib/python3.8/site-packages/airflow/example_dags/example_subdag_operator.py
[2023-10-19T11:54:36.306+0000] {logging_mixin.py:151} INFO - [2023-10-19T11:54:36.305+0000] {dag.py:2915} INFO - Sync 3 DAGs
[2023-10-19T11:54:36.400+0000] {logging_mixin.py:151} INFO - [2023-10-19T11:54:36.396+0000] {dag.py:3696} INFO - Setting next_dagrun for example_subdag_operator to 2022-01-01T00:00:00+00:00, run_after=2022-01-01T00:00:00+00:00
[2023-10-19T11:54:36.429+0000] {logging_mixin.py:151} INFO - [2023-10-19T11:54:36.428+0000] {dag.py:3696} INFO - Setting next_dagrun for example_subdag_operator.section-1 to None, run_after=None
[2023-10-19T11:54:36.433+0000] {logging_mixin.py:151} INFO - [2023-10-19T11:54:36.433+0000] {dag.py:3696} INFO - Setting next_dagrun for example_subdag_operator.section-2 to None, run_after=None
[2023-10-19T11:54:36.470+0000] {logging_mixin.py:151} INFO - [2023-10-19T11:54:36.470+0000] {dag.py:2915} INFO - Sync 2 DAGs
[2023-10-19T11:54:36.506+0000] {logging_mixin.py:151} INFO - [2023-10-19T11:54:36.506+0000] {dag.py:3696} INFO - Setting next_dagrun for example_subdag_operator.section-1 to None, run_after=None
[2023-10-19T11:54:36.508+0000] {logging_mixin.py:151} INFO - [2023-10-19T11:54:36.507+0000] {dag.py:3696} INFO - Setting next_dagrun for example_subdag_operator.section-2 to None, run_after=None
[2023-10-19T11:54:36.569+0000] {processor.py:179} INFO - Processing /home/airflow/.local/lib/python3.8/site-packages/airflow/example_dags/example_subdag_operator.py took 0.521 seconds
[2023-10-19T11:55:11.546+0000] {processor.py:157} INFO - Started process (PID=300) to work on /home/airflow/.local/lib/python3.8/site-packages/airflow/example_dags/example_subdag_operator.py
[2023-10-19T11:55:11.550+0000] {processor.py:829} INFO - Processing file /home/airflow/.local/lib/python3.8/site-packages/airflow/example_dags/example_subdag_operator.py for tasks to queue
[2023-10-19T11:55:11.559+0000] {logging_mixin.py:151} INFO - [2023-10-19T11:55:11.555+0000] {dagbag.py:539} INFO - Filling up the DagBag from /home/airflow/.local/lib/python3.8/site-packages/airflow/example_dags/example_subdag_operator.py
[2023-10-19T11:55:11.627+0000] {processor.py:839} INFO - DAG(s) dict_keys(['example_subdag_operator.section-1', 'example_subdag_operator.section-2', 'example_subdag_operator']) retrieved from /home/airflow/.local/lib/python3.8/site-packages/airflow/example_dags/example_subdag_operator.py
[2023-10-19T11:55:11.744+0000] {logging_mixin.py:151} INFO - [2023-10-19T11:55:11.744+0000] {dag.py:2915} INFO - Sync 3 DAGs
[2023-10-19T11:55:11.907+0000] {logging_mixin.py:151} INFO - [2023-10-19T11:55:11.906+0000] {dag.py:3696} INFO - Setting next_dagrun for example_subdag_operator to 2022-01-01T00:00:00+00:00, run_after=2022-01-01T00:00:00+00:00
[2023-10-19T11:55:11.916+0000] {logging_mixin.py:151} INFO - [2023-10-19T11:55:11.915+0000] {dag.py:3696} INFO - Setting next_dagrun for example_subdag_operator.section-1 to None, run_after=None
[2023-10-19T11:55:11.919+0000] {logging_mixin.py:151} INFO - [2023-10-19T11:55:11.918+0000] {dag.py:3696} INFO - Setting next_dagrun for example_subdag_operator.section-2 to None, run_after=None
[2023-10-19T11:55:11.942+0000] {logging_mixin.py:151} INFO - [2023-10-19T11:55:11.942+0000] {dag.py:2915} INFO - Sync 2 DAGs
[2023-10-19T11:55:11.957+0000] {logging_mixin.py:151} INFO - [2023-10-19T11:55:11.957+0000] {dag.py:3696} INFO - Setting next_dagrun for example_subdag_operator.section-1 to None, run_after=None
[2023-10-19T11:55:11.960+0000] {logging_mixin.py:151} INFO - [2023-10-19T11:55:11.959+0000] {dag.py:3696} INFO - Setting next_dagrun for example_subdag_operator.section-2 to None, run_after=None
[2023-10-19T11:55:11.999+0000] {processor.py:179} INFO - Processing /home/airflow/.local/lib/python3.8/site-packages/airflow/example_dags/example_subdag_operator.py took 0.465 seconds
[2023-10-19T11:55:54.904+0000] {processor.py:157} INFO - Started process (PID=354) to work on /home/airflow/.local/lib/python3.8/site-packages/airflow/example_dags/example_subdag_operator.py
[2023-10-19T11:55:54.907+0000] {processor.py:829} INFO - Processing file /home/airflow/.local/lib/python3.8/site-packages/airflow/example_dags/example_subdag_operator.py for tasks to queue
[2023-10-19T11:55:54.921+0000] {logging_mixin.py:151} INFO - [2023-10-19T11:55:54.917+0000] {dagbag.py:539} INFO - Filling up the DagBag from /home/airflow/.local/lib/python3.8/site-packages/airflow/example_dags/example_subdag_operator.py
[2023-10-19T11:55:55.049+0000] {processor.py:839} INFO - DAG(s) dict_keys(['example_subdag_operator.section-1', 'example_subdag_operator.section-2', 'example_subdag_operator']) retrieved from /home/airflow/.local/lib/python3.8/site-packages/airflow/example_dags/example_subdag_operator.py
[2023-10-19T11:55:55.119+0000] {logging_mixin.py:151} INFO - [2023-10-19T11:55:55.119+0000] {dag.py:2915} INFO - Sync 3 DAGs
[2023-10-19T11:55:55.307+0000] {logging_mixin.py:151} INFO - [2023-10-19T11:55:55.307+0000] {dag.py:3696} INFO - Setting next_dagrun for example_subdag_operator to 2022-01-01T00:00:00+00:00, run_after=2022-01-01T00:00:00+00:00
[2023-10-19T11:55:55.332+0000] {logging_mixin.py:151} INFO - [2023-10-19T11:55:55.331+0000] {dag.py:3696} INFO - Setting next_dagrun for example_subdag_operator.section-1 to None, run_after=None
[2023-10-19T11:55:55.340+0000] {logging_mixin.py:151} INFO - [2023-10-19T11:55:55.340+0000] {dag.py:3696} INFO - Setting next_dagrun for example_subdag_operator.section-2 to None, run_after=None
[2023-10-19T11:55:55.383+0000] {logging_mixin.py:151} INFO - [2023-10-19T11:55:55.383+0000] {dag.py:2915} INFO - Sync 2 DAGs
[2023-10-19T11:55:55.414+0000] {logging_mixin.py:151} INFO - [2023-10-19T11:55:55.414+0000] {dag.py:3696} INFO - Setting next_dagrun for example_subdag_operator.section-1 to None, run_after=None
[2023-10-19T11:55:55.416+0000] {logging_mixin.py:151} INFO - [2023-10-19T11:55:55.416+0000] {dag.py:3696} INFO - Setting next_dagrun for example_subdag_operator.section-2 to None, run_after=None
[2023-10-19T11:55:55.457+0000] {processor.py:179} INFO - Processing /home/airflow/.local/lib/python3.8/site-packages/airflow/example_dags/example_subdag_operator.py took 0.570 seconds
[2023-10-19T11:56:33.675+0000] {processor.py:157} INFO - Started process (PID=414) to work on /home/airflow/.local/lib/python3.8/site-packages/airflow/example_dags/example_subdag_operator.py
[2023-10-19T11:56:33.677+0000] {processor.py:829} INFO - Processing file /home/airflow/.local/lib/python3.8/site-packages/airflow/example_dags/example_subdag_operator.py for tasks to queue
[2023-10-19T11:56:33.709+0000] {logging_mixin.py:151} INFO - [2023-10-19T11:56:33.708+0000] {dagbag.py:539} INFO - Filling up the DagBag from /home/airflow/.local/lib/python3.8/site-packages/airflow/example_dags/example_subdag_operator.py
[2023-10-19T11:56:33.858+0000] {processor.py:839} INFO - DAG(s) dict_keys(['example_subdag_operator.section-1', 'example_subdag_operator.section-2', 'example_subdag_operator']) retrieved from /home/airflow/.local/lib/python3.8/site-packages/airflow/example_dags/example_subdag_operator.py
[2023-10-19T11:56:34.124+0000] {logging_mixin.py:151} INFO - [2023-10-19T11:56:34.123+0000] {dag.py:2915} INFO - Sync 3 DAGs
[2023-10-19T11:56:34.343+0000] {logging_mixin.py:151} INFO - [2023-10-19T11:56:34.342+0000] {dag.py:3696} INFO - Setting next_dagrun for example_subdag_operator to 2022-01-01T00:00:00+00:00, run_after=2022-01-01T00:00:00+00:00
[2023-10-19T11:56:34.366+0000] {logging_mixin.py:151} INFO - [2023-10-19T11:56:34.354+0000] {dag.py:3696} INFO - Setting next_dagrun for example_subdag_operator.section-1 to None, run_after=None
[2023-10-19T11:56:34.374+0000] {logging_mixin.py:151} INFO - [2023-10-19T11:56:34.374+0000] {dag.py:3696} INFO - Setting next_dagrun for example_subdag_operator.section-2 to None, run_after=None
[2023-10-19T11:56:34.416+0000] {logging_mixin.py:151} INFO - [2023-10-19T11:56:34.414+0000] {dag.py:2915} INFO - Sync 2 DAGs
[2023-10-19T11:56:34.443+0000] {logging_mixin.py:151} INFO - [2023-10-19T11:56:34.443+0000] {dag.py:3696} INFO - Setting next_dagrun for example_subdag_operator.section-1 to None, run_after=None
[2023-10-19T11:56:34.447+0000] {logging_mixin.py:151} INFO - [2023-10-19T11:56:34.446+0000] {dag.py:3696} INFO - Setting next_dagrun for example_subdag_operator.section-2 to None, run_after=None
[2023-10-19T11:56:34.493+0000] {processor.py:179} INFO - Processing /home/airflow/.local/lib/python3.8/site-packages/airflow/example_dags/example_subdag_operator.py took 0.851 seconds
[2023-10-19T11:57:09.055+0000] {processor.py:157} INFO - Started process (PID=468) to work on /home/airflow/.local/lib/python3.8/site-packages/airflow/example_dags/example_subdag_operator.py
[2023-10-19T11:57:09.061+0000] {processor.py:829} INFO - Processing file /home/airflow/.local/lib/python3.8/site-packages/airflow/example_dags/example_subdag_operator.py for tasks to queue
[2023-10-19T11:57:09.078+0000] {logging_mixin.py:151} INFO - [2023-10-19T11:57:09.077+0000] {dagbag.py:539} INFO - Filling up the DagBag from /home/airflow/.local/lib/python3.8/site-packages/airflow/example_dags/example_subdag_operator.py
[2023-10-19T11:57:09.226+0000] {processor.py:839} INFO - DAG(s) dict_keys(['example_subdag_operator.section-1', 'example_subdag_operator.section-2', 'example_subdag_operator']) retrieved from /home/airflow/.local/lib/python3.8/site-packages/airflow/example_dags/example_subdag_operator.py
[2023-10-19T11:57:09.498+0000] {logging_mixin.py:151} INFO - [2023-10-19T11:57:09.497+0000] {dag.py:2915} INFO - Sync 3 DAGs
[2023-10-19T11:57:09.673+0000] {logging_mixin.py:151} INFO - [2023-10-19T11:57:09.672+0000] {dag.py:3696} INFO - Setting next_dagrun for example_subdag_operator to 2022-01-01T00:00:00+00:00, run_after=2022-01-01T00:00:00+00:00
[2023-10-19T11:57:09.692+0000] {logging_mixin.py:151} INFO - [2023-10-19T11:57:09.691+0000] {dag.py:3696} INFO - Setting next_dagrun for example_subdag_operator.section-1 to None, run_after=None
[2023-10-19T11:57:09.716+0000] {logging_mixin.py:151} INFO - [2023-10-19T11:57:09.715+0000] {dag.py:3696} INFO - Setting next_dagrun for example_subdag_operator.section-2 to None, run_after=None
[2023-10-19T11:57:09.765+0000] {logging_mixin.py:151} INFO - [2023-10-19T11:57:09.765+0000] {dag.py:2915} INFO - Sync 2 DAGs
[2023-10-19T11:57:09.804+0000] {logging_mixin.py:151} INFO - [2023-10-19T11:57:09.797+0000] {dag.py:3696} INFO - Setting next_dagrun for example_subdag_operator.section-1 to None, run_after=None
[2023-10-19T11:57:09.805+0000] {logging_mixin.py:151} INFO - [2023-10-19T11:57:09.805+0000] {dag.py:3696} INFO - Setting next_dagrun for example_subdag_operator.section-2 to None, run_after=None
[2023-10-19T11:57:09.950+0000] {processor.py:179} INFO - Processing /home/airflow/.local/lib/python3.8/site-packages/airflow/example_dags/example_subdag_operator.py took 0.917 seconds
[2023-10-19T11:57:40.377+0000] {processor.py:157} INFO - Started process (PID=522) to work on /home/airflow/.local/lib/python3.8/site-packages/airflow/example_dags/example_subdag_operator.py
[2023-10-19T11:57:40.383+0000] {processor.py:829} INFO - Processing file /home/airflow/.local/lib/python3.8/site-packages/airflow/example_dags/example_subdag_operator.py for tasks to queue
[2023-10-19T11:57:40.472+0000] {logging_mixin.py:151} INFO - [2023-10-19T11:57:40.472+0000] {dagbag.py:539} INFO - Filling up the DagBag from /home/airflow/.local/lib/python3.8/site-packages/airflow/example_dags/example_subdag_operator.py
[2023-10-19T11:57:40.634+0000] {processor.py:839} INFO - DAG(s) dict_keys(['example_subdag_operator.section-1', 'example_subdag_operator.section-2', 'example_subdag_operator']) retrieved from /home/airflow/.local/lib/python3.8/site-packages/airflow/example_dags/example_subdag_operator.py
[2023-10-19T11:57:40.786+0000] {logging_mixin.py:151} INFO - [2023-10-19T11:57:40.784+0000] {dag.py:2915} INFO - Sync 3 DAGs
[2023-10-19T11:57:40.874+0000] {logging_mixin.py:151} INFO - [2023-10-19T11:57:40.873+0000] {dag.py:3696} INFO - Setting next_dagrun for example_subdag_operator to 2022-01-01T00:00:00+00:00, run_after=2022-01-01T00:00:00+00:00
[2023-10-19T11:57:40.889+0000] {logging_mixin.py:151} INFO - [2023-10-19T11:57:40.888+0000] {dag.py:3696} INFO - Setting next_dagrun for example_subdag_operator.section-1 to None, run_after=None
[2023-10-19T11:57:40.893+0000] {logging_mixin.py:151} INFO - [2023-10-19T11:57:40.892+0000] {dag.py:3696} INFO - Setting next_dagrun for example_subdag_operator.section-2 to None, run_after=None
[2023-10-19T11:57:40.920+0000] {logging_mixin.py:151} INFO - [2023-10-19T11:57:40.920+0000] {dag.py:2915} INFO - Sync 2 DAGs
[2023-10-19T11:57:40.941+0000] {logging_mixin.py:151} INFO - [2023-10-19T11:57:40.941+0000] {dag.py:3696} INFO - Setting next_dagrun for example_subdag_operator.section-1 to None, run_after=None
[2023-10-19T11:57:40.942+0000] {logging_mixin.py:151} INFO - [2023-10-19T11:57:40.942+0000] {dag.py:3696} INFO - Setting next_dagrun for example_subdag_operator.section-2 to None, run_after=None
[2023-10-19T11:57:41.013+0000] {processor.py:179} INFO - Processing /home/airflow/.local/lib/python3.8/site-packages/airflow/example_dags/example_subdag_operator.py took 0.703 seconds
