[2023-10-19T11:52:26.098+0000] {processor.py:157} INFO - Started process (PID=60) to work on /home/airflow/.local/lib/python3.8/site-packages/airflow/example_dags/example_datasets.py
[2023-10-19T11:52:26.102+0000] {processor.py:829} INFO - Processing file /home/airflow/.local/lib/python3.8/site-packages/airflow/example_dags/example_datasets.py for tasks to queue
[2023-10-19T11:52:26.115+0000] {logging_mixin.py:151} INFO - [2023-10-19T11:52:26.114+0000] {dagbag.py:539} INFO - Filling up the DagBag from /home/airflow/.local/lib/python3.8/site-packages/airflow/example_dags/example_datasets.py
[2023-10-19T11:52:26.201+0000] {processor.py:839} INFO - DAG(s) dict_keys(['dataset_consumes_1_and_2', 'dataset_consumes_1_never_scheduled', 'dataset_consumes_unknown_never_scheduled', 'dataset_consumes_1', 'dataset_produces_2', 'dataset_produces_1']) retrieved from /home/airflow/.local/lib/python3.8/site-packages/airflow/example_dags/example_datasets.py
[2023-10-19T11:52:26.528+0000] {logging_mixin.py:151} INFO - [2023-10-19T11:52:26.527+0000] {dag.py:2915} INFO - Sync 6 DAGs
[2023-10-19T11:52:26.690+0000] {logging_mixin.py:151} INFO - [2023-10-19T11:52:26.688+0000] {dag.py:3696} INFO - Setting next_dagrun for dataset_consumes_1 to None, run_after=None
[2023-10-19T11:52:26.732+0000] {logging_mixin.py:151} INFO - [2023-10-19T11:52:26.732+0000] {dag.py:3696} INFO - Setting next_dagrun for dataset_consumes_1_and_2 to None, run_after=None
[2023-10-19T11:52:26.739+0000] {logging_mixin.py:151} INFO - [2023-10-19T11:52:26.738+0000] {dag.py:3696} INFO - Setting next_dagrun for dataset_consumes_1_never_scheduled to None, run_after=None
[2023-10-19T11:52:26.744+0000] {logging_mixin.py:151} INFO - [2023-10-19T11:52:26.743+0000] {dag.py:3696} INFO - Setting next_dagrun for dataset_consumes_unknown_never_scheduled to None, run_after=None
[2023-10-19T11:52:26.764+0000] {logging_mixin.py:151} INFO - [2023-10-19T11:52:26.764+0000] {dag.py:3696} INFO - Setting next_dagrun for dataset_produces_1 to 2023-10-18T00:00:00+00:00, run_after=2023-10-19T00:00:00+00:00
[2023-10-19T11:52:26.775+0000] {logging_mixin.py:151} INFO - [2023-10-19T11:52:26.775+0000] {dag.py:3696} INFO - Setting next_dagrun for dataset_produces_2 to None, run_after=None
[2023-10-19T11:52:26.932+0000] {processor.py:179} INFO - Processing /home/airflow/.local/lib/python3.8/site-packages/airflow/example_dags/example_datasets.py took 0.850 seconds
[2023-10-19T11:53:16.087+0000] {processor.py:157} INFO - Started process (PID=114) to work on /home/airflow/.local/lib/python3.8/site-packages/airflow/example_dags/example_datasets.py
[2023-10-19T11:53:16.091+0000] {processor.py:829} INFO - Processing file /home/airflow/.local/lib/python3.8/site-packages/airflow/example_dags/example_datasets.py for tasks to queue
[2023-10-19T11:53:16.097+0000] {logging_mixin.py:151} INFO - [2023-10-19T11:53:16.096+0000] {dagbag.py:539} INFO - Filling up the DagBag from /home/airflow/.local/lib/python3.8/site-packages/airflow/example_dags/example_datasets.py
[2023-10-19T11:53:16.127+0000] {processor.py:839} INFO - DAG(s) dict_keys(['dataset_produces_1', 'dataset_consumes_1_and_2', 'dataset_consumes_1', 'dataset_produces_2', 'dataset_consumes_1_never_scheduled', 'dataset_consumes_unknown_never_scheduled']) retrieved from /home/airflow/.local/lib/python3.8/site-packages/airflow/example_dags/example_datasets.py
[2023-10-19T11:53:16.384+0000] {logging_mixin.py:151} INFO - [2023-10-19T11:53:16.384+0000] {dag.py:2915} INFO - Sync 6 DAGs
[2023-10-19T11:53:16.501+0000] {logging_mixin.py:151} INFO - [2023-10-19T11:53:16.501+0000] {dag.py:3696} INFO - Setting next_dagrun for dataset_consumes_1 to None, run_after=None
[2023-10-19T11:53:16.517+0000] {logging_mixin.py:151} INFO - [2023-10-19T11:53:16.516+0000] {dag.py:3696} INFO - Setting next_dagrun for dataset_consumes_1_and_2 to None, run_after=None
[2023-10-19T11:53:16.521+0000] {logging_mixin.py:151} INFO - [2023-10-19T11:53:16.521+0000] {dag.py:3696} INFO - Setting next_dagrun for dataset_consumes_1_never_scheduled to None, run_after=None
[2023-10-19T11:53:16.526+0000] {logging_mixin.py:151} INFO - [2023-10-19T11:53:16.526+0000] {dag.py:3696} INFO - Setting next_dagrun for dataset_consumes_unknown_never_scheduled to None, run_after=None
[2023-10-19T11:53:16.540+0000] {logging_mixin.py:151} INFO - [2023-10-19T11:53:16.539+0000] {dag.py:3696} INFO - Setting next_dagrun for dataset_produces_1 to 2023-10-18T00:00:00+00:00, run_after=2023-10-19T00:00:00+00:00
[2023-10-19T11:53:16.544+0000] {logging_mixin.py:151} INFO - [2023-10-19T11:53:16.544+0000] {dag.py:3696} INFO - Setting next_dagrun for dataset_produces_2 to None, run_after=None
[2023-10-19T11:53:16.694+0000] {processor.py:179} INFO - Processing /home/airflow/.local/lib/python3.8/site-packages/airflow/example_dags/example_datasets.py took 0.617 seconds
[2023-10-19T11:53:52.850+0000] {processor.py:157} INFO - Started process (PID=165) to work on /home/airflow/.local/lib/python3.8/site-packages/airflow/example_dags/example_datasets.py
[2023-10-19T11:53:52.856+0000] {processor.py:829} INFO - Processing file /home/airflow/.local/lib/python3.8/site-packages/airflow/example_dags/example_datasets.py for tasks to queue
[2023-10-19T11:53:52.865+0000] {logging_mixin.py:151} INFO - [2023-10-19T11:53:52.864+0000] {dagbag.py:539} INFO - Filling up the DagBag from /home/airflow/.local/lib/python3.8/site-packages/airflow/example_dags/example_datasets.py
[2023-10-19T11:53:52.917+0000] {processor.py:839} INFO - DAG(s) dict_keys(['dataset_consumes_1_and_2', 'dataset_produces_2', 'dataset_consumes_1_never_scheduled', 'dataset_consumes_unknown_never_scheduled', 'dataset_produces_1', 'dataset_consumes_1']) retrieved from /home/airflow/.local/lib/python3.8/site-packages/airflow/example_dags/example_datasets.py
[2023-10-19T11:53:53.259+0000] {logging_mixin.py:151} INFO - [2023-10-19T11:53:53.258+0000] {dag.py:2915} INFO - Sync 6 DAGs
[2023-10-19T11:53:53.481+0000] {logging_mixin.py:151} INFO - [2023-10-19T11:53:53.479+0000] {dag.py:3696} INFO - Setting next_dagrun for dataset_consumes_1 to None, run_after=None
[2023-10-19T11:53:53.541+0000] {logging_mixin.py:151} INFO - [2023-10-19T11:53:53.541+0000] {dag.py:3696} INFO - Setting next_dagrun for dataset_consumes_1_and_2 to None, run_after=None
[2023-10-19T11:53:53.550+0000] {logging_mixin.py:151} INFO - [2023-10-19T11:53:53.549+0000] {dag.py:3696} INFO - Setting next_dagrun for dataset_consumes_1_never_scheduled to None, run_after=None
[2023-10-19T11:53:53.557+0000] {logging_mixin.py:151} INFO - [2023-10-19T11:53:53.557+0000] {dag.py:3696} INFO - Setting next_dagrun for dataset_consumes_unknown_never_scheduled to None, run_after=None
[2023-10-19T11:53:53.590+0000] {logging_mixin.py:151} INFO - [2023-10-19T11:53:53.590+0000] {dag.py:3696} INFO - Setting next_dagrun for dataset_produces_1 to 2023-10-18T00:00:00+00:00, run_after=2023-10-19T00:00:00+00:00
[2023-10-19T11:53:53.603+0000] {logging_mixin.py:151} INFO - [2023-10-19T11:53:53.602+0000] {dag.py:3696} INFO - Setting next_dagrun for dataset_produces_2 to None, run_after=None
[2023-10-19T11:53:53.786+0000] {processor.py:179} INFO - Processing /home/airflow/.local/lib/python3.8/site-packages/airflow/example_dags/example_datasets.py took 0.946 seconds
[2023-10-19T11:54:25.272+0000] {processor.py:157} INFO - Started process (PID=218) to work on /home/airflow/.local/lib/python3.8/site-packages/airflow/example_dags/example_datasets.py
[2023-10-19T11:54:25.282+0000] {processor.py:829} INFO - Processing file /home/airflow/.local/lib/python3.8/site-packages/airflow/example_dags/example_datasets.py for tasks to queue
[2023-10-19T11:54:25.294+0000] {logging_mixin.py:151} INFO - [2023-10-19T11:54:25.293+0000] {dagbag.py:539} INFO - Filling up the DagBag from /home/airflow/.local/lib/python3.8/site-packages/airflow/example_dags/example_datasets.py
[2023-10-19T11:54:25.508+0000] {processor.py:839} INFO - DAG(s) dict_keys(['dataset_produces_1', 'dataset_consumes_1_never_scheduled', 'dataset_consumes_unknown_never_scheduled', 'dataset_consumes_1_and_2', 'dataset_consumes_1', 'dataset_produces_2']) retrieved from /home/airflow/.local/lib/python3.8/site-packages/airflow/example_dags/example_datasets.py
[2023-10-19T11:54:25.806+0000] {logging_mixin.py:151} INFO - [2023-10-19T11:54:25.806+0000] {dag.py:2915} INFO - Sync 6 DAGs
[2023-10-19T11:54:26.211+0000] {logging_mixin.py:151} INFO - [2023-10-19T11:54:26.211+0000] {dag.py:3696} INFO - Setting next_dagrun for dataset_consumes_1 to None, run_after=None
[2023-10-19T11:54:26.264+0000] {logging_mixin.py:151} INFO - [2023-10-19T11:54:26.263+0000] {dag.py:3696} INFO - Setting next_dagrun for dataset_consumes_1_and_2 to None, run_after=None
[2023-10-19T11:54:26.275+0000] {logging_mixin.py:151} INFO - [2023-10-19T11:54:26.275+0000] {dag.py:3696} INFO - Setting next_dagrun for dataset_consumes_1_never_scheduled to None, run_after=None
[2023-10-19T11:54:26.282+0000] {logging_mixin.py:151} INFO - [2023-10-19T11:54:26.280+0000] {dag.py:3696} INFO - Setting next_dagrun for dataset_consumes_unknown_never_scheduled to None, run_after=None
[2023-10-19T11:54:26.312+0000] {logging_mixin.py:151} INFO - [2023-10-19T11:54:26.312+0000] {dag.py:3696} INFO - Setting next_dagrun for dataset_produces_1 to 2023-10-18T00:00:00+00:00, run_after=2023-10-19T00:00:00+00:00
[2023-10-19T11:54:26.316+0000] {logging_mixin.py:151} INFO - [2023-10-19T11:54:26.316+0000] {dag.py:3696} INFO - Setting next_dagrun for dataset_produces_2 to None, run_after=None
[2023-10-19T11:54:26.733+0000] {processor.py:179} INFO - Processing /home/airflow/.local/lib/python3.8/site-packages/airflow/example_dags/example_datasets.py took 1.518 seconds
[2023-10-19T11:54:56.953+0000] {processor.py:157} INFO - Started process (PID=270) to work on /home/airflow/.local/lib/python3.8/site-packages/airflow/example_dags/example_datasets.py
[2023-10-19T11:54:56.963+0000] {processor.py:829} INFO - Processing file /home/airflow/.local/lib/python3.8/site-packages/airflow/example_dags/example_datasets.py for tasks to queue
[2023-10-19T11:54:56.974+0000] {logging_mixin.py:151} INFO - [2023-10-19T11:54:56.972+0000] {dagbag.py:539} INFO - Filling up the DagBag from /home/airflow/.local/lib/python3.8/site-packages/airflow/example_dags/example_datasets.py
[2023-10-19T11:54:57.065+0000] {processor.py:839} INFO - DAG(s) dict_keys(['dataset_consumes_1_never_scheduled', 'dataset_consumes_1_and_2', 'dataset_produces_1', 'dataset_produces_2', 'dataset_consumes_unknown_never_scheduled', 'dataset_consumes_1']) retrieved from /home/airflow/.local/lib/python3.8/site-packages/airflow/example_dags/example_datasets.py
[2023-10-19T11:54:57.262+0000] {logging_mixin.py:151} INFO - [2023-10-19T11:54:57.261+0000] {dag.py:2915} INFO - Sync 6 DAGs
[2023-10-19T11:54:57.380+0000] {logging_mixin.py:151} INFO - [2023-10-19T11:54:57.379+0000] {dag.py:3696} INFO - Setting next_dagrun for dataset_consumes_1 to None, run_after=None
[2023-10-19T11:54:57.405+0000] {logging_mixin.py:151} INFO - [2023-10-19T11:54:57.403+0000] {dag.py:3696} INFO - Setting next_dagrun for dataset_consumes_1_and_2 to None, run_after=None
[2023-10-19T11:54:57.429+0000] {logging_mixin.py:151} INFO - [2023-10-19T11:54:57.425+0000] {dag.py:3696} INFO - Setting next_dagrun for dataset_consumes_1_never_scheduled to None, run_after=None
[2023-10-19T11:54:57.447+0000] {logging_mixin.py:151} INFO - [2023-10-19T11:54:57.446+0000] {dag.py:3696} INFO - Setting next_dagrun for dataset_consumes_unknown_never_scheduled to None, run_after=None
[2023-10-19T11:54:57.470+0000] {logging_mixin.py:151} INFO - [2023-10-19T11:54:57.470+0000] {dag.py:3696} INFO - Setting next_dagrun for dataset_produces_1 to 2023-10-18T00:00:00+00:00, run_after=2023-10-19T00:00:00+00:00
[2023-10-19T11:54:57.475+0000] {logging_mixin.py:151} INFO - [2023-10-19T11:54:57.474+0000] {dag.py:3696} INFO - Setting next_dagrun for dataset_produces_2 to None, run_after=None
[2023-10-19T11:54:57.870+0000] {processor.py:179} INFO - Processing /home/airflow/.local/lib/python3.8/site-packages/airflow/example_dags/example_datasets.py took 0.940 seconds
[2023-10-19T11:55:28.947+0000] {processor.py:157} INFO - Started process (PID=323) to work on /home/airflow/.local/lib/python3.8/site-packages/airflow/example_dags/example_datasets.py
[2023-10-19T11:55:28.954+0000] {processor.py:829} INFO - Processing file /home/airflow/.local/lib/python3.8/site-packages/airflow/example_dags/example_datasets.py for tasks to queue
[2023-10-19T11:55:28.963+0000] {logging_mixin.py:151} INFO - [2023-10-19T11:55:28.962+0000] {dagbag.py:539} INFO - Filling up the DagBag from /home/airflow/.local/lib/python3.8/site-packages/airflow/example_dags/example_datasets.py
[2023-10-19T11:55:29.072+0000] {processor.py:839} INFO - DAG(s) dict_keys(['dataset_produces_2', 'dataset_consumes_1_and_2', 'dataset_consumes_1', 'dataset_consumes_1_never_scheduled', 'dataset_produces_1', 'dataset_consumes_unknown_never_scheduled']) retrieved from /home/airflow/.local/lib/python3.8/site-packages/airflow/example_dags/example_datasets.py
[2023-10-19T11:55:30.044+0000] {logging_mixin.py:151} INFO - [2023-10-19T11:55:30.044+0000] {dag.py:2915} INFO - Sync 6 DAGs
[2023-10-19T11:55:30.396+0000] {logging_mixin.py:151} INFO - [2023-10-19T11:55:30.395+0000] {dag.py:3696} INFO - Setting next_dagrun for dataset_consumes_1 to None, run_after=None
[2023-10-19T11:55:30.523+0000] {logging_mixin.py:151} INFO - [2023-10-19T11:55:30.462+0000] {dag.py:3696} INFO - Setting next_dagrun for dataset_consumes_1_and_2 to None, run_after=None
[2023-10-19T11:55:30.716+0000] {logging_mixin.py:151} INFO - [2023-10-19T11:55:30.716+0000] {dag.py:3696} INFO - Setting next_dagrun for dataset_consumes_1_never_scheduled to None, run_after=None
[2023-10-19T11:55:30.751+0000] {logging_mixin.py:151} INFO - [2023-10-19T11:55:30.751+0000] {dag.py:3696} INFO - Setting next_dagrun for dataset_consumes_unknown_never_scheduled to None, run_after=None
[2023-10-19T11:55:30.797+0000] {logging_mixin.py:151} INFO - [2023-10-19T11:55:30.796+0000] {dag.py:3696} INFO - Setting next_dagrun for dataset_produces_1 to 2023-10-18T00:00:00+00:00, run_after=2023-10-19T00:00:00+00:00
[2023-10-19T11:55:30.861+0000] {logging_mixin.py:151} INFO - [2023-10-19T11:55:30.860+0000] {dag.py:3696} INFO - Setting next_dagrun for dataset_produces_2 to None, run_after=None
[2023-10-19T11:55:34.417+0000] {processor.py:179} INFO - Processing /home/airflow/.local/lib/python3.8/site-packages/airflow/example_dags/example_datasets.py took 5.502 seconds
[2023-10-19T11:56:04.719+0000] {processor.py:157} INFO - Started process (PID=384) to work on /home/airflow/.local/lib/python3.8/site-packages/airflow/example_dags/example_datasets.py
[2023-10-19T11:56:04.725+0000] {processor.py:829} INFO - Processing file /home/airflow/.local/lib/python3.8/site-packages/airflow/example_dags/example_datasets.py for tasks to queue
[2023-10-19T11:56:04.769+0000] {logging_mixin.py:151} INFO - [2023-10-19T11:56:04.754+0000] {dagbag.py:539} INFO - Filling up the DagBag from /home/airflow/.local/lib/python3.8/site-packages/airflow/example_dags/example_datasets.py
[2023-10-19T11:56:05.049+0000] {processor.py:839} INFO - DAG(s) dict_keys(['dataset_produces_2', 'dataset_consumes_1', 'dataset_consumes_1_and_2', 'dataset_produces_1', 'dataset_consumes_1_never_scheduled', 'dataset_consumes_unknown_never_scheduled']) retrieved from /home/airflow/.local/lib/python3.8/site-packages/airflow/example_dags/example_datasets.py
[2023-10-19T11:56:07.716+0000] {logging_mixin.py:151} INFO - [2023-10-19T11:56:07.713+0000] {dag.py:2915} INFO - Sync 6 DAGs
[2023-10-19T11:56:08.147+0000] {logging_mixin.py:151} INFO - [2023-10-19T11:56:08.112+0000] {dag.py:3696} INFO - Setting next_dagrun for dataset_consumes_1 to None, run_after=None
[2023-10-19T11:56:08.256+0000] {logging_mixin.py:151} INFO - [2023-10-19T11:56:08.255+0000] {dag.py:3696} INFO - Setting next_dagrun for dataset_consumes_1_and_2 to None, run_after=None
[2023-10-19T11:56:08.348+0000] {logging_mixin.py:151} INFO - [2023-10-19T11:56:08.347+0000] {dag.py:3696} INFO - Setting next_dagrun for dataset_consumes_1_never_scheduled to None, run_after=None
[2023-10-19T11:56:08.407+0000] {logging_mixin.py:151} INFO - [2023-10-19T11:56:08.406+0000] {dag.py:3696} INFO - Setting next_dagrun for dataset_consumes_unknown_never_scheduled to None, run_after=None
[2023-10-19T11:56:08.575+0000] {logging_mixin.py:151} INFO - [2023-10-19T11:56:08.574+0000] {dag.py:3696} INFO - Setting next_dagrun for dataset_produces_1 to 2023-10-18T00:00:00+00:00, run_after=2023-10-19T00:00:00+00:00
[2023-10-19T11:56:08.597+0000] {logging_mixin.py:151} INFO - [2023-10-19T11:56:08.597+0000] {dag.py:3696} INFO - Setting next_dagrun for dataset_produces_2 to None, run_after=None
[2023-10-19T11:56:10.254+0000] {processor.py:179} INFO - Processing /home/airflow/.local/lib/python3.8/site-packages/airflow/example_dags/example_datasets.py took 5.539 seconds
[2023-10-19T11:56:41.464+0000] {processor.py:157} INFO - Started process (PID=438) to work on /home/airflow/.local/lib/python3.8/site-packages/airflow/example_dags/example_datasets.py
[2023-10-19T11:56:41.468+0000] {processor.py:829} INFO - Processing file /home/airflow/.local/lib/python3.8/site-packages/airflow/example_dags/example_datasets.py for tasks to queue
[2023-10-19T11:56:41.471+0000] {logging_mixin.py:151} INFO - [2023-10-19T11:56:41.471+0000] {dagbag.py:539} INFO - Filling up the DagBag from /home/airflow/.local/lib/python3.8/site-packages/airflow/example_dags/example_datasets.py
[2023-10-19T11:56:41.488+0000] {processor.py:839} INFO - DAG(s) dict_keys(['dataset_consumes_1_and_2', 'dataset_produces_2', 'dataset_consumes_1_never_scheduled', 'dataset_consumes_1', 'dataset_consumes_unknown_never_scheduled', 'dataset_produces_1']) retrieved from /home/airflow/.local/lib/python3.8/site-packages/airflow/example_dags/example_datasets.py
[2023-10-19T11:56:41.560+0000] {logging_mixin.py:151} INFO - [2023-10-19T11:56:41.560+0000] {dag.py:2915} INFO - Sync 6 DAGs
[2023-10-19T11:56:41.614+0000] {logging_mixin.py:151} INFO - [2023-10-19T11:56:41.613+0000] {dag.py:3696} INFO - Setting next_dagrun for dataset_consumes_1 to None, run_after=None
[2023-10-19T11:56:41.625+0000] {logging_mixin.py:151} INFO - [2023-10-19T11:56:41.625+0000] {dag.py:3696} INFO - Setting next_dagrun for dataset_consumes_1_and_2 to None, run_after=None
[2023-10-19T11:56:41.627+0000] {logging_mixin.py:151} INFO - [2023-10-19T11:56:41.627+0000] {dag.py:3696} INFO - Setting next_dagrun for dataset_consumes_1_never_scheduled to None, run_after=None
[2023-10-19T11:56:41.629+0000] {logging_mixin.py:151} INFO - [2023-10-19T11:56:41.629+0000] {dag.py:3696} INFO - Setting next_dagrun for dataset_consumes_unknown_never_scheduled to None, run_after=None
[2023-10-19T11:56:41.641+0000] {logging_mixin.py:151} INFO - [2023-10-19T11:56:41.641+0000] {dag.py:3696} INFO - Setting next_dagrun for dataset_produces_1 to 2023-10-18T00:00:00+00:00, run_after=2023-10-19T00:00:00+00:00
[2023-10-19T11:56:41.650+0000] {logging_mixin.py:151} INFO - [2023-10-19T11:56:41.649+0000] {dag.py:3696} INFO - Setting next_dagrun for dataset_produces_2 to None, run_after=None
[2023-10-19T11:56:41.724+0000] {processor.py:179} INFO - Processing /home/airflow/.local/lib/python3.8/site-packages/airflow/example_dags/example_datasets.py took 0.268 seconds
[2023-10-19T11:57:13.538+0000] {processor.py:157} INFO - Started process (PID=484) to work on /home/airflow/.local/lib/python3.8/site-packages/airflow/example_dags/example_datasets.py
[2023-10-19T11:57:13.542+0000] {processor.py:829} INFO - Processing file /home/airflow/.local/lib/python3.8/site-packages/airflow/example_dags/example_datasets.py for tasks to queue
[2023-10-19T11:57:13.547+0000] {logging_mixin.py:151} INFO - [2023-10-19T11:57:13.546+0000] {dagbag.py:539} INFO - Filling up the DagBag from /home/airflow/.local/lib/python3.8/site-packages/airflow/example_dags/example_datasets.py
[2023-10-19T11:57:13.572+0000] {processor.py:839} INFO - DAG(s) dict_keys(['dataset_produces_1', 'dataset_consumes_unknown_never_scheduled', 'dataset_consumes_1_never_scheduled', 'dataset_consumes_1', 'dataset_consumes_1_and_2', 'dataset_produces_2']) retrieved from /home/airflow/.local/lib/python3.8/site-packages/airflow/example_dags/example_datasets.py
[2023-10-19T11:57:13.695+0000] {logging_mixin.py:151} INFO - [2023-10-19T11:57:13.695+0000] {dag.py:2915} INFO - Sync 6 DAGs
[2023-10-19T11:57:13.770+0000] {logging_mixin.py:151} INFO - [2023-10-19T11:57:13.770+0000] {dag.py:3696} INFO - Setting next_dagrun for dataset_consumes_1 to None, run_after=None
[2023-10-19T11:57:13.782+0000] {logging_mixin.py:151} INFO - [2023-10-19T11:57:13.782+0000] {dag.py:3696} INFO - Setting next_dagrun for dataset_consumes_1_and_2 to None, run_after=None
[2023-10-19T11:57:13.784+0000] {logging_mixin.py:151} INFO - [2023-10-19T11:57:13.784+0000] {dag.py:3696} INFO - Setting next_dagrun for dataset_consumes_1_never_scheduled to None, run_after=None
[2023-10-19T11:57:13.786+0000] {logging_mixin.py:151} INFO - [2023-10-19T11:57:13.786+0000] {dag.py:3696} INFO - Setting next_dagrun for dataset_consumes_unknown_never_scheduled to None, run_after=None
[2023-10-19T11:57:13.794+0000] {logging_mixin.py:151} INFO - [2023-10-19T11:57:13.793+0000] {dag.py:3696} INFO - Setting next_dagrun for dataset_produces_1 to 2023-10-18T00:00:00+00:00, run_after=2023-10-19T00:00:00+00:00
[2023-10-19T11:57:13.796+0000] {logging_mixin.py:151} INFO - [2023-10-19T11:57:13.796+0000] {dag.py:3696} INFO - Setting next_dagrun for dataset_produces_2 to None, run_after=None
[2023-10-19T11:57:13.936+0000] {processor.py:179} INFO - Processing /home/airflow/.local/lib/python3.8/site-packages/airflow/example_dags/example_datasets.py took 0.407 seconds
[2023-10-19T11:57:44.475+0000] {processor.py:157} INFO - Started process (PID=538) to work on /home/airflow/.local/lib/python3.8/site-packages/airflow/example_dags/example_datasets.py
[2023-10-19T11:57:44.491+0000] {processor.py:829} INFO - Processing file /home/airflow/.local/lib/python3.8/site-packages/airflow/example_dags/example_datasets.py for tasks to queue
[2023-10-19T11:57:44.503+0000] {logging_mixin.py:151} INFO - [2023-10-19T11:57:44.501+0000] {dagbag.py:539} INFO - Filling up the DagBag from /home/airflow/.local/lib/python3.8/site-packages/airflow/example_dags/example_datasets.py
[2023-10-19T11:57:44.551+0000] {processor.py:839} INFO - DAG(s) dict_keys(['dataset_consumes_1_never_scheduled', 'dataset_consumes_1', 'dataset_produces_2', 'dataset_produces_1', 'dataset_consumes_unknown_never_scheduled', 'dataset_consumes_1_and_2']) retrieved from /home/airflow/.local/lib/python3.8/site-packages/airflow/example_dags/example_datasets.py
[2023-10-19T11:57:44.947+0000] {logging_mixin.py:151} INFO - [2023-10-19T11:57:44.946+0000] {dag.py:2915} INFO - Sync 6 DAGs
[2023-10-19T11:57:45.134+0000] {logging_mixin.py:151} INFO - [2023-10-19T11:57:45.133+0000] {dag.py:3696} INFO - Setting next_dagrun for dataset_consumes_1 to None, run_after=None
[2023-10-19T11:57:45.162+0000] {logging_mixin.py:151} INFO - [2023-10-19T11:57:45.162+0000] {dag.py:3696} INFO - Setting next_dagrun for dataset_consumes_1_and_2 to None, run_after=None
[2023-10-19T11:57:45.187+0000] {logging_mixin.py:151} INFO - [2023-10-19T11:57:45.186+0000] {dag.py:3696} INFO - Setting next_dagrun for dataset_consumes_1_never_scheduled to None, run_after=None
[2023-10-19T11:57:45.194+0000] {logging_mixin.py:151} INFO - [2023-10-19T11:57:45.193+0000] {dag.py:3696} INFO - Setting next_dagrun for dataset_consumes_unknown_never_scheduled to None, run_after=None
[2023-10-19T11:57:45.216+0000] {logging_mixin.py:151} INFO - [2023-10-19T11:57:45.215+0000] {dag.py:3696} INFO - Setting next_dagrun for dataset_produces_1 to 2023-10-18T00:00:00+00:00, run_after=2023-10-19T00:00:00+00:00
[2023-10-19T11:57:45.229+0000] {logging_mixin.py:151} INFO - [2023-10-19T11:57:45.229+0000] {dag.py:3696} INFO - Setting next_dagrun for dataset_produces_2 to None, run_after=None
[2023-10-19T11:57:45.383+0000] {processor.py:179} INFO - Processing /home/airflow/.local/lib/python3.8/site-packages/airflow/example_dags/example_datasets.py took 0.930 seconds
