[2023-10-19T11:52:56.375+0000] {processor.py:157} INFO - Started process (PID=93) to work on /home/airflow/.local/lib/python3.8/site-packages/airflow/example_dags/example_trigger_target_dag.py
[2023-10-19T11:52:56.379+0000] {processor.py:829} INFO - Processing file /home/airflow/.local/lib/python3.8/site-packages/airflow/example_dags/example_trigger_target_dag.py for tasks to queue
[2023-10-19T11:52:56.534+0000] {logging_mixin.py:151} INFO - [2023-10-19T11:52:56.533+0000] {dagbag.py:539} INFO - Filling up the DagBag from /home/airflow/.local/lib/python3.8/site-packages/airflow/example_dags/example_trigger_target_dag.py
[2023-10-19T11:52:56.676+0000] {processor.py:839} INFO - DAG(s) dict_keys(['example_trigger_target_dag']) retrieved from /home/airflow/.local/lib/python3.8/site-packages/airflow/example_dags/example_trigger_target_dag.py
[2023-10-19T11:52:57.005+0000] {logging_mixin.py:151} INFO - [2023-10-19T11:52:57.005+0000] {dag.py:2915} INFO - Sync 1 DAGs
[2023-10-19T11:52:57.262+0000] {logging_mixin.py:151} INFO - [2023-10-19T11:52:57.262+0000] {dag.py:3696} INFO - Setting next_dagrun for example_trigger_target_dag to None, run_after=None
[2023-10-19T11:52:57.892+0000] {processor.py:179} INFO - Processing /home/airflow/.local/lib/python3.8/site-packages/airflow/example_dags/example_trigger_target_dag.py took 1.560 seconds
[2023-10-19T11:53:35.136+0000] {processor.py:157} INFO - Started process (PID=146) to work on /home/airflow/.local/lib/python3.8/site-packages/airflow/example_dags/example_trigger_target_dag.py
[2023-10-19T11:53:35.140+0000] {processor.py:829} INFO - Processing file /home/airflow/.local/lib/python3.8/site-packages/airflow/example_dags/example_trigger_target_dag.py for tasks to queue
[2023-10-19T11:53:35.205+0000] {logging_mixin.py:151} INFO - [2023-10-19T11:53:35.205+0000] {dagbag.py:539} INFO - Filling up the DagBag from /home/airflow/.local/lib/python3.8/site-packages/airflow/example_dags/example_trigger_target_dag.py
[2023-10-19T11:53:35.536+0000] {processor.py:839} INFO - DAG(s) dict_keys(['example_trigger_target_dag']) retrieved from /home/airflow/.local/lib/python3.8/site-packages/airflow/example_dags/example_trigger_target_dag.py
[2023-10-19T11:53:36.103+0000] {logging_mixin.py:151} INFO - [2023-10-19T11:53:36.101+0000] {dag.py:2915} INFO - Sync 1 DAGs
[2023-10-19T11:53:36.301+0000] {logging_mixin.py:151} INFO - [2023-10-19T11:53:36.300+0000] {dag.py:3696} INFO - Setting next_dagrun for example_trigger_target_dag to None, run_after=None
[2023-10-19T11:53:36.572+0000] {processor.py:179} INFO - Processing /home/airflow/.local/lib/python3.8/site-packages/airflow/example_dags/example_trigger_target_dag.py took 1.672 seconds
[2023-10-19T11:54:08.097+0000] {processor.py:157} INFO - Started process (PID=199) to work on /home/airflow/.local/lib/python3.8/site-packages/airflow/example_dags/example_trigger_target_dag.py
[2023-10-19T11:54:08.114+0000] {processor.py:829} INFO - Processing file /home/airflow/.local/lib/python3.8/site-packages/airflow/example_dags/example_trigger_target_dag.py for tasks to queue
[2023-10-19T11:54:08.186+0000] {logging_mixin.py:151} INFO - [2023-10-19T11:54:08.186+0000] {dagbag.py:539} INFO - Filling up the DagBag from /home/airflow/.local/lib/python3.8/site-packages/airflow/example_dags/example_trigger_target_dag.py
[2023-10-19T11:54:08.262+0000] {processor.py:839} INFO - DAG(s) dict_keys(['example_trigger_target_dag']) retrieved from /home/airflow/.local/lib/python3.8/site-packages/airflow/example_dags/example_trigger_target_dag.py
[2023-10-19T11:54:08.507+0000] {logging_mixin.py:151} INFO - [2023-10-19T11:54:08.507+0000] {dag.py:2915} INFO - Sync 1 DAGs
[2023-10-19T11:54:08.633+0000] {logging_mixin.py:151} INFO - [2023-10-19T11:54:08.633+0000] {dag.py:3696} INFO - Setting next_dagrun for example_trigger_target_dag to None, run_after=None
[2023-10-19T11:54:08.848+0000] {processor.py:179} INFO - Processing /home/airflow/.local/lib/python3.8/site-packages/airflow/example_dags/example_trigger_target_dag.py took 0.897 seconds
[2023-10-19T11:54:39.232+0000] {processor.py:157} INFO - Started process (PID=252) to work on /home/airflow/.local/lib/python3.8/site-packages/airflow/example_dags/example_trigger_target_dag.py
[2023-10-19T11:54:39.238+0000] {processor.py:829} INFO - Processing file /home/airflow/.local/lib/python3.8/site-packages/airflow/example_dags/example_trigger_target_dag.py for tasks to queue
[2023-10-19T11:54:39.248+0000] {logging_mixin.py:151} INFO - [2023-10-19T11:54:39.248+0000] {dagbag.py:539} INFO - Filling up the DagBag from /home/airflow/.local/lib/python3.8/site-packages/airflow/example_dags/example_trigger_target_dag.py
[2023-10-19T11:54:39.273+0000] {processor.py:839} INFO - DAG(s) dict_keys(['example_trigger_target_dag']) retrieved from /home/airflow/.local/lib/python3.8/site-packages/airflow/example_dags/example_trigger_target_dag.py
[2023-10-19T11:54:39.367+0000] {logging_mixin.py:151} INFO - [2023-10-19T11:54:39.366+0000] {dag.py:2915} INFO - Sync 1 DAGs
[2023-10-19T11:54:39.437+0000] {logging_mixin.py:151} INFO - [2023-10-19T11:54:39.436+0000] {dag.py:3696} INFO - Setting next_dagrun for example_trigger_target_dag to None, run_after=None
[2023-10-19T11:54:39.514+0000] {processor.py:179} INFO - Processing /home/airflow/.local/lib/python3.8/site-packages/airflow/example_dags/example_trigger_target_dag.py took 0.310 seconds
[2023-10-19T11:55:12.892+0000] {processor.py:157} INFO - Started process (PID=305) to work on /home/airflow/.local/lib/python3.8/site-packages/airflow/example_dags/example_trigger_target_dag.py
[2023-10-19T11:55:12.895+0000] {processor.py:829} INFO - Processing file /home/airflow/.local/lib/python3.8/site-packages/airflow/example_dags/example_trigger_target_dag.py for tasks to queue
[2023-10-19T11:55:12.905+0000] {logging_mixin.py:151} INFO - [2023-10-19T11:55:12.904+0000] {dagbag.py:539} INFO - Filling up the DagBag from /home/airflow/.local/lib/python3.8/site-packages/airflow/example_dags/example_trigger_target_dag.py
[2023-10-19T11:55:12.924+0000] {processor.py:839} INFO - DAG(s) dict_keys(['example_trigger_target_dag']) retrieved from /home/airflow/.local/lib/python3.8/site-packages/airflow/example_dags/example_trigger_target_dag.py
[2023-10-19T11:55:12.994+0000] {logging_mixin.py:151} INFO - [2023-10-19T11:55:12.993+0000] {dag.py:2915} INFO - Sync 1 DAGs
[2023-10-19T11:55:13.068+0000] {logging_mixin.py:151} INFO - [2023-10-19T11:55:13.068+0000] {dag.py:3696} INFO - Setting next_dagrun for example_trigger_target_dag to None, run_after=None
[2023-10-19T11:55:13.154+0000] {processor.py:179} INFO - Processing /home/airflow/.local/lib/python3.8/site-packages/airflow/example_dags/example_trigger_target_dag.py took 0.271 seconds
[2023-10-19T11:55:56.239+0000] {processor.py:157} INFO - Started process (PID=359) to work on /home/airflow/.local/lib/python3.8/site-packages/airflow/example_dags/example_trigger_target_dag.py
[2023-10-19T11:55:56.250+0000] {processor.py:829} INFO - Processing file /home/airflow/.local/lib/python3.8/site-packages/airflow/example_dags/example_trigger_target_dag.py for tasks to queue
[2023-10-19T11:55:56.269+0000] {logging_mixin.py:151} INFO - [2023-10-19T11:55:56.268+0000] {dagbag.py:539} INFO - Filling up the DagBag from /home/airflow/.local/lib/python3.8/site-packages/airflow/example_dags/example_trigger_target_dag.py
[2023-10-19T11:55:56.295+0000] {processor.py:839} INFO - DAG(s) dict_keys(['example_trigger_target_dag']) retrieved from /home/airflow/.local/lib/python3.8/site-packages/airflow/example_dags/example_trigger_target_dag.py
[2023-10-19T11:55:56.360+0000] {logging_mixin.py:151} INFO - [2023-10-19T11:55:56.359+0000] {dag.py:2915} INFO - Sync 1 DAGs
[2023-10-19T11:55:56.502+0000] {logging_mixin.py:151} INFO - [2023-10-19T11:55:56.500+0000] {dag.py:3696} INFO - Setting next_dagrun for example_trigger_target_dag to None, run_after=None
[2023-10-19T11:55:56.774+0000] {processor.py:179} INFO - Processing /home/airflow/.local/lib/python3.8/site-packages/airflow/example_dags/example_trigger_target_dag.py took 0.543 seconds
[2023-10-19T11:56:35.666+0000] {processor.py:157} INFO - Started process (PID=419) to work on /home/airflow/.local/lib/python3.8/site-packages/airflow/example_dags/example_trigger_target_dag.py
[2023-10-19T11:56:35.684+0000] {processor.py:829} INFO - Processing file /home/airflow/.local/lib/python3.8/site-packages/airflow/example_dags/example_trigger_target_dag.py for tasks to queue
[2023-10-19T11:56:35.694+0000] {logging_mixin.py:151} INFO - [2023-10-19T11:56:35.692+0000] {dagbag.py:539} INFO - Filling up the DagBag from /home/airflow/.local/lib/python3.8/site-packages/airflow/example_dags/example_trigger_target_dag.py
[2023-10-19T11:56:35.716+0000] {processor.py:839} INFO - DAG(s) dict_keys(['example_trigger_target_dag']) retrieved from /home/airflow/.local/lib/python3.8/site-packages/airflow/example_dags/example_trigger_target_dag.py
[2023-10-19T11:56:35.815+0000] {logging_mixin.py:151} INFO - [2023-10-19T11:56:35.814+0000] {dag.py:2915} INFO - Sync 1 DAGs
[2023-10-19T11:56:35.917+0000] {logging_mixin.py:151} INFO - [2023-10-19T11:56:35.916+0000] {dag.py:3696} INFO - Setting next_dagrun for example_trigger_target_dag to None, run_after=None
[2023-10-19T11:56:36.029+0000] {processor.py:179} INFO - Processing /home/airflow/.local/lib/python3.8/site-packages/airflow/example_dags/example_trigger_target_dag.py took 0.379 seconds
[2023-10-19T11:57:11.212+0000] {processor.py:157} INFO - Started process (PID=473) to work on /home/airflow/.local/lib/python3.8/site-packages/airflow/example_dags/example_trigger_target_dag.py
[2023-10-19T11:57:11.214+0000] {processor.py:829} INFO - Processing file /home/airflow/.local/lib/python3.8/site-packages/airflow/example_dags/example_trigger_target_dag.py for tasks to queue
[2023-10-19T11:57:11.238+0000] {logging_mixin.py:151} INFO - [2023-10-19T11:57:11.237+0000] {dagbag.py:539} INFO - Filling up the DagBag from /home/airflow/.local/lib/python3.8/site-packages/airflow/example_dags/example_trigger_target_dag.py
[2023-10-19T11:57:11.262+0000] {processor.py:839} INFO - DAG(s) dict_keys(['example_trigger_target_dag']) retrieved from /home/airflow/.local/lib/python3.8/site-packages/airflow/example_dags/example_trigger_target_dag.py
[2023-10-19T11:57:11.433+0000] {logging_mixin.py:151} INFO - [2023-10-19T11:57:11.433+0000] {dag.py:2915} INFO - Sync 1 DAGs
[2023-10-19T11:57:11.527+0000] {logging_mixin.py:151} INFO - [2023-10-19T11:57:11.526+0000] {dag.py:3696} INFO - Setting next_dagrun for example_trigger_target_dag to None, run_after=None
[2023-10-19T11:57:11.611+0000] {processor.py:179} INFO - Processing /home/airflow/.local/lib/python3.8/site-packages/airflow/example_dags/example_trigger_target_dag.py took 0.441 seconds
[2023-10-19T11:57:41.763+0000] {processor.py:157} INFO - Started process (PID=527) to work on /home/airflow/.local/lib/python3.8/site-packages/airflow/example_dags/example_trigger_target_dag.py
[2023-10-19T11:57:41.768+0000] {processor.py:829} INFO - Processing file /home/airflow/.local/lib/python3.8/site-packages/airflow/example_dags/example_trigger_target_dag.py for tasks to queue
[2023-10-19T11:57:41.780+0000] {logging_mixin.py:151} INFO - [2023-10-19T11:57:41.776+0000] {dagbag.py:539} INFO - Filling up the DagBag from /home/airflow/.local/lib/python3.8/site-packages/airflow/example_dags/example_trigger_target_dag.py
[2023-10-19T11:57:41.808+0000] {processor.py:839} INFO - DAG(s) dict_keys(['example_trigger_target_dag']) retrieved from /home/airflow/.local/lib/python3.8/site-packages/airflow/example_dags/example_trigger_target_dag.py
[2023-10-19T11:57:41.860+0000] {logging_mixin.py:151} INFO - [2023-10-19T11:57:41.860+0000] {dag.py:2915} INFO - Sync 1 DAGs
[2023-10-19T11:57:41.897+0000] {logging_mixin.py:151} INFO - [2023-10-19T11:57:41.896+0000] {dag.py:3696} INFO - Setting next_dagrun for example_trigger_target_dag to None, run_after=None
[2023-10-19T11:57:41.960+0000] {processor.py:179} INFO - Processing /home/airflow/.local/lib/python3.8/site-packages/airflow/example_dags/example_trigger_target_dag.py took 0.212 seconds
