[2023-10-19T11:52:50.906+0000] {processor.py:157} INFO - Started process (PID=82) to work on /home/airflow/.local/lib/python3.8/site-packages/airflow/example_dags/example_task_group.py
[2023-10-19T11:52:50.913+0000] {processor.py:829} INFO - Processing file /home/airflow/.local/lib/python3.8/site-packages/airflow/example_dags/example_task_group.py for tasks to queue
[2023-10-19T11:52:50.974+0000] {logging_mixin.py:151} INFO - [2023-10-19T11:52:50.955+0000] {dagbag.py:539} INFO - Filling up the DagBag from /home/airflow/.local/lib/python3.8/site-packages/airflow/example_dags/example_task_group.py
[2023-10-19T11:52:51.160+0000] {processor.py:839} INFO - DAG(s) dict_keys(['example_task_group']) retrieved from /home/airflow/.local/lib/python3.8/site-packages/airflow/example_dags/example_task_group.py
[2023-10-19T11:52:51.674+0000] {logging_mixin.py:151} INFO - [2023-10-19T11:52:51.673+0000] {dag.py:2915} INFO - Sync 1 DAGs
[2023-10-19T11:52:51.986+0000] {logging_mixin.py:151} INFO - [2023-10-19T11:52:51.986+0000] {dag.py:3696} INFO - Setting next_dagrun for example_task_group to 2023-10-18T11:52:51.984978+00:00, run_after=2023-10-19T11:52:51.984978+00:00
[2023-10-19T11:52:52.118+0000] {processor.py:179} INFO - Processing /home/airflow/.local/lib/python3.8/site-packages/airflow/example_dags/example_task_group.py took 1.420 seconds
[2023-10-19T11:53:30.737+0000] {processor.py:157} INFO - Started process (PID=142) to work on /home/airflow/.local/lib/python3.8/site-packages/airflow/example_dags/example_task_group.py
[2023-10-19T11:53:30.764+0000] {processor.py:829} INFO - Processing file /home/airflow/.local/lib/python3.8/site-packages/airflow/example_dags/example_task_group.py for tasks to queue
[2023-10-19T11:53:30.833+0000] {logging_mixin.py:151} INFO - [2023-10-19T11:53:30.803+0000] {dagbag.py:539} INFO - Filling up the DagBag from /home/airflow/.local/lib/python3.8/site-packages/airflow/example_dags/example_task_group.py
[2023-10-19T11:53:30.959+0000] {processor.py:839} INFO - DAG(s) dict_keys(['example_task_group']) retrieved from /home/airflow/.local/lib/python3.8/site-packages/airflow/example_dags/example_task_group.py
[2023-10-19T11:53:31.263+0000] {logging_mixin.py:151} INFO - [2023-10-19T11:53:31.259+0000] {dag.py:2915} INFO - Sync 1 DAGs
[2023-10-19T11:53:31.484+0000] {logging_mixin.py:151} INFO - [2023-10-19T11:53:31.483+0000] {dag.py:3696} INFO - Setting next_dagrun for example_task_group to 2023-10-18T11:53:31.480487+00:00, run_after=2023-10-19T11:53:31.480487+00:00
[2023-10-19T11:53:31.647+0000] {processor.py:179} INFO - Processing /home/airflow/.local/lib/python3.8/site-packages/airflow/example_dags/example_task_group.py took 1.044 seconds
[2023-10-19T11:54:02.123+0000] {processor.py:157} INFO - Started process (PID=195) to work on /home/airflow/.local/lib/python3.8/site-packages/airflow/example_dags/example_task_group.py
[2023-10-19T11:54:02.125+0000] {processor.py:829} INFO - Processing file /home/airflow/.local/lib/python3.8/site-packages/airflow/example_dags/example_task_group.py for tasks to queue
[2023-10-19T11:54:02.131+0000] {logging_mixin.py:151} INFO - [2023-10-19T11:54:02.130+0000] {dagbag.py:539} INFO - Filling up the DagBag from /home/airflow/.local/lib/python3.8/site-packages/airflow/example_dags/example_task_group.py
[2023-10-19T11:54:02.153+0000] {processor.py:839} INFO - DAG(s) dict_keys(['example_task_group']) retrieved from /home/airflow/.local/lib/python3.8/site-packages/airflow/example_dags/example_task_group.py
[2023-10-19T11:54:02.240+0000] {logging_mixin.py:151} INFO - [2023-10-19T11:54:02.237+0000] {dag.py:2915} INFO - Sync 1 DAGs
[2023-10-19T11:54:02.356+0000] {logging_mixin.py:151} INFO - [2023-10-19T11:54:02.352+0000] {dag.py:3696} INFO - Setting next_dagrun for example_task_group to 2023-10-18T11:54:02.352365+00:00, run_after=2023-10-19T11:54:02.352365+00:00
[2023-10-19T11:54:02.490+0000] {processor.py:179} INFO - Processing /home/airflow/.local/lib/python3.8/site-packages/airflow/example_dags/example_task_group.py took 0.376 seconds
[2023-10-19T11:54:36.329+0000] {processor.py:157} INFO - Started process (PID=248) to work on /home/airflow/.local/lib/python3.8/site-packages/airflow/example_dags/example_task_group.py
[2023-10-19T11:54:36.332+0000] {processor.py:829} INFO - Processing file /home/airflow/.local/lib/python3.8/site-packages/airflow/example_dags/example_task_group.py for tasks to queue
[2023-10-19T11:54:36.344+0000] {logging_mixin.py:151} INFO - [2023-10-19T11:54:36.343+0000] {dagbag.py:539} INFO - Filling up the DagBag from /home/airflow/.local/lib/python3.8/site-packages/airflow/example_dags/example_task_group.py
[2023-10-19T11:54:36.371+0000] {processor.py:839} INFO - DAG(s) dict_keys(['example_task_group']) retrieved from /home/airflow/.local/lib/python3.8/site-packages/airflow/example_dags/example_task_group.py
[2023-10-19T11:54:36.466+0000] {logging_mixin.py:151} INFO - [2023-10-19T11:54:36.465+0000] {dag.py:2915} INFO - Sync 1 DAGs
[2023-10-19T11:54:36.608+0000] {logging_mixin.py:151} INFO - [2023-10-19T11:54:36.606+0000] {dag.py:3696} INFO - Setting next_dagrun for example_task_group to 2023-10-18T11:54:36.605238+00:00, run_after=2023-10-19T11:54:36.605238+00:00
[2023-10-19T11:54:36.786+0000] {processor.py:179} INFO - Processing /home/airflow/.local/lib/python3.8/site-packages/airflow/example_dags/example_task_group.py took 0.467 seconds
[2023-10-19T11:55:12.074+0000] {processor.py:157} INFO - Started process (PID=301) to work on /home/airflow/.local/lib/python3.8/site-packages/airflow/example_dags/example_task_group.py
[2023-10-19T11:55:12.077+0000] {processor.py:829} INFO - Processing file /home/airflow/.local/lib/python3.8/site-packages/airflow/example_dags/example_task_group.py for tasks to queue
[2023-10-19T11:55:12.084+0000] {logging_mixin.py:151} INFO - [2023-10-19T11:55:12.084+0000] {dagbag.py:539} INFO - Filling up the DagBag from /home/airflow/.local/lib/python3.8/site-packages/airflow/example_dags/example_task_group.py
[2023-10-19T11:55:12.110+0000] {processor.py:839} INFO - DAG(s) dict_keys(['example_task_group']) retrieved from /home/airflow/.local/lib/python3.8/site-packages/airflow/example_dags/example_task_group.py
[2023-10-19T11:55:12.355+0000] {logging_mixin.py:151} INFO - [2023-10-19T11:55:12.355+0000] {dag.py:2915} INFO - Sync 1 DAGs
[2023-10-19T11:55:12.477+0000] {logging_mixin.py:151} INFO - [2023-10-19T11:55:12.477+0000] {dag.py:3696} INFO - Setting next_dagrun for example_task_group to 2023-10-18T11:55:12.476825+00:00, run_after=2023-10-19T11:55:12.476825+00:00
[2023-10-19T11:55:12.556+0000] {processor.py:179} INFO - Processing /home/airflow/.local/lib/python3.8/site-packages/airflow/example_dags/example_task_group.py took 0.491 seconds
[2023-10-19T11:55:55.174+0000] {processor.py:157} INFO - Started process (PID=355) to work on /home/airflow/.local/lib/python3.8/site-packages/airflow/example_dags/example_task_group.py
[2023-10-19T11:55:55.181+0000] {processor.py:829} INFO - Processing file /home/airflow/.local/lib/python3.8/site-packages/airflow/example_dags/example_task_group.py for tasks to queue
[2023-10-19T11:55:55.194+0000] {logging_mixin.py:151} INFO - [2023-10-19T11:55:55.193+0000] {dagbag.py:539} INFO - Filling up the DagBag from /home/airflow/.local/lib/python3.8/site-packages/airflow/example_dags/example_task_group.py
[2023-10-19T11:55:55.236+0000] {processor.py:839} INFO - DAG(s) dict_keys(['example_task_group']) retrieved from /home/airflow/.local/lib/python3.8/site-packages/airflow/example_dags/example_task_group.py
[2023-10-19T11:55:55.385+0000] {logging_mixin.py:151} INFO - [2023-10-19T11:55:55.385+0000] {dag.py:2915} INFO - Sync 1 DAGs
[2023-10-19T11:55:55.473+0000] {logging_mixin.py:151} INFO - [2023-10-19T11:55:55.472+0000] {dag.py:3696} INFO - Setting next_dagrun for example_task_group to 2023-10-18T11:55:55.472125+00:00, run_after=2023-10-19T11:55:55.472125+00:00
[2023-10-19T11:55:55.609+0000] {processor.py:179} INFO - Processing /home/airflow/.local/lib/python3.8/site-packages/airflow/example_dags/example_task_group.py took 0.445 seconds
[2023-10-19T11:56:34.421+0000] {processor.py:157} INFO - Started process (PID=415) to work on /home/airflow/.local/lib/python3.8/site-packages/airflow/example_dags/example_task_group.py
[2023-10-19T11:56:34.426+0000] {processor.py:829} INFO - Processing file /home/airflow/.local/lib/python3.8/site-packages/airflow/example_dags/example_task_group.py for tasks to queue
[2023-10-19T11:56:34.444+0000] {logging_mixin.py:151} INFO - [2023-10-19T11:56:34.435+0000] {dagbag.py:539} INFO - Filling up the DagBag from /home/airflow/.local/lib/python3.8/site-packages/airflow/example_dags/example_task_group.py
[2023-10-19T11:56:34.482+0000] {processor.py:839} INFO - DAG(s) dict_keys(['example_task_group']) retrieved from /home/airflow/.local/lib/python3.8/site-packages/airflow/example_dags/example_task_group.py
[2023-10-19T11:56:34.751+0000] {logging_mixin.py:151} INFO - [2023-10-19T11:56:34.750+0000] {dag.py:2915} INFO - Sync 1 DAGs
[2023-10-19T11:56:34.927+0000] {logging_mixin.py:151} INFO - [2023-10-19T11:56:34.927+0000] {dag.py:3696} INFO - Setting next_dagrun for example_task_group to 2023-10-18T11:56:34.926590+00:00, run_after=2023-10-19T11:56:34.926590+00:00
[2023-10-19T11:56:35.112+0000] {processor.py:179} INFO - Processing /home/airflow/.local/lib/python3.8/site-packages/airflow/example_dags/example_task_group.py took 0.728 seconds
[2023-10-19T11:57:09.461+0000] {processor.py:157} INFO - Started process (PID=469) to work on /home/airflow/.local/lib/python3.8/site-packages/airflow/example_dags/example_task_group.py
[2023-10-19T11:57:09.463+0000] {processor.py:829} INFO - Processing file /home/airflow/.local/lib/python3.8/site-packages/airflow/example_dags/example_task_group.py for tasks to queue
[2023-10-19T11:57:09.471+0000] {logging_mixin.py:151} INFO - [2023-10-19T11:57:09.469+0000] {dagbag.py:539} INFO - Filling up the DagBag from /home/airflow/.local/lib/python3.8/site-packages/airflow/example_dags/example_task_group.py
[2023-10-19T11:57:09.521+0000] {processor.py:839} INFO - DAG(s) dict_keys(['example_task_group']) retrieved from /home/airflow/.local/lib/python3.8/site-packages/airflow/example_dags/example_task_group.py
[2023-10-19T11:57:09.687+0000] {logging_mixin.py:151} INFO - [2023-10-19T11:57:09.686+0000] {dag.py:2915} INFO - Sync 1 DAGs
[2023-10-19T11:57:09.878+0000] {logging_mixin.py:151} INFO - [2023-10-19T11:57:09.872+0000] {dag.py:3696} INFO - Setting next_dagrun for example_task_group to 2023-10-18T11:57:09.871923+00:00, run_after=2023-10-19T11:57:09.871923+00:00
[2023-10-19T11:57:10.114+0000] {processor.py:179} INFO - Processing /home/airflow/.local/lib/python3.8/site-packages/airflow/example_dags/example_task_group.py took 0.671 seconds
[2023-10-19T11:57:40.946+0000] {processor.py:157} INFO - Started process (PID=523) to work on /home/airflow/.local/lib/python3.8/site-packages/airflow/example_dags/example_task_group.py
[2023-10-19T11:57:40.951+0000] {processor.py:829} INFO - Processing file /home/airflow/.local/lib/python3.8/site-packages/airflow/example_dags/example_task_group.py for tasks to queue
[2023-10-19T11:57:40.963+0000] {logging_mixin.py:151} INFO - [2023-10-19T11:57:40.962+0000] {dagbag.py:539} INFO - Filling up the DagBag from /home/airflow/.local/lib/python3.8/site-packages/airflow/example_dags/example_task_group.py
[2023-10-19T11:57:40.991+0000] {processor.py:839} INFO - DAG(s) dict_keys(['example_task_group']) retrieved from /home/airflow/.local/lib/python3.8/site-packages/airflow/example_dags/example_task_group.py
[2023-10-19T11:57:41.145+0000] {logging_mixin.py:151} INFO - [2023-10-19T11:57:41.144+0000] {dag.py:2915} INFO - Sync 1 DAGs
[2023-10-19T11:57:41.264+0000] {logging_mixin.py:151} INFO - [2023-10-19T11:57:41.264+0000] {dag.py:3696} INFO - Setting next_dagrun for example_task_group to 2023-10-18T11:57:41.263539+00:00, run_after=2023-10-19T11:57:41.263539+00:00
[2023-10-19T11:57:41.341+0000] {processor.py:179} INFO - Processing /home/airflow/.local/lib/python3.8/site-packages/airflow/example_dags/example_task_group.py took 0.408 seconds
