[2023-10-19T11:53:01.404+0000] {processor.py:157} INFO - Started process (PID=96) to work on /home/airflow/.local/lib/python3.8/site-packages/airflow/example_dags/tutorial.py
[2023-10-19T11:53:01.480+0000] {processor.py:829} INFO - Processing file /home/airflow/.local/lib/python3.8/site-packages/airflow/example_dags/tutorial.py for tasks to queue
[2023-10-19T11:53:01.524+0000] {logging_mixin.py:151} INFO - [2023-10-19T11:53:01.522+0000] {dagbag.py:539} INFO - Filling up the DagBag from /home/airflow/.local/lib/python3.8/site-packages/airflow/example_dags/tutorial.py
[2023-10-19T11:53:01.658+0000] {processor.py:839} INFO - DAG(s) dict_keys(['tutorial']) retrieved from /home/airflow/.local/lib/python3.8/site-packages/airflow/example_dags/tutorial.py
[2023-10-19T11:53:01.813+0000] {logging_mixin.py:151} INFO - [2023-10-19T11:53:01.813+0000] {dag.py:2915} INFO - Sync 1 DAGs
[2023-10-19T11:53:02.320+0000] {logging_mixin.py:151} INFO - [2023-10-19T11:53:02.319+0000] {dag.py:3696} INFO - Setting next_dagrun for tutorial to 2023-10-18T11:53:02.315819+00:00, run_after=2023-10-19T11:53:02.315819+00:00
[2023-10-19T11:53:02.682+0000] {processor.py:179} INFO - Processing /home/airflow/.local/lib/python3.8/site-packages/airflow/example_dags/tutorial.py took 1.462 seconds
[2023-10-19T11:53:38.177+0000] {processor.py:157} INFO - Started process (PID=149) to work on /home/airflow/.local/lib/python3.8/site-packages/airflow/example_dags/tutorial.py
[2023-10-19T11:53:38.225+0000] {processor.py:829} INFO - Processing file /home/airflow/.local/lib/python3.8/site-packages/airflow/example_dags/tutorial.py for tasks to queue
[2023-10-19T11:53:38.256+0000] {logging_mixin.py:151} INFO - [2023-10-19T11:53:38.255+0000] {dagbag.py:539} INFO - Filling up the DagBag from /home/airflow/.local/lib/python3.8/site-packages/airflow/example_dags/tutorial.py
[2023-10-19T11:53:38.422+0000] {processor.py:839} INFO - DAG(s) dict_keys(['tutorial']) retrieved from /home/airflow/.local/lib/python3.8/site-packages/airflow/example_dags/tutorial.py
[2023-10-19T11:53:39.375+0000] {logging_mixin.py:151} INFO - [2023-10-19T11:53:39.375+0000] {dag.py:2915} INFO - Sync 1 DAGs
[2023-10-19T11:53:40.810+0000] {logging_mixin.py:151} INFO - [2023-10-19T11:53:40.808+0000] {dag.py:3696} INFO - Setting next_dagrun for tutorial to 2023-10-18T11:53:40.806118+00:00, run_after=2023-10-19T11:53:40.806118+00:00
[2023-10-19T11:53:41.838+0000] {processor.py:179} INFO - Processing /home/airflow/.local/lib/python3.8/site-packages/airflow/example_dags/tutorial.py took 3.782 seconds
[2023-10-19T11:54:12.091+0000] {processor.py:157} INFO - Started process (PID=202) to work on /home/airflow/.local/lib/python3.8/site-packages/airflow/example_dags/tutorial.py
[2023-10-19T11:54:12.096+0000] {processor.py:829} INFO - Processing file /home/airflow/.local/lib/python3.8/site-packages/airflow/example_dags/tutorial.py for tasks to queue
[2023-10-19T11:54:12.146+0000] {logging_mixin.py:151} INFO - [2023-10-19T11:54:12.143+0000] {dagbag.py:539} INFO - Filling up the DagBag from /home/airflow/.local/lib/python3.8/site-packages/airflow/example_dags/tutorial.py
[2023-10-19T11:54:12.272+0000] {processor.py:839} INFO - DAG(s) dict_keys(['tutorial']) retrieved from /home/airflow/.local/lib/python3.8/site-packages/airflow/example_dags/tutorial.py
[2023-10-19T11:54:12.448+0000] {logging_mixin.py:151} INFO - [2023-10-19T11:54:12.447+0000] {dag.py:2915} INFO - Sync 1 DAGs
[2023-10-19T11:54:12.703+0000] {logging_mixin.py:151} INFO - [2023-10-19T11:54:12.703+0000] {dag.py:3696} INFO - Setting next_dagrun for tutorial to 2023-10-18T11:54:12.702660+00:00, run_after=2023-10-19T11:54:12.702660+00:00
[2023-10-19T11:54:12.937+0000] {processor.py:179} INFO - Processing /home/airflow/.local/lib/python3.8/site-packages/airflow/example_dags/tutorial.py took 0.882 seconds
[2023-10-19T11:54:43.729+0000] {processor.py:157} INFO - Started process (PID=255) to work on /home/airflow/.local/lib/python3.8/site-packages/airflow/example_dags/tutorial.py
[2023-10-19T11:54:43.737+0000] {processor.py:829} INFO - Processing file /home/airflow/.local/lib/python3.8/site-packages/airflow/example_dags/tutorial.py for tasks to queue
[2023-10-19T11:54:43.754+0000] {logging_mixin.py:151} INFO - [2023-10-19T11:54:43.753+0000] {dagbag.py:539} INFO - Filling up the DagBag from /home/airflow/.local/lib/python3.8/site-packages/airflow/example_dags/tutorial.py
[2023-10-19T11:54:43.783+0000] {processor.py:839} INFO - DAG(s) dict_keys(['tutorial']) retrieved from /home/airflow/.local/lib/python3.8/site-packages/airflow/example_dags/tutorial.py
[2023-10-19T11:54:43.915+0000] {logging_mixin.py:151} INFO - [2023-10-19T11:54:43.914+0000] {dag.py:2915} INFO - Sync 1 DAGs
[2023-10-19T11:54:44.096+0000] {logging_mixin.py:151} INFO - [2023-10-19T11:54:44.096+0000] {dag.py:3696} INFO - Setting next_dagrun for tutorial to 2023-10-18T11:54:44.092591+00:00, run_after=2023-10-19T11:54:44.092591+00:00
[2023-10-19T11:54:44.161+0000] {processor.py:179} INFO - Processing /home/airflow/.local/lib/python3.8/site-packages/airflow/example_dags/tutorial.py took 0.450 seconds
[2023-10-19T11:55:14.577+0000] {processor.py:157} INFO - Started process (PID=308) to work on /home/airflow/.local/lib/python3.8/site-packages/airflow/example_dags/tutorial.py
[2023-10-19T11:55:14.579+0000] {processor.py:829} INFO - Processing file /home/airflow/.local/lib/python3.8/site-packages/airflow/example_dags/tutorial.py for tasks to queue
[2023-10-19T11:55:14.585+0000] {logging_mixin.py:151} INFO - [2023-10-19T11:55:14.584+0000] {dagbag.py:539} INFO - Filling up the DagBag from /home/airflow/.local/lib/python3.8/site-packages/airflow/example_dags/tutorial.py
[2023-10-19T11:55:14.633+0000] {processor.py:839} INFO - DAG(s) dict_keys(['tutorial']) retrieved from /home/airflow/.local/lib/python3.8/site-packages/airflow/example_dags/tutorial.py
[2023-10-19T11:55:14.726+0000] {logging_mixin.py:151} INFO - [2023-10-19T11:55:14.726+0000] {dag.py:2915} INFO - Sync 1 DAGs
[2023-10-19T11:55:14.856+0000] {logging_mixin.py:151} INFO - [2023-10-19T11:55:14.855+0000] {dag.py:3696} INFO - Setting next_dagrun for tutorial to 2023-10-18T11:55:14.854962+00:00, run_after=2023-10-19T11:55:14.854962+00:00
[2023-10-19T11:55:14.927+0000] {processor.py:179} INFO - Processing /home/airflow/.local/lib/python3.8/site-packages/airflow/example_dags/tutorial.py took 0.361 seconds
[2023-10-19T11:55:57.255+0000] {processor.py:157} INFO - Started process (PID=362) to work on /home/airflow/.local/lib/python3.8/site-packages/airflow/example_dags/tutorial.py
[2023-10-19T11:55:57.257+0000] {processor.py:829} INFO - Processing file /home/airflow/.local/lib/python3.8/site-packages/airflow/example_dags/tutorial.py for tasks to queue
[2023-10-19T11:55:57.268+0000] {logging_mixin.py:151} INFO - [2023-10-19T11:55:57.266+0000] {dagbag.py:539} INFO - Filling up the DagBag from /home/airflow/.local/lib/python3.8/site-packages/airflow/example_dags/tutorial.py
[2023-10-19T11:55:57.290+0000] {processor.py:839} INFO - DAG(s) dict_keys(['tutorial']) retrieved from /home/airflow/.local/lib/python3.8/site-packages/airflow/example_dags/tutorial.py
[2023-10-19T11:55:57.361+0000] {logging_mixin.py:151} INFO - [2023-10-19T11:55:57.360+0000] {dag.py:2915} INFO - Sync 1 DAGs
[2023-10-19T11:55:57.468+0000] {logging_mixin.py:151} INFO - [2023-10-19T11:55:57.467+0000] {dag.py:3696} INFO - Setting next_dagrun for tutorial to 2023-10-18T11:55:57.466541+00:00, run_after=2023-10-19T11:55:57.466541+00:00
[2023-10-19T11:55:57.532+0000] {processor.py:179} INFO - Processing /home/airflow/.local/lib/python3.8/site-packages/airflow/example_dags/tutorial.py took 0.283 seconds
[2023-10-19T11:56:36.299+0000] {processor.py:157} INFO - Started process (PID=422) to work on /home/airflow/.local/lib/python3.8/site-packages/airflow/example_dags/tutorial.py
[2023-10-19T11:56:36.302+0000] {processor.py:829} INFO - Processing file /home/airflow/.local/lib/python3.8/site-packages/airflow/example_dags/tutorial.py for tasks to queue
[2023-10-19T11:56:36.306+0000] {logging_mixin.py:151} INFO - [2023-10-19T11:56:36.305+0000] {dagbag.py:539} INFO - Filling up the DagBag from /home/airflow/.local/lib/python3.8/site-packages/airflow/example_dags/tutorial.py
[2023-10-19T11:56:36.325+0000] {processor.py:839} INFO - DAG(s) dict_keys(['tutorial']) retrieved from /home/airflow/.local/lib/python3.8/site-packages/airflow/example_dags/tutorial.py
[2023-10-19T11:56:36.392+0000] {logging_mixin.py:151} INFO - [2023-10-19T11:56:36.392+0000] {dag.py:2915} INFO - Sync 1 DAGs
[2023-10-19T11:56:36.488+0000] {logging_mixin.py:151} INFO - [2023-10-19T11:56:36.488+0000] {dag.py:3696} INFO - Setting next_dagrun for tutorial to 2023-10-18T11:56:36.488053+00:00, run_after=2023-10-19T11:56:36.488053+00:00
[2023-10-19T11:56:36.537+0000] {processor.py:179} INFO - Processing /home/airflow/.local/lib/python3.8/site-packages/airflow/example_dags/tutorial.py took 0.247 seconds
[2023-10-19T11:57:12.102+0000] {processor.py:157} INFO - Started process (PID=476) to work on /home/airflow/.local/lib/python3.8/site-packages/airflow/example_dags/tutorial.py
[2023-10-19T11:57:12.107+0000] {processor.py:829} INFO - Processing file /home/airflow/.local/lib/python3.8/site-packages/airflow/example_dags/tutorial.py for tasks to queue
[2023-10-19T11:57:12.125+0000] {logging_mixin.py:151} INFO - [2023-10-19T11:57:12.124+0000] {dagbag.py:539} INFO - Filling up the DagBag from /home/airflow/.local/lib/python3.8/site-packages/airflow/example_dags/tutorial.py
[2023-10-19T11:57:12.155+0000] {processor.py:839} INFO - DAG(s) dict_keys(['tutorial']) retrieved from /home/airflow/.local/lib/python3.8/site-packages/airflow/example_dags/tutorial.py
[2023-10-19T11:57:12.236+0000] {logging_mixin.py:151} INFO - [2023-10-19T11:57:12.235+0000] {dag.py:2915} INFO - Sync 1 DAGs
[2023-10-19T11:57:12.320+0000] {logging_mixin.py:151} INFO - [2023-10-19T11:57:12.319+0000] {dag.py:3696} INFO - Setting next_dagrun for tutorial to 2023-10-18T11:57:12.319271+00:00, run_after=2023-10-19T11:57:12.319271+00:00
[2023-10-19T11:57:12.398+0000] {processor.py:179} INFO - Processing /home/airflow/.local/lib/python3.8/site-packages/airflow/example_dags/tutorial.py took 0.327 seconds
[2023-10-19T11:57:42.546+0000] {processor.py:157} INFO - Started process (PID=530) to work on /home/airflow/.local/lib/python3.8/site-packages/airflow/example_dags/tutorial.py
[2023-10-19T11:57:42.550+0000] {processor.py:829} INFO - Processing file /home/airflow/.local/lib/python3.8/site-packages/airflow/example_dags/tutorial.py for tasks to queue
[2023-10-19T11:57:42.554+0000] {logging_mixin.py:151} INFO - [2023-10-19T11:57:42.553+0000] {dagbag.py:539} INFO - Filling up the DagBag from /home/airflow/.local/lib/python3.8/site-packages/airflow/example_dags/tutorial.py
[2023-10-19T11:57:42.570+0000] {processor.py:839} INFO - DAG(s) dict_keys(['tutorial']) retrieved from /home/airflow/.local/lib/python3.8/site-packages/airflow/example_dags/tutorial.py
[2023-10-19T11:57:42.629+0000] {logging_mixin.py:151} INFO - [2023-10-19T11:57:42.628+0000] {dag.py:2915} INFO - Sync 1 DAGs
[2023-10-19T11:57:42.710+0000] {logging_mixin.py:151} INFO - [2023-10-19T11:57:42.709+0000] {dag.py:3696} INFO - Setting next_dagrun for tutorial to 2023-10-18T11:57:42.705269+00:00, run_after=2023-10-19T11:57:42.705269+00:00
[2023-10-19T11:57:42.776+0000] {processor.py:179} INFO - Processing /home/airflow/.local/lib/python3.8/site-packages/airflow/example_dags/tutorial.py took 0.242 seconds
